Log file open, 12/02/18 19:07:23
LogWindows: Failed to load 'aqProf.dll' (GetLastError=126)
LogWindows: File 'aqProf.dll' does not exist
LogWindows: Failed to load 'VSPerf140.dll' (GetLastError=126)
LogWindows: File 'VSPerf140.dll' does not exist
LogWindows: Failed to load 'VtuneApi.dll' (GetLastError=126)
LogWindows: File 'VtuneApi.dll' does not exist
LogWindows: Failed to load 'VtuneApi32e.dll' (GetLastError=126)
LogWindows: File 'VtuneApi32e.dll' does not exist
LogInit: Display: Running engine for game: Project4
LogPlatformFile: Not using cached read wrapper
LogTaskGraph: Started task graph with 5 named threads and 23 total threads with 3 sets of task threads.
LogStats: Stats thread started at 0.281168
LogD3D11RHI: Loaded GFSDK_Aftermath_Lib.x64.dll
LogICUInternationalization: Display: ICU TimeZone Detection - Raw Offset: -5:00, Platform Override: ''
LogPluginManager: Mounting plugin Paper2D
LogPluginManager: Mounting plugin AISupport
LogPluginManager: Mounting plugin LightPropagationVolume
LogPluginManager: Mounting plugin CLionSourceCodeAccess
LogPluginManager: Mounting plugin CodeLiteSourceCodeAccess
LogPluginManager: Mounting plugin GitSourceControl
LogPluginManager: Mounting plugin KDevelopSourceCodeAccess
LogPluginManager: Mounting plugin NullSourceCodeAccess
LogPluginManager: Mounting plugin PerforceSourceControl
LogPluginManager: Mounting plugin SubversionSourceControl
LogPluginManager: Mounting plugin UObjectPlugin
LogPluginManager: Mounting plugin VisualStudioCodeSourceCodeAccess
LogPluginManager: Mounting plugin VisualStudioSourceCodeAccess
LogPluginManager: Mounting plugin XCodeSourceCodeAccess
LogPluginManager: Mounting plugin AssetManagerEditor
LogPluginManager: Mounting plugin CryptoKeys
LogPluginManager: Mounting plugin DataValidation
LogPluginManager: Mounting plugin FacialAnimation
LogPluginManager: Mounting plugin GameplayTagsEditor
LogPluginManager: Mounting plugin MacGraphicsSwitching
LogPluginManager: Mounting plugin MeshEditor
LogPluginManager: Mounting plugin MobileLauncherProfileWizard
LogPluginManager: Mounting plugin PluginBrowser
LogPluginManager: Mounting plugin SpeedTreeImporter
LogPluginManager: Mounting plugin DatasmithContent
LogPluginManager: Mounting plugin AlembicImporter
LogPluginManager: Mounting plugin AppleImageUtils
LogPluginManager: Mounting plugin AppleVision
LogPluginManager: Mounting plugin BackChannel
LogPluginManager: Mounting plugin CharacterAI
LogPluginManager: Mounting plugin GeometryCache
LogPluginManager: Mounting plugin HTML5Networking
LogPluginManager: Mounting plugin ProxyLODPlugin
LogPluginManager: Mounting plugin MagicLeap
LogPluginManager: Mounting plugin MagicLeapEmulator
LogPluginManager: Mounting plugin MagicLeapMedia
LogPluginManager: Mounting plugin AndroidMedia
LogPluginManager: Mounting plugin AvfMedia
LogPluginManager: Mounting plugin ImgMedia
LogPluginManager: Mounting plugin LinearTimecode
LogPluginManager: Mounting plugin MediaCompositing
LogPluginManager: Mounting plugin MediaPlayerEditor
LogPluginManager: Mounting plugin WmfMedia
LogPluginManager: Mounting plugin TcpMessaging
LogPluginManager: Mounting plugin UdpMessaging
LogPluginManager: Mounting plugin ActorSequence
LogPluginManager: Mounting plugin LevelSequenceEditor
LogPluginManager: Mounting plugin MatineeToLevelSequence
LogPluginManager: Mounting plugin NetcodeUnitTest
LogPluginManager: Mounting plugin NUTUnrealEngine4
LogPluginManager: Mounting plugin OnlineSubsystemGooglePlay
LogPluginManager: Mounting plugin OnlineSubsystemIOS
LogPluginManager: Mounting plugin OnlineSubsystem
LogPluginManager: Mounting plugin OnlineSubsystemNull
LogPluginManager: Mounting plugin OnlineSubsystemUtils
LogPluginManager: Mounting plugin LauncherChunkInstaller
LogPluginManager: Mounting plugin AndroidDeviceProfileSelector
LogPluginManager: Mounting plugin AndroidMoviePlayer
LogPluginManager: Mounting plugin AndroidPermission
LogPluginManager: Mounting plugin AppleMoviePlayer
LogPluginManager: Mounting plugin ArchVisCharacter
LogPluginManager: Mounting plugin AudioCapture
LogPluginManager: Mounting plugin CableComponent
LogPluginManager: Mounting plugin CustomMeshComponent
LogPluginManager: Mounting plugin EditableMesh
LogPluginManager: Mounting plugin ExampleDeviceProfileSelector
LogPluginManager: Mounting plugin GoogleCloudMessaging
LogPluginManager: Mounting plugin ImmediatePhysics
LogPluginManager: Mounting plugin IOSDeviceProfileSelector
LogPluginManager: Mounting plugin LinuxDeviceProfileSelector
LogPluginManager: Mounting plugin LocationServicesBPLibrary
LogPluginManager: Mounting plugin MobilePatchingUtils
LogPluginManager: Mounting plugin OculusVR
LogPluginManager: Plugin shader directory ../../../Engine/Plugins/Runtime/Oculus/OculusVR/Shaders found
LogPluginManager: Mapping shader source directory ../../../Engine/Plugins/Runtime/Oculus/OculusVR/Shaders to virtual directory /Plugin/OculusVR
LogPluginManager: Mounting plugin PhysXVehicles
LogPluginManager: Mounting plugin ProceduralMeshComponent
LogPluginManager: Mounting plugin RuntimePhysXCooking
LogPluginManager: Mounting plugin SteamVR
LogPluginManager: Mounting plugin WindowsMoviePlayer
LogStreaming: Display: Took  0.111s to configure plugins.
LogInit: Using libcurl 7.55.1-DEV
LogInit:  - built for x86_64-pc-win32
LogInit:  - supports SSL with OpenSSL/1.0.2h
LogInit:  - supports HTTP deflate (compression) using libz 1.2.8
LogInit:  - other features:
LogInit:      CURL_VERSION_SSL
LogInit:      CURL_VERSION_LIBZ
LogInit:      CURL_VERSION_IPV6
LogInit:      CURL_VERSION_ASYNCHDNS
LogInit:      CURL_VERSION_LARGEFILE
LogInit:      CURL_VERSION_IDN
LogInit:  CurlRequestOptions (configurable via config and command line):
LogInit:  - bVerifyPeer = false  - Libcurl will NOT verify peer certificate
LogInit:  - bUseHttpProxy = false  - Libcurl will NOT use HTTP proxy
LogInit:  - bDontReuseConnections = false  - Libcurl will reuse connections
LogInit:  - CertBundlePath = nullptr  - Libcurl will use whatever was configured at build time.
LogInit:  - MaxHostConnections = 16  - Libcurl will limit the number of connections to a host
LogInit:  - LocalHostAddr = Default
LogInit:  - BufferSize = 65536
LogInit: WinSock: version 1.1 (2.2), MaxSocks=32767, MaxUdp=65467
LogInit: Build: ++UE4+Release-4.20-CL-4369336
LogInit: Engine Version: 4.20.3-4369336+++UE4+Release-4.20
LogInit: Compatible Engine Version: 4.20.0-4212847+++UE4+Release-4.20
LogInit: Net CL: 4212847
LogInit: OS: Windows 10 (), CPU: Intel(R) Core(TM) i7-7700HQ CPU @ 2.80GHz, GPU: Intel(R) HD Graphics 630
LogInit: Compiled (64-bit): Sep 17 2018 12:26:19
LogInit: Compiled with Visual C++: 19.13.26129.00
LogInit: Build Configuration: Development
LogInit: Branch Name: ++UE4+Release-4.20
LogInit: Command Line: 
LogInit: Base Directory: C:/Program Files/Epic Games/UE_4.20/Engine/Binaries/Win64/
LogInit: Installed Engine Build: 1
LogDevObjectVersion: Number of dev versions registered: 20
LogDevObjectVersion:   Dev-Blueprints (B0D832E4-1F89-4F0D-ACCF-7EB736FD4AA2): 10
LogDevObjectVersion:   Dev-Build (E1C64328-A22C-4D53-A36C-8E866417BD8C): 0
LogDevObjectVersion:   Dev-Core (375EC13C-06E4-48FB-B500-84F0262A717E): 2
LogDevObjectVersion:   Dev-Editor (E4B068ED-F494-42E9-A231-DA0B2E46BB41): 24
LogDevObjectVersion:   Dev-Framework (CFFC743F-43B0-4480-9391-14DF171D2073): 34
LogDevObjectVersion:   Dev-Mobile (B02B49B5-BB20-44E9-A304-32B752E40360): 2
LogDevObjectVersion:   Dev-Networking (A4E4105C-59A1-49B5-A7C5-40C4547EDFEE): 0
LogDevObjectVersion:   Dev-Online (39C831C9-5AE6-47DC-9A44-9C173E1C8E7C): 0
LogDevObjectVersion:   Dev-Physics (78F01B33-EBEA-4F98-B9B4-84EACCB95AA2): 0
LogDevObjectVersion:   Dev-Platform (6631380F-2D4D-43E0-8009-CF276956A95A): 0
LogDevObjectVersion:   Dev-Rendering (12F88B9F-8875-4AFC-A67C-D90C383ABD29): 26
LogDevObjectVersion:   Dev-Sequencer (7B5AE74C-D270-4C10-A958-57980B212A5A): 9
LogDevObjectVersion:   Dev-VR (D7296918-1DD6-4BDD-9DE2-64A83CC13884): 2
LogDevObjectVersion:   Dev-LoadTimes (C2A15278-BFE7-4AFE-6C17-90FF531DF755): 1
LogDevObjectVersion:   Private-Geometry (6EACA3D4-40EC-4CC1-B786-8BED09428FC5): 3
LogDevObjectVersion:   Dev-AnimPhys (29E575DD-E0A3-4627-9D10-D276232CDCEA): 17
LogDevObjectVersion:   Dev-ReflectionCapture (6B266CEC-1EC7-4B8F-A30B-E4D90942FC07): 1
LogDevObjectVersion:   Dev-Automation (0DF73D61-A23F-47EA-B727-89E90C41499A): 1
LogDevObjectVersion:   FortniteMain (601D1886-AC64-4F84-AA16-D3DE0DEAC7D6): 12
LogDevObjectVersion:   Dev-Enterprise (9DFFBCD6-494F-0158-E221-12823C92A888): 1
LogStreaming: Display: Took  0.002s to delete old logs.
LogInit: Presizing for max 8388607 objects, including 0 objects not considered by GC, pre-allocating 0 bytes for permanent pool.
LogInit: Object subsystem initialized
[2018.12.03-00.07.23:325][  0]LogInit: Selected Device Profile: [Windows]
[2018.12.03-00.07.23:325][  0]LogInit: Applying CVar settings loaded from the selected device profile: [Windows]
[2018.12.03-00.07.23:340][  0]LogHAL: Display: Platform has ~ 16 GB [17024626688 / 17179869184 / 16], which maps to Larger [LargestMinGB=32, LargerMinGB=12, DefaultMinGB=8, SmallerMinGB=6, SmallestMinGB=0)
[2018.12.03-00.07.23:340][  0]LogInit: Setting Device Profile CVar: [[r.Vulkan.UseRealUBs:1]]
[2018.12.03-00.07.23:340][  0]LogInit: Going up to parent DeviceProfile []
[2018.12.03-00.07.23:340][  0]LogInit: Computer: ALEXLAPTOP
[2018.12.03-00.07.23:340][  0]LogInit: User: sidgwa
[2018.12.03-00.07.23:340][  0]LogInit: CPU Page size=4096, Cores=4
[2018.12.03-00.07.23:340][  0]LogInit: High frequency timer resolution =2.742192 MHz
[2018.12.03-00.07.23:341][  0]LogMemory: Memory total: Physical=15.9GB (16GB approx)
[2018.12.03-00.07.23:341][  0]LogMemory: Platform Memory Stats for Windows
[2018.12.03-00.07.23:341][  0]LogMemory: Process Physical Memory: 100.95 MB used, 100.95 MB peak
[2018.12.03-00.07.23:341][  0]LogMemory: Process Virtual Memory: 89.61 MB used, 89.61 MB peak
[2018.12.03-00.07.23:341][  0]LogMemory: Physical Memory: 7620.57 MB used,  8615.38 MB free, 16235.95 MB total
[2018.12.03-00.07.23:341][  0]LogMemory: Virtual Memory: 4638.60 MB used,  8615.38 MB free, 134217728.00 MB total
[2018.12.03-00.07.23:355][  0]LogInit: Using OS detected language (en-US).
[2018.12.03-00.07.23:355][  0]LogInit: Using OS detected locale (en-US).
[2018.12.03-00.07.23:356][  0]LogTextLocalizationManager: No specific localization for 'en-US' exists, so the 'en' localization will be used.
[2018.12.03-00.07.23:710][  0]LogStreaming: Display: Took  0.355s to InitEngineTextLocalization.
[2018.12.03-00.07.23:710][  0]LogInit: Setting process to per monitor DPI aware
[2018.12.03-00.07.23:750][  0]LogSlate: New Slate User Created.  User Index 0, Is Virtual User: 0
[2018.12.03-00.07.23:750][  0]LogSlate: Slate User Registered.  User Index 0, Is Virtual User: 0
[2018.12.03-00.07.23:941][  0]LogHMD: Failed to initialize OpenVR with code 110
[2018.12.03-00.07.23:941][  0]LogD3D11RHI: D3D11 adapters:
[2018.12.03-00.07.23:989][  0]LogD3D11RHI:    0. 'NVIDIA GeForce GTX 1050' (Feature Level 11_0)
[2018.12.03-00.07.23:989][  0]LogD3D11RHI:       4021/0/8117 MB DedicatedVideo/DedicatedSystem/SharedSystem, Outputs:1, VendorId:0x10de
[2018.12.03-00.07.23:997][  0]LogD3D11RHI:    1. 'Intel(R) HD Graphics 630' (Feature Level 11_0)
[2018.12.03-00.07.23:997][  0]LogD3D11RHI:       128/0/8117 MB DedicatedVideo/DedicatedSystem/SharedSystem, Outputs:0, VendorId:0x8086
[2018.12.03-00.07.23:999][  0]LogD3D11RHI:    2. 'Microsoft Basic Render Driver' (Feature Level 11_0)
[2018.12.03-00.07.23:999][  0]LogD3D11RHI:       0/0/8117 MB DedicatedVideo/DedicatedSystem/SharedSystem, Outputs:0, VendorId:0x1414
[2018.12.03-00.07.23:999][  0]LogD3D11RHI: Chosen D3D11 Adapter: 0
[2018.12.03-00.07.24:016][  0]LogD3D11RHI: Creating new Direct3DDevice
[2018.12.03-00.07.24:017][  0]LogD3D11RHI:     GPU DeviceId: 0x1c8d (for the marketing name, search the web for "GPU Device Id")
[2018.12.03-00.07.24:017][  0]LogWindows: EnumDisplayDevices:
[2018.12.03-00.07.24:017][  0]LogWindows:    0. 'Intel(R) HD Graphics 630' (P:1 D:1)
[2018.12.03-00.07.24:017][  0]LogWindows:    1. 'Intel(R) HD Graphics 630' (P:0 D:0)
[2018.12.03-00.07.24:017][  0]LogWindows:    2. 'Intel(R) HD Graphics 630' (P:0 D:0)
[2018.12.03-00.07.24:017][  0]LogWindows: DebugString: PrimaryIsNotTheChoosenAdapter PrimaryIsNotTheChoosenAdapter PrimaryIsNotTheChoosenAdapter FoundDriverCount:0 
[2018.12.03-00.07.24:017][  0]LogD3D11RHI:     Adapter Name: NVIDIA GeForce GTX 1050
[2018.12.03-00.07.24:017][  0]LogD3D11RHI:   Driver Version: Unknown (internal:Unknown, unified:Unknown)
[2018.12.03-00.07.24:017][  0]LogD3D11RHI:      Driver Date: Unknown
[2018.12.03-00.07.24:017][  0]LogRHI: Texture pool is 2814 MB (70% of 4021 MB)
[2018.12.03-00.07.24:061][  0]LogD3D11RHI: Async texture creation enabled
[2018.12.03-00.07.24:107][  0]LogD3D11RHI: GPU Timing Frequency: 1000.000000 (Debug: 2 2)
[2018.12.03-00.07.24:108][  0]LogShaderCompilers: Guid format shader working directory is -32 characters bigger than the processId version (../../../../../../Users/sidgwa/Documents/Game Development 1/GameDev-4/Project4/Intermediate/Shaders/WorkingDirectory/31944/).
[2018.12.03-00.07.24:108][  0]LogShaderCompilers: Cleaned the shader compiler working directory 'C:/Users/sidgwa/AppData/Local/Temp/UnrealShaderWorkingDir/FDDEE4614D7591B218EC0EB677B7BBC1/'.
[2018.12.03-00.07.24:366][  0]LogTemp: Display: Loaded TP AllDesktopTargetPlatform
[2018.12.03-00.07.24:378][  0]LogTemp: Display: Loaded TP MacClientTargetPlatform
[2018.12.03-00.07.24:392][  0]LogTemp: Display: Loaded TP MacNoEditorTargetPlatform
[2018.12.03-00.07.24:405][  0]LogTemp: Display: Loaded TP MacServerTargetPlatform
[2018.12.03-00.07.24:418][  0]LogTemp: Display: Loaded TP MacTargetPlatform
[2018.12.03-00.07.24:430][  0]LogTemp: Display: Loaded TP WindowsClientTargetPlatform
[2018.12.03-00.07.24:443][  0]LogTemp: Display: Loaded TP WindowsNoEditorTargetPlatform
[2018.12.03-00.07.24:456][  0]LogTemp: Display: Loaded TP WindowsServerTargetPlatform
[2018.12.03-00.07.24:461][  0]LogTemp: Display: Loaded TP WindowsTargetPlatform
[2018.12.03-00.07.24:538][  0]LogTemp: Display: Loaded TP AndroidTargetPlatform
[2018.12.03-00.07.24:538][  0]LogTemp: Display: Loaded TP AndroidTargetPlatform
[2018.12.03-00.07.24:538][  0]LogTemp: Display: Loaded TP AndroidTargetPlatform
[2018.12.03-00.07.24:538][  0]LogTemp: Display: Loaded TP AndroidTargetPlatform
[2018.12.03-00.07.24:538][  0]LogTemp: Display: Loaded TP AndroidTargetPlatform
[2018.12.03-00.07.24:538][  0]LogTemp: Display: Loaded TP AndroidTargetPlatform
[2018.12.03-00.07.24:538][  0]LogTemp: Display: Loaded TP AndroidTargetPlatform
[2018.12.03-00.07.24:538][  0]LogTemp: Display: Loaded TP AndroidTargetPlatform
[2018.12.03-00.07.24:538][  0]LogTemp: Display: Loaded TP AndroidTargetPlatform
[2018.12.03-00.07.24:538][  0]LogTemp: Display: Loaded TP AndroidTargetPlatform
[2018.12.03-00.07.24:538][  0]LogTemp: Display: Loaded TP AndroidTargetPlatform
[2018.12.03-00.07.24:538][  0]LogTemp: Display: Loaded TP AndroidTargetPlatform
[2018.12.03-00.07.24:538][  0]LogTemp: Display: Loaded TP AndroidTargetPlatform
[2018.12.03-00.07.24:538][  0]LogTemp: Display: Loaded TP AndroidTargetPlatform
[2018.12.03-00.07.24:538][  0]LogTemp: Display: Loaded TP AndroidTargetPlatform
[2018.12.03-00.07.24:538][  0]LogTemp: Display: Loaded TP AndroidTargetPlatform
[2018.12.03-00.07.24:538][  0]LogTemp: Display: Loaded TP AndroidTargetPlatform
[2018.12.03-00.07.24:538][  0]LogTemp: Display: Loaded TP AndroidTargetPlatform
[2018.12.03-00.07.24:539][  0]LogTemp: Display: Loaded TP HTML5TargetPlatform
[2018.12.03-00.07.24:601][  0]LogTemp: Display: Loaded TP IOSTargetPlatform
[2018.12.03-00.07.24:601][  0]LogTemp: Display: Loaded TP IOSTargetPlatform
[2018.12.03-00.07.24:626][  0]LogTemp: Display: Loaded TP TVOSTargetPlatform
[2018.12.03-00.07.24:626][  0]LogTemp: Display: Loaded TP TVOSTargetPlatform
[2018.12.03-00.07.24:638][  0]LogTemp: Display: Loaded TP LinuxClientTargetPlatform
[2018.12.03-00.07.24:650][  0]LogTemp: Display: Loaded TP LinuxNoEditorTargetPlatform
[2018.12.03-00.07.24:662][  0]LogTemp: Display: Loaded TP LinuxServerTargetPlatform
[2018.12.03-00.07.24:674][  0]LogTemp: Display: Loaded TP LinuxTargetPlatform
[2018.12.03-00.07.24:683][  0]LogTemp: Display: Loaded TP LuminTargetPlatform
[2018.12.03-00.07.24:683][  0]LogTargetPlatformManager: Display: Building Assets For Windows
[2018.12.03-00.07.24:726][  0]LogXGEController: Cannot use XGE Controller as Incredibuild is not installed on this machine.
[2018.12.03-00.07.24:726][  0]LogShaderCompilers: Cannot use XGE Shader Compiler as Incredibuild is not installed on this machine.
[2018.12.03-00.07.24:726][  0]LogShaderCompilers: Display: Using Local Shader Compiler.
[2018.12.03-00.07.25:413][  0]LogDerivedDataCache: Display: Max Cache Size: 512 MB
[2018.12.03-00.07.25:464][  0]LogDerivedDataCache: Loaded boot cache 0.05s 71MB C:/Users/sidgwa/AppData/Local/UnrealEngine/4.20/DerivedDataCache/Boot.ddc.
[2018.12.03-00.07.25:465][  0]LogDerivedDataCache: Display: Loaded Boot cache: C:/Users/sidgwa/AppData/Local/UnrealEngine/4.20/DerivedDataCache/Boot.ddc
[2018.12.03-00.07.25:465][  0]LogDerivedDataCache: FDerivedDataBackendGraph:  Pak pak cache file ../../../../../../Users/sidgwa/Documents/Game Development 1/GameDev-4/Project4/DerivedDataCache/DDC.ddp not found, will not use a pak cache.
[2018.12.03-00.07.25:465][  0]LogDerivedDataCache: Unable to find inner node Pak for hierarchical cache Hierarchy.
[2018.12.03-00.07.25:465][  0]LogDerivedDataCache: FDerivedDataBackendGraph:  CompressedPak pak cache file ../../../../../../Users/sidgwa/Documents/Game Development 1/GameDev-4/Project4/DerivedDataCache/Compressed.ddp not found, will not use a pak cache.
[2018.12.03-00.07.25:465][  0]LogDerivedDataCache: Unable to find inner node CompressedPak for hierarchical cache Hierarchy.
[2018.12.03-00.07.25:478][  0]LogDerivedDataCache: Display: Pak cache opened for reading ../../../Engine/DerivedDataCache/Compressed.ddp.
[2018.12.03-00.07.25:490][  0]LogDerivedDataCache: Using Local data cache path C:/Users/sidgwa/AppData/Local/UnrealEngine/Common/DerivedDataCache: Writable
[2018.12.03-00.07.25:490][  0]LogDerivedDataCache: Shared data cache path not found in *engine.ini, will not use an Shared cache.
[2018.12.03-00.07.25:490][  0]LogDerivedDataCache: Unable to find inner node Shared for hierarchical cache Hierarchy.
[2018.12.03-00.07.25:507][  0]LogMaterial: Verifying Global Shaders for PCD3D_SM5
[2018.12.03-00.07.25:509][  0]LogSlate: Using FreeType 2.6.0
[2018.12.03-00.07.25:510][  0]LogSlate: SlateFontServices - WITH_FREETYPE: 1, WITH_HARFBUZZ: 1
[2018.12.03-00.07.25:577][  0]LogAssetRegistry: FAssetRegistry took 0.0257 seconds to start up
[2018.12.03-00.07.25:868][  0]LogInit: Selected Device Profile: [Windows]
[2018.12.03-00.07.25:993][  0]LogSimplygon: Simplygon DLL not present - disabling.
[2018.12.03-00.07.25:995][  0]LogMeshReduction: Using SimplygonSwarm for distributed automatic mesh merging
[2018.12.03-00.07.25:995][  0]LogMeshReduction: Using ProxyLODMeshReduction for automatic mesh merging
[2018.12.03-00.07.25:995][  0]LogMeshReduction: Using QuadricMeshReduction for automatic static mesh reduction
[2018.12.03-00.07.25:995][  0]LogMeshReduction: No automatic skeletal mesh reduction module available
[2018.12.03-00.07.26:009][  0]LogNetVersion: Project4 1.0.0, NetCL: 4212847, EngineNetVer: 5, GameNetVer: 0 (Checksum: 1992437466)
[2018.12.03-00.07.26:533][  0]LogPackageLocalizationCache: Processed 11 localized package path(s) for 2 prioritized culture(s) in 0.151132 seconds
[2018.12.03-00.07.26:540][  0]LogUObjectArray: 38425 objects as part of root set at end of initial load.
[2018.12.03-00.07.26:540][  0]LogUObjectAllocator: 6690864 out of 0 bytes used by permanent object pool.
[2018.12.03-00.07.26:540][  0]LogUObjectArray: CloseDisregardForGC: 0/0 objects in disregard for GC pool
[2018.12.03-00.07.27:312][  0]LogTcpMessaging: Initializing TcpMessaging bridge
[2018.12.03-00.07.27:325][  0]LogUdpMessaging: Initializing bridge on interface 0.0.0.0:0 to multicast group 230.0.0.1:6666.
[2018.12.03-00.07.27:460][  0]SourceControl: Source control is disabled
[2018.12.03-00.07.27:460][  0]SourceControl: Source control is disabled
[2018.12.03-00.07.27:461][  0]SourceControl: Source control is disabled
[2018.12.03-00.07.27:462][  0]SourceControl: Source control is disabled
[2018.12.03-00.07.27:614][  0]LogAndroidPermission: UAndroidPermissionCallbackProxy::GetInstance
[2018.12.03-00.07.27:705][  0]LogOcInput: OculusInput pre-init called
[2018.12.03-00.07.27:761][  0]LogEngine: Initializing Engine...
[2018.12.03-00.07.27:762][  0]LogHMD: Failed to initialize OpenVR with code 110
[2018.12.03-00.07.27:764][  0]LogStats: UGameplayTagsManager::ConstructGameplayTagTree: ImportINI prefixes -  0.000 s
[2018.12.03-00.07.27:764][  0]LogStats: UGameplayTagsManager::ConstructGameplayTagTree: Construct from data asset -  0.000 s
[2018.12.03-00.07.27:764][  0]LogStats: UGameplayTagsManager::ConstructGameplayTagTree: ImportINI -  0.000 s
[2018.12.03-00.07.27:764][  0]LogStats: UGameplayTagsManager::ConstructGameplayTagTree: GameplayTagTreeChangedEvent.Broadcast -  0.000 s
[2018.12.03-00.07.27:967][  0]LogInit: Initializing FReadOnlyCVARCache
[2018.12.03-00.07.27:976][  0]LogAIModule: Creating AISystem for world Untitled
[2018.12.03-00.07.27:997][  0]LogInit: XAudio2 using 'Speakers / Headphones (Realtek Audio)' : 2 channels at 48 kHz using 32 bits per sample (channel mask 0x3)
[2018.12.03-00.07.28:445][  0]LogInit: FAudioDevice initialized.
[2018.12.03-00.07.28:445][  0]LogNetVersion: Set ProjectVersion to 1.0.0.0. Version Checksum will be recalculated on next use.
[2018.12.03-00.07.28:489][  0]LogDerivedDataCache: Saved boot cache 0.04s 71MB C:/Users/sidgwa/AppData/Local/UnrealEngine/4.20/DerivedDataCache/Boot.ddc.
[2018.12.03-00.07.28:502][  0]LogInit: Texture streaming: Enabled
[2018.12.03-00.07.28:513][  0]LogEngineSessionManager: EngineSessionManager initialized
[2018.12.03-00.07.28:524][  0]LogInit: Transaction tracking system initialized
[2018.12.03-00.07.28:537][  0]BlueprintLog: New page: Editor Load
[2018.12.03-00.07.28:586][  0]LocalizationService: Localization service is disabled
[2018.12.03-00.07.28:832][  0]LogCook: Display: Max memory allowance for cook 16384mb min free memory 0mb
[2018.12.03-00.07.28:832][  0]LogCook: Display: Mobile HDR setting 1
[2018.12.03-00.07.28:832][  0]LogGameplayTags: Display: UGameplayTagsManager::DoneAddingNativeTags. DelegateIsBound: 0
[2018.12.03-00.07.28:832][  0]LogStats: UGameplayTagsManager::ConstructGameplayTagTree: ImportINI prefixes -  0.000 s
[2018.12.03-00.07.28:832][  0]LogStats: UGameplayTagsManager::ConstructGameplayTagTree: Construct from data asset -  0.000 s
[2018.12.03-00.07.28:832][  0]LogStats: UGameplayTagsManager::ConstructGameplayTagTree: ImportINI -  0.000 s
[2018.12.03-00.07.28:832][  0]LogStats: UGameplayTagsManager::ConstructGameplayTagTree: GameplayTagTreeChangedEvent.Broadcast -  0.000 s
[2018.12.03-00.07.28:924][  0]LogFileCache: Scanning file cache for directory 'C:/Users/sidgwa/Documents/Game Development 1/GameDev-4/Project4/Content/' took 0.01s
[2018.12.03-00.07.28:924][  0]SourceControl: Source control is disabled
[2018.12.03-00.07.28:924][  0]Cmd: MAP LOAD FILE="../../../../../../Users/sidgwa/Documents/Game Development 1/GameDev-4/Project4/Content/GameView.umap" TEMPLATE=0 SHOWPROGRESS=1 FEATURELEVEL=3
[2018.12.03-00.07.28:925][  0]LightingResults: New page: Lighting Build
[2018.12.03-00.07.28:926][  0]MapCheck: New page: Map Check
[2018.12.03-00.07.28:926][  0]LightingResults: New page: Lighting Build
[2018.12.03-00.07.29:388][  0]LogAIModule: Creating AISystem for world GameView
[2018.12.03-00.07.29:394][  0]LogEditorServer: Finished looking for orphan Actors (0.000 secs)
[2018.12.03-00.07.29:418][  0]Cmd: MAP CHECKDEP NOCLEARLOG
[2018.12.03-00.07.29:471][  0]MapCheck: Map check complete: 0 Error(s), 0 Warning(s), took 53.798ms to complete.
[2018.12.03-00.07.29:471][  0]LogFileHelpers: Loading map 'GameView' took 0.547
[2018.12.03-00.07.29:594][  0]LogSlate: Updating window title bar state: overlay mode, drag disabled, window buttons hidden, title bar hidden
[2018.12.03-00.07.29:603][  0]LogSlate: Updating window title bar state: overlay mode, drag disabled, window buttons hidden, title bar hidden
[2018.12.03-00.07.29:611][  0]LogSlate: Updating window title bar state: overlay mode, drag disabled, window buttons hidden, title bar hidden
[2018.12.03-00.07.29:620][  0]LogSlate: Updating window title bar state: overlay mode, drag disabled, window buttons hidden, title bar hidden
[2018.12.03-00.07.29:624][  0]LogCollectionManager: Loaded 0 collections in 0.000690 seconds
[2018.12.03-00.07.29:664][  0]LogFileCache: Scanning file cache for directory 'C:/Users/sidgwa/Documents/Game Development 1/GameDev-4/Project4/Saved/Collections/' took 0.01s
[2018.12.03-00.07.29:664][  0]LogFileCache: Scanning file cache for directory 'C:/Users/sidgwa/Documents/Game Development 1/GameDev-4/Project4/Content/Developers/sidgwa/Collections/' took 0.01s
[2018.12.03-00.07.29:664][  0]LogFileCache: Scanning file cache for directory 'C:/Users/sidgwa/Documents/Game Development 1/GameDev-4/Project4/Content/Collections/' took 0.01s
[2018.12.03-00.07.29:664][  0]LogCollectionManager: Rebuilt the GUID cache for 0 collections in 0.000000 seconds
[2018.12.03-00.07.29:674][  0]LogContentBrowser: Native class hierarchy populated in 0.0089 seconds. Added 2572 classes and 603 folders.
[2018.12.03-00.07.29:678][  0]LogContentBrowser: Native class hierarchy updated for 'WidgetCarousel' in 0.0003 seconds. Added 0 classes and 0 folders.
[2018.12.03-00.07.29:714][  0]LogContentBrowser: Native class hierarchy updated for 'AddContentDialog' in 0.0004 seconds. Added 0 classes and 0 folders.
[2018.12.03-00.07.29:720][  0]LogContentBrowser: Native class hierarchy updated for 'SceneOutliner' in 0.0003 seconds. Added 1 classes and 2 folders.
[2018.12.03-00.07.29:737][  0]LogSlate: Took 0.000239 seconds to synchronously load lazily loaded font '../../../Engine/Content/Slate/Fonts/Roboto-Regular.ttf' (155K)
[2018.12.03-00.07.29:739][  0]LogSlate: Took 0.000162 seconds to synchronously load lazily loaded font '../../../Engine/Content/Slate/Fonts/Roboto-Bold.ttf' (160K)
[2018.12.03-00.07.29:837][  0]LogRenderer: Reallocating scene render targets to support 1068x576 Format 10 NumSamples 1 (Frame:1).
[2018.12.03-00.07.29:964][  0]LogContentBrowser: Native class hierarchy updated for 'HierarchicalLODOutliner' in 0.0004 seconds. Added 0 classes and 0 folders.
[2018.12.03-00.07.29:964][  0]LogLoad: (Engine Initialization) Total time: 8.06 seconds
[2018.12.03-00.07.29:964][  0]LogLoad: (Engine Initialization) Total Blueprint compile time: 0.00 seconds
[2018.12.03-00.07.29:984][  0]LogWindowsTextInputMethodSystem: Display: IME system now deactivated.
[2018.12.03-00.07.30:005][  0]LogContentStreaming: Texture pool size now 1000 MB
[2018.12.03-00.07.30:100][  1]LogAssetRegistry: Asset discovery search completed in 4.5444 seconds
[2018.12.03-00.07.30:101][  1]LogCollectionManager: Rebuilt the object cache for 0 collections in 0.000000 seconds (found 0 objects)
[2018.12.03-00.07.30:101][  1]LogCollectionManager: Fixed up redirectors for 0 collections in 0.000054 seconds (updated 0 objects)
[2018.12.03-00.07.31:001][ 54]LogSlate: Took 0.000197 seconds to synchronously load lazily loaded font '../../../Engine/Content/Slate/Fonts/Roboto-Light.ttf' (167K)
[2018.12.03-00.07.31:004][ 54]LogSlate: FSceneViewport::OnFocusLost() reason 2
[2018.12.03-00.07.31:010][ 54]LogAssetEditorManager: Opening Asset editor for Blueprint /Game/Blueprints/GameMode.GameMode
[2018.12.03-00.07.31:459][ 54]LogContentBrowser: Native class hierarchy updated for 'BlueprintGraph' in 0.0005 seconds. Added 116 classes and 0 folders.
[2018.12.03-00.07.32:219][ 54]LogSlate: Took 0.000180 seconds to synchronously load lazily loaded font '../../../Engine/Content/Editor/Slate/Fonts/FontAwesome.ttf' (139K)
[2018.12.03-00.07.32:220][ 54]LogSlate: Took 0.000143 seconds to synchronously load lazily loaded font '../../../Engine/Content/Slate/Fonts/Roboto-BoldCondensed.ttf' (158K)
[2018.12.03-00.08.12:639][474]LogSlate: Took 0.000181 seconds to synchronously load lazily loaded font '../../../Engine/Content/Slate/Fonts/Roboto-Light.ttf' (167K)
[2018.12.03-00.08.13:877][548]LogAssetEditorManager: Opening Asset editor for Blueprint /Game/Blueprints/ItemHitbox_Blueprint.ItemHitbox_Blueprint
[2018.12.03-00.08.14:388][549]LogSlate: Took 0.000251 seconds to synchronously load lazily loaded font '../../../Engine/Content/Slate/Fonts/Roboto-Italic.ttf' (157K)
[2018.12.03-00.08.17:036][706]LogTemp: Repeating last play command: Selected Viewport
[2018.12.03-00.08.17:062][706]LogPlayLevel: PlayLevel: No blueprints needed recompiling
[2018.12.03-00.08.17:075][706]PIE: New page: PIE session: GameView (Dec 2, 2018, 2:08:17 PM)
[2018.12.03-00.08.17:075][706]LogPlayLevel: Creating play world package: /Game/UEDPIE_0_GameView
[2018.12.03-00.08.17:079][706]LogPlayLevel: PIE: StaticDuplicateObject took: (0.003741s)
[2018.12.03-00.08.17:080][706]LogAIModule: Creating AISystem for world GameView
[2018.12.03-00.08.17:080][706]LogPlayLevel: PIE: World Init took: (0.000907s)
[2018.12.03-00.08.17:080][706]LogPlayLevel: PIE: Created PIE world by copying editor world from /Game/GameView.GameView to /Game/UEDPIE_0_GameView.GameView (0.004872s)
[2018.12.03-00.08.17:145][706]LogInit: XAudio2 using 'Speakers / Headphones (Realtek Audio)' : 2 channels at 48 kHz using 32 bits per sample (channel mask 0x3)
[2018.12.03-00.08.17:161][706]LogInit: FAudioDevice initialized.
[2018.12.03-00.08.17:207][706]LogLoad: Game class is 'GameMode_C'
[2018.12.03-00.08.17:209][706]LogWorld: Bringing World /Game/UEDPIE_0_GameView.GameView up for play (max tick rate 60) at 2018.12.02-19.08.17
[2018.12.03-00.08.17:210][706]LogWorld: Bringing up level for play took: 0.000737
[2018.12.03-00.08.17:226][706]LogContentBrowser: Native class hierarchy updated for 'MovieSceneCapture' in 0.0003 seconds. Added 10 classes and 0 folders.
[2018.12.03-00.08.17:227][706]LogBlueprintUserMessages: [Spawn_Blueprint_80]  customer done
[2018.12.03-00.08.17:227][706]LogBlueprintUserMessages: [Spawn_Blueprint_80] Destroyed?
[2018.12.03-00.08.17:227][706]LogBlueprintUserMessages: [Spawn_Blueprint_80]  customer done
[2018.12.03-00.08.17:227][706]LogBlueprintUserMessages: [Spawn_Blueprint_80] Destroyed?
[2018.12.03-00.08.17:227][706]LogBlueprintUserMessages: [Spawn_Blueprint_80]  customer done
[2018.12.03-00.08.17:227][706]LogBlueprintUserMessages: [Spawn_Blueprint_80]  customer done
[2018.12.03-00.08.17:227][706]LogBlueprintUserMessages: [Spawn_Blueprint_80]  customer done
[2018.12.03-00.08.17:228][706]PIE: Play in editor start time for /Game/UEDPIE_0_GameView 0.017
[2018.12.03-00.08.18:187][762]LogBlueprintUserMessages: [Spawn_Blueprint_80] selection is false...
[2018.12.03-00.08.18:603][787]LogScript: Warning: Accessed None trying to read property block
	Player_Blueprint_C /Game/UEDPIE_0_GameView.GameView:PersistentLevel.Player_Blueprint
	Function /Game/Blueprints/Player_Blueprint.Player_Blueprint_C:ExecuteUbergraph_Player_Blueprint:0583
[2018.12.03-00.08.18:603][787]PIE: Error: Blueprint Runtime Error: "Accessed None trying to read property block". Blueprint:  Player_Blueprint Function:  Execute Ubergraph Player Blueprint Graph:  EventGraph Node:  Branch
[2018.12.03-00.08.18:637][789]LogScript: Warning: Accessed None trying to read property block
	Player_Blueprint_C /Game/UEDPIE_0_GameView.GameView:PersistentLevel.Player_Blueprint
	Function /Game/Blueprints/Player_Blueprint.Player_Blueprint_C:ExecuteUbergraph_Player_Blueprint:0214
[2018.12.03-00.08.18:637][789]PIE: Error: Blueprint Runtime Error: "Accessed None trying to read property block". Blueprint:  Player_Blueprint Function:  Execute Ubergraph Player Blueprint Graph:  EventGraph Node:  Branch
[2018.12.03-00.08.19:354][832]LogBlueprintUserMessages: [Spawn_Blueprint_80] selection is false...
[2018.12.03-00.08.19:387][834]LogBlueprintUserMessages: [Spawn_Blueprint_80] selection is false...
[2018.12.03-00.08.19:453][838]LogBlueprintUserMessages: [Spawn_Blueprint_80] selection is false...
[2018.12.03-00.08.19:703][853]LogBlueprintUserMessages: [Spawn_Blueprint_80] selection is false...
[2018.12.03-00.08.19:787][858]LogBlueprintUserMessages: [Spawn_Blueprint_80] selection is false...
[2018.12.03-00.08.19:837][861]LogBlueprintUserMessages: [Spawn_Blueprint_80] selection is false...
[2018.12.03-00.08.20:054][874]LogBlueprintUserMessages: [Spawn_Blueprint_80] selection is false...
[2018.12.03-00.08.20:120][878]LogBlueprintUserMessages: [Spawn_Blueprint_80] selection is false...
[2018.12.03-00.08.20:154][880]LogBlueprintUserMessages: [Spawn_Blueprint_80] selection is false...
[2018.12.03-00.08.20:437][897]LogBlueprintUserMessages: [Spawn_Blueprint_80] selection is false...
[2018.12.03-00.08.20:487][900]LogBlueprintUserMessages: [Spawn_Blueprint_80] selection is false...
[2018.12.03-00.08.20:671][911]LogBlueprintUserMessages: [Spawn_Blueprint_80] selection is false...
[2018.12.03-00.08.20:720][914]LogBlueprintUserMessages: [Spawn_Blueprint_80] selection is false...
[2018.12.03-00.08.20:770][917]LogBlueprintUserMessages: [Spawn_Blueprint_80] selection is false...
[2018.12.03-00.08.20:938][927]LogBlueprintUserMessages: [Spawn_Blueprint_80] selection is false...
[2018.12.03-00.08.21:022][932]LogBlueprintUserMessages: [Spawn_Blueprint_80] selection is false...
[2018.12.03-00.08.21:422][956]LogSlate: Updating window title bar state: overlay mode, drag disabled, window buttons hidden, title bar hidden
[2018.12.03-00.08.21:452][956]LogPlayLevel: Display: Shutting down PIE online subsystems
[2018.12.03-00.08.21:481][956]LogSlate: Updating window title bar state: overlay mode, drag disabled, window buttons hidden, title bar hidden
[2018.12.03-00.08.21:539][959]LogPlayLevel: Display: Destroying online subsystem :Context_4
[2018.12.03-00.08.21:706][969]Cmd: SELECT NONE
[2018.12.03-00.28.25:869][282]LogHttp: Warning: 000001A77FEBFC40: request failed, libcurl error: 6 (Couldn't resolve host name)
[2018.12.03-00.28.25:870][282]LogHttp: Warning: 000001A77FEBFC40: libcurl info message cache 0 (Connection 2 seems to be dead!)
[2018.12.03-00.28.25:870][282]LogHttp: Warning: 000001A77FEBFC40: libcurl info message cache 1 (Closing connection 2)
[2018.12.03-00.28.25:870][282]LogHttp: Warning: 000001A77FEBFC40: libcurl info message cache 2 (Could not resolve host: datarouter.ol.epicgames.com)
[2018.12.03-00.28.25:870][282]LogHttp: Warning: 000001A77FEBFC40: libcurl info message cache 3 (Closing connection 3)
[2018.12.03-00.28.35:499][308]LogFileHelpers: Editor autosave (incl. sublevels) for '/Game/GameView' took 0.078
[2018.12.03-00.28.35:505][308]OBJ SavePackage: Generating thumbnails for [0] asset(s) in package [/Game/Blueprints/GameMode] ([1] browsable assets)...
[2018.12.03-00.28.35:505][308]OBJ SavePackage: Finished generating thumbnails for package [/Game/Blueprints/GameMode]
[2018.12.03-00.28.35:602][308]LogSavePackage: Moving '../../../../../../Users/sidgwa/Documents/Game Development 1/GameDev-4/Project4/Saved/GameMode_Auto1FFB1982E423C5DAFA7DE419896353441.tmp' to '../../../../../../Users/sidgwa/Documents/Game Development 1/GameDev-4/Project4/Saved/Autosaves/Game/Blueprints/GameMode_Auto1.uasset'
[2018.12.03-00.28.35:607][308]LogFileHelpers: Auto-saving content packages took 0.105
[2018.12.03-02.08.00:216][ 84]LogSlate: Window 'ItemHitbox_Blueprint' being destroyed
[2018.12.03-02.08.00:220][ 84]LogSlate: Window 'ItemHitbox_Blueprint' being destroyed
[2018.12.03-02.08.01:318][ 87]LogSlate: FSceneViewport::OnFocusLost() reason 2
[2018.12.03-02.08.05:478][ 87]LogSlate: Window 'Save Content' being destroyed
[2018.12.03-02.08.05:493][ 87]LogSlate: FSceneViewport::OnFocusLost() reason 2
[2018.12.03-02.08.05:514][ 87]Cmd: OBJ SAVEPACKAGE PACKAGE="/Game/Blueprints/GameMode" FILE="../../../../../../Users/sidgwa/Documents/Game Development 1/GameDev-4/Project4/Content/Blueprints/GameMode.uasset" SILENT=true
[2018.12.03-02.08.05:561][ 87]LogSavePackage: Moving '../../../../../../Users/sidgwa/Documents/Game Development 1/GameDev-4/Project4/Saved/GameMode20756247420C2D7A73A6FD8F542E7353.tmp' to '../../../../../../Users/sidgwa/Documents/Game Development 1/GameDev-4/Project4/Content/Blueprints/GameMode.uasset'
[2018.12.03-02.08.05:688][ 87]LogSlate: Window 'Project4 - Unreal Editor' being destroyed
[2018.12.03-02.08.05:689][ 87]LogWindowsTextInputMethodSystem: Display: IME system now deactivated.
[2018.12.03-02.08.05:928][ 88]Cmd: QUIT_EDITOR
[2018.12.03-02.08.06:763][ 88]LogExit: Preparing to exit.
