Log file open, 12/04/18 14:17:56
LogWindows: Failed to load 'aqProf.dll' (GetLastError=126)
LogWindows: File 'aqProf.dll' does not exist
LogWindows: Failed to load 'VSPerf140.dll' (GetLastError=126)
LogWindows: File 'VSPerf140.dll' does not exist
LogWindows: Failed to load 'VtuneApi.dll' (GetLastError=126)
LogWindows: File 'VtuneApi.dll' does not exist
LogWindows: Failed to load 'VtuneApi32e.dll' (GetLastError=126)
LogWindows: File 'VtuneApi32e.dll' does not exist
LogInit: Display: Running engine for game: Project4
LogPlatformFile: Not using cached read wrapper
LogTaskGraph: Started task graph with 5 named threads and 23 total threads with 3 sets of task threads.
LogStats: Stats thread started at 0.324028
LogD3D11RHI: Loaded GFSDK_Aftermath_Lib.x64.dll
LogICUInternationalization: Display: ICU TimeZone Detection - Raw Offset: -5:00, Platform Override: ''
LogPluginManager: Mounting plugin Paper2D
LogPluginManager: Mounting plugin AISupport
LogPluginManager: Mounting plugin LightPropagationVolume
LogPluginManager: Mounting plugin CLionSourceCodeAccess
LogPluginManager: Mounting plugin CodeLiteSourceCodeAccess
LogPluginManager: Mounting plugin GitSourceControl
LogPluginManager: Mounting plugin KDevelopSourceCodeAccess
LogPluginManager: Mounting plugin NullSourceCodeAccess
LogPluginManager: Mounting plugin PerforceSourceControl
LogPluginManager: Mounting plugin SubversionSourceControl
LogPluginManager: Mounting plugin UObjectPlugin
LogPluginManager: Mounting plugin VisualStudioCodeSourceCodeAccess
LogPluginManager: Mounting plugin VisualStudioSourceCodeAccess
LogPluginManager: Mounting plugin XCodeSourceCodeAccess
LogPluginManager: Mounting plugin AssetManagerEditor
LogPluginManager: Mounting plugin CryptoKeys
LogPluginManager: Mounting plugin DataValidation
LogPluginManager: Mounting plugin FacialAnimation
LogPluginManager: Mounting plugin GameplayTagsEditor
LogPluginManager: Mounting plugin MacGraphicsSwitching
LogPluginManager: Mounting plugin MeshEditor
LogPluginManager: Mounting plugin MobileLauncherProfileWizard
LogPluginManager: Mounting plugin PluginBrowser
LogPluginManager: Mounting plugin SpeedTreeImporter
LogPluginManager: Mounting plugin DatasmithContent
LogPluginManager: Mounting plugin AlembicImporter
LogPluginManager: Mounting plugin AppleImageUtils
LogPluginManager: Mounting plugin AppleVision
LogPluginManager: Mounting plugin BackChannel
LogPluginManager: Mounting plugin CharacterAI
LogPluginManager: Mounting plugin GeometryCache
LogPluginManager: Mounting plugin HTML5Networking
LogPluginManager: Mounting plugin ProxyLODPlugin
LogPluginManager: Mounting plugin MagicLeap
LogPluginManager: Mounting plugin MagicLeapEmulator
LogPluginManager: Mounting plugin MagicLeapMedia
LogPluginManager: Mounting plugin AndroidMedia
LogPluginManager: Mounting plugin AvfMedia
LogPluginManager: Mounting plugin ImgMedia
LogPluginManager: Mounting plugin LinearTimecode
LogPluginManager: Mounting plugin MediaCompositing
LogPluginManager: Mounting plugin MediaPlayerEditor
LogPluginManager: Mounting plugin WmfMedia
LogPluginManager: Mounting plugin TcpMessaging
LogPluginManager: Mounting plugin UdpMessaging
LogPluginManager: Mounting plugin ActorSequence
LogPluginManager: Mounting plugin LevelSequenceEditor
LogPluginManager: Mounting plugin MatineeToLevelSequence
LogPluginManager: Mounting plugin NetcodeUnitTest
LogPluginManager: Mounting plugin NUTUnrealEngine4
LogPluginManager: Mounting plugin OnlineSubsystemGooglePlay
LogPluginManager: Mounting plugin OnlineSubsystemIOS
LogPluginManager: Mounting plugin OnlineSubsystem
LogPluginManager: Mounting plugin OnlineSubsystemNull
LogPluginManager: Mounting plugin OnlineSubsystemUtils
LogPluginManager: Mounting plugin LauncherChunkInstaller
LogPluginManager: Mounting plugin AndroidDeviceProfileSelector
LogPluginManager: Mounting plugin AndroidMoviePlayer
LogPluginManager: Mounting plugin AndroidPermission
LogPluginManager: Mounting plugin AppleMoviePlayer
LogPluginManager: Mounting plugin ArchVisCharacter
LogPluginManager: Mounting plugin AudioCapture
LogPluginManager: Mounting plugin CableComponent
LogPluginManager: Mounting plugin CustomMeshComponent
LogPluginManager: Mounting plugin EditableMesh
LogPluginManager: Mounting plugin ExampleDeviceProfileSelector
LogPluginManager: Mounting plugin GoogleCloudMessaging
LogPluginManager: Mounting plugin ImmediatePhysics
LogPluginManager: Mounting plugin IOSDeviceProfileSelector
LogPluginManager: Mounting plugin LinuxDeviceProfileSelector
LogPluginManager: Mounting plugin LocationServicesBPLibrary
LogPluginManager: Mounting plugin MobilePatchingUtils
LogPluginManager: Mounting plugin OculusVR
LogPluginManager: Plugin shader directory ../../../Engine/Plugins/Runtime/Oculus/OculusVR/Shaders found
LogPluginManager: Mapping shader source directory ../../../Engine/Plugins/Runtime/Oculus/OculusVR/Shaders to virtual directory /Plugin/OculusVR
LogPluginManager: Mounting plugin PhysXVehicles
LogPluginManager: Mounting plugin ProceduralMeshComponent
LogPluginManager: Mounting plugin RuntimePhysXCooking
LogPluginManager: Mounting plugin SteamVR
LogPluginManager: Mounting plugin WindowsMoviePlayer
LogStreaming: Display: Took  0.279s to configure plugins.
LogInit: Using libcurl 7.55.1-DEV
LogInit:  - built for x86_64-pc-win32
LogInit:  - supports SSL with OpenSSL/1.0.2h
LogInit:  - supports HTTP deflate (compression) using libz 1.2.8
LogInit:  - other features:
LogInit:      CURL_VERSION_SSL
LogInit:      CURL_VERSION_LIBZ
LogInit:      CURL_VERSION_IPV6
LogInit:      CURL_VERSION_ASYNCHDNS
LogInit:      CURL_VERSION_LARGEFILE
LogInit:      CURL_VERSION_IDN
LogInit:  CurlRequestOptions (configurable via config and command line):
LogInit:  - bVerifyPeer = false  - Libcurl will NOT verify peer certificate
LogInit:  - bUseHttpProxy = false  - Libcurl will NOT use HTTP proxy
LogInit:  - bDontReuseConnections = false  - Libcurl will reuse connections
LogInit:  - CertBundlePath = nullptr  - Libcurl will use whatever was configured at build time.
LogInit:  - MaxHostConnections = 16  - Libcurl will limit the number of connections to a host
LogInit:  - LocalHostAddr = Default
LogInit:  - BufferSize = 65536
LogInit: WinSock: version 1.1 (2.2), MaxSocks=32767, MaxUdp=65467
LogInit: Build: ++UE4+Release-4.20-CL-4369336
LogInit: Engine Version: 4.20.3-4369336+++UE4+Release-4.20
LogInit: Compatible Engine Version: 4.20.0-4212847+++UE4+Release-4.20
LogInit: Net CL: 4212847
LogInit: OS: Windows 10 (), CPU: Intel(R) Core(TM) i7-6700HQ CPU @ 2.60GHz, GPU: Intel(R) HD Graphics 530
LogInit: Compiled (64-bit): Sep 17 2018 12:26:19
LogInit: Compiled with Visual C++: 19.13.26129.00
LogInit: Build Configuration: Development
LogInit: Branch Name: ++UE4+Release-4.20
LogInit: Command Line: 
LogInit: Base Directory: C:/Program Files/Epic Games/UE_4.20/Engine/Binaries/Win64/
LogInit: Installed Engine Build: 1
LogDevObjectVersion: Number of dev versions registered: 20
LogDevObjectVersion:   Dev-Blueprints (B0D832E4-1F89-4F0D-ACCF-7EB736FD4AA2): 10
LogDevObjectVersion:   Dev-Build (E1C64328-A22C-4D53-A36C-8E866417BD8C): 0
LogDevObjectVersion:   Dev-Core (375EC13C-06E4-48FB-B500-84F0262A717E): 2
LogDevObjectVersion:   Dev-Editor (E4B068ED-F494-42E9-A231-DA0B2E46BB41): 24
LogDevObjectVersion:   Dev-Framework (CFFC743F-43B0-4480-9391-14DF171D2073): 34
LogDevObjectVersion:   Dev-Mobile (B02B49B5-BB20-44E9-A304-32B752E40360): 2
LogDevObjectVersion:   Dev-Networking (A4E4105C-59A1-49B5-A7C5-40C4547EDFEE): 0
LogDevObjectVersion:   Dev-Online (39C831C9-5AE6-47DC-9A44-9C173E1C8E7C): 0
LogDevObjectVersion:   Dev-Physics (78F01B33-EBEA-4F98-B9B4-84EACCB95AA2): 0
LogDevObjectVersion:   Dev-Platform (6631380F-2D4D-43E0-8009-CF276956A95A): 0
LogDevObjectVersion:   Dev-Rendering (12F88B9F-8875-4AFC-A67C-D90C383ABD29): 26
LogDevObjectVersion:   Dev-Sequencer (7B5AE74C-D270-4C10-A958-57980B212A5A): 9
LogDevObjectVersion:   Dev-VR (D7296918-1DD6-4BDD-9DE2-64A83CC13884): 2
LogDevObjectVersion:   Dev-LoadTimes (C2A15278-BFE7-4AFE-6C17-90FF531DF755): 1
LogDevObjectVersion:   Private-Geometry (6EACA3D4-40EC-4CC1-B786-8BED09428FC5): 3
LogDevObjectVersion:   Dev-AnimPhys (29E575DD-E0A3-4627-9D10-D276232CDCEA): 17
LogDevObjectVersion:   Dev-ReflectionCapture (6B266CEC-1EC7-4B8F-A30B-E4D90942FC07): 1
LogDevObjectVersion:   Dev-Automation (0DF73D61-A23F-47EA-B727-89E90C41499A): 1
LogDevObjectVersion:   FortniteMain (601D1886-AC64-4F84-AA16-D3DE0DEAC7D6): 12
LogDevObjectVersion:   Dev-Enterprise (9DFFBCD6-494F-0158-E221-12823C92A888): 1
LogStreaming: Display: Took  0.004s to delete old logs.
LogInit: Presizing for max 8388607 objects, including 0 objects not considered by GC, pre-allocating 0 bytes for permanent pool.
LogInit: Object subsystem initialized
[2018.12.04-19.17.57:028][  0]LogInit: Selected Device Profile: [Windows]
[2018.12.04-19.17.57:028][  0]LogInit: Applying CVar settings loaded from the selected device profile: [Windows]
[2018.12.04-19.17.57:048][  0]LogHAL: Display: Platform has ~ 16 GB [17023139840 / 17179869184 / 16], which maps to Larger [LargestMinGB=32, LargerMinGB=12, DefaultMinGB=8, SmallerMinGB=6, SmallestMinGB=0)
[2018.12.04-19.17.57:048][  0]LogInit: Setting Device Profile CVar: [[r.Vulkan.UseRealUBs:1]]
[2018.12.04-19.17.57:048][  0]LogInit: Going up to parent DeviceProfile []
[2018.12.04-19.17.57:049][  0]LogInit: Computer: WINDOWS-9793S3C
[2018.12.04-19.17.57:049][  0]LogInit: User: Zaire
[2018.12.04-19.17.57:049][  0]LogInit: CPU Page size=4096, Cores=4
[2018.12.04-19.17.57:049][  0]LogInit: High frequency timer resolution =2.531247 MHz
[2018.12.04-19.17.57:049][  0]LogMemory: Memory total: Physical=15.9GB (16GB approx)
[2018.12.04-19.17.57:049][  0]LogMemory: Platform Memory Stats for Windows
[2018.12.04-19.17.57:049][  0]LogMemory: Process Physical Memory: 101.05 MB used, 101.05 MB peak
[2018.12.04-19.17.57:049][  0]LogMemory: Process Virtual Memory: 89.51 MB used, 89.51 MB peak
[2018.12.04-19.17.57:049][  0]LogMemory: Physical Memory: 11796.93 MB used,  4437.60 MB free, 16234.53 MB total
[2018.12.04-19.17.57:049][  0]LogMemory: Virtual Memory: 4643.41 MB used,  4437.60 MB free, 134217728.00 MB total
[2018.12.04-19.17.57:078][  0]LogInit: Using OS detected language (en-US).
[2018.12.04-19.17.57:078][  0]LogInit: Using OS detected locale (en-US).
[2018.12.04-19.17.57:080][  0]LogTextLocalizationManager: No specific localization for 'en-US' exists, so the 'en' localization will be used.
[2018.12.04-19.17.57:498][  0]LogStreaming: Display: Took  0.420s to InitEngineTextLocalization.
[2018.12.04-19.17.57:498][  0]LogInit: Setting process to per monitor DPI aware
[2018.12.04-19.17.57:557][  0]LogSlate: New Slate User Created.  User Index 0, Is Virtual User: 0
[2018.12.04-19.17.57:557][  0]LogSlate: Slate User Registered.  User Index 0, Is Virtual User: 0
[2018.12.04-19.17.57:885][  0]LogHMD: Failed to initialize OpenVR with code 110
[2018.12.04-19.17.57:885][  0]LogD3D11RHI: D3D11 adapters:
[2018.12.04-19.17.57:956][  0]LogD3D11RHI:    0. 'NVIDIA GeForce GTX 960M' (Feature Level 11_0)
[2018.12.04-19.17.57:956][  0]LogD3D11RHI:       2010/0/8117 MB DedicatedVideo/DedicatedSystem/SharedSystem, Outputs:1, VendorId:0x10de
[2018.12.04-19.17.57:966][  0]LogD3D11RHI:    1. 'Intel(R) HD Graphics 530' (Feature Level 11_0)
[2018.12.04-19.17.57:966][  0]LogD3D11RHI:       128/0/8117 MB DedicatedVideo/DedicatedSystem/SharedSystem, Outputs:0, VendorId:0x8086
[2018.12.04-19.17.57:968][  0]LogD3D11RHI:    2. 'Microsoft Basic Render Driver' (Feature Level 11_0)
[2018.12.04-19.17.57:968][  0]LogD3D11RHI:       0/0/8117 MB DedicatedVideo/DedicatedSystem/SharedSystem, Outputs:0, VendorId:0x1414
[2018.12.04-19.17.57:968][  0]LogD3D11RHI: Chosen D3D11 Adapter: 0
[2018.12.04-19.17.58:018][  0]LogD3D11RHI: Creating new Direct3DDevice
[2018.12.04-19.17.58:018][  0]LogD3D11RHI:     GPU DeviceId: 0x139b (for the marketing name, search the web for "GPU Device Id")
[2018.12.04-19.17.58:019][  0]LogWindows: EnumDisplayDevices:
[2018.12.04-19.17.58:019][  0]LogWindows:    0. 'Intel(R) HD Graphics 530' (P:1 D:1)
[2018.12.04-19.17.58:019][  0]LogWindows:    1. 'Intel(R) HD Graphics 530' (P:0 D:0)
[2018.12.04-19.17.58:020][  0]LogWindows:    2. 'Intel(R) HD Graphics 530' (P:0 D:0)
[2018.12.04-19.17.58:020][  0]LogWindows: DebugString: PrimaryIsNotTheChoosenAdapter PrimaryIsNotTheChoosenAdapter PrimaryIsNotTheChoosenAdapter FoundDriverCount:0 
[2018.12.04-19.17.58:020][  0]LogD3D11RHI:     Adapter Name: NVIDIA GeForce GTX 960M
[2018.12.04-19.17.58:020][  0]LogD3D11RHI:   Driver Version: Unknown (internal:Unknown, unified:Unknown)
[2018.12.04-19.17.58:020][  0]LogD3D11RHI:      Driver Date: Unknown
[2018.12.04-19.17.58:020][  0]LogRHI: Texture pool is 1407 MB (70% of 2010 MB)
[2018.12.04-19.17.58:063][  0]LogD3D11RHI: Async texture creation enabled
[2018.12.04-19.17.58:082][  0]LogD3D11RHI: GPU Timing Frequency: 1000.000000 (Debug: 2 2)
[2018.12.04-19.17.58:083][  0]LogShaderCompilers: Guid format shader working directory is -24 characters bigger than the processId version (../../../../../../Users/Zaire/Documents/Game Dev 1/GameDev 4/Project4/Intermediate/Shaders/WorkingDirectory/27568/).
[2018.12.04-19.17.58:084][  0]LogShaderCompilers: Cleaned the shader compiler working directory 'C:/Users/Zaire/AppData/Local/Temp/UnrealShaderWorkingDir/96BC12794335C9FE08DF65B80C9E85DB/'.
[2018.12.04-19.17.58:493][  0]LogTemp: Display: Loaded TP AllDesktopTargetPlatform
[2018.12.04-19.17.58:512][  0]LogTemp: Display: Loaded TP MacClientTargetPlatform
[2018.12.04-19.17.58:536][  0]LogTemp: Display: Loaded TP MacNoEditorTargetPlatform
[2018.12.04-19.17.58:553][  0]LogTemp: Display: Loaded TP MacServerTargetPlatform
[2018.12.04-19.17.58:570][  0]LogTemp: Display: Loaded TP MacTargetPlatform
[2018.12.04-19.17.58:588][  0]LogTemp: Display: Loaded TP WindowsClientTargetPlatform
[2018.12.04-19.17.58:603][  0]LogTemp: Display: Loaded TP WindowsNoEditorTargetPlatform
[2018.12.04-19.17.58:619][  0]LogTemp: Display: Loaded TP WindowsServerTargetPlatform
[2018.12.04-19.17.58:627][  0]LogTemp: Display: Loaded TP WindowsTargetPlatform
[2018.12.04-19.17.58:722][  0]LogTemp: Display: Loaded TP AndroidTargetPlatform
[2018.12.04-19.17.58:722][  0]LogTemp: Display: Loaded TP AndroidTargetPlatform
[2018.12.04-19.17.58:722][  0]LogTemp: Display: Loaded TP AndroidTargetPlatform
[2018.12.04-19.17.58:722][  0]LogTemp: Display: Loaded TP AndroidTargetPlatform
[2018.12.04-19.17.58:722][  0]LogTemp: Display: Loaded TP AndroidTargetPlatform
[2018.12.04-19.17.58:722][  0]LogTemp: Display: Loaded TP AndroidTargetPlatform
[2018.12.04-19.17.58:722][  0]LogTemp: Display: Loaded TP AndroidTargetPlatform
[2018.12.04-19.17.58:722][  0]LogTemp: Display: Loaded TP AndroidTargetPlatform
[2018.12.04-19.17.58:722][  0]LogTemp: Display: Loaded TP AndroidTargetPlatform
[2018.12.04-19.17.58:722][  0]LogTemp: Display: Loaded TP AndroidTargetPlatform
[2018.12.04-19.17.58:722][  0]LogTemp: Display: Loaded TP AndroidTargetPlatform
[2018.12.04-19.17.58:722][  0]LogTemp: Display: Loaded TP AndroidTargetPlatform
[2018.12.04-19.17.58:722][  0]LogTemp: Display: Loaded TP AndroidTargetPlatform
[2018.12.04-19.17.58:722][  0]LogTemp: Display: Loaded TP AndroidTargetPlatform
[2018.12.04-19.17.58:722][  0]LogTemp: Display: Loaded TP AndroidTargetPlatform
[2018.12.04-19.17.58:722][  0]LogTemp: Display: Loaded TP AndroidTargetPlatform
[2018.12.04-19.17.58:722][  0]LogTemp: Display: Loaded TP AndroidTargetPlatform
[2018.12.04-19.17.58:722][  0]LogTemp: Display: Loaded TP AndroidTargetPlatform
[2018.12.04-19.17.58:725][  0]LogTemp: Display: Loaded TP HTML5TargetPlatform
[2018.12.04-19.17.58:792][  0]LogTemp: Display: Loaded TP IOSTargetPlatform
[2018.12.04-19.17.58:792][  0]LogTemp: Display: Loaded TP IOSTargetPlatform
[2018.12.04-19.17.58:821][  0]LogTemp: Display: Loaded TP TVOSTargetPlatform
[2018.12.04-19.17.58:821][  0]LogTemp: Display: Loaded TP TVOSTargetPlatform
[2018.12.04-19.17.58:836][  0]LogTemp: Display: Loaded TP LinuxClientTargetPlatform
[2018.12.04-19.17.58:852][  0]LogTemp: Display: Loaded TP LinuxNoEditorTargetPlatform
[2018.12.04-19.17.58:867][  0]LogTemp: Display: Loaded TP LinuxServerTargetPlatform
[2018.12.04-19.17.58:887][  0]LogTemp: Display: Loaded TP LinuxTargetPlatform
[2018.12.04-19.17.58:899][  0]LogTemp: Display: Loaded TP LuminTargetPlatform
[2018.12.04-19.17.58:899][  0]LogTargetPlatformManager: Display: Building Assets For Windows
[2018.12.04-19.17.58:982][  0]LogXGEController: Cannot use XGE Controller as Incredibuild is not installed on this machine.
[2018.12.04-19.17.58:982][  0]LogShaderCompilers: Cannot use XGE Shader Compiler as Incredibuild is not installed on this machine.
[2018.12.04-19.17.58:982][  0]LogShaderCompilers: Display: Using Local Shader Compiler.
[2018.12.04-19.17.59:931][  0]LogDerivedDataCache: Display: Max Cache Size: 512 MB
[2018.12.04-19.17.59:995][  0]LogDerivedDataCache: Loaded boot cache 0.06s 71MB C:/Users/Zaire/AppData/Local/UnrealEngine/4.20/DerivedDataCache/Boot.ddc.
[2018.12.04-19.17.59:996][  0]LogDerivedDataCache: Display: Loaded Boot cache: C:/Users/Zaire/AppData/Local/UnrealEngine/4.20/DerivedDataCache/Boot.ddc
[2018.12.04-19.17.59:996][  0]LogDerivedDataCache: FDerivedDataBackendGraph:  Pak pak cache file ../../../../../../Users/Zaire/Documents/Game Dev 1/GameDev 4/Project4/DerivedDataCache/DDC.ddp not found, will not use a pak cache.
[2018.12.04-19.17.59:996][  0]LogDerivedDataCache: Unable to find inner node Pak for hierarchical cache Hierarchy.
[2018.12.04-19.17.59:996][  0]LogDerivedDataCache: FDerivedDataBackendGraph:  CompressedPak pak cache file ../../../../../../Users/Zaire/Documents/Game Dev 1/GameDev 4/Project4/DerivedDataCache/Compressed.ddp not found, will not use a pak cache.
[2018.12.04-19.17.59:996][  0]LogDerivedDataCache: Unable to find inner node CompressedPak for hierarchical cache Hierarchy.
[2018.12.04-19.18.00:015][  0]LogDerivedDataCache: Display: Pak cache opened for reading ../../../Engine/DerivedDataCache/Compressed.ddp.
[2018.12.04-19.18.00:028][  0]LogDerivedDataCache: Using Local data cache path C:/Users/Zaire/AppData/Local/UnrealEngine/Common/DerivedDataCache: Writable
[2018.12.04-19.18.00:028][  0]LogDerivedDataCache: Shared data cache path not found in *engine.ini, will not use an Shared cache.
[2018.12.04-19.18.00:028][  0]LogDerivedDataCache: Unable to find inner node Shared for hierarchical cache Hierarchy.
[2018.12.04-19.18.00:048][  0]LogMaterial: Verifying Global Shaders for PCD3D_SM5
[2018.12.04-19.18.00:050][  0]LogSlate: Using FreeType 2.6.0
[2018.12.04-19.18.00:050][  0]LogSlate: SlateFontServices - WITH_FREETYPE: 1, WITH_HARFBUZZ: 1
[2018.12.04-19.18.00:138][  0]LogAssetRegistry: FAssetRegistry took 0.0270 seconds to start up
[2018.12.04-19.18.00:547][  0]LogInit: Selected Device Profile: [Windows]
[2018.12.04-19.18.00:709][  0]LogSimplygon: Simplygon DLL not present - disabling.
[2018.12.04-19.18.00:715][  0]LogMeshReduction: Using SimplygonSwarm for distributed automatic mesh merging
[2018.12.04-19.18.00:715][  0]LogMeshReduction: Using ProxyLODMeshReduction for automatic mesh merging
[2018.12.04-19.18.00:715][  0]LogMeshReduction: Using QuadricMeshReduction for automatic static mesh reduction
[2018.12.04-19.18.00:715][  0]LogMeshReduction: No automatic skeletal mesh reduction module available
[2018.12.04-19.18.00:740][  0]LogNetVersion: Project4 1.0.0, NetCL: 4212847, EngineNetVer: 5, GameNetVer: 0 (Checksum: 1992437466)
[2018.12.04-19.18.01:492][  0]LogPackageLocalizationCache: Processed 11 localized package path(s) for 2 prioritized culture(s) in 0.243796 seconds
[2018.12.04-19.18.01:498][  0]LogUObjectArray: 38425 objects as part of root set at end of initial load.
[2018.12.04-19.18.01:498][  0]LogUObjectAllocator: 6690872 out of 0 bytes used by permanent object pool.
[2018.12.04-19.18.01:498][  0]LogUObjectArray: CloseDisregardForGC: 0/0 objects in disregard for GC pool
[2018.12.04-19.18.02:586][  0]LogTcpMessaging: Initializing TcpMessaging bridge
[2018.12.04-19.18.02:600][  0]LogUdpMessaging: Initializing bridge on interface 0.0.0.0:0 to multicast group 230.0.0.1:6666.
[2018.12.04-19.18.02:601][  0]FUdpSocketBuilder: Failed to bind UdpMessageMulticastSocket to 0.0.0.0:6666
[2018.12.04-19.18.02:601][  0]FUdpSocketBuilder: Failed to configure multicast for UdpMessageMulticastSocket (loopback: 1, ttl: 1)
[2018.12.04-19.18.02:601][  0]FUdpSocketBuilder: Failed to create and initialize socket UdpMessageMulticastSocket (last error: 0)
[2018.12.04-19.18.02:601][  0]LogUdpMessaging: Warning: StartTransport failed to create multicast socket on 0.0.0.0:0, joined to 230.0.0.1:6666 with TTL 1
[2018.12.04-19.18.02:754][  0]SourceControl: Source control is disabled
[2018.12.04-19.18.02:754][  0]SourceControl: Source control is disabled
[2018.12.04-19.18.02:756][  0]SourceControl: Source control is disabled
[2018.12.04-19.18.02:757][  0]SourceControl: Source control is disabled
[2018.12.04-19.18.02:946][  0]LogAndroidPermission: UAndroidPermissionCallbackProxy::GetInstance
[2018.12.04-19.18.03:069][  0]LogOcInput: OculusInput pre-init called
[2018.12.04-19.18.03:141][  0]LogEngine: Initializing Engine...
[2018.12.04-19.18.03:142][  0]LogHMD: Failed to initialize OpenVR with code 110
[2018.12.04-19.18.03:144][  0]LogStats: UGameplayTagsManager::ConstructGameplayTagTree: ImportINI prefixes -  0.000 s
[2018.12.04-19.18.03:144][  0]LogStats: UGameplayTagsManager::ConstructGameplayTagTree: Construct from data asset -  0.000 s
[2018.12.04-19.18.03:144][  0]LogStats: UGameplayTagsManager::ConstructGameplayTagTree: ImportINI -  0.000 s
[2018.12.04-19.18.03:144][  0]LogStats: UGameplayTagsManager::ConstructGameplayTagTree: GameplayTagTreeChangedEvent.Broadcast -  0.000 s
[2018.12.04-19.18.03:415][  0]LogInit: Initializing FReadOnlyCVARCache
[2018.12.04-19.18.03:435][  0]LogAIModule: Creating AISystem for world Untitled
[2018.12.04-19.18.03:477][  0]LogInit: XAudio2 using 'Speakers / Headphones (Realtek High Definition Audio)' : 2 channels at 48 kHz using 32 bits per sample (channel mask 0x3)
[2018.12.04-19.18.03:731][  0]LogInit: FAudioDevice initialized.
[2018.12.04-19.18.03:731][  0]LogNetVersion: Set ProjectVersion to 1.0.0.0. Version Checksum will be recalculated on next use.
[2018.12.04-19.18.03:806][  0]LogDerivedDataCache: Saved boot cache 0.07s 71MB C:/Users/Zaire/AppData/Local/UnrealEngine/4.20/DerivedDataCache/Boot.ddc.
[2018.12.04-19.18.03:821][  0]LogInit: Texture streaming: Enabled
[2018.12.04-19.18.03:846][  0]LogEngineSessionManager: EngineSessionManager initialized
[2018.12.04-19.18.03:866][  0]LogInit: Transaction tracking system initialized
[2018.12.04-19.18.03:895][  0]BlueprintLog: New page: Editor Load
[2018.12.04-19.18.03:993][  0]LocalizationService: Localization service is disabled
[2018.12.04-19.18.04:055][  0]LogLinker: Warning: Can't find file '/Game/Blueprints/FirstPersonBP/FirstPersonOverview'
[2018.12.04-19.18.04:055][  0]LogLinker: Warning: Can't find file '/Game/Blueprints/FirstPersonBP/FirstPersonOverview'
[2018.12.04-19.18.04:055][  0]LogUObjectGlobals: Warning: Failed to find object 'Class /Game/Blueprints/FirstPersonBP/FirstPersonOverview.FirstPersonOverview_C'
[2018.12.04-19.18.04:331][  0]LogCook: Display: Max memory allowance for cook 16384mb min free memory 0mb
[2018.12.04-19.18.04:331][  0]LogCook: Display: Mobile HDR setting 1
[2018.12.04-19.18.04:332][  0]LogGameplayTags: Display: UGameplayTagsManager::DoneAddingNativeTags. DelegateIsBound: 0
[2018.12.04-19.18.04:332][  0]LogStats: UGameplayTagsManager::ConstructGameplayTagTree: ImportINI prefixes -  0.000 s
[2018.12.04-19.18.04:332][  0]LogStats: UGameplayTagsManager::ConstructGameplayTagTree: Construct from data asset -  0.000 s
[2018.12.04-19.18.04:332][  0]LogStats: UGameplayTagsManager::ConstructGameplayTagTree: ImportINI -  0.000 s
[2018.12.04-19.18.04:332][  0]LogStats: UGameplayTagsManager::ConstructGameplayTagTree: GameplayTagTreeChangedEvent.Broadcast -  0.000 s
[2018.12.04-19.18.04:484][  0]LogFileCache: Scanning file cache for directory 'C:/Users/Zaire/Documents/Game Dev 1/GameDev 4/Project4/Content/' took 0.02s
[2018.12.04-19.18.04:485][  0]SourceControl: Source control is disabled
[2018.12.04-19.18.04:485][  0]Cmd: MAP LOAD FILE="../../../../../../Users/Zaire/Documents/Game Dev 1/GameDev 4/Project4/Content/GameView.umap" TEMPLATE=0 SHOWPROGRESS=1 FEATURELEVEL=3
[2018.12.04-19.18.04:486][  0]LightingResults: New page: Lighting Build
[2018.12.04-19.18.04:489][  0]MapCheck: New page: Map Check
[2018.12.04-19.18.04:489][  0]LightingResults: New page: Lighting Build
[2018.12.04-19.18.05:229][  0]LogAIModule: Creating AISystem for world GameView
[2018.12.04-19.18.05:238][  0]LogEditorServer: Finished looking for orphan Actors (0.000 secs)
[2018.12.04-19.18.05:264][  0]Cmd: MAP CHECKDEP NOCLEARLOG
[2018.12.04-19.18.05:386][  0]MapCheck: Map check complete: 0 Error(s), 0 Warning(s), took 121.649ms to complete.
[2018.12.04-19.18.05:386][  0]LogFileHelpers: Loading map 'GameView' took 0.901
[2018.12.04-19.18.05:574][  0]LogSlate: Updating window title bar state: overlay mode, drag disabled, window buttons hidden, title bar hidden
[2018.12.04-19.18.05:584][  0]LogSlate: Updating window title bar state: overlay mode, drag disabled, window buttons hidden, title bar hidden
[2018.12.04-19.18.05:594][  0]LogSlate: Updating window title bar state: overlay mode, drag disabled, window buttons hidden, title bar hidden
[2018.12.04-19.18.05:602][  0]LogSlate: Updating window title bar state: overlay mode, drag disabled, window buttons hidden, title bar hidden
[2018.12.04-19.18.05:622][  0]LogCollectionManager: Loaded 0 collections in 0.002708 seconds
[2018.12.04-19.18.05:680][  0]LogFileCache: Scanning file cache for directory 'C:/Users/Zaire/Documents/Game Dev 1/GameDev 4/Project4/Saved/Collections/' took 0.01s
[2018.12.04-19.18.05:680][  0]LogFileCache: Scanning file cache for directory 'C:/Users/Zaire/Documents/Game Dev 1/GameDev 4/Project4/Content/Developers/Zaire/Collections/' took 0.01s
[2018.12.04-19.18.05:680][  0]LogFileCache: Scanning file cache for directory 'C:/Users/Zaire/Documents/Game Dev 1/GameDev 4/Project4/Content/Collections/' took 0.01s
[2018.12.04-19.18.05:680][  0]LogCollectionManager: Rebuilt the GUID cache for 0 collections in 0.000000 seconds
[2018.12.04-19.18.05:693][  0]LogContentBrowser: Native class hierarchy populated in 0.0124 seconds. Added 2572 classes and 603 folders.
[2018.12.04-19.18.05:709][  0]LogContentBrowser: Native class hierarchy updated for 'WidgetCarousel' in 0.0003 seconds. Added 0 classes and 0 folders.
[2018.12.04-19.18.06:273][  0]LogContentBrowser: Native class hierarchy updated for 'AddContentDialog' in 0.0003 seconds. Added 0 classes and 0 folders.
[2018.12.04-19.18.06:284][  0]LogContentBrowser: Native class hierarchy updated for 'SceneOutliner' in 0.0003 seconds. Added 1 classes and 2 folders.
[2018.12.04-19.18.06:326][  0]LogSlate: Took 0.000270 seconds to synchronously load lazily loaded font '../../../Engine/Content/Slate/Fonts/Roboto-Regular.ttf' (155K)
[2018.12.04-19.18.06:329][  0]LogSlate: Took 0.000770 seconds to synchronously load lazily loaded font '../../../Engine/Content/Slate/Fonts/Roboto-Bold.ttf' (160K)
[2018.12.04-19.18.06:374][  0]LogSlate: Took 0.031781 seconds to synchronously load lazily loaded font '../../../Engine/Content/Editor/Slate/Fonts/FontAwesome.ttf' (139K)
[2018.12.04-19.18.06:723][  0]LogRenderer: Reallocating scene render targets to support 964x436 Format 10 NumSamples 1 (Frame:1).
[2018.12.04-19.18.06:921][  0]LogContentBrowser: Native class hierarchy updated for 'HierarchicalLODOutliner' in 0.0004 seconds. Added 0 classes and 0 folders.
[2018.12.04-19.18.06:921][  0]LogLoad: (Engine Initialization) Total time: 12.33 seconds
[2018.12.04-19.18.06:921][  0]LogLoad: (Engine Initialization) Total Blueprint compile time: 0.00 seconds
[2018.12.04-19.18.06:951][  0]LogWindowsTextInputMethodSystem: Display: IME system now deactivated.
[2018.12.04-19.18.06:988][  0]LogContentStreaming: Texture pool size now 1000 MB
[2018.12.04-19.18.07:286][  1]LogFileCache: Retrieving MD5 hashes for directory 'C:/Users/Zaire/Documents/Game Dev 1/GameDev 4/Project4/Content/' took 0.32s
[2018.12.04-19.18.07:350][  2]LogAssetRegistry: Asset discovery search completed in 7.2340 seconds
[2018.12.04-19.18.07:353][  2]LogCollectionManager: Rebuilt the object cache for 0 collections in 0.000000 seconds (found 0 objects)
[2018.12.04-19.18.07:353][  2]LogCollectionManager: Fixed up redirectors for 0 collections in 0.000105 seconds (updated 0 objects)
[2018.12.04-19.18.08:031][ 27]LogSlate: Took 0.010899 seconds to synchronously load lazily loaded font '../../../Engine/Content/Slate/Fonts/Roboto-Light.ttf' (167K)
[2018.12.04-19.18.08:033][ 27]LogSlate: FSceneViewport::OnFocusLost() reason 2
[2018.12.04-19.18.08:038][ 27]LogAssetEditorManager: Opening Asset editor for Blueprint /Game/Blueprints/GameMode.GameMode
[2018.12.04-19.18.08:779][ 27]LogContentBrowser: Native class hierarchy updated for 'BlueprintGraph' in 0.0006 seconds. Added 116 classes and 0 folders.
[2018.12.04-19.18.09:794][ 27]LogAssetEditorManager: Opening Asset editor for WidgetBlueprint /Game/Blueprints/DialogueStuff/PlayerResponse.PlayerResponse
[2018.12.04-19.18.10:344][ 27]LogAssetEditorManager: Opening Asset editor for Blueprint /Game/Blueprints/DialogueStuff/Customer.Customer
[2018.12.04-19.18.10:849][ 27]LogAssetEditorManager: Opening Asset editor for Blueprint /Game/Blueprints/DialogueStuff/CustomerManager.CustomerManager
[2018.12.04-19.18.11:249][ 27]LogSlate: Took 0.007704 seconds to synchronously load lazily loaded font '../../../Engine/Content/Slate/Fonts/Roboto-BoldCondensed.ttf' (158K)
[2018.12.04-19.18.11:421][ 28]LogSlate: Took 0.006607 seconds to synchronously load lazily loaded font '../../../Engine/Content/Slate/Fonts/Roboto-Italic.ttf' (157K)
[2018.12.04-19.18.27:948][785]LogTemp: Repeating last play command: Selected Viewport
[2018.12.04-19.18.27:998][785]LogPlayLevel: PlayLevel: No blueprints needed recompiling
[2018.12.04-19.18.28:013][785]PIE: New page: PIE session: GameView (Dec 4, 2018, 9:18:28 AM)
[2018.12.04-19.18.28:013][785]LogPlayLevel: Creating play world package: /Game/UEDPIE_0_GameView
[2018.12.04-19.18.28:016][785]LogPlayLevel: PIE: StaticDuplicateObject took: (0.003054s)
[2018.12.04-19.18.28:017][785]LogAIModule: Creating AISystem for world GameView
[2018.12.04-19.18.28:017][785]LogPlayLevel: PIE: World Init took: (0.000966s)
[2018.12.04-19.18.28:017][785]LogPlayLevel: PIE: Created PIE world by copying editor world from /Game/GameView.GameView to /Game/UEDPIE_0_GameView.GameView (0.004321s)
[2018.12.04-19.18.28:064][785]LogInit: XAudio2 using 'Speakers / Headphones (Realtek High Definition Audio)' : 2 channels at 48 kHz using 32 bits per sample (channel mask 0x3)
[2018.12.04-19.18.28:106][785]LogInit: FAudioDevice initialized.
[2018.12.04-19.18.28:151][785]LogLoad: Game class is 'GameMode_C'
[2018.12.04-19.18.28:153][785]LogWorld: Bringing World /Game/UEDPIE_0_GameView.GameView up for play (max tick rate 0) at 2018.12.04-14.18.28
[2018.12.04-19.18.28:153][785]LogWorld: Bringing up level for play took: 0.000848
[2018.12.04-19.18.28:173][785]LogContentBrowser: Native class hierarchy updated for 'MovieSceneCapture' in 0.0005 seconds. Added 10 classes and 0 folders.
[2018.12.04-19.18.28:174][785]LogBlueprintUserMessages: [CustomerManager] Hello
[2018.12.04-19.18.28:174][785]LogBlueprintUserMessages: [Spawn_Blueprint_80] 2
[2018.12.04-19.18.28:174][785]LogBlueprintUserMessages: [Spawn_Blueprint_80] Spawn UI/Items to choose here
[2018.12.04-19.18.28:174][785]LogBlueprintUserMessages: [Spawn_Blueprint_80] Spawn UI/Items to choose here
[2018.12.04-19.18.28:174][785]LogBlueprintUserMessages: [Spawn_Blueprint_80] Spawn UI/Items to choose here
[2018.12.04-19.18.28:175][785]PIE: Play in editor start time for /Game/UEDPIE_0_GameView 0.303
[2018.12.04-19.18.37:946][340]LogBlueprintUserMessages: [Customer_4] GettingResponse
[2018.12.04-19.18.47:498][905]LogSlate: Updating window title bar state: overlay mode, drag disabled, window buttons hidden, title bar hidden
[2018.12.04-19.18.47:547][905]LogPlayLevel: Display: Shutting down PIE online subsystems
[2018.12.04-19.18.47:584][905]LogSlate: Updating window title bar state: overlay mode, drag disabled, window buttons hidden, title bar hidden
[2018.12.04-19.18.47:600][906]LogPlayLevel: Display: Destroying online subsystem :Context_7
[2018.12.04-19.20.55:908][ 42]BlueprintLog: New page: Compile Customer
[2018.12.04-19.21.03:059][175]LogTemp: Repeating last play command: Selected Viewport
[2018.12.04-19.21.03:243][175]LogPlayLevel: PlayLevel: No blueprints needed recompiling
[2018.12.04-19.21.03:243][175]PIE: New page: PIE session: GameView (Dec 4, 2018, 9:21:03 AM)
[2018.12.04-19.21.03:244][175]LogPlayLevel: Creating play world package: /Game/UEDPIE_0_GameView
[2018.12.04-19.21.03:256][175]LogPlayLevel: PIE: StaticDuplicateObject took: (0.011562s)
[2018.12.04-19.21.03:257][175]LogAIModule: Creating AISystem for world GameView
[2018.12.04-19.21.03:258][175]LogPlayLevel: PIE: World Init took: (0.002500s)
[2018.12.04-19.21.03:259][175]LogPlayLevel: PIE: Created PIE world by copying editor world from /Game/GameView.GameView to /Game/UEDPIE_0_GameView.GameView (0.014812s)
[2018.12.04-19.21.03:399][175]LogInit: XAudio2 using 'Speakers / Headphones (Realtek High Definition Audio)' : 2 channels at 48 kHz using 32 bits per sample (channel mask 0x3)
[2018.12.04-19.21.03:524][175]LogInit: FAudioDevice initialized.
[2018.12.04-19.21.03:570][175]LogLoad: Game class is 'GameMode_C'
[2018.12.04-19.21.03:573][175]LogWorld: Bringing World /Game/UEDPIE_0_GameView.GameView up for play (max tick rate 0) at 2018.12.04-14.21.03
[2018.12.04-19.21.03:574][175]LogWorld: Bringing up level for play took: 0.001902
[2018.12.04-19.21.03:591][175]LogBlueprintUserMessages: [CustomerManager] Hello
[2018.12.04-19.21.03:592][175]LogBlueprintUserMessages: [Spawn_Blueprint_80] 2
[2018.12.04-19.21.03:592][175]LogBlueprintUserMessages: [Spawn_Blueprint_80] Spawn UI/Items to choose here
[2018.12.04-19.21.03:592][175]LogBlueprintUserMessages: [Spawn_Blueprint_80] Spawn UI/Items to choose here
[2018.12.04-19.21.03:592][175]LogBlueprintUserMessages: [Spawn_Blueprint_80] Spawn UI/Items to choose here
[2018.12.04-19.21.03:593][175]PIE: Play in editor start time for /Game/UEDPIE_0_GameView -0.278
[2018.12.04-19.21.35:463][126]LogSelectionDetails: Warning: NavigateToFunctionSource:  Unable to find symbols for 'UKismetSystemLibrary::Delay' [Element not found.]
[2018.12.04-19.21.40:751][319]LogSlate: Updating window title bar state: overlay mode, drag disabled, window buttons hidden, title bar hidden
[2018.12.04-19.21.40:814][319]LogPlayLevel: Display: Shutting down PIE online subsystems
[2018.12.04-19.21.40:881][319]LogSlate: Updating window title bar state: overlay mode, drag disabled, window buttons hidden, title bar hidden
[2018.12.04-19.21.41:020][320]LogPlayLevel: Display: Destroying online subsystem :Context_8
[2018.12.04-19.22.17:914][479]LogTemp: Repeating last play command: Selected Viewport
[2018.12.04-19.22.18:021][479]LogPlayLevel: PlayLevel: No blueprints needed recompiling
[2018.12.04-19.22.18:021][479]PIE: New page: PIE session: GameView (Dec 4, 2018, 9:22:18 AM)
[2018.12.04-19.22.18:021][479]LogPlayLevel: Creating play world package: /Game/UEDPIE_0_GameView
[2018.12.04-19.22.18:030][479]LogPlayLevel: PIE: StaticDuplicateObject took: (0.008187s)
[2018.12.04-19.22.18:032][479]LogAIModule: Creating AISystem for world GameView
[2018.12.04-19.22.18:033][479]LogPlayLevel: PIE: World Init took: (0.002525s)
[2018.12.04-19.22.18:033][479]LogPlayLevel: PIE: Created PIE world by copying editor world from /Game/GameView.GameView to /Game/UEDPIE_0_GameView.GameView (0.011229s)
[2018.12.04-19.22.18:170][479]LogInit: XAudio2 using 'Speakers / Headphones (Realtek High Definition Audio)' : 2 channels at 48 kHz using 32 bits per sample (channel mask 0x3)
[2018.12.04-19.22.18:284][479]LogInit: FAudioDevice initialized.
[2018.12.04-19.22.18:328][479]LogLoad: Game class is 'GameMode_C'
[2018.12.04-19.22.18:331][479]LogWorld: Bringing World /Game/UEDPIE_0_GameView.GameView up for play (max tick rate 0) at 2018.12.04-14.22.18
[2018.12.04-19.22.18:333][479]LogWorld: Bringing up level for play took: 0.002339
[2018.12.04-19.22.18:348][479]LogBlueprintUserMessages: [CustomerManager] Hello
[2018.12.04-19.22.18:349][479]LogBlueprintUserMessages: [Spawn_Blueprint_80] 2
[2018.12.04-19.22.18:350][479]LogBlueprintUserMessages: [Spawn_Blueprint_80] Spawn UI/Items to choose here
[2018.12.04-19.22.18:350][479]LogBlueprintUserMessages: [Spawn_Blueprint_80] Spawn UI/Items to choose here
[2018.12.04-19.22.18:350][479]LogBlueprintUserMessages: [Spawn_Blueprint_80] Spawn UI/Items to choose here
[2018.12.04-19.22.18:351][479]PIE: Play in editor start time for /Game/UEDPIE_0_GameView 0.48
[2018.12.04-19.22.36:023][182]LogSlate: Updating window title bar state: overlay mode, drag disabled, window buttons hidden, title bar hidden
[2018.12.04-19.22.36:078][182]LogPlayLevel: Display: Shutting down PIE online subsystems
[2018.12.04-19.22.36:132][182]LogSlate: Updating window title bar state: overlay mode, drag disabled, window buttons hidden, title bar hidden
[2018.12.04-19.22.36:154][183]LogPlayLevel: Display: Destroying online subsystem :Context_9
[2018.12.04-19.23.39:623][173]LogSavePackage: Moving '../../../../../../Users/Zaire/Documents/Game Dev 1/GameDev 4/Project4/Saved/Customer8BDB754C46D75260A2EEC9ADC7147970.tmp' to '../../../../../../Users/Zaire/Documents/Game Dev 1/GameDev 4/Project4/Content/Blueprints/DialogueStuff/Customer.uasset'
[2018.12.04-19.24.21:720][310]LogAssetEditorManager: Opening Asset editor for Blueprint /Game/Blueprints/Timer_Blueprint.Timer_Blueprint
[2018.12.04-19.28.48:703][411]LogSlate: Took 0.010871 seconds to synchronously load lazily loaded font '../../../Engine/Content/Slate/Fonts/Roboto-BoldCondensedItalic.ttf' (160K)
[2018.12.04-19.29.58:592][863]BlueprintLog: New page: Compile Customer
[2018.12.04-19.30.42:365][428]LogSavePackage: Moving '../../../../../../Users/Zaire/Documents/Game Dev 1/GameDev 4/Project4/Saved/GameView_Auto13397A4114E615D279EB317AD965CE8D6.tmp' to '../../../../../../Users/Zaire/Documents/Game Dev 1/GameDev 4/Project4/Saved/Autosaves/Game/GameView_Auto1.umap'
[2018.12.04-19.30.42:391][428]LogFileHelpers: Editor autosave (incl. sublevels) for '/Game/GameView' took 0.245
[2018.12.04-19.30.42:391][428]LogFileHelpers: Editor autosave (incl. sublevels) for all levels took 0.245
[2018.12.04-19.30.42:399][428]OBJ SavePackage: Generating thumbnails for [1] asset(s) in package [/Game/Blueprints/DialogueStuff/Customer] ([1] browsable assets)...
[2018.12.04-19.30.42:446][428]OBJ SavePackage:     Rendered thumbnail for [Blueprint /Game/Blueprints/DialogueStuff/Customer.Customer]
[2018.12.04-19.30.42:446][428]OBJ SavePackage: Finished generating thumbnails for package [/Game/Blueprints/DialogueStuff/Customer]
[2018.12.04-19.30.42:631][428]LogSavePackage: Moving '../../../../../../Users/Zaire/Documents/Game Dev 1/GameDev 4/Project4/Saved/Customer_Auto1B389DB9649801F1A326EC1B89B45EFEF.tmp' to '../../../../../../Users/Zaire/Documents/Game Dev 1/GameDev 4/Project4/Saved/Autosaves/Game/Blueprints/DialogueStuff/Customer_Auto1.uasset'
[2018.12.04-19.30.42:643][428]LogFileHelpers: Auto-saving content packages took 0.248
[2018.12.04-19.33.20:602][261]BlueprintLog: New page: Compile Customer
[2018.12.04-19.33.46:776][203]LogRenderer: Reallocating scene render targets to support 964x488 Format 10 NumSamples 1 (Frame:162).
[2018.12.04-19.34.49:696][620]LogSlate: Window 'Details' being destroyed
[2018.12.04-19.34.49:719][620]LogSlate: Window 'Details' being destroyed
[2018.12.04-19.39.11:595][930]LogTemp: Repeating last play command: Selected Viewport
[2018.12.04-19.39.11:667][930]LogPlayLevel: PlayLevel: No blueprints needed recompiling
[2018.12.04-19.39.11:667][930]PIE: New page: PIE session: GameView (Dec 4, 2018, 9:39:11 AM)
[2018.12.04-19.39.11:667][930]LogPlayLevel: Creating play world package: /Game/UEDPIE_0_GameView
[2018.12.04-19.39.11:671][930]LogPlayLevel: PIE: StaticDuplicateObject took: (0.003570s)
[2018.12.04-19.39.11:672][930]LogAIModule: Creating AISystem for world GameView
[2018.12.04-19.39.11:672][930]LogPlayLevel: PIE: World Init took: (0.001269s)
[2018.12.04-19.39.11:672][930]LogPlayLevel: PIE: Created PIE world by copying editor world from /Game/GameView.GameView to /Game/UEDPIE_0_GameView.GameView (0.005102s)
[2018.12.04-19.39.11:732][930]LogInit: XAudio2 using 'Speakers / Headphones (Realtek High Definition Audio)' : 2 channels at 48 kHz using 32 bits per sample (channel mask 0x3)
[2018.12.04-19.39.11:783][930]LogInit: FAudioDevice initialized.
[2018.12.04-19.39.11:815][930]LogLoad: Game class is 'GameMode_C'
[2018.12.04-19.39.11:817][930]LogWorld: Bringing World /Game/UEDPIE_0_GameView.GameView up for play (max tick rate 60) at 2018.12.04-14.39.11
[2018.12.04-19.39.11:817][930]LogWorld: Bringing up level for play took: 0.000843
[2018.12.04-19.39.11:831][930]LogBlueprintUserMessages: [CustomerManager] Hello
[2018.12.04-19.39.11:831][930]LogBlueprintUserMessages: [Spawn_Blueprint_80] 2
[2018.12.04-19.39.11:831][930]LogBlueprintUserMessages: [Spawn_Blueprint_80] Spawn UI/Items to choose here
[2018.12.04-19.39.11:831][930]LogBlueprintUserMessages: [Spawn_Blueprint_80] Spawn UI/Items to choose here
[2018.12.04-19.39.11:831][930]LogBlueprintUserMessages: [Spawn_Blueprint_80] Spawn UI/Items to choose here
[2018.12.04-19.39.11:832][930]PIE: Play in editor start time for /Game/UEDPIE_0_GameView -0.04
[2018.12.04-19.39.19:711][384]LogSlate: Updating window title bar state: overlay mode, drag disabled, window buttons hidden, title bar hidden
[2018.12.04-19.39.19:765][384]LogPlayLevel: Display: Shutting down PIE online subsystems
[2018.12.04-19.39.19:826][384]LogSlate: Updating window title bar state: overlay mode, drag disabled, window buttons hidden, title bar hidden
[2018.12.04-19.39.19:848][385]LogPlayLevel: Display: Destroying online subsystem :Context_13
[2018.12.04-19.41.43:338][447]LogSavePackage: Moving '../../../../../../Users/Zaire/Documents/Game Dev 1/GameDev 4/Project4/Saved/GameView_Auto26B908DCD46825D93EEA4F28DB91D4386.tmp' to '../../../../../../Users/Zaire/Documents/Game Dev 1/GameDev 4/Project4/Saved/Autosaves/Game/GameView_Auto2.umap'
[2018.12.04-19.41.43:375][447]LogFileHelpers: Editor autosave (incl. sublevels) for '/Game/GameView' took 0.509
[2018.12.04-19.41.43:375][447]LogFileHelpers: Editor autosave (incl. sublevels) for all levels took 0.509
[2018.12.04-19.41.43:387][447]OBJ SavePackage: Generating thumbnails for [1] asset(s) in package [/Game/Blueprints/DialogueStuff/Customer] ([1] browsable assets)...
[2018.12.04-19.41.43:456][447]OBJ SavePackage:     Rendered thumbnail for [Blueprint /Game/Blueprints/DialogueStuff/Customer.Customer]
[2018.12.04-19.41.43:456][447]OBJ SavePackage: Finished generating thumbnails for package [/Game/Blueprints/DialogueStuff/Customer]
[2018.12.04-19.41.43:830][447]LogSavePackage: Moving '../../../../../../Users/Zaire/Documents/Game Dev 1/GameDev 4/Project4/Saved/Customer_Auto268F39CEE4AFD97B00732F8956A1B23A5.tmp' to '../../../../../../Users/Zaire/Documents/Game Dev 1/GameDev 4/Project4/Saved/Autosaves/Game/Blueprints/DialogueStuff/Customer_Auto2.uasset'
[2018.12.04-19.41.43:852][447]LogFileHelpers: Auto-saving content packages took 0.471
[2018.12.04-19.47.47:253][143]BlueprintLog: New page: Compile Customer
[2018.12.04-19.48.03:672][431]BlueprintLog: New page: Compile Customer
[2018.12.04-19.48.03:817][431]LogBlueprint: Error: [Compiler Customer] This blueprint (self) is not a Timer_Blueprint_C, therefore ' Target ' must have a connection.
[2018.12.04-19.48.03:818][431]LogBlueprint: Error: [Compiler Customer] Variable node  Get Time  uses an invalid target.  It may depend on a node that is not connected to the execution chain, and got purged.
[2018.12.04-19.48.04:396][431]LogBlueprint: Warning: [Compiler Customer] [1809.81] Compile of Customer failed. 2 Fatal Issue(s) 0 Warning(s) [in 723 ms] (/Game/Blueprints/DialogueStuff/Customer.Customer)
[2018.12.04-19.51.44:340][819]LogSavePackage: Moving '../../../../../../Users/Zaire/Documents/Game Dev 1/GameDev 4/Project4/Saved/GameView_Auto3AC2D18BC4E961BD3FC95B88D7D8B6A11.tmp' to '../../../../../../Users/Zaire/Documents/Game Dev 1/GameDev 4/Project4/Saved/Autosaves/Game/GameView_Auto3.umap'
[2018.12.04-19.51.44:352][819]LogFileHelpers: Editor autosave (incl. sublevels) for '/Game/GameView' took 0.162
[2018.12.04-19.51.44:352][819]LogFileHelpers: Editor autosave (incl. sublevels) for all levels took 0.162
[2018.12.04-19.51.44:357][819]OBJ SavePackage: Generating thumbnails for [1] asset(s) in package [/Game/Blueprints/DialogueStuff/Customer] ([1] browsable assets)...
[2018.12.04-19.51.44:400][819]OBJ SavePackage:     Rendered thumbnail for [Blueprint /Game/Blueprints/DialogueStuff/Customer.Customer]
[2018.12.04-19.51.44:400][819]OBJ SavePackage: Finished generating thumbnails for package [/Game/Blueprints/DialogueStuff/Customer]
[2018.12.04-19.51.44:555][819]LogSavePackage: Moving '../../../../../../Users/Zaire/Documents/Game Dev 1/GameDev 4/Project4/Saved/Customer_Auto387B6CA7940BC5BD90333F8B5ADDC72BA.tmp' to '../../../../../../Users/Zaire/Documents/Game Dev 1/GameDev 4/Project4/Saved/Autosaves/Game/Blueprints/DialogueStuff/Customer_Auto3.uasset'
[2018.12.04-19.51.44:564][819]LogFileHelpers: Auto-saving content packages took 0.209
[2018.12.04-20.02.47:255][198]LogAssetEditorManager: Opening Asset editor for Blueprint /Game/Blueprints/Player_Blueprint.Player_Blueprint
[2018.12.04-20.05.25:435][ 64]LogFileHelpers: Editor autosave (incl. sublevels) for '/Game/GameView' took 0.104
[2018.12.04-20.05.25:444][ 64]OBJ SavePackage: Generating thumbnails for [0] asset(s) in package [/Game/Blueprints/Player_Blueprint] ([1] browsable assets)...
[2018.12.04-20.05.25:444][ 64]OBJ SavePackage: Finished generating thumbnails for package [/Game/Blueprints/Player_Blueprint]
[2018.12.04-20.05.25:851][ 64]LogSavePackage: Moving '../../../../../../Users/Zaire/Documents/Game Dev 1/GameDev 4/Project4/Saved/Player_Blueprint_Auto4CCF30EFE47B7FA316619F7BD8575DD4D.tmp' to '../../../../../../Users/Zaire/Documents/Game Dev 1/GameDev 4/Project4/Saved/Autosaves/Game/Blueprints/Player_Blueprint_Auto4.uasset'
[2018.12.04-20.05.25:874][ 64]LogFileHelpers: Auto-saving content packages took 0.437
[2018.12.04-20.06.03:862][518]LogSlate: Prevented a slow task dialog from being summoned while a context menu was open
[2018.12.04-20.15.11:064][444]BlueprintLog: New page: Compile Player_Blueprint
[2018.12.04-20.16.11:851][325]BlueprintLog: New page: Compile Player_Blueprint
[2018.12.04-20.16.12:137][325]LogBlueprint: Warning: [Compiler Player_Blueprint] 'Timer Blueprint' does not inherit from 'Actor' ( Cast To Timer_Blueprint  would always fail).
[2018.12.04-20.16.13:674][325]LogBlueprint: Warning: [Compiler Player_Blueprint] [3499.09] Compile of Player_Blueprint successful, but with 1 Warning(s) [in 1,821 ms] (/Game/Blueprints/Player_Blueprint.Player_Blueprint)
[2018.12.04-20.17.29:254][220]LogSavePackage: Moving '../../../../../../Users/Zaire/Documents/Game Dev 1/GameDev 4/Project4/Saved/GameView_Auto5EB7C8D1249C6271BC150F6AE8BD7E771.tmp' to '../../../../../../Users/Zaire/Documents/Game Dev 1/GameDev 4/Project4/Saved/Autosaves/Game/GameView_Auto5.umap'
[2018.12.04-20.17.29:294][220]LogFileHelpers: Editor autosave (incl. sublevels) for '/Game/GameView' took 0.577
[2018.12.04-20.17.29:294][220]LogFileHelpers: Editor autosave (incl. sublevels) for all levels took 0.577
[2018.12.04-20.17.29:305][220]OBJ SavePackage: Generating thumbnails for [0] asset(s) in package [/Game/Blueprints/Player_Blueprint] ([1] browsable assets)...
[2018.12.04-20.17.29:305][220]OBJ SavePackage: Finished generating thumbnails for package [/Game/Blueprints/Player_Blueprint]
[2018.12.04-20.17.29:761][220]LogSavePackage: Moving '../../../../../../Users/Zaire/Documents/Game Dev 1/GameDev 4/Project4/Saved/Player_Blueprint_Auto55542C55F4E12B7E196C593BE3DD60165.tmp' to '../../../../../../Users/Zaire/Documents/Game Dev 1/GameDev 4/Project4/Saved/Autosaves/Game/Blueprints/Player_Blueprint_Auto5.uasset'
[2018.12.04-20.17.29:791][220]LogFileHelpers: Auto-saving content packages took 0.492
[2018.12.04-20.19.49:275][911]BlueprintLog: New page: Compile Player_Blueprint
[2018.12.04-20.20.00:779][109]Cmd: OBJ SAVEPACKAGE PACKAGE="/Game/Blueprints/Timer_Blueprint" FILE="../../../../../../Users/Zaire/Documents/Game Dev 1/GameDev 4/Project4/Content/Blueprints/Timer_Blueprint.uasset" SILENT=true
[2018.12.04-20.20.01:100][109]LogSavePackage: Moving '../../../../../../Users/Zaire/Documents/Game Dev 1/GameDev 4/Project4/Saved/Timer_Blueprint71FD006C4F68CDE4B99E0C9867E13500.tmp' to '../../../../../../Users/Zaire/Documents/Game Dev 1/GameDev 4/Project4/Content/Blueprints/Timer_Blueprint.uasset'
[2018.12.04-20.20.01:105][109]LogFileManager: Warning: DeleteFile was unable to delete '../../../../../../Users/Zaire/Documents/Game Dev 1/GameDev 4/Project4/Content/Blueprints/Timer_Blueprint.uasset', retrying in .5s...
[2018.12.04-20.20.01:607][109]LogFileManager: Error: Error deleting file '../../../../../../Users/Zaire/Documents/Game Dev 1/GameDev 4/Project4/Content/Blueprints/Timer_Blueprint.uasset'.
[2018.12.04-20.20.01:607][109]LogSavePackage: Error: Error saving '../../../../../../Users/Zaire/Documents/Game Dev 1/GameDev 4/Project4/Content/Blueprints/Timer_Blueprint.uasset'
[2018.12.04-20.20.09:879][109]LogSlate: Window 'Message' being destroyed
[2018.12.04-20.20.09:900][109]EditorErrors: New page: Save Output
[2018.12.04-20.20.09:901][109]EditorErrors: Warning: Error saving '../../../../../../Users/Zaire/Documents/Game Dev 1/GameDev 4/Project4/Content/Blueprints/Timer_Blueprint.uasset'
[2018.12.04-20.20.12:366][169]Cmd: OBJ SAVEPACKAGE PACKAGE="/Game/Blueprints/Player_Blueprint" FILE="../../../../../../Users/Zaire/Documents/Game Dev 1/GameDev 4/Project4/Content/Blueprints/Player_Blueprint.uasset" SILENT=true
[2018.12.04-20.20.12:718][169]LogSavePackage: Moving '../../../../../../Users/Zaire/Documents/Game Dev 1/GameDev 4/Project4/Saved/Player_BlueprintA87008BC48B580371EBBB0B6FB055932.tmp' to '../../../../../../Users/Zaire/Documents/Game Dev 1/GameDev 4/Project4/Content/Blueprints/Player_Blueprint.uasset'
[2018.12.04-20.20.12:721][169]LogFileManager: Warning: DeleteFile was unable to delete '../../../../../../Users/Zaire/Documents/Game Dev 1/GameDev 4/Project4/Content/Blueprints/Player_Blueprint.uasset', retrying in .5s...
[2018.12.04-20.20.13:223][169]LogFileManager: Error: Error deleting file '../../../../../../Users/Zaire/Documents/Game Dev 1/GameDev 4/Project4/Content/Blueprints/Player_Blueprint.uasset'.
[2018.12.04-20.20.13:223][169]LogSavePackage: Error: Error saving '../../../../../../Users/Zaire/Documents/Game Dev 1/GameDev 4/Project4/Content/Blueprints/Player_Blueprint.uasset'
[2018.12.04-20.20.22:193][169]LogSlate: Window 'Message' being destroyed
[2018.12.04-20.20.22:209][169]EditorErrors: New page: Save Output
[2018.12.04-20.20.22:209][169]EditorErrors: Warning: Error saving '../../../../../../Users/Zaire/Documents/Game Dev 1/GameDev 4/Project4/Content/Blueprints/Player_Blueprint.uasset'
[2018.12.04-20.20.24:331][220]LogSlate: Window 'Message Log' being destroyed
[2018.12.04-20.20.24:356][220]LogSlate: Window 'Message Log' being destroyed
[2018.12.04-20.20.33:583][450]Cmd: OBJ SAVEPACKAGE PACKAGE="/Game/GameView" FILE="../../../../../../Users/Zaire/Documents/Game Dev 1/GameDev 4/Project4/Content/GameView.umap" SILENT=true AUTOSAVING=false KEEPDIRTY=false
[2018.12.04-20.20.33:961][450]LogSavePackage: Moving '../../../../../../Users/Zaire/Documents/Game Dev 1/GameDev 4/Project4/Saved/GameViewE348AD854F100F93F75D7DB6A8A41FD8.tmp' to '../../../../../../Users/Zaire/Documents/Game Dev 1/GameDev 4/Project4/Content/GameView.umap'
[2018.12.04-20.20.34:129][450]Cmd: OBJ SAVEPACKAGE PACKAGE="/Game/GameView_BuiltData" FILE="../../../../../../Users/Zaire/Documents/Game Dev 1/GameDev 4/Project4/Content/GameView_BuiltData.uasset" SILENT=true
[2018.12.04-20.20.34:285][450]LogSavePackage: Moving '../../../../../../Users/Zaire/Documents/Game Dev 1/GameDev 4/Project4/Saved/GameView_BuiltDataA3D5965F408C1DFF92DDF1B7D8D077D9.tmp' to '../../../../../../Users/Zaire/Documents/Game Dev 1/GameDev 4/Project4/Content/GameView_BuiltData.uasset'
[2018.12.04-20.20.40:935][593]BlueprintLog: New page: Compile Customer
[2018.12.04-20.20.41:044][593]LogBlueprint: Error: [Compiler Customer] This blueprint (self) is not a Timer_Blueprint_C, therefore ' Target ' must have a connection.
[2018.12.04-20.20.41:045][593]LogBlueprint: Error: [Compiler Customer] Variable node  Get Time  uses an invalid target.  It may depend on a node that is not connected to the execution chain, and got purged.
[2018.12.04-20.20.41:421][593]LogBlueprint: Warning: [Compiler Customer] [3766.84] Compile of Customer failed. 2 Fatal Issue(s) 0 Warning(s) [in 486 ms] (/Game/Blueprints/DialogueStuff/Customer.Customer)
[2018.12.04-20.22.14:706][162]BlueprintLog: New page: Compile Customer
[2018.12.04-20.23.57:495][ 58]LogSavePackage: Moving '../../../../../../Users/Zaire/Documents/Game Dev 1/GameDev 4/Project4/Saved/Customer2332694847C0FE71E9D54E90AD7EFFAB.tmp' to '../../../../../../Users/Zaire/Documents/Game Dev 1/GameDev 4/Project4/Content/Blueprints/DialogueStuff/Customer.uasset'
[2018.12.04-20.24.01:148][109]Cmd: OBJ SAVEPACKAGE PACKAGE="/Game/Blueprints/Player_Blueprint" FILE="../../../../../../Users/Zaire/Documents/Game Dev 1/GameDev 4/Project4/Content/Blueprints/Player_Blueprint.uasset" SILENT=true
[2018.12.04-20.24.01:645][109]LogSavePackage: Moving '../../../../../../Users/Zaire/Documents/Game Dev 1/GameDev 4/Project4/Saved/Player_BlueprintD2FEB10D498CF8124C7BA5ABA37019FA.tmp' to '../../../../../../Users/Zaire/Documents/Game Dev 1/GameDev 4/Project4/Content/Blueprints/Player_Blueprint.uasset'
[2018.12.04-20.24.01:649][109]LogFileManager: Warning: DeleteFile was unable to delete '../../../../../../Users/Zaire/Documents/Game Dev 1/GameDev 4/Project4/Content/Blueprints/Player_Blueprint.uasset', retrying in .5s...
[2018.12.04-20.24.02:149][109]LogFileManager: Error: Error deleting file '../../../../../../Users/Zaire/Documents/Game Dev 1/GameDev 4/Project4/Content/Blueprints/Player_Blueprint.uasset'.
[2018.12.04-20.24.02:149][109]LogSavePackage: Error: Error saving '../../../../../../Users/Zaire/Documents/Game Dev 1/GameDev 4/Project4/Content/Blueprints/Player_Blueprint.uasset'
[2018.12.04-20.24.05:729][109]LogSlate: Window 'Message' being destroyed
[2018.12.04-20.24.05:747][109]EditorErrors: New page: Save Output
[2018.12.04-20.24.05:747][109]EditorErrors: Warning: Error saving '../../../../../../Users/Zaire/Documents/Game Dev 1/GameDev 4/Project4/Content/Blueprints/Player_Blueprint.uasset'
[2018.12.04-20.24.09:064][158]LogSlate: Window 'Message Log' being destroyed
[2018.12.04-20.24.09:090][158]LogSlate: Window 'Message Log' being destroyed
[2018.12.04-20.24.12:745][217]Cmd: OBJ SAVEPACKAGE PACKAGE="/Game/Blueprints/Timer_Blueprint" FILE="../../../../../../Users/Zaire/Documents/Game Dev 1/GameDev 4/Project4/Content/Blueprints/Timer_Blueprint.uasset" SILENT=true
[2018.12.04-20.24.13:034][217]LogSavePackage: Moving '../../../../../../Users/Zaire/Documents/Game Dev 1/GameDev 4/Project4/Saved/Timer_Blueprint478DADE24A537A036A854D8E790C5091.tmp' to '../../../../../../Users/Zaire/Documents/Game Dev 1/GameDev 4/Project4/Content/Blueprints/Timer_Blueprint.uasset'
[2018.12.04-20.24.13:041][217]LogFileManager: Warning: DeleteFile was unable to delete '../../../../../../Users/Zaire/Documents/Game Dev 1/GameDev 4/Project4/Content/Blueprints/Timer_Blueprint.uasset', retrying in .5s...
[2018.12.04-20.24.13:543][217]LogFileManager: Error: Error deleting file '../../../../../../Users/Zaire/Documents/Game Dev 1/GameDev 4/Project4/Content/Blueprints/Timer_Blueprint.uasset'.
[2018.12.04-20.24.13:543][217]LogSavePackage: Error: Error saving '../../../../../../Users/Zaire/Documents/Game Dev 1/GameDev 4/Project4/Content/Blueprints/Timer_Blueprint.uasset'
[2018.12.04-20.24.21:392][217]LogSlate: Window 'Message' being destroyed
[2018.12.04-20.24.21:409][217]EditorErrors: New page: Save Output
[2018.12.04-20.24.21:409][217]EditorErrors: Warning: Error saving '../../../../../../Users/Zaire/Documents/Game Dev 1/GameDev 4/Project4/Content/Blueprints/Timer_Blueprint.uasset'
[2018.12.04-20.24.23:398][274]LogSlate: Window 'Message Log' being destroyed
[2018.12.04-20.24.23:425][274]LogSlate: Window 'Message Log' being destroyed
[2018.12.04-20.25.47:627][806]LogAssetEditorManager: Opening Asset editor for WidgetBlueprint /Game/Blueprints/CustomerDemands.CustomerDemands
[2018.12.04-20.26.30:232][418]LogSlate: Window 'Color Picker' being destroyed
[2018.12.04-20.26.40:011][562]LogSlate: Window 'Color Picker' being destroyed
[2018.12.04-20.27.18:233][127]LogSlate: Window 'Color Picker' being destroyed
[2018.12.04-20.27.52:351][845]LogAssetEditorManager: Opening Asset editor for WidgetBlueprint /Game/Blueprints/DialogueStuff/Dialogue.Dialogue
[2018.12.04-20.28.16:238][143]LogSlate: Window 'Color Picker' being destroyed
[2018.12.04-20.30.17:211][ 72]LogAssetEditorManager: Opening Asset editor for WidgetBlueprint /Game/Blueprints/CustomerDemands.CustomerDemands
[2018.12.04-20.31.03:983][756]LogSlate: Window 'Color Picker' being destroyed
[2018.12.04-20.31.21:839][ 20]LogSlate: Window 'Color Picker' being destroyed
[2018.12.04-20.31.43:292][344]LogSlate: Window 'Color Picker' being destroyed
[2018.12.04-20.31.59:539][574]LogSlate: Window 'Color Picker' being destroyed
[2018.12.04-20.33.12:900][743]Cmd: OBJ SAVEPACKAGE PACKAGE="/Game/Blueprints/CustomerDemands" FILE="../../../../../../Users/Zaire/Documents/Game Dev 1/GameDev 4/Project4/Content/Blueprints/CustomerDemands.uasset" SILENT=true
[2018.12.04-20.33.12:990][743]LogSavePackage: Moving '../../../../../../Users/Zaire/Documents/Game Dev 1/GameDev 4/Project4/Saved/CustomerDemandsE4B7B3AF4F67EC22155FDB8581D2C4EE.tmp' to '../../../../../../Users/Zaire/Documents/Game Dev 1/GameDev 4/Project4/Content/Blueprints/CustomerDemands.uasset'
[2018.12.04-20.34.27:614][942]BlueprintLog: New page: Compile CustomerDemands
[2018.12.04-20.35.49:725][258]LogSlate: Prevented a slow task dialog from being summoned while a context menu was open
[2018.12.04-20.37.30:636][781]LogSlate: Window 'Change Variable Type' being destroyed
[2018.12.04-20.37.40:868][906]LogSlate: Window 'Find in Blueprints' being destroyed
[2018.12.04-20.37.40:944][906]LogSlate: Window 'Find in Blueprints' being destroyed
[2018.12.04-20.39.32:084][705]BlueprintLog: New page: Compile Customer
[2018.12.04-20.39.44:665][861]LogSavePackage: Moving '../../../../../../Users/Zaire/Documents/Game Dev 1/GameDev 4/Project4/Saved/CustomerA99C52934EC0DF6D09383FAD0E5A1AD0.tmp' to '../../../../../../Users/Zaire/Documents/Game Dev 1/GameDev 4/Project4/Content/Blueprints/DialogueStuff/Customer.uasset'
[2018.12.04-20.40.59:346][689]LogTemp: Repeating last play command: Selected Viewport
[2018.12.04-20.40.59:598][689]BlueprintLog: New page: Pre-Play auto-recompile
[2018.12.04-20.40.59:624][689]LogPlayLevel: [PlayLevel] Compiling CustomerDemands before play...
[2018.12.04-20.41.00:322][689]LogPlayLevel: PlayLevel: Blueprint regeneration took 723 ms (1 blueprints)
[2018.12.04-20.41.00:323][689]PIE: New page: PIE session: GameView (Dec 4, 2018, 10:41:00 AM)
[2018.12.04-20.41.00:323][689]LogPlayLevel: Creating play world package: /Game/UEDPIE_0_GameView
[2018.12.04-20.41.00:332][689]LogPlayLevel: PIE: StaticDuplicateObject took: (0.009346s)
[2018.12.04-20.41.00:334][689]LogAIModule: Creating AISystem for world GameView
[2018.12.04-20.41.00:335][689]LogPlayLevel: PIE: World Init took: (0.003121s)
[2018.12.04-20.41.00:335][689]LogPlayLevel: PIE: Created PIE world by copying editor world from /Game/GameView.GameView to /Game/UEDPIE_0_GameView.GameView (0.013050s)
[2018.12.04-20.41.00:473][689]LogInit: XAudio2 using 'Speakers / Headphones (Realtek High Definition Audio)' : 2 channels at 48 kHz using 32 bits per sample (channel mask 0x3)
[2018.12.04-20.41.00:574][689]LogInit: FAudioDevice initialized.
[2018.12.04-20.41.00:617][689]LogLoad: Game class is 'GameMode_C'
[2018.12.04-20.41.00:621][689]LogWorld: Bringing World /Game/UEDPIE_0_GameView.GameView up for play (max tick rate 0) at 2018.12.04-15.41.00
[2018.12.04-20.41.00:621][689]LogWorld: Bringing up level for play took: 0.002052
[2018.12.04-20.41.00:639][689]LogBlueprintUserMessages: [CustomerManager] Hello
[2018.12.04-20.41.00:639][689]LogBlueprintUserMessages: [Spawn_Blueprint_80] 2
[2018.12.04-20.41.00:639][689]LogBlueprintUserMessages: [Spawn_Blueprint_80] Spawn UI/Items to choose here
[2018.12.04-20.41.00:639][689]LogBlueprintUserMessages: [Spawn_Blueprint_80] Spawn UI/Items to choose here
[2018.12.04-20.41.00:639][689]LogBlueprintUserMessages: [Spawn_Blueprint_80] Spawn UI/Items to choose here
[2018.12.04-20.41.00:641][689]PIE: Play in editor start time for /Game/UEDPIE_0_GameView 0.768
[2018.12.04-20.41.07:041][857]LogSlate: Updating window title bar state: overlay mode, drag disabled, window buttons hidden, title bar hidden
[2018.12.04-20.41.07:161][857]LogPlayLevel: Display: Shutting down PIE online subsystems
[2018.12.04-20.41.07:301][857]LogSlate: Updating window title bar state: overlay mode, drag disabled, window buttons hidden, title bar hidden
[2018.12.04-20.41.07:358][858]LogPlayLevel: Display: Destroying online subsystem :Context_21
[2018.12.04-20.42.49:058][415]BlueprintLog: New page: Compile CustomerDemands
[2018.12.04-20.43.01:492][676]LogTemp: Repeating last play command: Selected Viewport
[2018.12.04-20.43.01:705][676]LogPlayLevel: PlayLevel: No blueprints needed recompiling
[2018.12.04-20.43.01:706][676]PIE: New page: PIE session: GameView (Dec 4, 2018, 10:43:01 AM)
[2018.12.04-20.43.01:706][676]LogPlayLevel: Creating play world package: /Game/UEDPIE_0_GameView
[2018.12.04-20.43.01:719][676]LogPlayLevel: PIE: StaticDuplicateObject took: (0.012672s)
[2018.12.04-20.43.01:722][676]LogAIModule: Creating AISystem for world GameView
[2018.12.04-20.43.01:723][676]LogPlayLevel: PIE: World Init took: (0.003704s)
[2018.12.04-20.43.01:723][676]LogPlayLevel: PIE: Created PIE world by copying editor world from /Game/GameView.GameView to /Game/UEDPIE_0_GameView.GameView (0.017066s)
[2018.12.04-20.43.01:932][676]LogInit: XAudio2 using 'Speakers / Headphones (Realtek High Definition Audio)' : 2 channels at 48 kHz using 32 bits per sample (channel mask 0x3)
[2018.12.04-20.43.02:098][676]LogInit: FAudioDevice initialized.
[2018.12.04-20.43.02:148][676]LogLoad: Game class is 'GameMode_C'
[2018.12.04-20.43.02:151][676]LogWorld: Bringing World /Game/UEDPIE_0_GameView.GameView up for play (max tick rate 0) at 2018.12.04-15.43.02
[2018.12.04-20.43.02:152][676]LogWorld: Bringing up level for play took: 0.002755
[2018.12.04-20.43.02:170][676]LogBlueprintUserMessages: [CustomerManager] Hello
[2018.12.04-20.43.02:171][676]LogBlueprintUserMessages: [Spawn_Blueprint_80] 2
[2018.12.04-20.43.02:171][676]LogBlueprintUserMessages: [Spawn_Blueprint_80] Spawn UI/Items to choose here
[2018.12.04-20.43.02:171][676]LogBlueprintUserMessages: [Spawn_Blueprint_80] Spawn UI/Items to choose here
[2018.12.04-20.43.02:171][676]LogBlueprintUserMessages: [Spawn_Blueprint_80] Spawn UI/Items to choose here
[2018.12.04-20.43.02:173][676]PIE: Play in editor start time for /Game/UEDPIE_0_GameView 0.301
[2018.12.04-20.43.22:427][267]LogSlate: Updating window title bar state: overlay mode, drag disabled, window buttons hidden, title bar hidden
[2018.12.04-20.43.22:542][267]LogPlayLevel: Display: Shutting down PIE online subsystems
[2018.12.04-20.43.22:682][267]LogSlate: Updating window title bar state: overlay mode, drag disabled, window buttons hidden, title bar hidden
[2018.12.04-20.43.22:744][268]LogPlayLevel: Display: Destroying online subsystem :Context_22
[2018.12.04-20.43.45:426][618]BlueprintLog: New page: Compile CustomerDemands
[2018.12.04-20.43.51:509][692]LogTemp: Repeating last play command: Selected Viewport
[2018.12.04-20.43.51:658][692]LogPlayLevel: PlayLevel: No blueprints needed recompiling
[2018.12.04-20.43.51:659][692]PIE: New page: PIE session: GameView (Dec 4, 2018, 10:43:51 AM)
[2018.12.04-20.43.51:659][692]LogPlayLevel: Creating play world package: /Game/UEDPIE_0_GameView
[2018.12.04-20.43.51:669][692]LogPlayLevel: PIE: StaticDuplicateObject took: (0.009923s)
[2018.12.04-20.43.51:672][692]LogAIModule: Creating AISystem for world GameView
[2018.12.04-20.43.51:672][692]LogPlayLevel: PIE: World Init took: (0.002670s)
[2018.12.04-20.43.51:672][692]LogPlayLevel: PIE: Created PIE world by copying editor world from /Game/GameView.GameView to /Game/UEDPIE_0_GameView.GameView (0.013310s)
[2018.12.04-20.43.51:860][692]LogInit: XAudio2 using 'Speakers / Headphones (Realtek High Definition Audio)' : 2 channels at 48 kHz using 32 bits per sample (channel mask 0x3)
[2018.12.04-20.43.52:015][692]LogInit: FAudioDevice initialized.
[2018.12.04-20.43.52:065][692]LogLoad: Game class is 'GameMode_C'
[2018.12.04-20.43.52:069][692]LogWorld: Bringing World /Game/UEDPIE_0_GameView.GameView up for play (max tick rate 0) at 2018.12.04-15.43.52
[2018.12.04-20.43.52:069][692]LogWorld: Bringing up level for play took: 0.002130
[2018.12.04-20.43.52:087][692]LogBlueprintUserMessages: [CustomerManager] Hello
[2018.12.04-20.43.52:088][692]LogBlueprintUserMessages: [Spawn_Blueprint_80] 2
[2018.12.04-20.43.52:088][692]LogBlueprintUserMessages: [Spawn_Blueprint_80] Spawn UI/Items to choose here
[2018.12.04-20.43.52:088][692]LogBlueprintUserMessages: [Spawn_Blueprint_80] Spawn UI/Items to choose here
[2018.12.04-20.43.52:088][692]LogBlueprintUserMessages: [Spawn_Blueprint_80] Spawn UI/Items to choose here
[2018.12.04-20.43.52:090][692]PIE: Play in editor start time for /Game/UEDPIE_0_GameView 0.218
[2018.12.04-20.43.58:990][886]LogSlate: Updating window title bar state: overlay mode, drag disabled, window buttons hidden, title bar hidden
[2018.12.04-20.43.59:058][886]LogPlayLevel: Display: Shutting down PIE online subsystems
[2018.12.04-20.43.59:196][886]LogSlate: Updating window title bar state: overlay mode, drag disabled, window buttons hidden, title bar hidden
[2018.12.04-20.43.59:248][887]LogPlayLevel: Display: Destroying online subsystem :Context_23
[2018.12.04-20.44.17:864][199]BlueprintLog: New page: Compile CustomerDemands
[2018.12.04-20.44.24:491][288]LogTemp: Repeating last play command: Selected Viewport
[2018.12.04-20.44.24:694][288]LogPlayLevel: PlayLevel: No blueprints needed recompiling
[2018.12.04-20.44.24:694][288]PIE: New page: PIE session: GameView (Dec 4, 2018, 10:44:24 AM)
[2018.12.04-20.44.24:694][288]LogPlayLevel: Creating play world package: /Game/UEDPIE_0_GameView
[2018.12.04-20.44.24:702][288]LogPlayLevel: PIE: StaticDuplicateObject took: (0.007778s)
[2018.12.04-20.44.24:704][288]LogAIModule: Creating AISystem for world GameView
[2018.12.04-20.44.24:705][288]LogPlayLevel: PIE: World Init took: (0.002205s)
[2018.12.04-20.44.24:705][288]LogPlayLevel: PIE: Created PIE world by copying editor world from /Game/GameView.GameView to /Game/UEDPIE_0_GameView.GameView (0.010683s)
[2018.12.04-20.44.24:897][288]LogInit: XAudio2 using 'Speakers / Headphones (Realtek High Definition Audio)' : 2 channels at 48 kHz using 32 bits per sample (channel mask 0x3)
[2018.12.04-20.44.25:054][288]LogInit: FAudioDevice initialized.
[2018.12.04-20.44.25:099][288]LogLoad: Game class is 'GameMode_C'
[2018.12.04-20.44.25:102][288]LogWorld: Bringing World /Game/UEDPIE_0_GameView.GameView up for play (max tick rate 0) at 2018.12.04-15.44.25
[2018.12.04-20.44.25:103][288]LogWorld: Bringing up level for play took: 0.002118
[2018.12.04-20.44.25:121][288]LogBlueprintUserMessages: [CustomerManager] Hello
[2018.12.04-20.44.25:121][288]LogBlueprintUserMessages: [Spawn_Blueprint_80] 2
[2018.12.04-20.44.25:121][288]LogBlueprintUserMessages: [Spawn_Blueprint_80] Spawn UI/Items to choose here
[2018.12.04-20.44.25:122][288]LogBlueprintUserMessages: [Spawn_Blueprint_80] Spawn UI/Items to choose here
[2018.12.04-20.44.25:122][288]LogBlueprintUserMessages: [Spawn_Blueprint_80] Spawn UI/Items to choose here
[2018.12.04-20.44.25:125][288]PIE: Play in editor start time for /Game/UEDPIE_0_GameView 1.252
[2018.12.04-20.44.33:533][522]LogSlate: Updating window title bar state: overlay mode, drag disabled, window buttons hidden, title bar hidden
[2018.12.04-20.44.33:641][522]LogPlayLevel: Display: Shutting down PIE online subsystems
[2018.12.04-20.44.33:792][522]LogSlate: Updating window title bar state: overlay mode, drag disabled, window buttons hidden, title bar hidden
[2018.12.04-20.44.33:850][523]LogPlayLevel: Display: Destroying online subsystem :Context_24
[2018.12.04-20.45.41:722][876]LogSavePackage: Moving '../../../../../../Users/Zaire/Documents/Game Dev 1/GameDev 4/Project4/Saved/GameView_Auto6961923624EC58A2CC391EFA6B724EB1F.tmp' to '../../../../../../Users/Zaire/Documents/Game Dev 1/GameDev 4/Project4/Saved/Autosaves/Game/GameView_Auto6.umap'
[2018.12.04-20.45.41:750][876]LogFileHelpers: Editor autosave (incl. sublevels) for '/Game/GameView' took 0.454
[2018.12.04-20.45.41:750][876]LogFileHelpers: Editor autosave (incl. sublevels) for all levels took 0.454
[2018.12.04-20.45.41:758][876]OBJ SavePackage: Generating thumbnails for [1] asset(s) in package [/Game/Blueprints/DialogueStuff/Customer] ([1] browsable assets)...
[2018.12.04-20.45.41:798][876]OBJ SavePackage:     Rendered thumbnail for [Blueprint /Game/Blueprints/DialogueStuff/Customer.Customer]
[2018.12.04-20.45.41:798][876]OBJ SavePackage: Finished generating thumbnails for package [/Game/Blueprints/DialogueStuff/Customer]
[2018.12.04-20.45.42:125][876]LogSavePackage: Moving '../../../../../../Users/Zaire/Documents/Game Dev 1/GameDev 4/Project4/Saved/Customer_Auto64B889B8948CA4B8B159D4DA0D25799CF.tmp' to '../../../../../../Users/Zaire/Documents/Game Dev 1/GameDev 4/Project4/Saved/Autosaves/Game/Blueprints/DialogueStuff/Customer_Auto6.uasset'
[2018.12.04-20.45.42:142][876]OBJ SavePackage: Generating thumbnails for [0] asset(s) in package [/Game/Blueprints/Player_Blueprint] ([1] browsable assets)...
[2018.12.04-20.45.42:142][876]OBJ SavePackage: Finished generating thumbnails for package [/Game/Blueprints/Player_Blueprint]
[2018.12.04-20.45.42:439][876]LogSavePackage: Moving '../../../../../../Users/Zaire/Documents/Game Dev 1/GameDev 4/Project4/Saved/Player_Blueprint_Auto682A1B8B74E527F0421765198FF078C38.tmp' to '../../../../../../Users/Zaire/Documents/Game Dev 1/GameDev 4/Project4/Saved/Autosaves/Game/Blueprints/Player_Blueprint_Auto6.uasset'
[2018.12.04-20.45.42:454][876]OBJ SavePackage: Generating thumbnails for [0] asset(s) in package [/Game/Blueprints/CustomerDemands] ([1] browsable assets)...
[2018.12.04-20.45.42:454][876]OBJ SavePackage: Finished generating thumbnails for package [/Game/Blueprints/CustomerDemands]
[2018.12.04-20.45.42:599][876]LogSavePackage: Moving '../../../../../../Users/Zaire/Documents/Game Dev 1/GameDev 4/Project4/Saved/CustomerDemands_Auto6018BBB3240723E8256655E89E42E61C5.tmp' to '../../../../../../Users/Zaire/Documents/Game Dev 1/GameDev 4/Project4/Saved/Autosaves/Game/Blueprints/CustomerDemands_Auto6.uasset'
[2018.12.04-20.45.42:609][876]LogFileHelpers: Auto-saving content packages took 0.855
[2018.12.04-21.14.01:637][ 81]LogHttp: Warning: 0000022C7EB16200: request failed, libcurl error: 6 (Couldn't resolve host name)
[2018.12.04-21.14.01:638][ 81]LogHttp: Warning: 0000022C7EB16200: libcurl info message cache 0 (Connection 56 seems to be dead!)
[2018.12.04-21.14.01:638][ 81]LogHttp: Warning: 0000022C7EB16200: libcurl info message cache 1 (Closing connection 56)
[2018.12.04-21.14.01:639][ 81]LogHttp: Warning: 0000022C7EB16200: libcurl info message cache 2 (Could not resolve host: datarouter.ol.epicgames.com)
[2018.12.04-21.14.01:639][ 81]LogHttp: Warning: 0000022C7EB16200: libcurl info message cache 3 (Closing connection 57)
[2018.12.04-21.14.09:679][122]LogSavePackage: Moving '../../../../../../Users/Zaire/Documents/Game Dev 1/GameDev 4/Project4/Saved/GameView_Auto7EA0FE80E4BC67F38842B37AE66619A5F.tmp' to '../../../../../../Users/Zaire/Documents/Game Dev 1/GameDev 4/Project4/Saved/Autosaves/Game/GameView_Auto7.umap'
[2018.12.04-21.14.09:697][122]LogFileHelpers: Editor autosave (incl. sublevels) for '/Game/GameView' took 0.279
[2018.12.04-21.14.09:697][122]LogFileHelpers: Editor autosave (incl. sublevels) for all levels took 0.279
[2018.12.04-21.14.09:704][122]OBJ SavePackage: Generating thumbnails for [1] asset(s) in package [/Game/Blueprints/DialogueStuff/Customer] ([1] browsable assets)...
[2018.12.04-21.14.09:782][122]OBJ SavePackage:     Rendered thumbnail for [Blueprint /Game/Blueprints/DialogueStuff/Customer.Customer]
[2018.12.04-21.14.09:782][122]OBJ SavePackage: Finished generating thumbnails for package [/Game/Blueprints/DialogueStuff/Customer]
[2018.12.04-21.14.10:040][122]LogSavePackage: Moving '../../../../../../Users/Zaire/Documents/Game Dev 1/GameDev 4/Project4/Saved/Customer_Auto7826D4E9448950DD2CF56EFBB4002E01D.tmp' to '../../../../../../Users/Zaire/Documents/Game Dev 1/GameDev 4/Project4/Saved/Autosaves/Game/Blueprints/DialogueStuff/Customer_Auto7.uasset'
[2018.12.04-21.14.10:048][122]LogFileHelpers: Auto-saving content packages took 0.347
[2018.12.05-03.03.43:684][429]LogD3D11RHI: Timed out while waiting for GPU to catch up. (500 ms)
[2018.12.05-03.03.43:687][429]LogHttp: Warning: 0000022C7EB14CC0: request failed, libcurl error: 6 (Couldn't resolve host name)
[2018.12.05-03.03.43:687][429]LogHttp: Warning: 0000022C7EB14CC0: libcurl info message cache 0 (Connection 70 seems to be dead!)
[2018.12.05-03.03.43:688][429]LogHttp: Warning: 0000022C7EB14CC0: libcurl info message cache 1 (Closing connection 70)
[2018.12.05-03.03.43:688][429]LogHttp: Warning: 0000022C7EB14CC0: libcurl info message cache 2 (Could not resolve host: datarouter.ol.epicgames.com)
[2018.12.05-03.03.43:688][429]LogHttp: Warning: 0000022C7EB14CC0: libcurl info message cache 3 (Closing connection 71)
[2018.12.05-03.13.05:841][249]Cmd: OBJ SAVEPACKAGE PACKAGE="/Game/GameView" FILE="../../../../../../Users/Zaire/Documents/Game Dev 1/GameDev 4/Project4/Content/GameView.umap" SILENT=true AUTOSAVING=false KEEPDIRTY=false
[2018.12.05-03.13.06:008][249]LogSavePackage: Moving '../../../../../../Users/Zaire/Documents/Game Dev 1/GameDev 4/Project4/Saved/GameView8E905FDA4BDCBAB581988F8C6A60E14B.tmp' to '../../../../../../Users/Zaire/Documents/Game Dev 1/GameDev 4/Project4/Content/GameView.umap'
[2018.12.05-03.13.06:128][249]Cmd: OBJ SAVEPACKAGE PACKAGE="/Game/GameView_BuiltData" FILE="../../../../../../Users/Zaire/Documents/Game Dev 1/GameDev 4/Project4/Content/GameView_BuiltData.uasset" SILENT=true
[2018.12.05-03.13.06:216][249]LogSavePackage: Moving '../../../../../../Users/Zaire/Documents/Game Dev 1/GameDev 4/Project4/Saved/GameView_BuiltData147678D041D5F568E22CEC82F3703335.tmp' to '../../../../../../Users/Zaire/Documents/Game Dev 1/GameDev 4/Project4/Content/GameView_BuiltData.uasset'
[2018.12.05-03.13.12:055][489]BlueprintLog: New page: Compile Customer
[2018.12.05-03.13.13:668][523]LogSavePackage: Moving '../../../../../../Users/Zaire/Documents/Game Dev 1/GameDev 4/Project4/Saved/CustomerD7FA993242B7B95EA3C1878705326AFF.tmp' to '../../../../../../Users/Zaire/Documents/Game Dev 1/GameDev 4/Project4/Content/Blueprints/DialogueStuff/Customer.uasset'
[2018.12.05-03.13.17:205][639]Cmd: OBJ SAVEPACKAGE PACKAGE="/Game/Blueprints/CustomerDemands" FILE="../../../../../../Users/Zaire/Documents/Game Dev 1/GameDev 4/Project4/Content/Blueprints/CustomerDemands.uasset" SILENT=true
[2018.12.05-03.13.17:290][639]LogSavePackage: Moving '../../../../../../Users/Zaire/Documents/Game Dev 1/GameDev 4/Project4/Saved/CustomerDemands37013582449FA96AD8F36DB128A2BF09.tmp' to '../../../../../../Users/Zaire/Documents/Game Dev 1/GameDev 4/Project4/Content/Blueprints/CustomerDemands.uasset'
[2018.12.05-03.13.17:619][642]Cmd: OBJ SAVEPACKAGE PACKAGE="/Game/Blueprints/CustomerDemands" FILE="../../../../../../Users/Zaire/Documents/Game Dev 1/GameDev 4/Project4/Content/Blueprints/CustomerDemands.uasset" SILENT=true
[2018.12.05-03.13.17:686][642]LogSavePackage: Moving '../../../../../../Users/Zaire/Documents/Game Dev 1/GameDev 4/Project4/Saved/CustomerDemands9769D3F349E257C8C797419FFB3AAA63.tmp' to '../../../../../../Users/Zaire/Documents/Game Dev 1/GameDev 4/Project4/Content/Blueprints/CustomerDemands.uasset'
[2018.12.05-03.13.19:690][706]LogSlate: Window 'CustomerDemands' being destroyed
[2018.12.05-03.13.19:699][706]LogSlate: Window 'CustomerDemands' being destroyed
[2018.12.05-03.13.20:253][706]LogActorComponent: UnregisterComponent: (/Engine/Transient.EditorFloorComp) Not registered. Aborting.
[2018.12.05-03.13.22:974][707]LogSlate: Window 'Save Content' being destroyed
[2018.12.05-03.13.23:012][707]Cmd: OBJ SAVEPACKAGE PACKAGE="/Game/Blueprints/Player_Blueprint" FILE="../../../../../../Users/Zaire/Documents/Game Dev 1/GameDev 4/Project4/Content/Blueprints/Player_Blueprint.uasset" SILENT=true
[2018.12.05-03.13.23:162][707]LogSavePackage: Moving '../../../../../../Users/Zaire/Documents/Game Dev 1/GameDev 4/Project4/Saved/Player_Blueprint78E151AD4D17FC3B6B3C939B7031CEFF.tmp' to '../../../../../../Users/Zaire/Documents/Game Dev 1/GameDev 4/Project4/Content/Blueprints/Player_Blueprint.uasset'
[2018.12.05-03.13.23:164][707]LogFileManager: Warning: DeleteFile was unable to delete '../../../../../../Users/Zaire/Documents/Game Dev 1/GameDev 4/Project4/Content/Blueprints/Player_Blueprint.uasset', retrying in .5s...
[2018.12.05-03.13.23:664][707]LogFileManager: Error: Error deleting file '../../../../../../Users/Zaire/Documents/Game Dev 1/GameDev 4/Project4/Content/Blueprints/Player_Blueprint.uasset'.
[2018.12.05-03.13.23:664][707]LogSavePackage: Error: Error saving '../../../../../../Users/Zaire/Documents/Game Dev 1/GameDev 4/Project4/Content/Blueprints/Player_Blueprint.uasset'
[2018.12.05-03.13.25:723][707]LogSlate: Window 'Message' being destroyed
[2018.12.05-03.13.25:735][707]EditorErrors: New page: Save Output
[2018.12.05-03.13.25:735][707]EditorErrors: Warning: Error saving '../../../../../../Users/Zaire/Documents/Game Dev 1/GameDev 4/Project4/Content/Blueprints/Player_Blueprint.uasset'
[2018.12.05-03.13.27:764][826]LogSlate: Window 'Message Log' being destroyed
[2018.12.05-03.13.27:774][826]LogSlate: Window 'Message Log' being destroyed
[2018.12.05-03.13.29:202][925]Cmd: OBJ SAVEPACKAGE PACKAGE="/Game/GameView" FILE="../../../../../../Users/Zaire/Documents/Game Dev 1/GameDev 4/Project4/Content/GameView.umap" SILENT=true AUTOSAVING=false KEEPDIRTY=false
[2018.12.05-03.13.29:330][925]LogSavePackage: Moving '../../../../../../Users/Zaire/Documents/Game Dev 1/GameDev 4/Project4/Saved/GameViewA420F713493E35DEA094BCAB4FD41D40.tmp' to '../../../../../../Users/Zaire/Documents/Game Dev 1/GameDev 4/Project4/Content/GameView.umap'
[2018.12.05-03.13.29:403][925]Cmd: OBJ SAVEPACKAGE PACKAGE="/Game/GameView_BuiltData" FILE="../../../../../../Users/Zaire/Documents/Game Dev 1/GameDev 4/Project4/Content/GameView_BuiltData.uasset" SILENT=true
[2018.12.05-03.13.29:469][925]LogSavePackage: Moving '../../../../../../Users/Zaire/Documents/Game Dev 1/GameDev 4/Project4/Saved/GameView_BuiltData4809BF654566C8A908ECC6926203B6D4.tmp' to '../../../../../../Users/Zaire/Documents/Game Dev 1/GameDev 4/Project4/Content/GameView_BuiltData.uasset'
[2018.12.05-03.13.34:335][ 55]LogSlate: Window 'Save Content' being destroyed
[2018.12.05-03.13.34:539][ 55]LogActorComponent: UnregisterComponent: (/Engine/Transient.EditorFloorComp) Not registered. Aborting.
[2018.12.05-03.13.34:677][ 55]LogSlate: Window 'Project4 - Unreal Editor' being destroyed
[2018.12.05-03.13.35:130][ 56]Cmd: QUIT_EDITOR
[2018.12.05-03.13.36:074][ 56]LogWindowsTextInputMethodSystem: Display: IME system now deactivated.
[2018.12.05-03.13.36:105][ 56]LogExit: Preparing to exit.
