Log file open, 12/07/18 11:55:07
LogWindows: Failed to load 'aqProf.dll' (GetLastError=126)
LogWindows: File 'aqProf.dll' does not exist
LogWindows: Failed to load 'VSPerf140.dll' (GetLastError=126)
LogWindows: File 'VSPerf140.dll' does not exist
LogWindows: Failed to load 'VtuneApi.dll' (GetLastError=126)
LogWindows: File 'VtuneApi.dll' does not exist
LogWindows: Failed to load 'VtuneApi32e.dll' (GetLastError=126)
LogWindows: File 'VtuneApi32e.dll' does not exist
LogInit: Display: Running engine for game: Project4
LogPlatformFile: Not using cached read wrapper
LogTaskGraph: Started task graph with 5 named threads and 23 total threads with 3 sets of task threads.
LogStats: Stats thread started at 0.319100
LogD3D11RHI: Loaded GFSDK_Aftermath_Lib.x64.dll
LogICUInternationalization: Display: ICU TimeZone Detection - Raw Offset: -5:00, Platform Override: ''
LogPluginManager: Mounting plugin Paper2D
LogPluginManager: Mounting plugin AISupport
LogPluginManager: Mounting plugin LightPropagationVolume
LogPluginManager: Mounting plugin CLionSourceCodeAccess
LogPluginManager: Mounting plugin CodeLiteSourceCodeAccess
LogPluginManager: Mounting plugin GitSourceControl
LogPluginManager: Mounting plugin KDevelopSourceCodeAccess
LogPluginManager: Mounting plugin NullSourceCodeAccess
LogPluginManager: Mounting plugin PerforceSourceControl
LogPluginManager: Mounting plugin SubversionSourceControl
LogPluginManager: Mounting plugin UObjectPlugin
LogPluginManager: Mounting plugin VisualStudioCodeSourceCodeAccess
LogPluginManager: Mounting plugin VisualStudioSourceCodeAccess
LogPluginManager: Mounting plugin XCodeSourceCodeAccess
LogPluginManager: Mounting plugin AssetManagerEditor
LogPluginManager: Mounting plugin CryptoKeys
LogPluginManager: Mounting plugin DataValidation
LogPluginManager: Mounting plugin FacialAnimation
LogPluginManager: Mounting plugin GameplayTagsEditor
LogPluginManager: Mounting plugin MacGraphicsSwitching
LogPluginManager: Mounting plugin MeshEditor
LogPluginManager: Mounting plugin MobileLauncherProfileWizard
LogPluginManager: Mounting plugin PluginBrowser
LogPluginManager: Mounting plugin SpeedTreeImporter
LogPluginManager: Mounting plugin DatasmithContent
LogPluginManager: Mounting plugin AlembicImporter
LogPluginManager: Mounting plugin AppleImageUtils
LogPluginManager: Mounting plugin AppleVision
LogPluginManager: Mounting plugin BackChannel
LogPluginManager: Mounting plugin CharacterAI
LogPluginManager: Mounting plugin GeometryCache
LogPluginManager: Mounting plugin HTML5Networking
LogPluginManager: Mounting plugin ProxyLODPlugin
LogPluginManager: Mounting plugin MagicLeap
LogPluginManager: Mounting plugin MagicLeapEmulator
LogPluginManager: Mounting plugin MagicLeapMedia
LogPluginManager: Mounting plugin AndroidMedia
LogPluginManager: Mounting plugin AvfMedia
LogPluginManager: Mounting plugin ImgMedia
LogPluginManager: Mounting plugin LinearTimecode
LogPluginManager: Mounting plugin MediaCompositing
LogPluginManager: Mounting plugin MediaPlayerEditor
LogPluginManager: Mounting plugin WmfMedia
LogPluginManager: Mounting plugin TcpMessaging
LogPluginManager: Mounting plugin UdpMessaging
LogPluginManager: Mounting plugin ActorSequence
LogPluginManager: Mounting plugin LevelSequenceEditor
LogPluginManager: Mounting plugin MatineeToLevelSequence
LogPluginManager: Mounting plugin NetcodeUnitTest
LogPluginManager: Mounting plugin NUTUnrealEngine4
LogPluginManager: Mounting plugin OnlineSubsystemGooglePlay
LogPluginManager: Mounting plugin OnlineSubsystemIOS
LogPluginManager: Mounting plugin OnlineSubsystem
LogPluginManager: Mounting plugin OnlineSubsystemNull
LogPluginManager: Mounting plugin OnlineSubsystemUtils
LogPluginManager: Mounting plugin LauncherChunkInstaller
LogPluginManager: Mounting plugin AndroidDeviceProfileSelector
LogPluginManager: Mounting plugin AndroidMoviePlayer
LogPluginManager: Mounting plugin AndroidPermission
LogPluginManager: Mounting plugin AppleMoviePlayer
LogPluginManager: Mounting plugin ArchVisCharacter
LogPluginManager: Mounting plugin AudioCapture
LogPluginManager: Mounting plugin CableComponent
LogPluginManager: Mounting plugin CustomMeshComponent
LogPluginManager: Mounting plugin EditableMesh
LogPluginManager: Mounting plugin ExampleDeviceProfileSelector
LogPluginManager: Mounting plugin GoogleCloudMessaging
LogPluginManager: Mounting plugin ImmediatePhysics
LogPluginManager: Mounting plugin IOSDeviceProfileSelector
LogPluginManager: Mounting plugin LinuxDeviceProfileSelector
LogPluginManager: Mounting plugin LocationServicesBPLibrary
LogPluginManager: Mounting plugin MobilePatchingUtils
LogPluginManager: Mounting plugin OculusVR
LogPluginManager: Plugin shader directory ../../../Engine/Plugins/Runtime/Oculus/OculusVR/Shaders found
LogPluginManager: Mapping shader source directory ../../../Engine/Plugins/Runtime/Oculus/OculusVR/Shaders to virtual directory /Plugin/OculusVR
LogPluginManager: Mounting plugin PhysXVehicles
LogPluginManager: Mounting plugin ProceduralMeshComponent
LogPluginManager: Mounting plugin RuntimePhysXCooking
LogPluginManager: Mounting plugin SteamVR
LogPluginManager: Mounting plugin WindowsMoviePlayer
LogStreaming: Display: Took  0.178s to configure plugins.
LogInit: Using libcurl 7.55.1-DEV
LogInit:  - built for x86_64-pc-win32
LogInit:  - supports SSL with OpenSSL/1.0.2h
LogInit:  - supports HTTP deflate (compression) using libz 1.2.8
LogInit:  - other features:
LogInit:      CURL_VERSION_SSL
LogInit:      CURL_VERSION_LIBZ
LogInit:      CURL_VERSION_IPV6
LogInit:      CURL_VERSION_ASYNCHDNS
LogInit:      CURL_VERSION_LARGEFILE
LogInit:      CURL_VERSION_IDN
LogInit:  CurlRequestOptions (configurable via config and command line):
LogInit:  - bVerifyPeer = false  - Libcurl will NOT verify peer certificate
LogInit:  - bUseHttpProxy = false  - Libcurl will NOT use HTTP proxy
LogInit:  - bDontReuseConnections = false  - Libcurl will reuse connections
LogInit:  - CertBundlePath = nullptr  - Libcurl will use whatever was configured at build time.
LogInit:  - MaxHostConnections = 16  - Libcurl will limit the number of connections to a host
LogInit:  - LocalHostAddr = Default
LogInit:  - BufferSize = 65536
LogInit: WinSock: version 1.1 (2.2), MaxSocks=32767, MaxUdp=65467
LogInit: Build: ++UE4+Release-4.20-CL-4369336
LogInit: Engine Version: 4.20.3-4369336+++UE4+Release-4.20
LogInit: Compatible Engine Version: 4.20.0-4212847+++UE4+Release-4.20
LogInit: Net CL: 4212847
LogInit: OS: Windows 10 (), CPU: Intel(R) Core(TM) i7-7700HQ CPU @ 2.80GHz, GPU: Intel(R) HD Graphics 630
LogInit: Compiled (64-bit): Sep 17 2018 12:26:19
LogInit: Compiled with Visual C++: 19.13.26129.00
LogInit: Build Configuration: Development
LogInit: Branch Name: ++UE4+Release-4.20
LogInit: Command Line: 
LogInit: Base Directory: C:/Program Files/Epic Games/UE_4.20/Engine/Binaries/Win64/
LogInit: Installed Engine Build: 1
LogDevObjectVersion: Number of dev versions registered: 20
LogDevObjectVersion:   Dev-Blueprints (B0D832E4-1F89-4F0D-ACCF-7EB736FD4AA2): 10
LogDevObjectVersion:   Dev-Build (E1C64328-A22C-4D53-A36C-8E866417BD8C): 0
LogDevObjectVersion:   Dev-Core (375EC13C-06E4-48FB-B500-84F0262A717E): 2
LogDevObjectVersion:   Dev-Editor (E4B068ED-F494-42E9-A231-DA0B2E46BB41): 24
LogDevObjectVersion:   Dev-Framework (CFFC743F-43B0-4480-9391-14DF171D2073): 34
LogDevObjectVersion:   Dev-Mobile (B02B49B5-BB20-44E9-A304-32B752E40360): 2
LogDevObjectVersion:   Dev-Networking (A4E4105C-59A1-49B5-A7C5-40C4547EDFEE): 0
LogDevObjectVersion:   Dev-Online (39C831C9-5AE6-47DC-9A44-9C173E1C8E7C): 0
LogDevObjectVersion:   Dev-Physics (78F01B33-EBEA-4F98-B9B4-84EACCB95AA2): 0
LogDevObjectVersion:   Dev-Platform (6631380F-2D4D-43E0-8009-CF276956A95A): 0
LogDevObjectVersion:   Dev-Rendering (12F88B9F-8875-4AFC-A67C-D90C383ABD29): 26
LogDevObjectVersion:   Dev-Sequencer (7B5AE74C-D270-4C10-A958-57980B212A5A): 9
LogDevObjectVersion:   Dev-VR (D7296918-1DD6-4BDD-9DE2-64A83CC13884): 2
LogDevObjectVersion:   Dev-LoadTimes (C2A15278-BFE7-4AFE-6C17-90FF531DF755): 1
LogDevObjectVersion:   Private-Geometry (6EACA3D4-40EC-4CC1-B786-8BED09428FC5): 3
LogDevObjectVersion:   Dev-AnimPhys (29E575DD-E0A3-4627-9D10-D276232CDCEA): 17
LogDevObjectVersion:   Dev-ReflectionCapture (6B266CEC-1EC7-4B8F-A30B-E4D90942FC07): 1
LogDevObjectVersion:   Dev-Automation (0DF73D61-A23F-47EA-B727-89E90C41499A): 1
LogDevObjectVersion:   FortniteMain (601D1886-AC64-4F84-AA16-D3DE0DEAC7D6): 12
LogDevObjectVersion:   Dev-Enterprise (9DFFBCD6-494F-0158-E221-12823C92A888): 1
LogStreaming: Display: Took  0.004s to delete old logs.
LogInit: Presizing for max 8388607 objects, including 0 objects not considered by GC, pre-allocating 0 bytes for permanent pool.
LogInit: Object subsystem initialized
[2018.12.07-16.55.08:022][  0]LogInit: Selected Device Profile: [Windows]
[2018.12.07-16.55.08:022][  0]LogInit: Applying CVar settings loaded from the selected device profile: [Windows]
[2018.12.07-16.55.08:045][  0]LogHAL: Display: Platform has ~ 16 GB [17024626688 / 17179869184 / 16], which maps to Larger [LargestMinGB=32, LargerMinGB=12, DefaultMinGB=8, SmallerMinGB=6, SmallestMinGB=0)
[2018.12.07-16.55.08:045][  0]LogInit: Setting Device Profile CVar: [[r.Vulkan.UseRealUBs:1]]
[2018.12.07-16.55.08:045][  0]LogInit: Going up to parent DeviceProfile []
[2018.12.07-16.55.08:045][  0]LogInit: Computer: ALEXLAPTOP
[2018.12.07-16.55.08:045][  0]LogInit: User: sidgwa
[2018.12.07-16.55.08:045][  0]LogInit: CPU Page size=4096, Cores=4
[2018.12.07-16.55.08:045][  0]LogInit: High frequency timer resolution =2.742192 MHz
[2018.12.07-16.55.08:046][  0]LogMemory: Memory total: Physical=15.9GB (16GB approx)
[2018.12.07-16.55.08:046][  0]LogMemory: Platform Memory Stats for Windows
[2018.12.07-16.55.08:046][  0]LogMemory: Process Physical Memory: 102.30 MB used, 102.30 MB peak
[2018.12.07-16.55.08:046][  0]LogMemory: Process Virtual Memory: 98.15 MB used, 98.15 MB peak
[2018.12.07-16.55.08:046][  0]LogMemory: Physical Memory: 9559.54 MB used,  6676.41 MB free, 16235.95 MB total
[2018.12.07-16.55.08:046][  0]LogMemory: Virtual Memory: 4647.23 MB used,  6676.41 MB free, 134217728.00 MB total
[2018.12.07-16.55.08:072][  0]LogInit: Using OS detected language (en-US).
[2018.12.07-16.55.08:072][  0]LogInit: Using OS detected locale (en-US).
[2018.12.07-16.55.08:072][  0]LogTextLocalizationManager: No specific localization for 'en-US' exists, so the 'en' localization will be used.
[2018.12.07-16.55.08:628][  0]LogStreaming: Display: Took  0.555s to InitEngineTextLocalization.
[2018.12.07-16.55.08:628][  0]LogInit: Setting process to per monitor DPI aware
[2018.12.07-16.55.08:676][  0]LogSlate: New Slate User Created.  User Index 0, Is Virtual User: 0
[2018.12.07-16.55.08:677][  0]LogSlate: Slate User Registered.  User Index 0, Is Virtual User: 0
[2018.12.07-16.55.08:955][  0]LogHMD: Failed to initialize OpenVR with code 110
[2018.12.07-16.55.08:955][  0]LogD3D11RHI: D3D11 adapters:
[2018.12.07-16.55.09:030][  0]LogD3D11RHI:    0. 'NVIDIA GeForce GTX 1050' (Feature Level 11_0)
[2018.12.07-16.55.09:030][  0]LogD3D11RHI:       4021/0/8117 MB DedicatedVideo/DedicatedSystem/SharedSystem, Outputs:1, VendorId:0x10de
[2018.12.07-16.55.09:043][  0]LogD3D11RHI:    1. 'Intel(R) HD Graphics 630' (Feature Level 11_0)
[2018.12.07-16.55.09:043][  0]LogD3D11RHI:       128/0/8117 MB DedicatedVideo/DedicatedSystem/SharedSystem, Outputs:0, VendorId:0x8086
[2018.12.07-16.55.09:045][  0]LogD3D11RHI:    2. 'Microsoft Basic Render Driver' (Feature Level 11_0)
[2018.12.07-16.55.09:045][  0]LogD3D11RHI:       0/0/8117 MB DedicatedVideo/DedicatedSystem/SharedSystem, Outputs:0, VendorId:0x1414
[2018.12.07-16.55.09:045][  0]LogD3D11RHI: Chosen D3D11 Adapter: 0
[2018.12.07-16.55.09:074][  0]LogD3D11RHI: Creating new Direct3DDevice
[2018.12.07-16.55.09:075][  0]LogD3D11RHI:     GPU DeviceId: 0x1c8d (for the marketing name, search the web for "GPU Device Id")
[2018.12.07-16.55.09:075][  0]LogWindows: EnumDisplayDevices:
[2018.12.07-16.55.09:075][  0]LogWindows:    0. 'Intel(R) HD Graphics 630' (P:1 D:1)
[2018.12.07-16.55.09:075][  0]LogWindows:    1. 'Intel(R) HD Graphics 630' (P:0 D:0)
[2018.12.07-16.55.09:075][  0]LogWindows:    2. 'Intel(R) HD Graphics 630' (P:0 D:0)
[2018.12.07-16.55.09:076][  0]LogWindows: DebugString: PrimaryIsNotTheChoosenAdapter PrimaryIsNotTheChoosenAdapter PrimaryIsNotTheChoosenAdapter FoundDriverCount:0 
[2018.12.07-16.55.09:076][  0]LogD3D11RHI:     Adapter Name: NVIDIA GeForce GTX 1050
[2018.12.07-16.55.09:076][  0]LogD3D11RHI:   Driver Version: Unknown (internal:Unknown, unified:Unknown)
[2018.12.07-16.55.09:076][  0]LogD3D11RHI:      Driver Date: Unknown
[2018.12.07-16.55.09:076][  0]LogRHI: Texture pool is 2814 MB (70% of 4021 MB)
[2018.12.07-16.55.09:136][  0]LogD3D11RHI: Async texture creation enabled
[2018.12.07-16.55.09:191][  0]LogD3D11RHI: GPU Timing Frequency: 1000.000000 (Debug: 2 2)
[2018.12.07-16.55.09:193][  0]LogShaderCompilers: Guid format shader working directory is -32 characters bigger than the processId version (../../../../../../Users/sidgwa/Documents/Game Development 1/GameDev-4/Project4/Intermediate/Shaders/WorkingDirectory/28096/).
[2018.12.07-16.55.09:193][  0]LogShaderCompilers: Cleaned the shader compiler working directory 'C:/Users/sidgwa/AppData/Local/Temp/UnrealShaderWorkingDir/E1E7058347B13E2068C596B81625C433/'.
[2018.12.07-16.55.09:631][  0]LogTemp: Display: Loaded TP AllDesktopTargetPlatform
[2018.12.07-16.55.09:655][  0]LogTemp: Display: Loaded TP MacClientTargetPlatform
[2018.12.07-16.55.09:676][  0]LogTemp: Display: Loaded TP MacNoEditorTargetPlatform
[2018.12.07-16.55.09:696][  0]LogTemp: Display: Loaded TP MacServerTargetPlatform
[2018.12.07-16.55.09:715][  0]LogTemp: Display: Loaded TP MacTargetPlatform
[2018.12.07-16.55.09:736][  0]LogTemp: Display: Loaded TP WindowsClientTargetPlatform
[2018.12.07-16.55.09:754][  0]LogTemp: Display: Loaded TP WindowsNoEditorTargetPlatform
[2018.12.07-16.55.09:775][  0]LogTemp: Display: Loaded TP WindowsServerTargetPlatform
[2018.12.07-16.55.09:783][  0]LogTemp: Display: Loaded TP WindowsTargetPlatform
[2018.12.07-16.55.09:907][  0]LogTemp: Display: Loaded TP AndroidTargetPlatform
[2018.12.07-16.55.09:907][  0]LogTemp: Display: Loaded TP AndroidTargetPlatform
[2018.12.07-16.55.09:907][  0]LogTemp: Display: Loaded TP AndroidTargetPlatform
[2018.12.07-16.55.09:907][  0]LogTemp: Display: Loaded TP AndroidTargetPlatform
[2018.12.07-16.55.09:907][  0]LogTemp: Display: Loaded TP AndroidTargetPlatform
[2018.12.07-16.55.09:907][  0]LogTemp: Display: Loaded TP AndroidTargetPlatform
[2018.12.07-16.55.09:907][  0]LogTemp: Display: Loaded TP AndroidTargetPlatform
[2018.12.07-16.55.09:907][  0]LogTemp: Display: Loaded TP AndroidTargetPlatform
[2018.12.07-16.55.09:907][  0]LogTemp: Display: Loaded TP AndroidTargetPlatform
[2018.12.07-16.55.09:907][  0]LogTemp: Display: Loaded TP AndroidTargetPlatform
[2018.12.07-16.55.09:907][  0]LogTemp: Display: Loaded TP AndroidTargetPlatform
[2018.12.07-16.55.09:907][  0]LogTemp: Display: Loaded TP AndroidTargetPlatform
[2018.12.07-16.55.09:907][  0]LogTemp: Display: Loaded TP AndroidTargetPlatform
[2018.12.07-16.55.09:907][  0]LogTemp: Display: Loaded TP AndroidTargetPlatform
[2018.12.07-16.55.09:907][  0]LogTemp: Display: Loaded TP AndroidTargetPlatform
[2018.12.07-16.55.09:907][  0]LogTemp: Display: Loaded TP AndroidTargetPlatform
[2018.12.07-16.55.09:907][  0]LogTemp: Display: Loaded TP AndroidTargetPlatform
[2018.12.07-16.55.09:907][  0]LogTemp: Display: Loaded TP AndroidTargetPlatform
[2018.12.07-16.55.09:909][  0]LogTemp: Display: Loaded TP HTML5TargetPlatform
[2018.12.07-16.55.09:983][  0]LogTemp: Display: Loaded TP IOSTargetPlatform
[2018.12.07-16.55.09:983][  0]LogTemp: Display: Loaded TP IOSTargetPlatform
[2018.12.07-16.55.10:021][  0]LogTemp: Display: Loaded TP TVOSTargetPlatform
[2018.12.07-16.55.10:021][  0]LogTemp: Display: Loaded TP TVOSTargetPlatform
[2018.12.07-16.55.10:046][  0]LogTemp: Display: Loaded TP LinuxClientTargetPlatform
[2018.12.07-16.55.10:067][  0]LogTemp: Display: Loaded TP LinuxNoEditorTargetPlatform
[2018.12.07-16.55.10:097][  0]LogTemp: Display: Loaded TP LinuxServerTargetPlatform
[2018.12.07-16.55.10:120][  0]LogTemp: Display: Loaded TP LinuxTargetPlatform
[2018.12.07-16.55.10:134][  0]LogTemp: Display: Loaded TP LuminTargetPlatform
[2018.12.07-16.55.10:135][  0]LogTargetPlatformManager: Display: Building Assets For Windows
[2018.12.07-16.55.10:202][  0]LogXGEController: Cannot use XGE Controller as Incredibuild is not installed on this machine.
[2018.12.07-16.55.10:202][  0]LogShaderCompilers: Cannot use XGE Shader Compiler as Incredibuild is not installed on this machine.
[2018.12.07-16.55.10:202][  0]LogShaderCompilers: Display: Using Local Shader Compiler.
[2018.12.07-16.55.11:304][  0]LogDerivedDataCache: Display: Max Cache Size: 512 MB
[2018.12.07-16.55.11:373][  0]LogDerivedDataCache: Loaded boot cache 0.07s 71MB C:/Users/sidgwa/AppData/Local/UnrealEngine/4.20/DerivedDataCache/Boot.ddc.
[2018.12.07-16.55.11:374][  0]LogDerivedDataCache: Display: Loaded Boot cache: C:/Users/sidgwa/AppData/Local/UnrealEngine/4.20/DerivedDataCache/Boot.ddc
[2018.12.07-16.55.11:374][  0]LogDerivedDataCache: FDerivedDataBackendGraph:  Pak pak cache file ../../../../../../Users/sidgwa/Documents/Game Development 1/GameDev-4/Project4/DerivedDataCache/DDC.ddp not found, will not use a pak cache.
[2018.12.07-16.55.11:374][  0]LogDerivedDataCache: Unable to find inner node Pak for hierarchical cache Hierarchy.
[2018.12.07-16.55.11:374][  0]LogDerivedDataCache: FDerivedDataBackendGraph:  CompressedPak pak cache file ../../../../../../Users/sidgwa/Documents/Game Development 1/GameDev-4/Project4/DerivedDataCache/Compressed.ddp not found, will not use a pak cache.
[2018.12.07-16.55.11:374][  0]LogDerivedDataCache: Unable to find inner node CompressedPak for hierarchical cache Hierarchy.
[2018.12.07-16.55.11:395][  0]LogDerivedDataCache: Display: Pak cache opened for reading ../../../Engine/DerivedDataCache/Compressed.ddp.
[2018.12.07-16.55.11:407][  0]LogDerivedDataCache: Using Local data cache path C:/Users/sidgwa/AppData/Local/UnrealEngine/Common/DerivedDataCache: Writable
[2018.12.07-16.55.11:407][  0]LogDerivedDataCache: Shared data cache path not found in *engine.ini, will not use an Shared cache.
[2018.12.07-16.55.11:407][  0]LogDerivedDataCache: Unable to find inner node Shared for hierarchical cache Hierarchy.
[2018.12.07-16.55.11:432][  0]LogMaterial: Verifying Global Shaders for PCD3D_SM5
[2018.12.07-16.55.11:434][  0]LogSlate: Using FreeType 2.6.0
[2018.12.07-16.55.11:435][  0]LogSlate: SlateFontServices - WITH_FREETYPE: 1, WITH_HARFBUZZ: 1
[2018.12.07-16.55.11:531][  0]LogAssetRegistry: FAssetRegistry took 0.0290 seconds to start up
[2018.12.07-16.55.11:997][  0]LogInit: Selected Device Profile: [Windows]
[2018.12.07-16.55.12:196][  0]LogSimplygon: Simplygon DLL not present - disabling.
[2018.12.07-16.55.12:200][  0]LogMeshReduction: Using SimplygonSwarm for distributed automatic mesh merging
[2018.12.07-16.55.12:200][  0]LogMeshReduction: Using ProxyLODMeshReduction for automatic mesh merging
[2018.12.07-16.55.12:200][  0]LogMeshReduction: Using QuadricMeshReduction for automatic static mesh reduction
[2018.12.07-16.55.12:200][  0]LogMeshReduction: No automatic skeletal mesh reduction module available
[2018.12.07-16.55.12:221][  0]LogNetVersion: Project4 1.0.0, NetCL: 4212847, EngineNetVer: 5, GameNetVer: 0 (Checksum: 1992437466)
[2018.12.07-16.55.13:033][  0]LogPackageLocalizationCache: Processed 11 localized package path(s) for 2 prioritized culture(s) in 0.202731 seconds
[2018.12.07-16.55.13:041][  0]LogUObjectArray: 38425 objects as part of root set at end of initial load.
[2018.12.07-16.55.13:041][  0]LogUObjectAllocator: 6690864 out of 0 bytes used by permanent object pool.
[2018.12.07-16.55.13:041][  0]LogUObjectArray: CloseDisregardForGC: 0/0 objects in disregard for GC pool
[2018.12.07-16.55.14:177][  0]LogTcpMessaging: Initializing TcpMessaging bridge
[2018.12.07-16.55.14:190][  0]LogUdpMessaging: Initializing bridge on interface 0.0.0.0:0 to multicast group 230.0.0.1:6666.
[2018.12.07-16.55.14:359][  0]SourceControl: Source control is disabled
[2018.12.07-16.55.14:359][  0]SourceControl: Source control is disabled
[2018.12.07-16.55.14:361][  0]SourceControl: Source control is disabled
[2018.12.07-16.55.14:362][  0]SourceControl: Source control is disabled
[2018.12.07-16.55.14:540][  0]LogAndroidPermission: UAndroidPermissionCallbackProxy::GetInstance
[2018.12.07-16.55.14:672][  0]LogOcInput: OculusInput pre-init called
[2018.12.07-16.55.14:748][  0]LogEngine: Initializing Engine...
[2018.12.07-16.55.14:749][  0]LogHMD: Failed to initialize OpenVR with code 110
[2018.12.07-16.55.14:751][  0]LogStats: UGameplayTagsManager::ConstructGameplayTagTree: ImportINI prefixes -  0.000 s
[2018.12.07-16.55.14:751][  0]LogStats: UGameplayTagsManager::ConstructGameplayTagTree: Construct from data asset -  0.000 s
[2018.12.07-16.55.14:751][  0]LogStats: UGameplayTagsManager::ConstructGameplayTagTree: ImportINI -  0.000 s
[2018.12.07-16.55.14:751][  0]LogStats: UGameplayTagsManager::ConstructGameplayTagTree: GameplayTagTreeChangedEvent.Broadcast -  0.000 s
[2018.12.07-16.55.15:035][  0]LogInit: Initializing FReadOnlyCVARCache
[2018.12.07-16.55.15:047][  0]LogAIModule: Creating AISystem for world Untitled
[2018.12.07-16.55.15:150][  0]LogInit: XAudio2 using 'Speakers / Headphones (Realtek Audio)' : 2 channels at 48 kHz using 32 bits per sample (channel mask 0x3)
[2018.12.07-16.55.15:171][  0]LogInit: FAudioDevice initialized.
[2018.12.07-16.55.15:172][  0]LogNetVersion: Set ProjectVersion to 1.0.0.0. Version Checksum will be recalculated on next use.
[2018.12.07-16.55.15:225][  0]LogDerivedDataCache: Saved boot cache 0.05s 71MB C:/Users/sidgwa/AppData/Local/UnrealEngine/4.20/DerivedDataCache/Boot.ddc.
[2018.12.07-16.55.15:242][  0]LogInit: Texture streaming: Enabled
[2018.12.07-16.55.15:258][  0]LogEngineSessionManager: EngineSessionManager initialized
[2018.12.07-16.55.15:275][  0]LogInit: Transaction tracking system initialized
[2018.12.07-16.55.15:296][  0]BlueprintLog: New page: Editor Load
[2018.12.07-16.55.15:368][  0]LocalizationService: Localization service is disabled
[2018.12.07-16.55.15:687][  0]LogCook: Display: Max memory allowance for cook 16384mb min free memory 0mb
[2018.12.07-16.55.15:687][  0]LogCook: Display: Mobile HDR setting 1
[2018.12.07-16.55.15:687][  0]LogGameplayTags: Display: UGameplayTagsManager::DoneAddingNativeTags. DelegateIsBound: 0
[2018.12.07-16.55.15:687][  0]LogStats: UGameplayTagsManager::ConstructGameplayTagTree: ImportINI prefixes -  0.000 s
[2018.12.07-16.55.15:687][  0]LogStats: UGameplayTagsManager::ConstructGameplayTagTree: Construct from data asset -  0.000 s
[2018.12.07-16.55.15:687][  0]LogStats: UGameplayTagsManager::ConstructGameplayTagTree: ImportINI -  0.000 s
[2018.12.07-16.55.15:687][  0]LogStats: UGameplayTagsManager::ConstructGameplayTagTree: GameplayTagTreeChangedEvent.Broadcast -  0.000 s
[2018.12.07-16.55.15:823][  0]LogFileCache: Scanning file cache for directory 'C:/Users/sidgwa/Documents/Game Development 1/GameDev-4/Project4/Content/' took 0.02s
[2018.12.07-16.55.15:823][  0]SourceControl: Source control is disabled
[2018.12.07-16.55.15:823][  0]Cmd: MAP LOAD FILE="../../../../../../Users/sidgwa/Documents/Game Development 1/GameDev-4/Project4/Content/GameView.umap" TEMPLATE=0 SHOWPROGRESS=1 FEATURELEVEL=3
[2018.12.07-16.55.15:824][  0]LightingResults: New page: Lighting Build
[2018.12.07-16.55.15:826][  0]MapCheck: New page: Map Check
[2018.12.07-16.55.15:826][  0]LightingResults: New page: Lighting Build
[2018.12.07-16.55.17:052][  0]LogAIModule: Creating AISystem for world GameView
[2018.12.07-16.55.17:059][  0]LogEditorServer: Finished looking for orphan Actors (0.000 secs)
[2018.12.07-16.55.17:102][  0]Cmd: MAP CHECKDEP NOCLEARLOG
[2018.12.07-16.55.17:193][  0]MapCheck: Map check complete: 0 Error(s), 0 Warning(s), took 91.846ms to complete.
[2018.12.07-16.55.17:193][  0]LogFileHelpers: Loading map 'GameView' took 1.371
[2018.12.07-16.55.17:349][  0]LogSlate: Updating window title bar state: overlay mode, drag disabled, window buttons hidden, title bar hidden
[2018.12.07-16.55.17:360][  0]LogSlate: Updating window title bar state: overlay mode, drag disabled, window buttons hidden, title bar hidden
[2018.12.07-16.55.17:371][  0]LogSlate: Updating window title bar state: overlay mode, drag disabled, window buttons hidden, title bar hidden
[2018.12.07-16.55.17:382][  0]LogSlate: Updating window title bar state: overlay mode, drag disabled, window buttons hidden, title bar hidden
[2018.12.07-16.55.17:388][  0]LogCollectionManager: Loaded 0 collections in 0.001290 seconds
[2018.12.07-16.55.17:431][  0]LogFileCache: Scanning file cache for directory 'C:/Users/sidgwa/Documents/Game Development 1/GameDev-4/Project4/Saved/Collections/' took 0.01s
[2018.12.07-16.55.17:431][  0]LogFileCache: Scanning file cache for directory 'C:/Users/sidgwa/Documents/Game Development 1/GameDev-4/Project4/Content/Developers/sidgwa/Collections/' took 0.01s
[2018.12.07-16.55.17:431][  0]LogFileCache: Scanning file cache for directory 'C:/Users/sidgwa/Documents/Game Development 1/GameDev-4/Project4/Content/Collections/' took 0.01s
[2018.12.07-16.55.17:431][  0]LogCollectionManager: Rebuilt the GUID cache for 0 collections in 0.000000 seconds
[2018.12.07-16.55.17:444][  0]LogContentBrowser: Native class hierarchy populated in 0.0129 seconds. Added 2572 classes and 603 folders.
[2018.12.07-16.55.17:451][  0]LogContentBrowser: Native class hierarchy updated for 'WidgetCarousel' in 0.0003 seconds. Added 0 classes and 0 folders.
[2018.12.07-16.55.17:502][  0]LogContentBrowser: Native class hierarchy updated for 'AddContentDialog' in 0.0003 seconds. Added 0 classes and 0 folders.
[2018.12.07-16.55.17:510][  0]LogContentBrowser: Native class hierarchy updated for 'SceneOutliner' in 0.0003 seconds. Added 1 classes and 2 folders.
[2018.12.07-16.55.17:599][  0]LogSlate: Took 0.000255 seconds to synchronously load lazily loaded font '../../../Engine/Content/Slate/Fonts/Roboto-Regular.ttf' (155K)
[2018.12.07-16.55.17:601][  0]LogSlate: Took 0.000259 seconds to synchronously load lazily loaded font '../../../Engine/Content/Slate/Fonts/Roboto-Bold.ttf' (160K)
[2018.12.07-16.55.17:609][  0]LogSlate: Took 0.000243 seconds to synchronously load lazily loaded font '../../../Engine/Content/Editor/Slate/Fonts/FontAwesome.ttf' (139K)
[2018.12.07-16.55.17:729][  0]LogRenderer: Reallocating scene render targets to support 848x576 Format 10 NumSamples 1 (Frame:1).
[2018.12.07-16.55.17:790][  0]LogSlate: Took 0.000216 seconds to synchronously load lazily loaded font '../../../Engine/Content/Slate/Fonts/Roboto-Light.ttf' (167K)
[2018.12.07-16.55.17:955][  0]LogContentBrowser: Native class hierarchy updated for 'HierarchicalLODOutliner' in 0.0003 seconds. Added 0 classes and 0 folders.
[2018.12.07-16.55.17:955][  0]LogLoad: (Engine Initialization) Total time: 12.00 seconds
[2018.12.07-16.55.17:955][  0]LogLoad: (Engine Initialization) Total Blueprint compile time: 0.00 seconds
[2018.12.07-16.55.17:974][  0]LogWindowsTextInputMethodSystem: Display: IME system now deactivated.
[2018.12.07-16.55.18:026][  0]LogContentStreaming: Texture pool size now 1000 MB
[2018.12.07-16.55.18:054][  1]LogFileCache: Retrieving MD5 hashes for directory 'C:/Users/sidgwa/Documents/Game Development 1/GameDev-4/Project4/Content/' took 0.07s
[2018.12.07-16.55.18:096][  2]LogAssetRegistry: Asset discovery search completed in 6.5877 seconds
[2018.12.07-16.55.18:099][  2]LogCollectionManager: Rebuilt the object cache for 0 collections in 0.000000 seconds (found 0 objects)
[2018.12.07-16.55.18:099][  2]LogCollectionManager: Fixed up redirectors for 0 collections in 0.000107 seconds (updated 0 objects)
[2018.12.07-16.55.19:000][ 52]LogSlate: Took 0.000210 seconds to synchronously load lazily loaded font '../../../Engine/Content/Slate/Fonts/Roboto-Light.ttf' (167K)
[2018.12.07-16.55.19:004][ 52]LogSlate: FSceneViewport::OnFocusLost() reason 2
[2018.12.07-16.55.19:010][ 52]LogAssetEditorManager: Opening Asset editor for Blueprint /Game/Blueprints/DialogueStuff/Customer.Customer
[2018.12.07-16.55.19:773][ 52]LogContentBrowser: Native class hierarchy updated for 'BlueprintGraph' in 0.0008 seconds. Added 116 classes and 0 folders.
[2018.12.07-16.55.20:985][ 52]LogAssetEditorManager: Opening Asset editor for Blueprint /Game/Blueprints/Spawn_Blueprint.Spawn_Blueprint
[2018.12.07-16.55.21:549][ 52]LogAssetEditorManager: Opening Asset editor for Blueprint /Game/Blueprints/Constraint_Blueprint.Constraint_Blueprint
[2018.12.07-16.55.22:053][ 52]LogAssetEditorManager: Opening Asset editor for Blueprint /Game/Blueprints/Player_Blueprint.Player_Blueprint
[2018.12.07-16.55.22:567][ 52]LogAssetEditorManager: Opening Asset editor for Blueprint /Game/Blueprints/Items_Blueprint.Items_Blueprint
[2018.12.07-16.55.23:069][ 52]LogAssetEditorManager: Opening Asset editor for Blueprint /Game/Blueprints/ItemHitbox_Blueprint.ItemHitbox_Blueprint
[2018.12.07-16.55.23:591][ 52]LogAssetEditorManager: Opening Asset editor for WidgetBlueprint /Game/Blueprints/Timer.Timer
[2018.12.07-16.55.24:114][ 52]LogAssetEditorManager: Opening Asset editor for Blueprint /Game/Blueprints/Timer_Blueprint.Timer_Blueprint
[2018.12.07-16.55.24:612][ 52]LogSlate: Took 0.000234 seconds to synchronously load lazily loaded font '../../../Engine/Content/Slate/Fonts/Roboto-BoldCondensed.ttf' (158K)
[2018.12.07-16.55.24:719][ 53]LogSlate: Took 0.000246 seconds to synchronously load lazily loaded font '../../../Engine/Content/Slate/Fonts/Roboto-Italic.ttf' (157K)
[2018.12.07-16.57.09:018][320]LogContentBrowser: Verbose: The majority of assets in the view are of type: Skeleton
[2018.12.07-16.57.24:140][320]LogSlate: Window 'Create Animation Blueprint' being destroyed
[2018.12.07-16.57.30:322][623]LogAssetEditorManager: Opening Asset editor for AnimBlueprint /Game/NewAnimBlueprint.NewAnimBlueprint
[2018.12.07-16.57.30:345][623]LogContentBrowser: Native class hierarchy updated for 'SkeletonEditor' in 0.0004 seconds. Added 1 classes and 2 folders.
[2018.12.07-16.57.30:645][623]LogActorComponent: RegisterComponentWithWorld: (/Engine/Transient.World_13:PersistentLevel.AnimationEditorPreviewActor_0.DebugSkelMeshComponent_0) Already registered. Aborting.
[2018.12.07-16.57.30:650][623]LogContentBrowser: Native class hierarchy updated for 'PinnedCommandList' in 0.0003 seconds. Added 1 classes and 0 folders.
[2018.12.07-16.57.31:462][623]LogContentBrowser: Native class hierarchy updated for 'ClothingSystemEditorInterface' in 0.0003 seconds. Added 1 classes and 0 folders.
[2018.12.07-16.58.08:946][256]LogSlate: Window 'Message' being destroyed
[2018.12.07-16.58.40:427][628]LogSlate: Window 'Message' being destroyed
[2018.12.07-16.58.40:435][628]LogFactory: FactoryCreateFile: StaticMesh with FbxFactory (0 0 ../../../../../../Users/sidgwa/Documents/Game Development 1/GameDev-4/Project4/Content/customer.fbx)
[2018.12.07-16.58.40:442][628]LogEditorFactories: Performing atomic reimport of [C:/Users/sidgwa/Documents/Game Development 1/GameDev-4/Project4/Content/customer.fbx]
[2018.12.07-16.58.40:460][628]LogFbx: Loading FBX Scene from C:/Users/sidgwa/Documents/Game Development 1/GameDev-4/Project4/Content/customer.fbx
[2018.12.07-16.58.40:479][628]LogFbx: FBX Scene Loaded Succesfully
[2018.12.07-16.58.40:480][628]LogFbx: =================================================
[2018.12.07-16.58.40:480][628]LogFbx: Dumping Node START [pCube34] 
[2018.12.07-16.58.40:480][628]LogFbx: 	Total Deformer Count 923920984.
[2018.12.07-16.58.40:480][628]LogFbx: 	Attribute () Type (4).
[2018.12.07-16.58.40:480][628]LogFbx: 		[Node Attribute Child 1] pCube34 (Type Mesh).
[2018.12.07-16.58.40:480][628]LogFbx: Dumping Node END [pCube34]
[2018.12.07-16.58.40:480][628]LogFbx: =================================================
[2018.12.07-16.58.40:480][628]LogFbx: Dumping Node START [pCube35] 
[2018.12.07-16.58.40:480][628]LogFbx: 	Total Deformer Count 923920368.
[2018.12.07-16.58.40:480][628]LogFbx: 	Attribute () Type (4).
[2018.12.07-16.58.40:480][628]LogFbx: 		[Node Attribute Child 1] pCube35 (Type Mesh).
[2018.12.07-16.58.40:480][628]LogFbx: Dumping Node END [pCube35]
[2018.12.07-16.58.40:481][628]LogFbx: =================================================
[2018.12.07-16.58.40:481][628]LogFbx: Dumping Node START [pCube36] 
[2018.12.07-16.58.40:481][628]LogFbx: 	Total Deformer Count 923920984.
[2018.12.07-16.58.40:481][628]LogFbx: 		[Node 1]  (Type Skin).
[2018.12.07-16.58.40:481][628]LogFbx: =================================================
[2018.12.07-16.58.40:481][628]LogFbx: 	Attribute () Type (4).
[2018.12.07-16.58.40:481][628]LogFbx: 		[Node Attribute Child 1] pCube36 (Type Mesh).
[2018.12.07-16.58.40:481][628]LogFbx: Dumping Node END [pCube36]
[2018.12.07-16.58.40:481][628]LogFbx: =================================================
[2018.12.07-16.58.40:481][628]LogFbx: Dumping Node START [pCube34] 
[2018.12.07-16.58.40:481][628]LogFbx: 	Total Deformer Count 923925688.
[2018.12.07-16.58.40:481][628]LogFbx: 	Attribute () Type (4).
[2018.12.07-16.58.40:481][628]LogFbx: 		[Node Attribute Child 1] pCube34 (Type Mesh).
[2018.12.07-16.58.40:481][628]LogFbx: Dumping Node END [pCube34]
[2018.12.07-16.58.40:481][628]LogFbx: =================================================
[2018.12.07-16.58.40:481][628]LogFbx: Dumping Node START [pCube35] 
[2018.12.07-16.58.40:481][628]LogFbx: 	Total Deformer Count 923920984.
[2018.12.07-16.58.40:481][628]LogFbx: 	Attribute () Type (4).
[2018.12.07-16.58.40:481][628]LogFbx: 		[Node Attribute Child 1] pCube35 (Type Mesh).
[2018.12.07-16.58.40:481][628]LogFbx: Dumping Node END [pCube35]
[2018.12.07-16.58.40:481][628]LogFbx: =================================================
[2018.12.07-16.58.40:481][628]LogFbx: Dumping Node START [pCube35] 
[2018.12.07-16.58.40:481][628]LogFbx: 	Total Deformer Count 923925688.
[2018.12.07-16.58.40:481][628]LogFbx: 	Attribute () Type (4).
[2018.12.07-16.58.40:481][628]LogFbx: 		[Node Attribute Child 1] pCube35 (Type Mesh).
[2018.12.07-16.58.40:481][628]LogFbx: Dumping Node END [pCube35]
[2018.12.07-16.58.40:482][628]LogFbx: =================================================
[2018.12.07-16.58.40:482][628]LogFbx: Dumping Node START [pCube36] 
[2018.12.07-16.58.40:482][628]LogFbx: 	Total Deformer Count 923925688.
[2018.12.07-16.58.40:482][628]LogFbx: 		[Node 1]  (Type Skin).
[2018.12.07-16.58.40:482][628]LogFbx: =================================================
[2018.12.07-16.58.40:482][628]LogFbx: 	Attribute () Type (4).
[2018.12.07-16.58.40:482][628]LogFbx: 		[Node Attribute Child 1] pCube36 (Type Mesh).
[2018.12.07-16.58.40:482][628]LogFbx: Dumping Node END [pCube36]
[2018.12.07-16.58.40:482][628]LogFbx: Valid bind pose for Pose (skinCluster1) - pCube36
[2018.12.07-16.58.40:484][628]LogFbx: Warning: Bones digested - 10  Depth of hierarchy - 6
[2018.12.07-16.58.40:488][628]LogSkeletalMesh: Section 0: 175 vertices, 4 active bones
[2018.12.07-16.58.40:488][628]LogSkeletalMesh: Section 1: 67 vertices, 1 active bones
[2018.12.07-16.58.40:489][628]LogSkeletalMesh: Section 0: Material=0, 72 triangles
[2018.12.07-16.58.40:489][628]LogSkeletalMesh: Section 1: Material=1, 80 triangles
[2018.12.07-16.58.40:489][628]LogSkeletalMesh: Building Skeletal Mesh customer...
[2018.12.07-16.58.40:490][628]LogSkeletalMesh: Built Skeletal Mesh [0.00s] /Game/customer.customer
[2018.12.07-16.58.40:491][628]LogEditorFactories: -- imported successfully
[2018.12.07-16.58.40:499][628]FBXImport: Warning: Mesh [Geometry have no name] in the fbx file is not reference by any hierarchy node. 
[2018.12.07-16.58.40:500][628]FBXImport: Warning: Mesh [Geometry have no name] in the fbx file is not reference by any hierarchy node. 
[2018.12.07-16.58.40:500][628]FBXImport: Warning: The following bones are missing from the bind pose:
pCube35  

This can happen for bones that are not vert weighted. If they are not in the correct orientation after importing,
please set the "Use T0 as ref pose" option or add them to the bind pose and reimport the skeletal mesh. 
[2018.12.07-16.58.40:500][628]LogSkeletalMesh: Building Skeletal Mesh customer...
[2018.12.07-16.58.40:500][628]LogSkeletalMesh: Built Skeletal Mesh [0.00s] /Game/customer.customer
[2018.12.07-16.58.40:517][628]LogSkeletalMesh: Building Skeletal Mesh customer...
[2018.12.07-16.58.40:518][628]LogSkeletalMesh: Built Skeletal Mesh [0.00s] /Game/customer.customer
[2018.12.07-16.58.45:139][872]LogTemp: Repeating last play command: Selected Viewport
[2018.12.07-16.58.45:196][872]LogPlayLevel: PlayLevel: No blueprints needed recompiling
[2018.12.07-16.58.45:208][872]PIE: New page: PIE session: GameView (Dec 7, 2018, 6:58:45 AM)
[2018.12.07-16.58.45:208][872]LogPlayLevel: Creating play world package: /Game/UEDPIE_0_GameView
[2018.12.07-16.58.45:212][872]LogPlayLevel: PIE: StaticDuplicateObject took: (0.003754s)
[2018.12.07-16.58.45:213][872]LogAIModule: Creating AISystem for world GameView
[2018.12.07-16.58.45:213][872]LogPlayLevel: PIE: World Init took: (0.000957s)
[2018.12.07-16.58.45:213][872]LogPlayLevel: PIE: Created PIE world by copying editor world from /Game/GameView.GameView to /Game/UEDPIE_0_GameView.GameView (0.004964s)
[2018.12.07-16.58.45:298][872]LogInit: XAudio2 using 'Speakers / Headphones (Realtek Audio)' : 2 channels at 48 kHz using 32 bits per sample (channel mask 0x3)
[2018.12.07-16.58.45:316][872]LogInit: FAudioDevice initialized.
[2018.12.07-16.58.45:373][872]LogLoad: Game class is 'GameMode_C'
[2018.12.07-16.58.45:374][872]LogWorld: Bringing World /Game/UEDPIE_0_GameView.GameView up for play (max tick rate 60) at 2018.12.07-11.58.45
[2018.12.07-16.58.45:375][872]LogWorld: Bringing up level for play took: 0.001001
[2018.12.07-16.58.45:392][872]LogContentBrowser: Native class hierarchy updated for 'MovieSceneCapture' in 0.0004 seconds. Added 10 classes and 0 folders.
[2018.12.07-16.58.45:392][872]LogScript: Warning: Accessed None trying to read property currentCustomer_obj
	Spawn_Blueprint_C /Game/UEDPIE_0_GameView.GameView:PersistentLevel.Spawn_Blueprint_80
	Function /Game/Blueprints/Spawn_Blueprint.Spawn_Blueprint_C:SetCustomer:000D
[2018.12.07-16.58.45:393][872]PIE: Error: Blueprint Runtime Error: "Accessed None trying to read property currentCustomer_obj". Blueprint:  Spawn_Blueprint Function:  Set Customer Graph:  SetCustomer Node:  DestroyActor
[2018.12.07-16.58.45:395][872]PIE: Play in editor start time for /Game/UEDPIE_0_GameView 0.123
[2018.12.07-16.58.46:516][932]LogSlate: Updating window title bar state: overlay mode, drag disabled, window buttons hidden, title bar hidden
[2018.12.07-16.58.46:559][932]LogPlayLevel: Display: Shutting down PIE online subsystems
[2018.12.07-16.58.46:614][932]LogSlate: Updating window title bar state: overlay mode, drag disabled, window buttons hidden, title bar hidden
[2018.12.07-16.58.46:649][933]LogPlayLevel: Display: Destroying online subsystem :Context_16
[2018.12.07-17.02.50:366][ 75]LogSlate: Window 'Message' being destroyed
[2018.12.07-17.02.50:375][ 75]LogFactory: FactoryCreateFile: StaticMesh with FbxFactory (0 0 ../../../../../../Users/sidgwa/Documents/Game Development 1/GameDev-4/Project4/Content/customer.fbx)
[2018.12.07-17.02.50:378][ 75]LogEditorFactories: Performing atomic reimport of [C:/Users/sidgwa/Documents/Game Development 1/GameDev-4/Project4/Content/customer.fbx]
[2018.12.07-17.02.50:396][ 75]LogFbx: Loading FBX Scene from C:/Users/sidgwa/Documents/Game Development 1/GameDev-4/Project4/Content/customer.fbx
[2018.12.07-17.02.50:415][ 75]LogFbx: FBX Scene Loaded Succesfully
[2018.12.07-17.02.50:416][ 75]LogFbx: =================================================
[2018.12.07-17.02.50:416][ 75]LogFbx: Dumping Node START [pCube34] 
[2018.12.07-17.02.50:416][ 75]LogFbx: 	Total Deformer Count 586462872.
[2018.12.07-17.02.50:416][ 75]LogFbx: 	Attribute () Type (4).
[2018.12.07-17.02.50:416][ 75]LogFbx: 		[Node Attribute Child 1] pCube34 (Type Mesh).
[2018.12.07-17.02.50:416][ 75]LogFbx: Dumping Node END [pCube34]
[2018.12.07-17.02.50:416][ 75]LogFbx: =================================================
[2018.12.07-17.02.50:416][ 75]LogFbx: Dumping Node START [pCube35] 
[2018.12.07-17.02.50:416][ 75]LogFbx: 	Total Deformer Count 586461752.
[2018.12.07-17.02.50:416][ 75]LogFbx: 	Attribute () Type (4).
[2018.12.07-17.02.50:416][ 75]LogFbx: 		[Node Attribute Child 1] pCube35 (Type Mesh).
[2018.12.07-17.02.50:416][ 75]LogFbx: Dumping Node END [pCube35]
[2018.12.07-17.02.50:416][ 75]LogFbx: =================================================
[2018.12.07-17.02.50:416][ 75]LogFbx: Dumping Node START [pCube36] 
[2018.12.07-17.02.50:416][ 75]LogFbx: 	Total Deformer Count 586462872.
[2018.12.07-17.02.50:416][ 75]LogFbx: 		[Node 1]  (Type Skin).
[2018.12.07-17.02.50:417][ 75]LogFbx: =================================================
[2018.12.07-17.02.50:417][ 75]LogFbx: 	Attribute () Type (4).
[2018.12.07-17.02.50:417][ 75]LogFbx: 		[Node Attribute Child 1] pCube36 (Type Mesh).
[2018.12.07-17.02.50:417][ 75]LogFbx: Dumping Node END [pCube36]
[2018.12.07-17.02.50:417][ 75]LogFbx: =================================================
[2018.12.07-17.02.50:417][ 75]LogFbx: Dumping Node START [pCube34] 
[2018.12.07-17.02.50:417][ 75]LogFbx: 	Total Deformer Count 586456768.
[2018.12.07-17.02.50:417][ 75]LogFbx: 	Attribute () Type (4).
[2018.12.07-17.02.50:417][ 75]LogFbx: 		[Node Attribute Child 1] pCube34 (Type Mesh).
[2018.12.07-17.02.50:417][ 75]LogFbx: Dumping Node END [pCube34]
[2018.12.07-17.02.50:417][ 75]LogFbx: =================================================
[2018.12.07-17.02.50:417][ 75]LogFbx: Dumping Node START [pCube35] 
[2018.12.07-17.02.50:417][ 75]LogFbx: 	Total Deformer Count 586462872.
[2018.12.07-17.02.50:417][ 75]LogFbx: 	Attribute () Type (4).
[2018.12.07-17.02.50:417][ 75]LogFbx: 		[Node Attribute Child 1] pCube35 (Type Mesh).
[2018.12.07-17.02.50:417][ 75]LogFbx: Dumping Node END [pCube35]
[2018.12.07-17.02.50:417][ 75]LogFbx: =================================================
[2018.12.07-17.02.50:417][ 75]LogFbx: Dumping Node START [pCube35] 
[2018.12.07-17.02.50:417][ 75]LogFbx: 	Total Deformer Count 586456768.
[2018.12.07-17.02.50:417][ 75]LogFbx: 	Attribute () Type (4).
[2018.12.07-17.02.50:417][ 75]LogFbx: 		[Node Attribute Child 1] pCube35 (Type Mesh).
[2018.12.07-17.02.50:417][ 75]LogFbx: Dumping Node END [pCube35]
[2018.12.07-17.02.50:418][ 75]LogFbx: =================================================
[2018.12.07-17.02.50:418][ 75]LogFbx: Dumping Node START [pCube36] 
[2018.12.07-17.02.50:418][ 75]LogFbx: 	Total Deformer Count 586456768.
[2018.12.07-17.02.50:418][ 75]LogFbx: 		[Node 1]  (Type Skin).
[2018.12.07-17.02.50:418][ 75]LogFbx: =================================================
[2018.12.07-17.02.50:418][ 75]LogFbx: 	Attribute () Type (4).
[2018.12.07-17.02.50:418][ 75]LogFbx: 		[Node Attribute Child 1] pCube36 (Type Mesh).
[2018.12.07-17.02.50:418][ 75]LogFbx: Dumping Node END [pCube36]
[2018.12.07-17.02.50:418][ 75]LogFbx: Valid bind pose for Pose (skinCluster1) - pCube36
[2018.12.07-17.02.50:420][ 75]LogFbx: Warning: Bones digested - 10  Depth of hierarchy - 6
[2018.12.07-17.02.50:423][ 75]LogSkeletalMesh: Section 0: 175 vertices, 4 active bones
[2018.12.07-17.02.50:424][ 75]LogSkeletalMesh: Section 1: 67 vertices, 1 active bones
[2018.12.07-17.02.50:424][ 75]LogSkeletalMesh: Section 0: Material=0, 72 triangles
[2018.12.07-17.02.50:424][ 75]LogSkeletalMesh: Section 1: Material=1, 80 triangles
[2018.12.07-17.02.50:424][ 75]LogSkeletalMesh: Building Skeletal Mesh customer...
[2018.12.07-17.02.50:425][ 75]LogSkeletalMesh: Built Skeletal Mesh [0.00s] /Game/customer.customer
[2018.12.07-17.02.50:426][ 75]LogEditorFactories: -- imported successfully
[2018.12.07-17.02.50:435][ 75]FBXImport: Warning: Mesh [Geometry have no name] in the fbx file is not reference by any hierarchy node. 
[2018.12.07-17.02.50:435][ 75]FBXImport: Warning: Mesh [Geometry have no name] in the fbx file is not reference by any hierarchy node. 
[2018.12.07-17.02.50:435][ 75]FBXImport: Warning: The following bones are missing from the bind pose:
pCube35  

This can happen for bones that are not vert weighted. If they are not in the correct orientation after importing,
please set the "Use T0 as ref pose" option or add them to the bind pose and reimport the skeletal mesh. 
[2018.12.07-17.02.50:436][ 75]LogSkeletalMesh: Building Skeletal Mesh customer...
[2018.12.07-17.02.50:437][ 75]LogSkeletalMesh: Built Skeletal Mesh [0.00s] /Game/customer.customer
[2018.12.07-17.02.50:452][ 75]LogSkeletalMesh: Building Skeletal Mesh customer...
[2018.12.07-17.02.50:452][ 75]LogSkeletalMesh: Built Skeletal Mesh [0.00s] /Game/customer.customer
[2018.12.07-17.03.01:431][677]LogEditorTransaction: Undo Add New Function
[2018.12.07-17.03.01:581][677]LogActorComponent: RegisterComponentWithWorld: (/Engine/Transient.World_13:PersistentLevel.AnimationEditorPreviewActor_0.DebugSkelMeshComponent_0) Already registered. Aborting.
[2018.12.07-17.03.08:759][ 76]LogTemp: Repeating last play command: Selected Viewport
[2018.12.07-17.03.08:815][ 76]BlueprintLog: New page: Pre-Play auto-recompile
[2018.12.07-17.03.08:817][ 76]LogPlayLevel: [PlayLevel] Compiling NewAnimBlueprint before play...
[2018.12.07-17.03.09:037][ 76]LogPlayLevel: PlayLevel: Blueprint regeneration took 221 ms (1 blueprints)
[2018.12.07-17.03.09:037][ 76]PIE: New page: PIE session: GameView (Dec 7, 2018, 7:03:09 AM)
[2018.12.07-17.03.09:037][ 76]LogPlayLevel: Creating play world package: /Game/UEDPIE_0_GameView
[2018.12.07-17.03.09:041][ 76]LogPlayLevel: PIE: StaticDuplicateObject took: (0.003780s)
[2018.12.07-17.03.09:042][ 76]LogAIModule: Creating AISystem for world GameView
[2018.12.07-17.03.09:043][ 76]LogPlayLevel: PIE: World Init took: (0.001469s)
[2018.12.07-17.03.09:043][ 76]LogPlayLevel: PIE: Created PIE world by copying editor world from /Game/GameView.GameView to /Game/UEDPIE_0_GameView.GameView (0.005481s)
[2018.12.07-17.03.09:117][ 76]LogInit: XAudio2 using 'Speakers / Headphones (Realtek Audio)' : 2 channels at 48 kHz using 32 bits per sample (channel mask 0x3)
[2018.12.07-17.03.09:136][ 76]LogInit: FAudioDevice initialized.
[2018.12.07-17.03.09:175][ 76]LogLoad: Game class is 'GameMode_C'
[2018.12.07-17.03.09:176][ 76]LogWorld: Bringing World /Game/UEDPIE_0_GameView.GameView up for play (max tick rate 60) at 2018.12.07-12.03.09
[2018.12.07-17.03.09:177][ 76]LogWorld: Bringing up level for play took: 0.001030
[2018.12.07-17.03.09:190][ 76]LogScript: Warning: Accessed None trying to read property currentCustomer_obj
	Spawn_Blueprint_C /Game/UEDPIE_0_GameView.GameView:PersistentLevel.Spawn_Blueprint_80
	Function /Game/Blueprints/Spawn_Blueprint.Spawn_Blueprint_C:SetCustomer:000D
[2018.12.07-17.03.09:190][ 76]PIE: Error: Blueprint Runtime Error: "Accessed None trying to read property currentCustomer_obj". Blueprint:  Spawn_Blueprint Function:  Set Customer Graph:  SetCustomer Node:  DestroyActor
[2018.12.07-17.03.09:192][ 76]PIE: Play in editor start time for /Game/UEDPIE_0_GameView -0.08
[2018.12.07-17.03.18:967][591]LogSlate: Updating window title bar state: overlay mode, drag disabled, window buttons hidden, title bar hidden
[2018.12.07-17.03.19:012][591]LogPlayLevel: Display: Shutting down PIE online subsystems
[2018.12.07-17.03.19:067][591]LogSlate: Updating window title bar state: overlay mode, drag disabled, window buttons hidden, title bar hidden
[2018.12.07-17.03.19:105][592]LogPlayLevel: Display: Destroying online subsystem :Context_17
[2018.12.07-17.03.21:641][717]LogSlate: Window 'NewAnimBlueprint*' being destroyed
[2018.12.07-17.03.21:653][717]LogSlate: Window 'NewAnimBlueprint*' being destroyed
[2018.12.07-17.03.21:754][717]LogActorComponent: UnregisterComponent: (/Engine/Transient.EditorFloorComp) Not registered. Aborting.
[2018.12.07-17.03.21:935][717]LogActorComponent: UnregisterComponent: (/Engine/Transient.EditorFloorComp) Not registered. Aborting.
[2018.12.07-17.03.22:031][717]LogActorComponent: UnregisterComponent: (/Engine/Transient.EditorFloorComp) Not registered. Aborting.
[2018.12.07-17.03.22:131][717]LogActorComponent: UnregisterComponent: (/Engine/Transient.EditorFloorComp) Not registered. Aborting.
[2018.12.07-17.03.31:308][794]LogAssetEditorManager: Opening Asset editor for SkeletalMesh /Game/customer.customer
[2018.12.07-17.03.31:326][794]LogActorComponent: RegisterComponentWithWorld: (/Engine/Transient.World_15:PersistentLevel.AnimationEditorPreviewActor_0.DebugSkelMeshComponent_0) Already registered. Aborting.
[2018.12.07-17.04.17:680][487]LogSlate: Window 'customer*' being destroyed
[2018.12.07-17.04.17:686][487]LogSlate: Window 'customer*' being destroyed
[2018.12.07-17.04.19:930][506]LogSlate: Window 'Save Content' being destroyed
[2018.12.07-17.04.20:100][506]LogSlate: Window 'Project4 - Unreal Editor' being destroyed
[2018.12.07-17.04.20:337][507]Cmd: QUIT_EDITOR
[2018.12.07-17.04.20:413][507]LogWindowsTextInputMethodSystem: Display: IME system now deactivated.
[2018.12.07-17.04.20:434][507]LogExit: Preparing to exit.
[2018.12.07-17.04.21:535][507]LogExit: Editor shut down
[2018.12.07-17.04.21:535][507]LogExit: Transaction tracking system shut down
[2018.12.07-17.04.22:117][507]LogExit: Object subsystem successfully closed.
[2018.12.07-17.04.22:154][507]LogShaderCompilers: Display: Shaders left to compile 0
[2018.12.07-17.04.22:159][507]LogD3D11RHI: Shutdown
[2018.12.07-17.04.22:159][507]LogD3D11RHI: CleanupD3DDevice
[2018.12.07-17.04.22:161][507]LogD3D11RHI: ~FD3D11DynamicRHI
[2018.12.07-17.04.22:185][507]LogModuleManager: Shutting down and abandoning module MovieSceneCapture (626)
[2018.12.07-17.04.22:185][507]LogModuleManager: Shutting down and abandoning module Voice (624)
[2018.12.07-17.04.22:185][507]LogModuleManager: Shutting down and abandoning module ClothingSystemEditorInterface (622)
[2018.12.07-17.04.22:185][507]LogModuleManager: Shutting down and abandoning module PinnedCommandList (620)
[2018.12.07-17.04.22:185][507]LogModuleManager: Shutting down and abandoning module SkeletonEditor (618)
[2018.12.07-17.04.22:185][507]LogModuleManager: Shutting down and abandoning module AnimationBlueprintEditor (616)
[2018.12.07-17.04.22:185][507]LogModuleManager: Shutting down and abandoning module SequencerWidgets (614)
[2018.12.07-17.04.22:185][507]LogModuleManager: Shutting down and abandoning module BlueprintGraph (612)
[2018.12.07-17.04.22:185][507]LogModuleManager: Shutting down and abandoning module HierarchicalLODOutliner (610)
[2018.12.07-17.04.22:185][507]LogModuleManager: Shutting down and abandoning module SceneOutliner (608)
[2018.12.07-17.04.22:185][507]LogModuleManager: Shutting down and abandoning module AddContentDialog (606)
[2018.12.07-17.04.22:186][507]LogModuleManager: Shutting down and abandoning module WidgetCarousel (605)
[2018.12.07-17.04.22:186][507]LogModuleManager: Shutting down and abandoning module EditorWidgets (602)
[2018.12.07-17.04.22:186][507]LogModuleManager: Shutting down and abandoning module CollectionManager (600)
[2018.12.07-17.04.22:186][507]LogModuleManager: Shutting down and abandoning module StatsViewer (598)
[2018.12.07-17.04.22:186][507]LogModuleManager: Shutting down and abandoning module FoliageEdit (596)
[2018.12.07-17.04.22:186][507]LogModuleManager: Shutting down and abandoning module LandscapeEditor (594)
[2018.12.07-17.04.22:186][507]LogModuleManager: Shutting down and abandoning module MeshPaintMode (592)
[2018.12.07-17.04.22:186][507]LogModuleManager: Shutting down and abandoning module SceneDepthPickerMode (590)
[2018.12.07-17.04.22:186][507]LogModuleManager: Shutting down and abandoning module ActorPickerMode (588)
[2018.12.07-17.04.22:186][507]LogModuleManager: Shutting down and abandoning module GeometryMode (586)
[2018.12.07-17.04.22:186][507]LogModuleManager: Shutting down and abandoning module TextureAlignMode (584)
[2018.12.07-17.04.22:186][507]LogModuleManager: Shutting down and abandoning module BspMode (582)
[2018.12.07-17.04.22:186][507]LogModuleManager: Shutting down and abandoning module PIEPreviewDeviceProfileSelector (580)
[2018.12.07-17.04.22:186][507]LogModuleManager: Shutting down and abandoning module SequenceRecorderSections (578)
[2018.12.07-17.04.22:186][507]LogModuleManager: Shutting down and abandoning module AutomationWorker (576)
[2018.12.07-17.04.22:186][507]LogModuleManager: Shutting down and abandoning module AudioCaptureEditor (574)
[2018.12.07-17.04.22:186][507]LogModuleManager: Shutting down and abandoning module SequenceRecorder (573)
[2018.12.07-17.04.22:186][507]LogModuleManager: Shutting down and abandoning module MatineeToLevelSequence (570)
[2018.12.07-17.04.22:186][507]LogModuleManager: Shutting down and abandoning module LevelSequenceEditor (568)
[2018.12.07-17.04.22:186][507]LogModuleManager: Shutting down and abandoning module PlacementMode (567)
[2018.12.07-17.04.22:187][507]LogModuleManager: Shutting down and abandoning module MaterialEditor (566)
[2018.12.07-17.04.22:187][507]LogModuleManager: Shutting down and abandoning module WmfMediaFactory (562)
[2018.12.07-17.04.22:187][507]LogModuleManager: Shutting down and abandoning module WmfMediaEditor (560)
[2018.12.07-17.04.22:187][507]LogModuleManager: Shutting down and abandoning module MediaPlayerEditor (558)
[2018.12.07-17.04.22:187][507]LogModuleManager: Shutting down and abandoning module OpenExrWrapper (556)
[2018.12.07-17.04.22:187][507]LogModuleManager: Shutting down and abandoning module ImgMediaFactory (554)
[2018.12.07-17.04.22:187][507]LogModuleManager: Shutting down and abandoning module ImgMediaEditor (552)
[2018.12.07-17.04.22:187][507]LogModuleManager: Shutting down and abandoning module AvfMediaFactory (550)
[2018.12.07-17.04.22:187][507]LogModuleManager: Shutting down and abandoning module AvfMediaEditor (548)
[2018.12.07-17.04.22:187][507]LogModuleManager: Shutting down and abandoning module AndroidMediaFactory (546)
[2018.12.07-17.04.22:187][507]LogModuleManager: Shutting down and abandoning module AndroidMediaEditor (544)
[2018.12.07-17.04.22:187][507]LogModuleManager: Shutting down and abandoning module MagicLeapCameraPreviewFactory (542)
[2018.12.07-17.04.22:187][507]LogModuleManager: Shutting down and abandoning module MagicLeapMediaFactory (540)
[2018.12.07-17.04.22:187][507]LogModuleManager: Shutting down and abandoning module MagicLeapMediaEditor (538)
[2018.12.07-17.04.22:187][507]LogModuleManager: Shutting down and abandoning module CharacterAI (536)
[2018.12.07-17.04.22:187][507]LogModuleManager: Shutting down and abandoning module SmartSnapping (534)
[2018.12.07-17.04.22:187][507]LogModuleManager: Shutting down and abandoning module SessionServices (532)
[2018.12.07-17.04.22:187][507]LogModuleManager: Shutting down and abandoning module ViewportSnapping (530)
[2018.12.07-17.04.22:187][507]LogModuleManager: Shutting down and abandoning module ViewportInteraction (528)
[2018.12.07-17.04.22:187][507]LogModuleManager: Shutting down and abandoning module ClothPainter (526)
[2018.12.07-17.04.22:187][507]LogModuleManager: Shutting down and abandoning module SkeletalMeshEditor (525)
[2018.12.07-17.04.22:187][507]LogModuleManager: Shutting down and abandoning module LogVisualizer (522)
[2018.12.07-17.04.22:187][507]LogModuleManager: Shutting down and abandoning module IntroTutorials (520)
[2018.12.07-17.04.22:187][507]LogModuleManager: Shutting down and abandoning module GameProjectGeneration (519)
[2018.12.07-17.04.22:187][507]LogModuleManager: Shutting down and abandoning module LuminPlatformEditor (516)
[2018.12.07-17.04.22:187][507]LogModuleManager: Shutting down and abandoning module IOSPlatformEditor (514)
[2018.12.07-17.04.22:187][507]LogModuleManager: Shutting down and abandoning module HTML5PlatformEditor (512)
[2018.12.07-17.04.22:187][507]LogModuleManager: Shutting down and abandoning module AndroidPlatformEditor (510)
[2018.12.07-17.04.22:187][507]LogModuleManager: Shutting down and abandoning module AndroidDeviceDetection (509)
[2018.12.07-17.04.22:698][507]LogModuleManager: Shutting down and abandoning module WindowsPlatformEditor (506)
[2018.12.07-17.04.22:698][507]LogModuleManager: Shutting down and abandoning module LuminRuntimeSettings (504)
[2018.12.07-17.04.22:698][507]LogModuleManager: Shutting down and abandoning module IOSRuntimeSettings (502)
[2018.12.07-17.04.22:698][507]LogModuleManager: Shutting down and abandoning module AndroidRuntimeSettings (500)
[2018.12.07-17.04.22:698][507]LogModuleManager: Shutting down and abandoning module InputBindingEditor (498)
[2018.12.07-17.04.22:698][507]LogModuleManager: Shutting down and abandoning module MergeActors (496)
[2018.12.07-17.04.22:699][507]LogModuleManager: Shutting down and abandoning module LocalizationDashboard (494)
[2018.12.07-17.04.22:699][507]LogModuleManager: Shutting down and abandoning module LocalizationService (493)
[2018.12.07-17.04.22:699][507]LogModuleManager: Shutting down and abandoning module HardwareTargeting (490)
[2018.12.07-17.04.22:699][507]LogModuleManager: Shutting down and abandoning module DeviceProfileEditor (488)
[2018.12.07-17.04.22:699][507]LogModuleManager: Shutting down and abandoning module UndoHistory (486)
[2018.12.07-17.04.22:699][507]LogModuleManager: Shutting down and abandoning module XmlParser (484)
[2018.12.07-17.04.22:699][507]LogModuleManager: Shutting down and abandoning module Blutility (482)
[2018.12.07-17.04.22:699][507]LogModuleManager: Shutting down and abandoning module ProjectSettingsViewer (480)
[2018.12.07-17.04.22:699][507]LogModuleManager: Shutting down and abandoning module ProjectTargetPlatformEditor (479)
[2018.12.07-17.04.22:699][507]LogModuleManager: Shutting down and abandoning module EditorSettingsViewer (476)
[2018.12.07-17.04.22:699][507]LogModuleManager: Shutting down and abandoning module SettingsEditor (474)
[2018.12.07-17.04.22:699][507]LogModuleManager: Shutting down and abandoning module ProjectLauncher (472)
[2018.12.07-17.04.22:699][507]LogModuleManager: Shutting down and abandoning module SessionFrontend (470)
[2018.12.07-17.04.22:700][507]LogModuleManager: Shutting down and abandoning module ProfilerClient (468)
[2018.12.07-17.04.22:700][507]LogModuleManager: Shutting down and abandoning module DeviceManager (466)
[2018.12.07-17.04.22:700][507]LogModuleManager: Shutting down and abandoning module TargetDeviceServices (465)
[2018.12.07-17.04.22:766][507]LogModuleManager: Shutting down and abandoning module AutomationController (462)
[2018.12.07-17.04.22:766][507]LogModuleManager: Shutting down and abandoning module AutomationWindow (460)
[2018.12.07-17.04.22:766][507]LogModuleManager: Shutting down and abandoning module Layers (458)
[2018.12.07-17.04.22:766][507]LogModuleManager: Shutting down and abandoning module ComponentVisualizers (456)
[2018.12.07-17.04.22:766][507]LogModuleManager: Shutting down and abandoning module DetailCustomizations (454)
[2018.12.07-17.04.22:766][507]LogModuleManager: Shutting down and abandoning module PackagesDialog (452)
[2018.12.07-17.04.22:766][507]LogModuleManager: Shutting down and abandoning module Persona (450)
[2018.12.07-17.04.22:766][507]LogModuleManager: Shutting down and abandoning module AdvancedPreviewScene (449)
[2018.12.07-17.04.22:766][507]LogModuleManager: Shutting down and abandoning module AnimGraph (447)
[2018.12.07-17.04.22:766][507]LogModuleManager: Shutting down and abandoning module Kismet (444)
[2018.12.07-17.04.22:772][507]LogModuleManager: Shutting down and abandoning module GraphEditor (442)
[2018.12.07-17.04.22:772][507]LogModuleManager: Shutting down and abandoning module ClassViewer (440)
[2018.12.07-17.04.22:774][507]LogModuleManager: Shutting down and abandoning module Toolbox (438)
[2018.12.07-17.04.22:774][507]LogModuleManager: Shutting down and abandoning module ModuleUI (436)
[2018.12.07-17.04.22:774][507]LogModuleManager: Shutting down and abandoning module MovieSceneTools (434)
[2018.12.07-17.04.22:774][507]LogModuleManager: Shutting down and abandoning module OutputLog (432)
[2018.12.07-17.04.22:774][507]LogModuleManager: Shutting down and abandoning module GammaUI (430)
[2018.12.07-17.04.22:774][507]LogModuleManager: Shutting down and abandoning module Documentation (428)
[2018.12.07-17.04.22:774][507]LogModuleManager: Shutting down and abandoning module MovieSceneTracks (426)
[2018.12.07-17.04.22:774][507]LogModuleManager: Shutting down and abandoning module MovieScene (424)
[2018.12.07-17.04.22:775][507]LogModuleManager: Shutting down and abandoning module StreamingPauseRendering (422)
[2018.12.07-17.04.22:775][507]LogModuleManager: Shutting down and abandoning module LauncherPlatform (420)
[2018.12.07-17.04.22:775][507]LogModuleManager: Shutting down and abandoning module AnalyticsET (418)
[2018.12.07-17.04.22:775][507]LogModuleManager: Shutting down and abandoning module PortalServices (416)
[2018.12.07-17.04.22:775][507]LogModuleManager: Shutting down and abandoning module PortalRpc (414)
[2018.12.07-17.04.22:775][507]LogModuleManager: Shutting down and abandoning module MessagingRpc (412)
[2018.12.07-17.04.22:775][507]LogModuleManager: Shutting down and abandoning module AIModule (410)
[2018.12.07-17.04.22:775][507]LogModuleManager: Shutting down and abandoning module GameplayDebugger (409)
[2018.12.07-17.04.22:775][507]LogModuleManager: Shutting down and abandoning module AITestSuite (407)
[2018.12.07-17.04.22:775][507]LogModuleManager: Shutting down and abandoning module NavigationSystem (405)
[2018.12.07-17.04.22:775][507]LogModuleManager: Shutting down and abandoning module DesktopPlatform (402)
[2018.12.07-17.04.22:775][507]LogModuleManager: Shutting down and abandoning module ProfilerService (400)
[2018.12.07-17.04.22:932][507]LogModuleManager: Shutting down and abandoning module TaskGraph (398)
[2018.12.07-17.04.22:932][507]LogModuleManager: Shutting down and abandoning module SteamVRController (396)
[2018.12.07-17.04.22:932][507]LogModuleManager: Shutting down and abandoning module ProceduralMeshComponentEditor (394)
[2018.12.07-17.04.22:932][507]LogModuleManager: Shutting down and abandoning module ProceduralMeshComponent (392)
[2018.12.07-17.04.22:932][507]LogModuleManager: Shutting down and abandoning module OculusInput (390)
[2018.12.07-17.04.22:932][507]LogModuleManager: Shutting down and abandoning module MobilePatchingUtils (388)
[2018.12.07-17.04.22:932][507]LogModuleManager: Shutting down and abandoning module EditableMesh (386)
[2018.12.07-17.04.22:932][507]LogModuleManager: Shutting down and abandoning module CustomMeshComponent (384)
[2018.12.07-17.04.22:932][507]LogModuleManager: Shutting down and abandoning module CableComponent (382)
[2018.12.07-17.04.22:932][507]LogModuleManager: Shutting down and abandoning module AudioCapture (380)
[2018.12.07-17.04.22:932][507]LogModuleManager: Shutting down and abandoning module ArchVisCharacter (378)
[2018.12.07-17.04.22:932][507]LogModuleManager: Shutting down and abandoning module AndroidPermission (376)
[2018.12.07-17.04.22:932][507]LogModuleManager: Shutting down and abandoning module NUTUnrealEngine4 (374)
[2018.12.07-17.04.22:932][507]LogModuleManager: Shutting down and abandoning module NetcodeUnitTest (372)
[2018.12.07-17.04.22:932][507]LogModuleManager: Shutting down and abandoning module MediaCompositingEditor (370)
[2018.12.07-17.04.22:932][507]LogModuleManager: Shutting down and abandoning module MediaCompositing (368)
[2018.12.07-17.04.22:932][507]LogModuleManager: Shutting down and abandoning module LinearTimecode (366)
[2018.12.07-17.04.22:932][507]LogModuleManager: Shutting down and abandoning module ImgMedia (364)
[2018.12.07-17.04.22:939][507]LogModuleManager: Shutting down and abandoning module HTML5Networking (362)
[2018.12.07-17.04.22:939][507]LogModuleManager: Shutting down and abandoning module GeometryCacheTracks (360)
[2018.12.07-17.04.22:939][507]LogModuleManager: Shutting down and abandoning module GeometryCacheSequencer (358)
[2018.12.07-17.04.22:939][507]LogModuleManager: Shutting down and abandoning module BackChannel (356)
[2018.12.07-17.04.22:939][507]LogModuleManager: Shutting down and abandoning module AppleVision (354)
[2018.12.07-17.04.22:939][507]LogModuleManager: Shutting down and abandoning module AppleImageUtils (352)
[2018.12.07-17.04.22:939][507]LogModuleManager: Shutting down and abandoning module AlembicImporter (350)
[2018.12.07-17.04.22:939][507]LogModuleManager: Shutting down and abandoning module AlembicLibrary (349)
[2018.12.07-17.04.22:939][507]LogModuleManager: Shutting down and abandoning module GeometryCache (348)
[2018.12.07-17.04.22:939][507]LogModuleManager: Shutting down and abandoning module GeometryCacheEd (347)
[2018.12.07-17.04.22:939][507]LogModuleManager: Shutting down and abandoning module DatasmithContentEditor (342)
[2018.12.07-17.04.22:939][507]LogModuleManager: Shutting down and abandoning module DatasmithContent (340)
[2018.12.07-17.04.22:940][507]LogModuleManager: Shutting down and abandoning module SpeedTreeImporter (338)
[2018.12.07-17.04.22:940][507]LogModuleManager: Shutting down and abandoning module PluginBrowser (336)
[2018.12.07-17.04.22:941][507]LogModuleManager: Shutting down and abandoning module MobileLauncherProfileWizard (334)
[2018.12.07-17.04.22:941][507]LogModuleManager: Shutting down and abandoning module PolygonModeling (332)
[2018.12.07-17.04.22:941][507]LogModuleManager: Shutting down and abandoning module MeshEditor (330)
[2018.12.07-17.04.22:941][507]LogModuleManager: Shutting down and abandoning module CryptoKeysOpenSSL (328)
[2018.12.07-17.04.22:941][507]LogModuleManager: Shutting down and abandoning module CryptoKeys (326)
[2018.12.07-17.04.22:941][507]LogModuleManager: Shutting down and abandoning module VisualStudioSourceCodeAccess (324)
[2018.12.07-17.04.22:941][507]LogModuleManager: Shutting down and abandoning module VisualStudioCodeSourceCodeAccess (322)
[2018.12.07-17.04.22:941][507]LogModuleManager: Shutting down and abandoning module UObjectPlugin (320)
[2018.12.07-17.04.22:941][507]LogModuleManager: Shutting down and abandoning module SubversionSourceControl (318)
[2018.12.07-17.04.22:941][507]LogModuleManager: Shutting down and abandoning module PerforceSourceControl (316)
[2018.12.07-17.04.22:941][507]LogModuleManager: Shutting down and abandoning module GitSourceControl (314)
[2018.12.07-17.04.22:941][507]LogModuleManager: Shutting down and abandoning module SourceControl (313)
[2018.12.07-17.04.22:941][507]LogModuleManager: Shutting down and abandoning module CLionSourceCodeAccess (310)
[2018.12.07-17.04.22:942][507]LogModuleManager: Shutting down and abandoning module LightPropagationVolumeEditor (308)
[2018.12.07-17.04.22:942][507]LogModuleManager: Shutting down and abandoning module PaperTiledImporter (306)
[2018.12.07-17.04.22:942][507]LogModuleManager: Shutting down and abandoning module PaperSpriteSheetImporter (304)
[2018.12.07-17.04.22:942][507]LogModuleManager: Shutting down and abandoning module Paper2DEditor (302)
[2018.12.07-17.04.22:942][507]LogModuleManager: Shutting down and abandoning module MeshPaint (301)
[2018.12.07-17.04.22:942][507]LogModuleManager: Shutting down and abandoning module RuntimePhysXCooking (298)
[2018.12.07-17.04.22:942][507]LogModuleManager: Shutting down and abandoning module PhysXVehiclesEditor (296)
[2018.12.07-17.04.22:942][507]LogModuleManager: Shutting down and abandoning module PhysXVehicles (294)
[2018.12.07-17.04.22:942][507]LogModuleManager: Shutting down and abandoning module OculusEditor (292)
[2018.12.07-17.04.22:942][507]LogModuleManager: Shutting down and abandoning module LocationServicesBPLibrary (290)
[2018.12.07-17.04.22:942][507]LogModuleManager: Shutting down and abandoning module ImmediatePhysicsEditor (288)
[2018.12.07-17.04.22:942][507]LogModuleManager: Shutting down and abandoning module ImmediatePhysics (286)
[2018.12.07-17.04.22:942][507]LogModuleManager: Shutting down and abandoning module ActorSequence (284)
[2018.12.07-17.04.22:942][507]LogModuleManager: Shutting down and abandoning module UdpMessaging (282)
[2018.12.07-17.04.23:042][507]LogModuleManager: Shutting down and abandoning module TcpMessaging (280)
[2018.12.07-17.04.23:143][507]LogModuleManager: Shutting down and abandoning module MagicLeapAudio (278)
[2018.12.07-17.04.23:143][507]LogModuleManager: Shutting down and abandoning module GameplayTagsEditor (276)
[2018.12.07-17.04.23:143][507]LogModuleManager: Shutting down and abandoning module FacialAnimationEditor (274)
[2018.12.07-17.04.23:143][507]LogModuleManager: Shutting down and abandoning module FacialAnimation (272)
[2018.12.07-17.04.23:143][507]LogModuleManager: Shutting down and abandoning module DataValidation (270)
[2018.12.07-17.04.23:143][507]LogModuleManager: Shutting down and abandoning module AssetManagerEditor (268)
[2018.12.07-17.04.23:143][507]LogModuleManager: Shutting down and abandoning module LevelEditor (267)
[2018.12.07-17.04.23:144][507]LogModuleManager: Shutting down and abandoning module PixelInspectorModule (266)
[2018.12.07-17.04.23:144][507]LogModuleManager: Shutting down and abandoning module CommonMenuExtensions (264)
[2018.12.07-17.04.23:145][507]LogModuleManager: Shutting down and abandoning module MainFrame (262)
[2018.12.07-17.04.23:145][507]LogModuleManager: Shutting down and abandoning module HotReload (261)
[2018.12.07-17.04.23:145][507]LogModuleManager: Shutting down and abandoning module ContentBrowser (257)
[2018.12.07-17.04.23:147][507]LogModuleManager: Shutting down and abandoning module TreeMap (255)
[2018.12.07-17.04.23:147][507]LogModuleManager: Shutting down and abandoning module LightPropagationVolumeRuntime (252)
[2018.12.07-17.04.23:147][507]LogModuleManager: Shutting down and abandoning module AISupportModule (250)
[2018.12.07-17.04.23:147][507]LogModuleManager: Shutting down and abandoning module Paper2D (248)
[2018.12.07-17.04.23:147][507]LogModuleManager: Shutting down and abandoning module WindowsMoviePlayer (246)
[2018.12.07-17.04.23:147][507]LogModuleManager: Shutting down and abandoning module WmfMedia (244)
[2018.12.07-17.04.23:153][507]LogModuleManager: Shutting down and abandoning module Media (243)
[2018.12.07-17.04.23:159][507]LogModuleManager: Shutting down and abandoning module PacketHandler (240)
[2018.12.07-17.04.23:159][507]LogModuleManager: Shutting down and abandoning module ClothingSystemEditor (238)
[2018.12.07-17.04.23:159][507]LogModuleManager: Shutting down and abandoning module ClothingSystemRuntime (236)
[2018.12.07-17.04.23:160][507]LogModuleManager: Shutting down and abandoning module MediaAssets (234)
[2018.12.07-17.04.23:160][507]LogModuleManager: Shutting down and abandoning module Overlay (232)
[2018.12.07-17.04.23:160][507]LogModuleManager: Shutting down and abandoning module OverlayEditor (231)
[2018.12.07-17.04.23:160][507]LogModuleManager: Shutting down and abandoning module VREditor (228)
[2018.12.07-17.04.23:160][507]LogModuleManager: Shutting down and abandoning module StringTableEditor (226)
[2018.12.07-17.04.23:160][507]LogModuleManager: Shutting down and abandoning module GameplayTasksEditor (224)
[2018.12.07-17.04.23:160][507]LogModuleManager: Shutting down and abandoning module BehaviorTreeEditor (222)
[2018.12.07-17.04.23:160][507]LogModuleManager: Shutting down and abandoning module FunctionalTesting (220)
[2018.12.07-17.04.23:160][507]LogModuleManager: Shutting down and abandoning module CollisionAnalyzer (218)
[2018.12.07-17.04.23:160][507]LogModuleManager: Shutting down and abandoning module WorkspaceMenuStructure (217)
[2018.12.07-17.04.23:160][507]LogModuleManager: Shutting down and abandoning module UMG (214)
[2018.12.07-17.04.23:160][507]LogModuleManager: Shutting down and abandoning module UMGEditor (213)
[2018.12.07-17.04.23:160][507]LogModuleManager: Shutting down and abandoning module Sequencer (212)
[2018.12.07-17.04.23:160][507]LogModuleManager: Shutting down and abandoning module MessageLog (209)
[2018.12.07-17.04.23:160][507]LogModuleManager: Shutting down and abandoning module SlateReflector (204)
[2018.12.07-17.04.23:160][507]LogModuleManager: Shutting down and abandoning module Slate (202)
[2018.12.07-17.04.23:160][507]LogModuleManager: Shutting down and abandoning module EditorStyle (200)
[2018.12.07-17.04.23:162][507]LogModuleManager: Shutting down and abandoning module MRMesh (198)
[2018.12.07-17.04.23:162][507]LogModuleManager: Shutting down and abandoning module SourceCodeAccess (196)
[2018.12.07-17.04.23:162][507]LogModuleManager: Shutting down and abandoning module HeadMountedDisplay (194)
[2018.12.07-17.04.23:162][507]LogModuleManager: Shutting down and abandoning module XAudio2 (192)
[2018.12.07-17.04.23:162][507]LogModuleManager: Shutting down and abandoning module Networking (190)
[2018.12.07-17.04.23:162][507]LogModuleManager: Shutting down and abandoning module Core (188)
[2018.12.07-17.04.23:162][507]LogModuleManager: Shutting down and abandoning module LevelSequence (186)
[2018.12.07-17.04.23:162][507]LogModuleManager: Shutting down and abandoning module KismetCompiler (184)
[2018.12.07-17.04.23:162][507]LogModuleManager: Shutting down and abandoning module MeshUtilities (182)
[2018.12.07-17.04.23:163][507]LogModuleManager: Shutting down and abandoning module MeshMergeUtilities (181)
[2018.12.07-17.04.23:163][507]LogModuleManager: Shutting down and abandoning module MeshReductionInterface (180)
[2018.12.07-17.04.23:163][507]LogModuleManager: Shutting down and abandoning module SimplygonSwarm (179)
[2018.12.07-17.04.23:163][507]LogModuleManager: Shutting down and abandoning module ProxyLODMeshReduction (177)
[2018.12.07-17.04.23:163][507]LogModuleManager: Shutting down and abandoning module SimplygonMeshReduction (175)
[2018.12.07-17.04.23:163][507]LogModuleManager: Shutting down and abandoning module QuadricMeshReduction (173)
[2018.12.07-17.04.23:163][507]LogModuleManager: Shutting down and abandoning module MaterialBaking (169)
[2018.12.07-17.04.23:163][507]LogModuleManager: Shutting down and abandoning module DirectoryWatcher (165)
[2018.12.07-17.04.23:163][507]LogModuleManager: Shutting down and abandoning module DerivedDataCache (162)
[2018.12.07-17.04.23:217][507]LogDerivedDataCache: Shutdown
[2018.12.07-17.04.23:217][507]LogModuleManager: Shutting down and abandoning module XGEController (160)
[2018.12.07-17.04.23:217][507]LogModuleManager: Shutting down and abandoning module TargetPlatform (158)
[2018.12.07-17.04.23:217][507]LogModuleManager: Shutting down and abandoning module VulkanShaderFormat (157)
[2018.12.07-17.04.23:218][507]LogModuleManager: Shutting down and abandoning module ShaderFormatVectorVM (155)
[2018.12.07-17.04.23:218][507]LogModuleManager: Shutting down and abandoning module ShaderFormatOpenGL (153)
[2018.12.07-17.04.23:218][507]LogModuleManager: Shutting down and abandoning module ShaderFormatD3D (151)
[2018.12.07-17.04.23:218][507]LogModuleManager: Shutting down and abandoning module MetalShaderFormat (149)
[2018.12.07-17.04.23:218][507]LogModuleManager: Shutting down and abandoning module TextureFormatUncompressed (147)
[2018.12.07-17.04.23:218][507]LogModuleManager: Shutting down and abandoning module TextureFormatPVR (145)
[2018.12.07-17.04.23:218][507]LogModuleManager: Shutting down and abandoning module TextureFormatDXT (143)
[2018.12.07-17.04.23:218][507]LogModuleManager: Shutting down and abandoning module TextureFormatIntelISPCTexComp (141)
[2018.12.07-17.04.23:218][507]LogModuleManager: Shutting down and abandoning module TextureFormatASTC (139)
[2018.12.07-17.04.23:218][507]LogModuleManager: Shutting down and abandoning module ImageWrapper (138)
[2018.12.07-17.04.23:218][507]LogModuleManager: Shutting down and abandoning module TextureFormatAndroid (135)
[2018.12.07-17.04.23:218][507]LogModuleManager: Shutting down and abandoning module AudioFormatOpus (133)
[2018.12.07-17.04.23:218][507]LogModuleManager: Shutting down and abandoning module AudioFormatOgg (131)
[2018.12.07-17.04.23:218][507]LogModuleManager: Shutting down and abandoning module AudioFormatADPCM (129)
[2018.12.07-17.04.23:218][507]LogModuleManager: Shutting down and abandoning module LuminTargetPlatform (127)
[2018.12.07-17.04.23:218][507]LogModuleManager: Shutting down and abandoning module LinuxTargetPlatform (125)
[2018.12.07-17.04.23:218][507]LogModuleManager: Shutting down and abandoning module LinuxServerTargetPlatform (123)
[2018.12.07-17.04.23:218][507]LogModuleManager: Shutting down and abandoning module LinuxNoEditorTargetPlatform (121)
[2018.12.07-17.04.23:218][507]LogModuleManager: Shutting down and abandoning module LinuxClientTargetPlatform (119)
[2018.12.07-17.04.23:218][507]LogModuleManager: Shutting down and abandoning module TVOSTargetPlatform (117)
[2018.12.07-17.04.23:219][507]LogModuleManager: Shutting down and abandoning module Messaging (115)
[2018.12.07-17.04.23:219][507]LogModuleManager: Shutting down and abandoning module IOSTargetPlatform (113)
[2018.12.07-17.04.23:220][507]LogModuleManager: Shutting down and abandoning module HTML5TargetPlatform (111)
[2018.12.07-17.04.23:220][507]LogModuleManager: Shutting down and abandoning module AndroidTargetPlatform (109)
[2018.12.07-17.04.23:229][507]LogModuleManager: Shutting down and abandoning module WindowsTargetPlatform (107)
[2018.12.07-17.04.23:229][507]LogModuleManager: Shutting down and abandoning module WindowsServerTargetPlatform (105)
[2018.12.07-17.04.23:229][507]LogModuleManager: Shutting down and abandoning module WindowsNoEditorTargetPlatform (103)
[2018.12.07-17.04.23:229][507]LogModuleManager: Shutting down and abandoning module WindowsClientTargetPlatform (101)
[2018.12.07-17.04.23:229][507]LogModuleManager: Shutting down and abandoning module MacTargetPlatform (99)
[2018.12.07-17.04.23:229][507]LogModuleManager: Shutting down and abandoning module MacServerTargetPlatform (97)
[2018.12.07-17.04.23:229][507]LogModuleManager: Shutting down and abandoning module MacNoEditorTargetPlatform (95)
[2018.12.07-17.04.23:229][507]LogModuleManager: Shutting down and abandoning module MacClientTargetPlatform (93)
[2018.12.07-17.04.23:229][507]LogModuleManager: Shutting down and abandoning module AllDesktopTargetPlatform (91)
[2018.12.07-17.04.23:230][507]LogModuleManager: Shutting down and abandoning module InputCore (88)
[2018.12.07-17.04.23:230][507]LogModuleManager: Shutting down and abandoning module Settings (86)
[2018.12.07-17.04.23:230][507]LogModuleManager: Shutting down and abandoning module PhysXCooking (84)
[2018.12.07-17.04.23:230][507]LogModuleManager: Shutting down and abandoning module SteamVR (82)
[2018.12.07-17.04.23:230][507]LogModuleManager: Shutting down and abandoning module OculusHMD (80)
[2018.12.07-17.04.23:230][507]LogModuleManager: Shutting down and abandoning module ExampleDeviceProfileSelector (78)
[2018.12.07-17.04.23:230][507]LogModuleManager: Shutting down and abandoning module LauncherChunkInstaller (76)
[2018.12.07-17.04.23:230][507]LogModuleManager: Shutting down and abandoning module OnlineBlueprintSupport (74)
[2018.12.07-17.04.23:230][507]LogModuleManager: Shutting down and abandoning module OnlineSubsystem (70)
[2018.12.07-17.04.23:231][507]LogModuleManager: Shutting down and abandoning module XMPP (65)
[2018.12.07-17.04.23:231][507]LogModuleManager: Shutting down and abandoning module WebSockets (64)
[2018.12.07-17.04.23:250][507]LogModuleManager: Shutting down and abandoning module HTTP (61)
[2018.12.07-17.04.23:250][507]LogHttp: Display: Http module shutting down, but needs to wait on 1 outstanding Http requests:
[2018.12.07-17.04.23:250][507]LogHttp: Display: 	verb=[POST] url=[https://datarouter.ol.epicgames.com/datarouter/api/v1/public/data?SessionID=%7BB8201BB6-4B8B-E265-9D73-CB926FE6835F%7D&AppID=UEEditor.Rocket.Release&AppVersion=4.20.3-4369336%2B%2B%2BUE4%2BRelease-4.20&UserID=1a1a26384a2a3ec9d1f32b8a2e031447%7Ceddb82624a644f288d69f2506908829f%7C581cd940-7b81-4409-a475-81f3752f43b7&AppEnvironment=datacollector-binary&UploadType=eteventstream] status=Processing
[2018.12.07-17.04.23:278][507]LogModuleManager: Shutting down and abandoning module SSL (60)
[2018.12.07-17.04.23:280][507]LogModuleManager: Shutting down and abandoning module MagicLeapEmulator (56)
[2018.12.07-17.04.23:280][507]LogModuleManager: Shutting down and abandoning module MagicLeapPrivileges (54)
[2018.12.07-17.04.23:280][507]LogModuleManager: Shutting down and abandoning module MagicLeapIdentity (52)
[2018.12.07-17.04.23:280][507]LogModuleManager: Shutting down and abandoning module MagicLeapHelperVulkan (50)
[2018.12.07-17.04.23:280][507]LogModuleManager: Shutting down and abandoning module MagicLeapHelperOpenGL (48)
[2018.12.07-17.04.23:280][507]LogModuleManager: Shutting down and abandoning module MagicLeapSecureStorage (46)
[2018.12.07-17.04.23:280][507]LogModuleManager: Shutting down and abandoning module MagicLeapGestures (44)
[2018.12.07-17.04.23:280][507]LogModuleManager: Shutting down and abandoning module MagicLeapEyeTracker (42)
[2018.12.07-17.04.23:280][507]LogModuleManager: Shutting down and abandoning module MagicLeapController (40)
[2018.12.07-17.04.23:280][507]LogSlate: Slate User Destroyed.  User Index 0, Is Virtual User: 0
[2018.12.07-17.04.23:280][507]LogModuleManager: Shutting down and abandoning module MagicLeap (38)
[2018.12.07-17.04.23:280][507]LogModuleManager: Shutting down and abandoning module AnimationModifiers (36)
[2018.12.07-17.04.23:280][507]LogModuleManager: Shutting down and abandoning module PropertyEditor (35)
[2018.12.07-17.04.23:280][507]LogModuleManager: Shutting down and abandoning module AudioEditor (32)
[2018.12.07-17.04.23:280][507]LogModuleManager: Shutting down and abandoning module TextureCompressor (30)
[2018.12.07-17.04.23:281][507]LogModuleManager: Shutting down and abandoning module ShaderCore (28)
[2018.12.07-17.04.23:281][507]LogModuleManager: Shutting down and abandoning module Landscape (26)
[2018.12.07-17.04.23:281][507]LogModuleManager: Shutting down and abandoning module SlateRHIRenderer (24)
[2018.12.07-17.04.23:281][507]LogModuleManager: Shutting down and abandoning module OpenGLDrv (22)
[2018.12.07-17.04.23:281][507]LogModuleManager: Shutting down and abandoning module D3D11RHI (20)
[2018.12.07-17.04.23:281][507]LogModuleManager: Shutting down and abandoning module AnimGraphRuntime (18)
[2018.12.07-17.04.23:281][507]LogModuleManager: Shutting down and abandoning module Renderer (16)
[2018.12.07-17.04.23:281][507]LogModuleManager: Shutting down and abandoning module Engine (14)
[2018.12.07-17.04.23:281][507]LogModuleManager: Shutting down and abandoning module CoreUObject (12)
[2018.12.07-17.04.23:282][507]LogModuleManager: Shutting down and abandoning module NetworkFile (10)
[2018.12.07-17.04.23:282][507]LogModuleManager: Shutting down and abandoning module CookedIterativeFile (8)
[2018.12.07-17.04.23:282][507]LogModuleManager: Shutting down and abandoning module StreamingFile (6)
[2018.12.07-17.04.23:282][507]LogModuleManager: Shutting down and abandoning module SandboxFile (4)
[2018.12.07-17.04.23:282][507]LogModuleManager: Shutting down and abandoning module PakFile (2)
[2018.12.07-17.04.23:292][507]LogExit: Exiting.
[2018.12.07-17.04.23:330][507]Log file closed, 12/07/18 12:04:23
