Log file open, 12/04/18 23:18:40
LogWindows: Failed to load 'aqProf.dll' (GetLastError=126)
LogWindows: File 'aqProf.dll' does not exist
LogWindows: Failed to load 'VSPerf140.dll' (GetLastError=126)
LogWindows: File 'VSPerf140.dll' does not exist
LogWindows: Failed to load 'VtuneApi.dll' (GetLastError=126)
LogWindows: File 'VtuneApi.dll' does not exist
LogWindows: Failed to load 'VtuneApi32e.dll' (GetLastError=126)
LogWindows: File 'VtuneApi32e.dll' does not exist
LogInit: Display: Running engine for game: Project4
LogPlatformFile: Not using cached read wrapper
LogTaskGraph: Started task graph with 5 named threads and 23 total threads with 3 sets of task threads.
LogStats: Stats thread started at 0.277100
LogD3D11RHI: Loaded GFSDK_Aftermath_Lib.x64.dll
LogICUInternationalization: Display: ICU TimeZone Detection - Raw Offset: -5:00, Platform Override: ''
LogPluginManager: Mounting plugin Paper2D
LogPluginManager: Mounting plugin AISupport
LogPluginManager: Mounting plugin LightPropagationVolume
LogPluginManager: Mounting plugin CLionSourceCodeAccess
LogPluginManager: Mounting plugin CodeLiteSourceCodeAccess
LogPluginManager: Mounting plugin GitSourceControl
LogPluginManager: Mounting plugin KDevelopSourceCodeAccess
LogPluginManager: Mounting plugin NullSourceCodeAccess
LogPluginManager: Mounting plugin PerforceSourceControl
LogPluginManager: Mounting plugin SubversionSourceControl
LogPluginManager: Mounting plugin UObjectPlugin
LogPluginManager: Mounting plugin VisualStudioCodeSourceCodeAccess
LogPluginManager: Mounting plugin VisualStudioSourceCodeAccess
LogPluginManager: Mounting plugin XCodeSourceCodeAccess
LogPluginManager: Mounting plugin AssetManagerEditor
LogPluginManager: Mounting plugin CryptoKeys
LogPluginManager: Mounting plugin DataValidation
LogPluginManager: Mounting plugin FacialAnimation
LogPluginManager: Mounting plugin GameplayTagsEditor
LogPluginManager: Mounting plugin MacGraphicsSwitching
LogPluginManager: Mounting plugin MeshEditor
LogPluginManager: Mounting plugin MobileLauncherProfileWizard
LogPluginManager: Mounting plugin PluginBrowser
LogPluginManager: Mounting plugin SpeedTreeImporter
LogPluginManager: Mounting plugin DatasmithContent
LogPluginManager: Mounting plugin AlembicImporter
LogPluginManager: Mounting plugin AppleImageUtils
LogPluginManager: Mounting plugin AppleVision
LogPluginManager: Mounting plugin BackChannel
LogPluginManager: Mounting plugin CharacterAI
LogPluginManager: Mounting plugin GeometryCache
LogPluginManager: Mounting plugin HTML5Networking
LogPluginManager: Mounting plugin ProxyLODPlugin
LogPluginManager: Mounting plugin MagicLeap
LogPluginManager: Mounting plugin MagicLeapEmulator
LogPluginManager: Mounting plugin MagicLeapMedia
LogPluginManager: Mounting plugin AndroidMedia
LogPluginManager: Mounting plugin AvfMedia
LogPluginManager: Mounting plugin ImgMedia
LogPluginManager: Mounting plugin LinearTimecode
LogPluginManager: Mounting plugin MediaCompositing
LogPluginManager: Mounting plugin MediaPlayerEditor
LogPluginManager: Mounting plugin WmfMedia
LogPluginManager: Mounting plugin TcpMessaging
LogPluginManager: Mounting plugin UdpMessaging
LogPluginManager: Mounting plugin ActorSequence
LogPluginManager: Mounting plugin LevelSequenceEditor
LogPluginManager: Mounting plugin MatineeToLevelSequence
LogPluginManager: Mounting plugin NetcodeUnitTest
LogPluginManager: Mounting plugin NUTUnrealEngine4
LogPluginManager: Mounting plugin OnlineSubsystemGooglePlay
LogPluginManager: Mounting plugin OnlineSubsystemIOS
LogPluginManager: Mounting plugin OnlineSubsystem
LogPluginManager: Mounting plugin OnlineSubsystemNull
LogPluginManager: Mounting plugin OnlineSubsystemUtils
LogPluginManager: Mounting plugin LauncherChunkInstaller
LogPluginManager: Mounting plugin AndroidDeviceProfileSelector
LogPluginManager: Mounting plugin AndroidMoviePlayer
LogPluginManager: Mounting plugin AndroidPermission
LogPluginManager: Mounting plugin AppleMoviePlayer
LogPluginManager: Mounting plugin ArchVisCharacter
LogPluginManager: Mounting plugin AudioCapture
LogPluginManager: Mounting plugin CableComponent
LogPluginManager: Mounting plugin CustomMeshComponent
LogPluginManager: Mounting plugin EditableMesh
LogPluginManager: Mounting plugin ExampleDeviceProfileSelector
LogPluginManager: Mounting plugin GoogleCloudMessaging
LogPluginManager: Mounting plugin ImmediatePhysics
LogPluginManager: Mounting plugin IOSDeviceProfileSelector
LogPluginManager: Mounting plugin LinuxDeviceProfileSelector
LogPluginManager: Mounting plugin LocationServicesBPLibrary
LogPluginManager: Mounting plugin MobilePatchingUtils
LogPluginManager: Mounting plugin OculusVR
LogPluginManager: Plugin shader directory ../../../Engine/Plugins/Runtime/Oculus/OculusVR/Shaders found
LogPluginManager: Mapping shader source directory ../../../Engine/Plugins/Runtime/Oculus/OculusVR/Shaders to virtual directory /Plugin/OculusVR
LogPluginManager: Mounting plugin PhysXVehicles
LogPluginManager: Mounting plugin ProceduralMeshComponent
LogPluginManager: Mounting plugin RuntimePhysXCooking
LogPluginManager: Mounting plugin SteamVR
LogPluginManager: Mounting plugin WindowsMoviePlayer
LogStreaming: Display: Took  0.117s to configure plugins.
LogInit: Using libcurl 7.55.1-DEV
LogInit:  - built for x86_64-pc-win32
LogInit:  - supports SSL with OpenSSL/1.0.2h
LogInit:  - supports HTTP deflate (compression) using libz 1.2.8
LogInit:  - other features:
LogInit:      CURL_VERSION_SSL
LogInit:      CURL_VERSION_LIBZ
LogInit:      CURL_VERSION_IPV6
LogInit:      CURL_VERSION_ASYNCHDNS
LogInit:      CURL_VERSION_LARGEFILE
LogInit:      CURL_VERSION_IDN
LogInit:  CurlRequestOptions (configurable via config and command line):
LogInit:  - bVerifyPeer = false  - Libcurl will NOT verify peer certificate
LogInit:  - bUseHttpProxy = false  - Libcurl will NOT use HTTP proxy
LogInit:  - bDontReuseConnections = false  - Libcurl will reuse connections
LogInit:  - CertBundlePath = nullptr  - Libcurl will use whatever was configured at build time.
LogInit:  - MaxHostConnections = 16  - Libcurl will limit the number of connections to a host
LogInit:  - LocalHostAddr = Default
LogInit:  - BufferSize = 65536
LogInit: WinSock: version 1.1 (2.2), MaxSocks=32767, MaxUdp=65467
LogInit: Build: ++UE4+Release-4.20-CL-4369336
LogInit: Engine Version: 4.20.3-4369336+++UE4+Release-4.20
LogInit: Compatible Engine Version: 4.20.0-4212847+++UE4+Release-4.20
LogInit: Net CL: 4212847
LogInit: OS: Windows 10 (), CPU: Intel(R) Core(TM) i7-7700HQ CPU @ 2.80GHz, GPU: Intel(R) HD Graphics 630
LogInit: Compiled (64-bit): Sep 17 2018 12:26:19
LogInit: Compiled with Visual C++: 19.13.26129.00
LogInit: Build Configuration: Development
LogInit: Branch Name: ++UE4+Release-4.20
LogInit: Command Line: 
LogInit: Base Directory: C:/Program Files/Epic Games/UE_4.20/Engine/Binaries/Win64/
LogInit: Installed Engine Build: 1
LogDevObjectVersion: Number of dev versions registered: 20
LogDevObjectVersion:   Dev-Blueprints (B0D832E4-1F89-4F0D-ACCF-7EB736FD4AA2): 10
LogDevObjectVersion:   Dev-Build (E1C64328-A22C-4D53-A36C-8E866417BD8C): 0
LogDevObjectVersion:   Dev-Core (375EC13C-06E4-48FB-B500-84F0262A717E): 2
LogDevObjectVersion:   Dev-Editor (E4B068ED-F494-42E9-A231-DA0B2E46BB41): 24
LogDevObjectVersion:   Dev-Framework (CFFC743F-43B0-4480-9391-14DF171D2073): 34
LogDevObjectVersion:   Dev-Mobile (B02B49B5-BB20-44E9-A304-32B752E40360): 2
LogDevObjectVersion:   Dev-Networking (A4E4105C-59A1-49B5-A7C5-40C4547EDFEE): 0
LogDevObjectVersion:   Dev-Online (39C831C9-5AE6-47DC-9A44-9C173E1C8E7C): 0
LogDevObjectVersion:   Dev-Physics (78F01B33-EBEA-4F98-B9B4-84EACCB95AA2): 0
LogDevObjectVersion:   Dev-Platform (6631380F-2D4D-43E0-8009-CF276956A95A): 0
LogDevObjectVersion:   Dev-Rendering (12F88B9F-8875-4AFC-A67C-D90C383ABD29): 26
LogDevObjectVersion:   Dev-Sequencer (7B5AE74C-D270-4C10-A958-57980B212A5A): 9
LogDevObjectVersion:   Dev-VR (D7296918-1DD6-4BDD-9DE2-64A83CC13884): 2
LogDevObjectVersion:   Dev-LoadTimes (C2A15278-BFE7-4AFE-6C17-90FF531DF755): 1
LogDevObjectVersion:   Private-Geometry (6EACA3D4-40EC-4CC1-B786-8BED09428FC5): 3
LogDevObjectVersion:   Dev-AnimPhys (29E575DD-E0A3-4627-9D10-D276232CDCEA): 17
LogDevObjectVersion:   Dev-ReflectionCapture (6B266CEC-1EC7-4B8F-A30B-E4D90942FC07): 1
LogDevObjectVersion:   Dev-Automation (0DF73D61-A23F-47EA-B727-89E90C41499A): 1
LogDevObjectVersion:   FortniteMain (601D1886-AC64-4F84-AA16-D3DE0DEAC7D6): 12
LogDevObjectVersion:   Dev-Enterprise (9DFFBCD6-494F-0158-E221-12823C92A888): 1
LogStreaming: Display: Took  0.004s to delete old logs.
LogInit: Presizing for max 8388607 objects, including 0 objects not considered by GC, pre-allocating 0 bytes for permanent pool.
LogInit: Object subsystem initialized
[2018.12.05-04.18.40:510][  0]LogInit: Selected Device Profile: [Windows]
[2018.12.05-04.18.40:510][  0]LogInit: Applying CVar settings loaded from the selected device profile: [Windows]
[2018.12.05-04.18.40:527][  0]LogHAL: Display: Platform has ~ 16 GB [17024626688 / 17179869184 / 16], which maps to Larger [LargestMinGB=32, LargerMinGB=12, DefaultMinGB=8, SmallerMinGB=6, SmallestMinGB=0)
[2018.12.05-04.18.40:527][  0]LogInit: Setting Device Profile CVar: [[r.Vulkan.UseRealUBs:1]]
[2018.12.05-04.18.40:527][  0]LogInit: Going up to parent DeviceProfile []
[2018.12.05-04.18.40:528][  0]LogInit: Computer: ALEXLAPTOP
[2018.12.05-04.18.40:528][  0]LogInit: User: sidgwa
[2018.12.05-04.18.40:528][  0]LogInit: CPU Page size=4096, Cores=4
[2018.12.05-04.18.40:528][  0]LogInit: High frequency timer resolution =2.742192 MHz
[2018.12.05-04.18.40:528][  0]LogMemory: Memory total: Physical=15.9GB (16GB approx)
[2018.12.05-04.18.40:528][  0]LogMemory: Platform Memory Stats for Windows
[2018.12.05-04.18.40:528][  0]LogMemory: Process Physical Memory: 100.60 MB used, 100.60 MB peak
[2018.12.05-04.18.40:528][  0]LogMemory: Process Virtual Memory: 89.38 MB used, 89.38 MB peak
[2018.12.05-04.18.40:528][  0]LogMemory: Physical Memory: 7452.75 MB used,  8783.20 MB free, 16235.95 MB total
[2018.12.05-04.18.40:528][  0]LogMemory: Virtual Memory: 4638.60 MB used,  8783.20 MB free, 134217728.00 MB total
[2018.12.05-04.18.40:545][  0]LogInit: Using OS detected language (en-US).
[2018.12.05-04.18.40:546][  0]LogInit: Using OS detected locale (en-US).
[2018.12.05-04.18.40:546][  0]LogTextLocalizationManager: No specific localization for 'en-US' exists, so the 'en' localization will be used.
[2018.12.05-04.18.40:904][  0]LogStreaming: Display: Took  0.358s to InitEngineTextLocalization.
[2018.12.05-04.18.40:904][  0]LogInit: Setting process to per monitor DPI aware
[2018.12.05-04.18.40:945][  0]LogSlate: New Slate User Created.  User Index 0, Is Virtual User: 0
[2018.12.05-04.18.40:945][  0]LogSlate: Slate User Registered.  User Index 0, Is Virtual User: 0
[2018.12.05-04.18.41:139][  0]LogHMD: Failed to initialize OpenVR with code 110
[2018.12.05-04.18.41:139][  0]LogD3D11RHI: D3D11 adapters:
[2018.12.05-04.18.41:197][  0]LogD3D11RHI:    0. 'NVIDIA GeForce GTX 1050' (Feature Level 11_0)
[2018.12.05-04.18.41:198][  0]LogD3D11RHI:       4021/0/8117 MB DedicatedVideo/DedicatedSystem/SharedSystem, Outputs:1, VendorId:0x10de
[2018.12.05-04.18.41:209][  0]LogD3D11RHI:    1. 'Intel(R) HD Graphics 630' (Feature Level 11_0)
[2018.12.05-04.18.41:209][  0]LogD3D11RHI:       128/0/8117 MB DedicatedVideo/DedicatedSystem/SharedSystem, Outputs:0, VendorId:0x8086
[2018.12.05-04.18.41:211][  0]LogD3D11RHI:    2. 'Microsoft Basic Render Driver' (Feature Level 11_0)
[2018.12.05-04.18.41:211][  0]LogD3D11RHI:       0/0/8117 MB DedicatedVideo/DedicatedSystem/SharedSystem, Outputs:0, VendorId:0x1414
[2018.12.05-04.18.41:211][  0]LogD3D11RHI: Chosen D3D11 Adapter: 0
[2018.12.05-04.18.41:232][  0]LogD3D11RHI: Creating new Direct3DDevice
[2018.12.05-04.18.41:232][  0]LogD3D11RHI:     GPU DeviceId: 0x1c8d (for the marketing name, search the web for "GPU Device Id")
[2018.12.05-04.18.41:232][  0]LogWindows: EnumDisplayDevices:
[2018.12.05-04.18.41:232][  0]LogWindows:    0. 'Intel(R) HD Graphics 630' (P:1 D:1)
[2018.12.05-04.18.41:232][  0]LogWindows:    1. 'Intel(R) HD Graphics 630' (P:0 D:0)
[2018.12.05-04.18.41:232][  0]LogWindows:    2. 'Intel(R) HD Graphics 630' (P:0 D:0)
[2018.12.05-04.18.41:233][  0]LogWindows: DebugString: PrimaryIsNotTheChoosenAdapter PrimaryIsNotTheChoosenAdapter PrimaryIsNotTheChoosenAdapter FoundDriverCount:0 
[2018.12.05-04.18.41:233][  0]LogD3D11RHI:     Adapter Name: NVIDIA GeForce GTX 1050
[2018.12.05-04.18.41:233][  0]LogD3D11RHI:   Driver Version: Unknown (internal:Unknown, unified:Unknown)
[2018.12.05-04.18.41:233][  0]LogD3D11RHI:      Driver Date: Unknown
[2018.12.05-04.18.41:233][  0]LogRHI: Texture pool is 2814 MB (70% of 4021 MB)
[2018.12.05-04.18.41:277][  0]LogD3D11RHI: Async texture creation enabled
[2018.12.05-04.18.41:319][  0]LogD3D11RHI: GPU Timing Frequency: 1000.000000 (Debug: 2 2)
[2018.12.05-04.18.41:320][  0]LogShaderCompilers: Guid format shader working directory is -31 characters bigger than the processId version (../../../../../../Users/sidgwa/Documents/Game Development 1/GameDev-4/Project4/Intermediate/Shaders/WorkingDirectory/2784/).
[2018.12.05-04.18.41:320][  0]LogShaderCompilers: Cleaned the shader compiler working directory 'C:/Users/sidgwa/AppData/Local/Temp/UnrealShaderWorkingDir/BB87766C46C6575346F294A92F984444/'.
[2018.12.05-04.18.41:578][  0]LogTemp: Display: Loaded TP AllDesktopTargetPlatform
[2018.12.05-04.18.41:591][  0]LogTemp: Display: Loaded TP MacClientTargetPlatform
[2018.12.05-04.18.41:605][  0]LogTemp: Display: Loaded TP MacNoEditorTargetPlatform
[2018.12.05-04.18.41:619][  0]LogTemp: Display: Loaded TP MacServerTargetPlatform
[2018.12.05-04.18.41:633][  0]LogTemp: Display: Loaded TP MacTargetPlatform
[2018.12.05-04.18.41:646][  0]LogTemp: Display: Loaded TP WindowsClientTargetPlatform
[2018.12.05-04.18.41:659][  0]LogTemp: Display: Loaded TP WindowsNoEditorTargetPlatform
[2018.12.05-04.18.41:676][  0]LogTemp: Display: Loaded TP WindowsServerTargetPlatform
[2018.12.05-04.18.41:682][  0]LogTemp: Display: Loaded TP WindowsTargetPlatform
[2018.12.05-04.18.41:770][  0]LogTemp: Display: Loaded TP AndroidTargetPlatform
[2018.12.05-04.18.41:770][  0]LogTemp: Display: Loaded TP AndroidTargetPlatform
[2018.12.05-04.18.41:770][  0]LogTemp: Display: Loaded TP AndroidTargetPlatform
[2018.12.05-04.18.41:770][  0]LogTemp: Display: Loaded TP AndroidTargetPlatform
[2018.12.05-04.18.41:771][  0]LogTemp: Display: Loaded TP AndroidTargetPlatform
[2018.12.05-04.18.41:771][  0]LogTemp: Display: Loaded TP AndroidTargetPlatform
[2018.12.05-04.18.41:771][  0]LogTemp: Display: Loaded TP AndroidTargetPlatform
[2018.12.05-04.18.41:771][  0]LogTemp: Display: Loaded TP AndroidTargetPlatform
[2018.12.05-04.18.41:771][  0]LogTemp: Display: Loaded TP AndroidTargetPlatform
[2018.12.05-04.18.41:771][  0]LogTemp: Display: Loaded TP AndroidTargetPlatform
[2018.12.05-04.18.41:771][  0]LogTemp: Display: Loaded TP AndroidTargetPlatform
[2018.12.05-04.18.41:771][  0]LogTemp: Display: Loaded TP AndroidTargetPlatform
[2018.12.05-04.18.41:771][  0]LogTemp: Display: Loaded TP AndroidTargetPlatform
[2018.12.05-04.18.41:771][  0]LogTemp: Display: Loaded TP AndroidTargetPlatform
[2018.12.05-04.18.41:771][  0]LogTemp: Display: Loaded TP AndroidTargetPlatform
[2018.12.05-04.18.41:771][  0]LogTemp: Display: Loaded TP AndroidTargetPlatform
[2018.12.05-04.18.41:771][  0]LogTemp: Display: Loaded TP AndroidTargetPlatform
[2018.12.05-04.18.41:771][  0]LogTemp: Display: Loaded TP AndroidTargetPlatform
[2018.12.05-04.18.41:772][  0]LogTemp: Display: Loaded TP HTML5TargetPlatform
[2018.12.05-04.18.41:833][  0]LogTemp: Display: Loaded TP IOSTargetPlatform
[2018.12.05-04.18.41:833][  0]LogTemp: Display: Loaded TP IOSTargetPlatform
[2018.12.05-04.18.41:857][  0]LogTemp: Display: Loaded TP TVOSTargetPlatform
[2018.12.05-04.18.41:857][  0]LogTemp: Display: Loaded TP TVOSTargetPlatform
[2018.12.05-04.18.41:870][  0]LogTemp: Display: Loaded TP LinuxClientTargetPlatform
[2018.12.05-04.18.41:882][  0]LogTemp: Display: Loaded TP LinuxNoEditorTargetPlatform
[2018.12.05-04.18.41:896][  0]LogTemp: Display: Loaded TP LinuxServerTargetPlatform
[2018.12.05-04.18.41:908][  0]LogTemp: Display: Loaded TP LinuxTargetPlatform
[2018.12.05-04.18.41:917][  0]LogTemp: Display: Loaded TP LuminTargetPlatform
[2018.12.05-04.18.41:917][  0]LogTargetPlatformManager: Display: Building Assets For Windows
[2018.12.05-04.18.41:960][  0]LogXGEController: Cannot use XGE Controller as Incredibuild is not installed on this machine.
[2018.12.05-04.18.41:960][  0]LogShaderCompilers: Cannot use XGE Shader Compiler as Incredibuild is not installed on this machine.
[2018.12.05-04.18.41:960][  0]LogShaderCompilers: Display: Using Local Shader Compiler.
[2018.12.05-04.18.42:677][  0]LogDerivedDataCache: Display: Max Cache Size: 512 MB
[2018.12.05-04.18.42:726][  0]LogDerivedDataCache: Loaded boot cache 0.05s 71MB C:/Users/sidgwa/AppData/Local/UnrealEngine/4.20/DerivedDataCache/Boot.ddc.
[2018.12.05-04.18.42:726][  0]LogDerivedDataCache: Display: Loaded Boot cache: C:/Users/sidgwa/AppData/Local/UnrealEngine/4.20/DerivedDataCache/Boot.ddc
[2018.12.05-04.18.42:726][  0]LogDerivedDataCache: FDerivedDataBackendGraph:  Pak pak cache file ../../../../../../Users/sidgwa/Documents/Game Development 1/GameDev-4/Project4/DerivedDataCache/DDC.ddp not found, will not use a pak cache.
[2018.12.05-04.18.42:726][  0]LogDerivedDataCache: Unable to find inner node Pak for hierarchical cache Hierarchy.
[2018.12.05-04.18.42:726][  0]LogDerivedDataCache: FDerivedDataBackendGraph:  CompressedPak pak cache file ../../../../../../Users/sidgwa/Documents/Game Development 1/GameDev-4/Project4/DerivedDataCache/Compressed.ddp not found, will not use a pak cache.
[2018.12.05-04.18.42:726][  0]LogDerivedDataCache: Unable to find inner node CompressedPak for hierarchical cache Hierarchy.
[2018.12.05-04.18.42:739][  0]LogDerivedDataCache: Display: Pak cache opened for reading ../../../Engine/DerivedDataCache/Compressed.ddp.
[2018.12.05-04.18.42:751][  0]LogDerivedDataCache: Using Local data cache path C:/Users/sidgwa/AppData/Local/UnrealEngine/Common/DerivedDataCache: Writable
[2018.12.05-04.18.42:751][  0]LogDerivedDataCache: Shared data cache path not found in *engine.ini, will not use an Shared cache.
[2018.12.05-04.18.42:751][  0]LogDerivedDataCache: Unable to find inner node Shared for hierarchical cache Hierarchy.
[2018.12.05-04.18.42:768][  0]LogMaterial: Verifying Global Shaders for PCD3D_SM5
[2018.12.05-04.18.42:769][  0]LogSlate: Using FreeType 2.6.0
[2018.12.05-04.18.42:770][  0]LogSlate: SlateFontServices - WITH_FREETYPE: 1, WITH_HARFBUZZ: 1
[2018.12.05-04.18.42:842][  0]LogAssetRegistry: FAssetRegistry took 0.0262 seconds to start up
[2018.12.05-04.18.43:154][  0]LogInit: Selected Device Profile: [Windows]
[2018.12.05-04.18.43:282][  0]LogSimplygon: Simplygon DLL not present - disabling.
[2018.12.05-04.18.43:284][  0]LogMeshReduction: Using SimplygonSwarm for distributed automatic mesh merging
[2018.12.05-04.18.43:284][  0]LogMeshReduction: Using ProxyLODMeshReduction for automatic mesh merging
[2018.12.05-04.18.43:284][  0]LogMeshReduction: Using QuadricMeshReduction for automatic static mesh reduction
[2018.12.05-04.18.43:284][  0]LogMeshReduction: No automatic skeletal mesh reduction module available
[2018.12.05-04.18.43:298][  0]LogNetVersion: Project4 1.0.0, NetCL: 4212847, EngineNetVer: 5, GameNetVer: 0 (Checksum: 1992437466)
[2018.12.05-04.18.43:880][  0]LogPackageLocalizationCache: Processed 11 localized package path(s) for 2 prioritized culture(s) in 0.155190 seconds
[2018.12.05-04.18.43:886][  0]LogUObjectArray: 38425 objects as part of root set at end of initial load.
[2018.12.05-04.18.43:886][  0]LogUObjectAllocator: 6690864 out of 0 bytes used by permanent object pool.
[2018.12.05-04.18.43:886][  0]LogUObjectArray: CloseDisregardForGC: 0/0 objects in disregard for GC pool
[2018.12.05-04.18.44:682][  0]LogTcpMessaging: Initializing TcpMessaging bridge
[2018.12.05-04.18.44:694][  0]LogUdpMessaging: Initializing bridge on interface 0.0.0.0:0 to multicast group 230.0.0.1:6666.
[2018.12.05-04.18.44:830][  0]SourceControl: Source control is disabled
[2018.12.05-04.18.44:830][  0]SourceControl: Source control is disabled
[2018.12.05-04.18.44:831][  0]SourceControl: Source control is disabled
[2018.12.05-04.18.44:832][  0]SourceControl: Source control is disabled
[2018.12.05-04.18.44:986][  0]LogAndroidPermission: UAndroidPermissionCallbackProxy::GetInstance
[2018.12.05-04.18.45:076][  0]LogOcInput: OculusInput pre-init called
[2018.12.05-04.18.45:136][  0]LogEngine: Initializing Engine...
[2018.12.05-04.18.45:136][  0]LogHMD: Failed to initialize OpenVR with code 110
[2018.12.05-04.18.45:138][  0]LogStats: UGameplayTagsManager::ConstructGameplayTagTree: ImportINI prefixes -  0.000 s
[2018.12.05-04.18.45:138][  0]LogStats: UGameplayTagsManager::ConstructGameplayTagTree: Construct from data asset -  0.000 s
[2018.12.05-04.18.45:138][  0]LogStats: UGameplayTagsManager::ConstructGameplayTagTree: ImportINI -  0.000 s
[2018.12.05-04.18.45:138][  0]LogStats: UGameplayTagsManager::ConstructGameplayTagTree: GameplayTagTreeChangedEvent.Broadcast -  0.000 s
[2018.12.05-04.18.45:342][  0]LogInit: Initializing FReadOnlyCVARCache
[2018.12.05-04.18.45:354][  0]LogAIModule: Creating AISystem for world Untitled
[2018.12.05-04.18.45:418][  0]LogInit: XAudio2 using 'Speakers / Headphones (Realtek Audio)' : 2 channels at 48 kHz using 32 bits per sample (channel mask 0x3)
[2018.12.05-04.18.45:780][  0]LogInit: FAudioDevice initialized.
[2018.12.05-04.18.45:780][  0]LogNetVersion: Set ProjectVersion to 1.0.0.0. Version Checksum will be recalculated on next use.
[2018.12.05-04.18.45:837][  0]LogDerivedDataCache: Saved boot cache 0.06s 71MB C:/Users/sidgwa/AppData/Local/UnrealEngine/4.20/DerivedDataCache/Boot.ddc.
[2018.12.05-04.18.45:849][  0]LogInit: Texture streaming: Enabled
[2018.12.05-04.18.45:862][  0]LogEngineSessionManager: EngineSessionManager initialized
[2018.12.05-04.18.45:875][  0]LogInit: Transaction tracking system initialized
[2018.12.05-04.18.45:889][  0]BlueprintLog: New page: Editor Load
[2018.12.05-04.18.45:939][  0]LocalizationService: Localization service is disabled
[2018.12.05-04.18.46:187][  0]LogCook: Display: Max memory allowance for cook 16384mb min free memory 0mb
[2018.12.05-04.18.46:187][  0]LogCook: Display: Mobile HDR setting 1
[2018.12.05-04.18.46:187][  0]LogGameplayTags: Display: UGameplayTagsManager::DoneAddingNativeTags. DelegateIsBound: 0
[2018.12.05-04.18.46:187][  0]LogStats: UGameplayTagsManager::ConstructGameplayTagTree: ImportINI prefixes -  0.000 s
[2018.12.05-04.18.46:187][  0]LogStats: UGameplayTagsManager::ConstructGameplayTagTree: Construct from data asset -  0.000 s
[2018.12.05-04.18.46:187][  0]LogStats: UGameplayTagsManager::ConstructGameplayTagTree: ImportINI -  0.000 s
[2018.12.05-04.18.46:187][  0]LogStats: UGameplayTagsManager::ConstructGameplayTagTree: GameplayTagTreeChangedEvent.Broadcast -  0.000 s
[2018.12.05-04.18.46:278][  0]LogFileCache: Scanning file cache for directory 'C:/Users/sidgwa/Documents/Game Development 1/GameDev-4/Project4/Content/' took 0.01s
[2018.12.05-04.18.46:278][  0]SourceControl: Source control is disabled
[2018.12.05-04.18.46:278][  0]Cmd: MAP LOAD FILE="../../../../../../Users/sidgwa/Documents/Game Development 1/GameDev-4/Project4/Content/GameView.umap" TEMPLATE=0 SHOWPROGRESS=1 FEATURELEVEL=3
[2018.12.05-04.18.46:278][  0]LightingResults: New page: Lighting Build
[2018.12.05-04.18.46:280][  0]MapCheck: New page: Map Check
[2018.12.05-04.18.46:280][  0]LightingResults: New page: Lighting Build
[2018.12.05-04.18.46:432][  0]LogLinker: Warning: Can't find file '/Game/Groceries/lambert1'
[2018.12.05-04.18.46:433][  0]LogLinker: Warning: Can't find file for asset '/Game/Groceries/lambert1' while loading ../../../../../../Users/sidgwa/Documents/Game Development 1/GameDev-4/Project4/Content/Groceries/banana.uasset.
[2018.12.05-04.18.46:433][  0]LoadErrors: Error: /Game/Groceries/banana : Can't find file for asset. /Game/Groceries/lambert1
[2018.12.05-04.18.46:433][  0]LogLinker: Warning: Can't find file '/Game/Groceries/lambert1'
[2018.12.05-04.18.46:433][  0]LogLinker: Warning: Can't find file for asset '/Game/Groceries/lambert1' while loading ../../../../../../Users/sidgwa/Documents/Game Development 1/GameDev-4/Project4/Content/Groceries/banana.uasset.
[2018.12.05-04.18.46:433][  0]LoadErrors: Error: /Game/Groceries/banana : Can't find file for asset. /Game/Groceries/lambert1
[2018.12.05-04.18.46:436][  0]LogLinker: Warning: Can't find file '/Game/Groceries/lambert1'
[2018.12.05-04.18.46:436][  0]LogLinker: Warning: Can't find file for asset '/Game/Groceries/lambert1' while loading ../../../../../../Users/sidgwa/Documents/Game Development 1/GameDev-4/Project4/Content/Groceries/carrot.uasset.
[2018.12.05-04.18.46:436][  0]LoadErrors: Error: /Game/Groceries/carrot : Can't find file for asset. /Game/Groceries/lambert1
[2018.12.05-04.18.46:436][  0]LogLinker: Warning: Can't find file '/Game/Groceries/lambert1'
[2018.12.05-04.18.46:437][  0]LogLinker: Warning: Can't find file for asset '/Game/Groceries/lambert1' while loading ../../../../../../Users/sidgwa/Documents/Game Development 1/GameDev-4/Project4/Content/Groceries/carrot.uasset.
[2018.12.05-04.18.46:437][  0]LoadErrors: Error: /Game/Groceries/carrot : Can't find file for asset. /Game/Groceries/lambert1
[2018.12.05-04.18.46:438][  0]LogLinker: Warning: Can't find file '/Game/Groceries/lambert1'
[2018.12.05-04.18.46:438][  0]LogLinker: Warning: Can't find file for asset '/Game/Groceries/lambert1' while loading ../../../../../../Users/sidgwa/Documents/Game Development 1/GameDev-4/Project4/Content/Groceries/cereal.uasset.
[2018.12.05-04.18.46:438][  0]LoadErrors: Error: /Game/Groceries/cereal : Can't find file for asset. /Game/Groceries/lambert1
[2018.12.05-04.18.46:438][  0]LogLinker: Warning: Can't find file '/Game/Groceries/lambert1'
[2018.12.05-04.18.46:439][  0]LogLinker: Warning: Can't find file for asset '/Game/Groceries/lambert1' while loading ../../../../../../Users/sidgwa/Documents/Game Development 1/GameDev-4/Project4/Content/Groceries/cereal.uasset.
[2018.12.05-04.18.46:439][  0]LoadErrors: Error: /Game/Groceries/cereal : Can't find file for asset. /Game/Groceries/lambert1
[2018.12.05-04.18.46:441][  0]LogLinker: Warning: Can't find file '/Game/Groceries/lambert1'
[2018.12.05-04.18.46:441][  0]LogLinker: Warning: Can't find file for asset '/Game/Groceries/lambert1' while loading ../../../../../../Users/sidgwa/Documents/Game Development 1/GameDev-4/Project4/Content/Groceries/eggs.uasset.
[2018.12.05-04.18.46:442][  0]LoadErrors: Error: /Game/Groceries/eggs : Can't find file for asset. /Game/Groceries/lambert1
[2018.12.05-04.18.46:442][  0]LogLinker: Warning: Can't find file '/Game/Groceries/lambert1'
[2018.12.05-04.18.46:442][  0]LogLinker: Warning: Can't find file for asset '/Game/Groceries/lambert1' while loading ../../../../../../Users/sidgwa/Documents/Game Development 1/GameDev-4/Project4/Content/Groceries/eggs.uasset.
[2018.12.05-04.18.46:442][  0]LoadErrors: Error: /Game/Groceries/eggs : Can't find file for asset. /Game/Groceries/lambert1
[2018.12.05-04.18.46:443][  0]LogLinker: Warning: Can't find file '/Game/Groceries/lambert1'
[2018.12.05-04.18.46:443][  0]LogLinker: Warning: Can't find file for asset '/Game/Groceries/lambert1' while loading ../../../../../../Users/sidgwa/Documents/Game Development 1/GameDev-4/Project4/Content/Groceries/fish.uasset.
[2018.12.05-04.18.46:443][  0]LoadErrors: Error: /Game/Groceries/fish : Can't find file for asset. /Game/Groceries/lambert1
[2018.12.05-04.18.46:443][  0]LogLinker: Warning: Can't find file '/Game/Groceries/lambert1'
[2018.12.05-04.18.46:443][  0]LogLinker: Warning: Can't find file for asset '/Game/Groceries/lambert1' while loading ../../../../../../Users/sidgwa/Documents/Game Development 1/GameDev-4/Project4/Content/Groceries/fish.uasset.
[2018.12.05-04.18.46:443][  0]LoadErrors: Error: /Game/Groceries/fish : Can't find file for asset. /Game/Groceries/lambert1
[2018.12.05-04.18.46:445][  0]LogLinker: Warning: Can't find file '/Game/Groceries/lambert1'
[2018.12.05-04.18.46:445][  0]LogLinker: Warning: Can't find file for asset '/Game/Groceries/lambert1' while loading ../../../../../../Users/sidgwa/Documents/Game Development 1/GameDev-4/Project4/Content/Groceries/flour.uasset.
[2018.12.05-04.18.46:445][  0]LoadErrors: Error: /Game/Groceries/flour : Can't find file for asset. /Game/Groceries/lambert1
[2018.12.05-04.18.46:445][  0]LogLinker: Warning: Can't find file '/Game/Groceries/lambert1'
[2018.12.05-04.18.46:445][  0]LogLinker: Warning: Can't find file for asset '/Game/Groceries/lambert1' while loading ../../../../../../Users/sidgwa/Documents/Game Development 1/GameDev-4/Project4/Content/Groceries/flour.uasset.
[2018.12.05-04.18.46:445][  0]LoadErrors: Error: /Game/Groceries/flour : Can't find file for asset. /Game/Groceries/lambert1
[2018.12.05-04.18.46:446][  0]LogLinker: Warning: Can't find file '/Game/Groceries/lambert1'
[2018.12.05-04.18.46:446][  0]LogLinker: Warning: Can't find file for asset '/Game/Groceries/lambert1' while loading ../../../../../../Users/sidgwa/Documents/Game Development 1/GameDev-4/Project4/Content/Groceries/hotdogs.uasset.
[2018.12.05-04.18.46:446][  0]LoadErrors: Error: /Game/Groceries/hotdogs : Can't find file for asset. /Game/Groceries/lambert1
[2018.12.05-04.18.46:446][  0]LogLinker: Warning: Can't find file '/Game/Groceries/lambert1'
[2018.12.05-04.18.46:447][  0]LogLinker: Warning: Can't find file for asset '/Game/Groceries/lambert1' while loading ../../../../../../Users/sidgwa/Documents/Game Development 1/GameDev-4/Project4/Content/Groceries/hotdogs.uasset.
[2018.12.05-04.18.46:447][  0]LoadErrors: Error: /Game/Groceries/hotdogs : Can't find file for asset. /Game/Groceries/lambert1
[2018.12.05-04.18.46:448][  0]LogLinker: Warning: Can't find file '/Game/Groceries/lambert1'
[2018.12.05-04.18.46:448][  0]LogLinker: Warning: Can't find file for asset '/Game/Groceries/lambert1' while loading ../../../../../../Users/sidgwa/Documents/Game Development 1/GameDev-4/Project4/Content/Groceries/jar.uasset.
[2018.12.05-04.18.46:448][  0]LoadErrors: Error: /Game/Groceries/jar : Can't find file for asset. /Game/Groceries/lambert1
[2018.12.05-04.18.46:448][  0]LogLinker: Warning: Can't find file '/Game/Groceries/lambert1'
[2018.12.05-04.18.46:448][  0]LogLinker: Warning: Can't find file for asset '/Game/Groceries/lambert1' while loading ../../../../../../Users/sidgwa/Documents/Game Development 1/GameDev-4/Project4/Content/Groceries/jar.uasset.
[2018.12.05-04.18.46:448][  0]LoadErrors: Error: /Game/Groceries/jar : Can't find file for asset. /Game/Groceries/lambert1
[2018.12.05-04.18.46:450][  0]LogLinker: Warning: Can't find file '/Game/Groceries/lambert1'
[2018.12.05-04.18.46:450][  0]LogLinker: Warning: Can't find file for asset '/Game/Groceries/lambert1' while loading ../../../../../../Users/sidgwa/Documents/Game Development 1/GameDev-4/Project4/Content/Groceries/lettuce.uasset.
[2018.12.05-04.18.46:450][  0]LoadErrors: Error: /Game/Groceries/lettuce : Can't find file for asset. /Game/Groceries/lambert1
[2018.12.05-04.18.46:450][  0]LogLinker: Warning: Can't find file '/Game/Groceries/lambert1'
[2018.12.05-04.18.46:450][  0]LogLinker: Warning: Can't find file for asset '/Game/Groceries/lambert1' while loading ../../../../../../Users/sidgwa/Documents/Game Development 1/GameDev-4/Project4/Content/Groceries/lettuce.uasset.
[2018.12.05-04.18.46:450][  0]LoadErrors: Error: /Game/Groceries/lettuce : Can't find file for asset. /Game/Groceries/lambert1
[2018.12.05-04.18.46:452][  0]LogLinker: Warning: Can't find file '/Game/Groceries/lambert1'
[2018.12.05-04.18.46:452][  0]LogLinker: Warning: Can't find file for asset '/Game/Groceries/lambert1' while loading ../../../../../../Users/sidgwa/Documents/Game Development 1/GameDev-4/Project4/Content/Groceries/milk.uasset.
[2018.12.05-04.18.46:452][  0]LoadErrors: Error: /Game/Groceries/milk : Can't find file for asset. /Game/Groceries/lambert1
[2018.12.05-04.18.46:452][  0]LogLinker: Warning: Can't find file '/Game/Groceries/lambert1'
[2018.12.05-04.18.46:452][  0]LogLinker: Warning: Can't find file for asset '/Game/Groceries/lambert1' while loading ../../../../../../Users/sidgwa/Documents/Game Development 1/GameDev-4/Project4/Content/Groceries/milk.uasset.
[2018.12.05-04.18.46:452][  0]LoadErrors: Error: /Game/Groceries/milk : Can't find file for asset. /Game/Groceries/lambert1
[2018.12.05-04.18.46:453][  0]LogLinker: Warning: Can't find file '/Game/Groceries/lambert1'
[2018.12.05-04.18.46:453][  0]LogLinker: Warning: Can't find file for asset '/Game/Groceries/lambert1' while loading ../../../../../../Users/sidgwa/Documents/Game Development 1/GameDev-4/Project4/Content/Groceries/sugar.uasset.
[2018.12.05-04.18.46:453][  0]LoadErrors: Error: /Game/Groceries/sugar : Can't find file for asset. /Game/Groceries/lambert1
[2018.12.05-04.18.46:454][  0]LogLinker: Warning: Can't find file '/Game/Groceries/lambert1'
[2018.12.05-04.18.46:454][  0]LogLinker: Warning: Can't find file for asset '/Game/Groceries/lambert1' while loading ../../../../../../Users/sidgwa/Documents/Game Development 1/GameDev-4/Project4/Content/Groceries/sugar.uasset.
[2018.12.05-04.18.46:454][  0]LoadErrors: Error: /Game/Groceries/sugar : Can't find file for asset. /Game/Groceries/lambert1
[2018.12.05-04.18.46:597][  0]LogLinker: Warning: Can't find file '/Game/Groceries/lambert1'
[2018.12.05-04.18.46:597][  0]LoadErrors: Failed to load /Game/Groceries/lambert1.lambert1 Referenced by cereal
[2018.12.05-04.18.46:597][  0]LogLinker: Warning: Can't find file for asset '/Game/Groceries/lambert1' while loading NULL.
[2018.12.05-04.18.46:597][  0]LoadErrors: Failed to load /Game/Groceries/lambert1.lambert1 Referenced by cereal
[2018.12.05-04.18.46:597][  0]LogLinker: Warning: Can't find file '/Game/Groceries/lambert1'
[2018.12.05-04.18.46:597][  0]LoadErrors: Failed to load /Game/Groceries/lambert1.lambert1 Referenced by cereal
[2018.12.05-04.18.46:597][  0]LogLinker: Warning: Can't find file for asset '/Game/Groceries/lambert1' while loading NULL.
[2018.12.05-04.18.46:597][  0]LoadErrors: Failed to load /Game/Groceries/lambert1.lambert1 Referenced by cereal
[2018.12.05-04.18.46:598][  0]LogLinker: Warning: Can't find file '/Game/Groceries/lambert1'
[2018.12.05-04.18.46:598][  0]LoadErrors: Failed to load /Game/Groceries/lambert1.lambert1 Referenced by carrot
[2018.12.05-04.18.46:598][  0]LogLinker: Warning: Can't find file for asset '/Game/Groceries/lambert1' while loading NULL.
[2018.12.05-04.18.46:598][  0]LoadErrors: Failed to load /Game/Groceries/lambert1.lambert1 Referenced by carrot
[2018.12.05-04.18.46:598][  0]LogLinker: Warning: Can't find file '/Game/Groceries/lambert1'
[2018.12.05-04.18.46:598][  0]LoadErrors: Failed to load /Game/Groceries/lambert1.lambert1 Referenced by carrot
[2018.12.05-04.18.46:598][  0]LogLinker: Warning: Can't find file for asset '/Game/Groceries/lambert1' while loading NULL.
[2018.12.05-04.18.46:598][  0]LoadErrors: Failed to load /Game/Groceries/lambert1.lambert1 Referenced by carrot
[2018.12.05-04.18.46:599][  0]LogLinker: Warning: Can't find file '/Game/Groceries/lambert1'
[2018.12.05-04.18.46:599][  0]LoadErrors: Failed to load /Game/Groceries/lambert1.lambert1 Referenced by banana
[2018.12.05-04.18.46:599][  0]LogLinker: Warning: Can't find file for asset '/Game/Groceries/lambert1' while loading NULL.
[2018.12.05-04.18.46:599][  0]LoadErrors: Failed to load /Game/Groceries/lambert1.lambert1 Referenced by banana
[2018.12.05-04.18.46:599][  0]LogLinker: Warning: Can't find file '/Game/Groceries/lambert1'
[2018.12.05-04.18.46:599][  0]LoadErrors: Failed to load /Game/Groceries/lambert1.lambert1 Referenced by banana
[2018.12.05-04.18.46:599][  0]LogLinker: Warning: Can't find file for asset '/Game/Groceries/lambert1' while loading NULL.
[2018.12.05-04.18.46:599][  0]LoadErrors: Failed to load /Game/Groceries/lambert1.lambert1 Referenced by banana
[2018.12.05-04.18.46:600][  0]LogLinker: Warning: Can't find file '/Game/Groceries/lambert1'
[2018.12.05-04.18.46:600][  0]LoadErrors: Failed to load /Game/Groceries/lambert1.lambert1 Referenced by lettuce
[2018.12.05-04.18.46:600][  0]LogLinker: Warning: Can't find file for asset '/Game/Groceries/lambert1' while loading NULL.
[2018.12.05-04.18.46:600][  0]LoadErrors: Failed to load /Game/Groceries/lambert1.lambert1 Referenced by lettuce
[2018.12.05-04.18.46:600][  0]LogLinker: Warning: Can't find file '/Game/Groceries/lambert1'
[2018.12.05-04.18.46:600][  0]LoadErrors: Failed to load /Game/Groceries/lambert1.lambert1 Referenced by lettuce
[2018.12.05-04.18.46:601][  0]LogLinker: Warning: Can't find file for asset '/Game/Groceries/lambert1' while loading NULL.
[2018.12.05-04.18.46:601][  0]LoadErrors: Failed to load /Game/Groceries/lambert1.lambert1 Referenced by lettuce
[2018.12.05-04.18.46:601][  0]LogLinker: Warning: Can't find file '/Game/Groceries/lambert1'
[2018.12.05-04.18.46:601][  0]LoadErrors: Failed to load /Game/Groceries/lambert1.lambert1 Referenced by jar
[2018.12.05-04.18.46:601][  0]LogLinker: Warning: Can't find file for asset '/Game/Groceries/lambert1' while loading NULL.
[2018.12.05-04.18.46:601][  0]LoadErrors: Failed to load /Game/Groceries/lambert1.lambert1 Referenced by jar
[2018.12.05-04.18.46:602][  0]LogLinker: Warning: Can't find file '/Game/Groceries/lambert1'
[2018.12.05-04.18.46:602][  0]LoadErrors: Failed to load /Game/Groceries/lambert1.lambert1 Referenced by jar
[2018.12.05-04.18.46:602][  0]LogLinker: Warning: Can't find file for asset '/Game/Groceries/lambert1' while loading NULL.
[2018.12.05-04.18.46:602][  0]LoadErrors: Failed to load /Game/Groceries/lambert1.lambert1 Referenced by jar
[2018.12.05-04.18.46:602][  0]LogLinker: Warning: Can't find file '/Game/Groceries/lambert1'
[2018.12.05-04.18.46:602][  0]LoadErrors: Failed to load /Game/Groceries/lambert1.lambert1 Referenced by hotdogs
[2018.12.05-04.18.46:602][  0]LogLinker: Warning: Can't find file for asset '/Game/Groceries/lambert1' while loading NULL.
[2018.12.05-04.18.46:602][  0]LoadErrors: Failed to load /Game/Groceries/lambert1.lambert1 Referenced by hotdogs
[2018.12.05-04.18.46:603][  0]LogLinker: Warning: Can't find file '/Game/Groceries/lambert1'
[2018.12.05-04.18.46:603][  0]LoadErrors: Failed to load /Game/Groceries/lambert1.lambert1 Referenced by hotdogs
[2018.12.05-04.18.46:603][  0]LogLinker: Warning: Can't find file for asset '/Game/Groceries/lambert1' while loading NULL.
[2018.12.05-04.18.46:603][  0]LoadErrors: Failed to load /Game/Groceries/lambert1.lambert1 Referenced by hotdogs
[2018.12.05-04.18.46:603][  0]LogLinker: Warning: Can't find file '/Game/Groceries/lambert1'
[2018.12.05-04.18.46:603][  0]LoadErrors: Failed to load /Game/Groceries/lambert1.lambert1 Referenced by flour
[2018.12.05-04.18.46:603][  0]LogLinker: Warning: Can't find file for asset '/Game/Groceries/lambert1' while loading NULL.
[2018.12.05-04.18.46:603][  0]LoadErrors: Failed to load /Game/Groceries/lambert1.lambert1 Referenced by flour
[2018.12.05-04.18.46:603][  0]LogLinker: Warning: Can't find file '/Game/Groceries/lambert1'
[2018.12.05-04.18.46:603][  0]LoadErrors: Failed to load /Game/Groceries/lambert1.lambert1 Referenced by flour
[2018.12.05-04.18.46:604][  0]LogLinker: Warning: Can't find file for asset '/Game/Groceries/lambert1' while loading NULL.
[2018.12.05-04.18.46:604][  0]LoadErrors: Failed to load /Game/Groceries/lambert1.lambert1 Referenced by flour
[2018.12.05-04.18.46:604][  0]LogLinker: Warning: Can't find file '/Game/Groceries/lambert1'
[2018.12.05-04.18.46:604][  0]LoadErrors: Failed to load /Game/Groceries/lambert1.lambert1 Referenced by fish
[2018.12.05-04.18.46:604][  0]LogLinker: Warning: Can't find file for asset '/Game/Groceries/lambert1' while loading NULL.
[2018.12.05-04.18.46:604][  0]LoadErrors: Failed to load /Game/Groceries/lambert1.lambert1 Referenced by fish
[2018.12.05-04.18.46:604][  0]LogLinker: Warning: Can't find file '/Game/Groceries/lambert1'
[2018.12.05-04.18.46:604][  0]LoadErrors: Failed to load /Game/Groceries/lambert1.lambert1 Referenced by fish
[2018.12.05-04.18.46:604][  0]LogLinker: Warning: Can't find file for asset '/Game/Groceries/lambert1' while loading NULL.
[2018.12.05-04.18.46:604][  0]LoadErrors: Failed to load /Game/Groceries/lambert1.lambert1 Referenced by fish
[2018.12.05-04.18.46:605][  0]LogLinker: Warning: Can't find file '/Game/Groceries/lambert1'
[2018.12.05-04.18.46:605][  0]LoadErrors: Failed to load /Game/Groceries/lambert1.lambert1 Referenced by eggs
[2018.12.05-04.18.46:605][  0]LogLinker: Warning: Can't find file for asset '/Game/Groceries/lambert1' while loading NULL.
[2018.12.05-04.18.46:605][  0]LoadErrors: Failed to load /Game/Groceries/lambert1.lambert1 Referenced by eggs
[2018.12.05-04.18.46:605][  0]LogLinker: Warning: Can't find file '/Game/Groceries/lambert1'
[2018.12.05-04.18.46:605][  0]LoadErrors: Failed to load /Game/Groceries/lambert1.lambert1 Referenced by eggs
[2018.12.05-04.18.46:605][  0]LogLinker: Warning: Can't find file for asset '/Game/Groceries/lambert1' while loading NULL.
[2018.12.05-04.18.46:605][  0]LoadErrors: Failed to load /Game/Groceries/lambert1.lambert1 Referenced by eggs
[2018.12.05-04.18.46:607][  0]LogLinker: Warning: Can't find file '/Game/Groceries/lambert1'
[2018.12.05-04.18.46:607][  0]LoadErrors: Failed to load /Game/Groceries/lambert1.lambert1 Referenced by sugar
[2018.12.05-04.18.46:607][  0]LogLinker: Warning: Can't find file for asset '/Game/Groceries/lambert1' while loading NULL.
[2018.12.05-04.18.46:607][  0]LoadErrors: Failed to load /Game/Groceries/lambert1.lambert1 Referenced by sugar
[2018.12.05-04.18.46:607][  0]LogLinker: Warning: Can't find file '/Game/Groceries/lambert1'
[2018.12.05-04.18.46:607][  0]LoadErrors: Failed to load /Game/Groceries/lambert1.lambert1 Referenced by sugar
[2018.12.05-04.18.46:607][  0]LogLinker: Warning: Can't find file for asset '/Game/Groceries/lambert1' while loading NULL.
[2018.12.05-04.18.46:608][  0]LoadErrors: Failed to load /Game/Groceries/lambert1.lambert1 Referenced by sugar
[2018.12.05-04.18.46:608][  0]LogLinker: Warning: Can't find file '/Game/Groceries/lambert1'
[2018.12.05-04.18.46:608][  0]LoadErrors: Failed to load /Game/Groceries/lambert1.lambert1 Referenced by milk
[2018.12.05-04.18.46:608][  0]LogLinker: Warning: Can't find file for asset '/Game/Groceries/lambert1' while loading NULL.
[2018.12.05-04.18.46:608][  0]LoadErrors: Failed to load /Game/Groceries/lambert1.lambert1 Referenced by milk
[2018.12.05-04.18.46:608][  0]LogLinker: Warning: Can't find file '/Game/Groceries/lambert1'
[2018.12.05-04.18.46:608][  0]LoadErrors: Failed to load /Game/Groceries/lambert1.lambert1 Referenced by milk
[2018.12.05-04.18.46:608][  0]LogLinker: Warning: Can't find file for asset '/Game/Groceries/lambert1' while loading NULL.
[2018.12.05-04.18.46:608][  0]LoadErrors: Failed to load /Game/Groceries/lambert1.lambert1 Referenced by milk
[2018.12.05-04.18.46:814][  0]LogAIModule: Creating AISystem for world GameView
[2018.12.05-04.18.46:820][  0]LogEditorServer: Finished looking for orphan Actors (0.000 secs)
[2018.12.05-04.18.46:845][  0]Cmd: MAP CHECKDEP NOCLEARLOG
[2018.12.05-04.18.46:904][  0]MapCheck: Map check complete: 0 Error(s), 0 Warning(s), took 58.679ms to complete.
[2018.12.05-04.18.46:904][  0]LogFileHelpers: Loading map 'GameView' took 0.626
[2018.12.05-04.18.47:034][  0]LogSlate: Updating window title bar state: overlay mode, drag disabled, window buttons hidden, title bar hidden
[2018.12.05-04.18.47:042][  0]LogSlate: Updating window title bar state: overlay mode, drag disabled, window buttons hidden, title bar hidden
[2018.12.05-04.18.47:051][  0]LogSlate: Updating window title bar state: overlay mode, drag disabled, window buttons hidden, title bar hidden
[2018.12.05-04.18.47:059][  0]LogSlate: Updating window title bar state: overlay mode, drag disabled, window buttons hidden, title bar hidden
[2018.12.05-04.18.47:064][  0]LogCollectionManager: Loaded 0 collections in 0.000828 seconds
[2018.12.05-04.18.47:105][  0]LogFileCache: Scanning file cache for directory 'C:/Users/sidgwa/Documents/Game Development 1/GameDev-4/Project4/Saved/Collections/' took 0.01s
[2018.12.05-04.18.47:105][  0]LogFileCache: Scanning file cache for directory 'C:/Users/sidgwa/Documents/Game Development 1/GameDev-4/Project4/Content/Developers/sidgwa/Collections/' took 0.01s
[2018.12.05-04.18.47:106][  0]LogFileCache: Scanning file cache for directory 'C:/Users/sidgwa/Documents/Game Development 1/GameDev-4/Project4/Content/Collections/' took 0.01s
[2018.12.05-04.18.47:106][  0]LogCollectionManager: Rebuilt the GUID cache for 0 collections in 0.000000 seconds
[2018.12.05-04.18.47:116][  0]LogContentBrowser: Native class hierarchy populated in 0.0098 seconds. Added 2572 classes and 603 folders.
[2018.12.05-04.18.47:121][  0]LogContentBrowser: Native class hierarchy updated for 'WidgetCarousel' in 0.0002 seconds. Added 0 classes and 0 folders.
[2018.12.05-04.18.47:159][  0]LogContentBrowser: Native class hierarchy updated for 'AddContentDialog' in 0.0002 seconds. Added 0 classes and 0 folders.
[2018.12.05-04.18.47:165][  0]LogContentBrowser: Native class hierarchy updated for 'SceneOutliner' in 0.0003 seconds. Added 1 classes and 2 folders.
[2018.12.05-04.18.47:182][  0]LogSlate: Took 0.000229 seconds to synchronously load lazily loaded font '../../../Engine/Content/Slate/Fonts/Roboto-Regular.ttf' (155K)
[2018.12.05-04.18.47:184][  0]LogSlate: Took 0.000226 seconds to synchronously load lazily loaded font '../../../Engine/Content/Slate/Fonts/Roboto-Bold.ttf' (160K)
[2018.12.05-04.18.47:192][  0]LogSlate: Took 0.000194 seconds to synchronously load lazily loaded font '../../../Engine/Content/Editor/Slate/Fonts/FontAwesome.ttf' (139K)
[2018.12.05-04.18.47:278][  0]LogRenderer: Reallocating scene render targets to support 1068x576 Format 10 NumSamples 1 (Frame:1).
[2018.12.05-04.18.47:325][  0]LogSlate: Took 0.000186 seconds to synchronously load lazily loaded font '../../../Engine/Content/Slate/Fonts/Roboto-Light.ttf' (167K)
[2018.12.05-04.18.47:470][  0]LogContentBrowser: Native class hierarchy updated for 'HierarchicalLODOutliner' in 0.0010 seconds. Added 0 classes and 0 folders.
[2018.12.05-04.18.47:470][  0]LogLoad: (Engine Initialization) Total time: 8.42 seconds
[2018.12.05-04.18.47:470][  0]LogLoad: (Engine Initialization) Total Blueprint compile time: 0.00 seconds
[2018.12.05-04.18.47:490][  0]LogWindowsTextInputMethodSystem: Display: IME system now deactivated.
[2018.12.05-04.18.47:510][  0]LogContentStreaming: Texture pool size now 1000 MB
[2018.12.05-04.18.47:547][  1]LogAssetRegistry: Asset discovery search completed in 4.7271 seconds
[2018.12.05-04.18.47:549][  1]LogCollectionManager: Rebuilt the object cache for 0 collections in 0.000000 seconds (found 0 objects)
[2018.12.05-04.18.47:549][  1]LogCollectionManager: Fixed up redirectors for 0 collections in 0.000071 seconds (updated 0 objects)
[2018.12.05-04.19.02:701][907]LogSlate: FSceneViewport::OnFocusLost() reason 0
[2018.12.05-04.19.02:807][913]LogSlate: Took 0.000162 seconds to synchronously load lazily loaded font '../../../Engine/Content/Slate/Fonts/Roboto-Light.ttf' (167K)
[2018.12.05-04.19.02:813][913]LogAssetEditorManager: Opening Asset editor for Blueprint /Engine/EngineSky/BP_Sky_Sphere.BP_Sky_Sphere
[2018.12.05-04.19.03:304][913]LogContentBrowser: Native class hierarchy updated for 'BlueprintGraph' in 0.0006 seconds. Added 116 classes and 0 folders.
[2018.12.05-04.19.04:089][913]LogSlate: Took 0.000348 seconds to synchronously load lazily loaded font '../../../Engine/Content/Slate/Fonts/Roboto-BoldCondensed.ttf' (158K)
[2018.12.05-04.19.04:275][914]LogSlate: Took 0.000163 seconds to synchronously load lazily loaded font '../../../Engine/Content/Slate/Fonts/Roboto-Italic.ttf' (157K)
[2018.12.05-04.19.05:678][998]LogSlate: Window 'BP_Sky_Sphere' being destroyed
[2018.12.05-04.19.10:405][276]LogAssetEditorManager: Opening Asset editor for Blueprint /Game/Blueprints/Spawn_Blueprint.Spawn_Blueprint
[2018.12.05-04.23.34:749][671]LogSlate: FSceneViewport::OnFocusLost() reason 0
[2018.12.05-04.23.44:713][262]Cmd: TRANSACTION UNDO
[2018.12.05-04.23.44:713][262]LogEditorTransaction: Undo Move Components
[2018.12.05-04.23.50:616][614]LogSlate: FSceneViewport::OnFocusLost() reason 0
[2018.12.05-04.23.55:493][894]Cmd: TRANSACTION UNDO
[2018.12.05-04.23.55:493][894]LogEditorTransaction: Undo Move Components
[2018.12.05-04.23.57:151][991]LogSlate: FSceneViewport::OnFocusLost() reason 0
[2018.12.05-04.23.58:559][ 75]LogEditorActor: Deleted Actor: Items_Blueprint_C
[2018.12.05-04.23.58:591][ 75]LogEditorActor: Deleted 1 Actors (0.038 secs)
[2018.12.05-04.24.52:525][396]LogAssetEditorManager: Opening Asset editor for Blueprint /Game/Blueprints/Items_Blueprint.Items_Blueprint
[2018.12.05-04.26.26:826][640]BlueprintLog: New page: Compile Spawn_Blueprint
[2018.12.05-04.26.28:083][678]Cmd: OBJ SAVEPACKAGE PACKAGE="/Game/Blueprints/Spawn_Blueprint" FILE="../../../../../../Users/sidgwa/Documents/Game Development 1/GameDev-4/Project4/Content/Blueprints/Spawn_Blueprint.uasset" SILENT=true
[2018.12.05-04.26.28:203][678]LogSavePackage: Moving '../../../../../../Users/sidgwa/Documents/Game Development 1/GameDev-4/Project4/Saved/Spawn_Blueprint47D792F641C70FC9C399299688782599.tmp' to '../../../../../../Users/sidgwa/Documents/Game Development 1/GameDev-4/Project4/Content/Blueprints/Spawn_Blueprint.uasset'
[2018.12.05-04.26.31:370][846]Cmd: OBJ SAVEPACKAGE PACKAGE="/Game/GameView" FILE="../../../../../../Users/sidgwa/Documents/Game Development 1/GameDev-4/Project4/Content/GameView.umap" SILENT=true AUTOSAVING=false KEEPDIRTY=false
[2018.12.05-04.26.31:447][846]LogSavePackage: Moving '../../../../../../Users/sidgwa/Documents/Game Development 1/GameDev-4/Project4/Saved/GameView335CC7E14C5A99B59C3E51B6BDA3A1B9.tmp' to '../../../../../../Users/sidgwa/Documents/Game Development 1/GameDev-4/Project4/Content/GameView.umap'
[2018.12.05-04.26.31:503][846]Cmd: OBJ SAVEPACKAGE PACKAGE="/Game/GameView_BuiltData" FILE="../../../../../../Users/sidgwa/Documents/Game Development 1/GameDev-4/Project4/Content/GameView_BuiltData.uasset" SILENT=true
[2018.12.05-04.26.31:547][846]LogSavePackage: Moving '../../../../../../Users/sidgwa/Documents/Game Development 1/GameDev-4/Project4/Saved/GameView_BuiltDataB3A349324B05EFFCE51CC4A4D676481A.tmp' to '../../../../../../Users/sidgwa/Documents/Game Development 1/GameDev-4/Project4/Content/GameView_BuiltData.uasset'
[2018.12.05-04.26.33:950][980]LogTemp: Repeating last play command: Selected Viewport
[2018.12.05-04.26.33:994][980]LogPlayLevel: PlayLevel: No blueprints needed recompiling
[2018.12.05-04.26.34:006][980]PIE: New page: PIE session: GameView (Dec 4, 2018, 6:26:34 PM)
[2018.12.05-04.26.34:006][980]LogPlayLevel: Creating play world package: /Game/UEDPIE_0_GameView
[2018.12.05-04.26.34:008][980]LogPlayLevel: PIE: StaticDuplicateObject took: (0.002255s)
[2018.12.05-04.26.34:010][980]LogAIModule: Creating AISystem for world GameView
[2018.12.05-04.26.34:010][980]LogPlayLevel: PIE: World Init took: (0.001415s)
[2018.12.05-04.26.34:010][980]LogPlayLevel: PIE: Created PIE world by copying editor world from /Game/GameView.GameView to /Game/UEDPIE_0_GameView.GameView (0.003914s)
[2018.12.05-04.26.34:050][980]LogInit: XAudio2 using 'Speakers / Headphones (Realtek Audio)' : 2 channels at 48 kHz using 32 bits per sample (channel mask 0x3)
[2018.12.05-04.26.34:061][980]LogInit: FAudioDevice initialized.
[2018.12.05-04.26.34:106][980]LogLoad: Game class is 'GameMode_C'
[2018.12.05-04.26.34:108][980]LogWorld: Bringing World /Game/UEDPIE_0_GameView.GameView up for play (max tick rate 60) at 2018.12.04-23.26.34
[2018.12.05-04.26.34:108][980]LogWorld: Bringing up level for play took: 0.000590
[2018.12.05-04.26.34:124][980]LogContentBrowser: Native class hierarchy updated for 'MovieSceneCapture' in 0.0004 seconds. Added 10 classes and 0 folders.
[2018.12.05-04.26.34:125][980]LogBlueprintUserMessages: [Spawn_Blueprint_80] Spawn UI/Items to choose here
[2018.12.05-04.26.34:125][980]LogBlueprintUserMessages: [Spawn_Blueprint_80] Spawn UI/Items to choose here
[2018.12.05-04.26.34:125][980]LogBlueprintUserMessages: [Spawn_Blueprint_80] Spawn UI/Items to choose here
[2018.12.05-04.26.34:125][980]PIE: Play in editor start time for /Game/UEDPIE_0_GameView -0.507
[2018.12.05-04.26.39:206][283]LogBlueprintUserMessages: [Spawn_Blueprint_80] 2
[2018.12.05-04.26.39:206][283]LogBlueprintUserMessages: [Spawn_Blueprint_80] Spawn UI/Items to choose here
[2018.12.05-04.26.39:206][283]LogBlueprintUserMessages: [Spawn_Blueprint_80] Spawn UI/Items to choose here
[2018.12.05-04.26.39:206][283]LogBlueprintUserMessages: [Spawn_Blueprint_80] 2
[2018.12.05-04.26.39:206][283]LogBlueprintUserMessages: [Spawn_Blueprint_80] Spawn UI/Items to choose here
[2018.12.05-04.26.39:206][283]LogBlueprintUserMessages: [Spawn_Blueprint_80] Spawn UI/Items to choose here
[2018.12.05-04.26.42:041][453]LogScript: Warning: Accessed None trying to read property ItemBelow
	ItemHitbox_Blueprint_C /Game/UEDPIE_0_GameView.GameView:PersistentLevel.ItemHitbox_Blueprint_C_3
	Function /Game/Blueprints/ItemHitbox_Blueprint.ItemHitbox_Blueprint_C:ExecuteUbergraph_ItemHitbox_Blueprint:01E8
[2018.12.05-04.26.42:041][453]PIE: Error: Blueprint Runtime Error: "Accessed None trying to read property ItemBelow". Blueprint:  ItemHitbox_Blueprint Function:  Execute Ubergraph Item Hitbox Blueprint Graph:  EventGraph Node:  Reduce Durability
[2018.12.05-04.26.42:042][453]LogBlueprintUserMessages: [Spawn_Blueprint_80] 2
[2018.12.05-04.26.42:042][453]LogBlueprintUserMessages: [Spawn_Blueprint_80] Spawn UI/Items to choose here
[2018.12.05-04.26.42:042][453]LogBlueprintUserMessages: [Spawn_Blueprint_80] 2
[2018.12.05-04.26.42:042][453]LogBlueprintUserMessages: [Spawn_Blueprint_80] Spawn UI/Items to choose here
[2018.12.05-04.26.42:976][509]LogScript: Warning: Script Msg: Attempted to access index 3 from array 'currentCustomerItems' of length 3 in '/Game/Blueprints/Spawn_Blueprint.Spawn_Blueprint_C'!
[2018.12.05-04.26.42:976][509]LogScript: Warning: Script Msg: Attempted to access index -1 from array 'item_widths' of length 13 in '/Game/Blueprints/Spawn_Blueprint.Spawn_Blueprint_C'!
[2018.12.05-04.26.42:976][509]LogScript: Warning: Script Msg: Attempted to access index -1 from array 'item_lengths' of length 13 in '/Game/Blueprints/Spawn_Blueprint.Spawn_Blueprint_C'!
[2018.12.05-04.26.42:976][509]LogScript: Warning: Script Msg: Attempted to access index -1 from array 'item_heights' of length 13 in '/Game/Blueprints/Spawn_Blueprint.Spawn_Blueprint_C'!
[2018.12.05-04.26.42:976][509]LogScript: Warning: Script Msg: Attempted to access index -1 from array 'item_weights' of length 13 in '/Game/Blueprints/Spawn_Blueprint.Spawn_Blueprint_C'!
[2018.12.05-04.26.42:976][509]LogScript: Warning: Script Msg: Attempted to access index -1 from array 'item_durability' of length 13 in '/Game/Blueprints/Spawn_Blueprint.Spawn_Blueprint_C'!
[2018.12.05-04.26.42:976][509]LogScript: Warning: Script Msg: Attempted to access index -1 from array 'item_meshes' of length 13 in '/Game/Blueprints/Spawn_Blueprint.Spawn_Blueprint_C'!
[2018.12.05-04.26.43:874][563]LogBlueprintUserMessages: [Spawn_Blueprint_80] selection is false...
[2018.12.05-04.26.44:442][597]LogBlueprintUserMessages: [Spawn_Blueprint_80] selection is false...
[2018.12.05-04.26.44:808][619]LogBlueprintUserMessages: [Spawn_Blueprint_80] selection is false...
[2018.12.05-04.26.45:008][631]LogBlueprintUserMessages: [Spawn_Blueprint_80] selection is false...
[2018.12.05-04.26.45:158][640]LogBlueprintUserMessages: [Spawn_Blueprint_80] selection is false...
[2018.12.05-04.26.45:459][658]LogSlate: Updating window title bar state: overlay mode, drag disabled, window buttons hidden, title bar hidden
[2018.12.05-04.26.45:495][658]LogPlayLevel: Display: Shutting down PIE online subsystems
[2018.12.05-04.26.45:527][658]LogSlate: Updating window title bar state: overlay mode, drag disabled, window buttons hidden, title bar hidden
[2018.12.05-04.26.45:573][660]LogPlayLevel: Display: Destroying online subsystem :Context_7
[2018.12.05-04.27.10:290][142]LogSlate: FSceneViewport::OnFocusLost() reason 2
[2018.12.05-04.27.10:302][142]Cmd: OBJ SAVEPACKAGE PACKAGE="/Game/GameView" FILE="../../../../../../Users/sidgwa/Documents/Game Development 1/GameDev-4/Project4/Content/GameView.umap" SILENT=true AUTOSAVING=false KEEPDIRTY=false
[2018.12.05-04.27.10:374][142]LogSavePackage: Moving '../../../../../../Users/sidgwa/Documents/Game Development 1/GameDev-4/Project4/Saved/GameViewEFBCC9014FEE07C2D0D4C59E1FE78B8F.tmp' to '../../../../../../Users/sidgwa/Documents/Game Development 1/GameDev-4/Project4/Content/GameView.umap'
[2018.12.05-04.27.10:441][142]Cmd: OBJ SAVEPACKAGE PACKAGE="/Game/GameView_BuiltData" FILE="../../../../../../Users/sidgwa/Documents/Game Development 1/GameDev-4/Project4/Content/GameView_BuiltData.uasset" SILENT=true
[2018.12.05-04.27.10:483][142]LogSavePackage: Moving '../../../../../../Users/sidgwa/Documents/Game Development 1/GameDev-4/Project4/Saved/GameView_BuiltDataA51D1E414651EC58EB573A88E89B4DEE.tmp' to '../../../../../../Users/sidgwa/Documents/Game Development 1/GameDev-4/Project4/Content/GameView_BuiltData.uasset'
[2018.12.05-04.27.11:341][193]LogEditorViewport: Clicking on Actor (LMB): Spawn_Blueprint_C (Spawn_Blueprint)
[2018.12.05-04.27.11:970][229]LogEditorViewport: Clicking on Actor (LMB): BP_Sky_Sphere_C (Sky Sphere)
[2018.12.05-04.27.17:607][566]LogSlate: FSceneViewport::OnFocusLost() reason 0
[2018.12.05-04.27.17:953][572]LogSlate: Window 'Items_Blueprint' being destroyed
[2018.12.05-04.27.17:958][572]LogActorComponent: UnregisterComponent: (/Engine/Transient.EditorFloorComp) Not registered. Aborting.
[2018.12.05-04.27.18:019][572]LogSlate: Window 'Project4 - Unreal Editor' being destroyed
[2018.12.05-04.27.18:021][572]LogWindowsTextInputMethodSystem: Display: IME system now deactivated.
[2018.12.05-04.27.18:240][573]Cmd: QUIT_EDITOR
[2018.12.05-04.27.18:924][573]LogExit: Preparing to exit.
[2018.12.05-04.27.20:013][573]LogExit: Editor shut down
[2018.12.05-04.27.20:014][573]LogExit: Transaction tracking system shut down
[2018.12.05-04.27.20:375][573]LogExit: Object subsystem successfully closed.
[2018.12.05-04.27.20:403][573]LogShaderCompilers: Display: Shaders left to compile 0
[2018.12.05-04.27.20:406][573]LogD3D11RHI: Shutdown
[2018.12.05-04.27.20:406][573]LogD3D11RHI: CleanupD3DDevice
[2018.12.05-04.27.20:408][573]LogD3D11RHI: ~FD3D11DynamicRHI
[2018.12.05-04.27.20:427][573]LogModuleManager: Shutting down and abandoning module MovieSceneCapture (618)
[2018.12.05-04.27.20:428][573]LogModuleManager: Shutting down and abandoning module Voice (616)
[2018.12.05-04.27.20:428][573]LogModuleManager: Shutting down and abandoning module HierarchicalLODUtilities (614)
[2018.12.05-04.27.20:428][573]LogModuleManager: Shutting down and abandoning module BlueprintGraph (612)
[2018.12.05-04.27.20:428][573]LogModuleManager: Shutting down and abandoning module HierarchicalLODOutliner (610)
[2018.12.05-04.27.20:428][573]LogModuleManager: Shutting down and abandoning module SceneOutliner (608)
[2018.12.05-04.27.20:428][573]LogModuleManager: Shutting down and abandoning module AddContentDialog (606)
[2018.12.05-04.27.20:428][573]LogModuleManager: Shutting down and abandoning module WidgetCarousel (605)
[2018.12.05-04.27.20:428][573]LogModuleManager: Shutting down and abandoning module EditorWidgets (602)
[2018.12.05-04.27.20:428][573]LogModuleManager: Shutting down and abandoning module CollectionManager (600)
[2018.12.05-04.27.20:428][573]LogModuleManager: Shutting down and abandoning module StatsViewer (598)
[2018.12.05-04.27.20:428][573]LogModuleManager: Shutting down and abandoning module FoliageEdit (596)
[2018.12.05-04.27.20:428][573]LogModuleManager: Shutting down and abandoning module LandscapeEditor (594)
[2018.12.05-04.27.20:428][573]LogModuleManager: Shutting down and abandoning module MeshPaintMode (592)
[2018.12.05-04.27.20:428][573]LogModuleManager: Shutting down and abandoning module SceneDepthPickerMode (590)
[2018.12.05-04.27.20:428][573]LogModuleManager: Shutting down and abandoning module ActorPickerMode (588)
[2018.12.05-04.27.20:428][573]LogModuleManager: Shutting down and abandoning module GeometryMode (586)
[2018.12.05-04.27.20:428][573]LogModuleManager: Shutting down and abandoning module TextureAlignMode (584)
[2018.12.05-04.27.20:428][573]LogModuleManager: Shutting down and abandoning module BspMode (582)
[2018.12.05-04.27.20:429][573]LogModuleManager: Shutting down and abandoning module PIEPreviewDeviceProfileSelector (580)
[2018.12.05-04.27.20:429][573]LogModuleManager: Shutting down and abandoning module SequenceRecorderSections (578)
[2018.12.05-04.27.20:429][573]LogModuleManager: Shutting down and abandoning module AutomationWorker (576)
[2018.12.05-04.27.20:429][573]LogModuleManager: Shutting down and abandoning module AudioCaptureEditor (574)
[2018.12.05-04.27.20:429][573]LogModuleManager: Shutting down and abandoning module SequenceRecorder (573)
[2018.12.05-04.27.20:429][573]LogModuleManager: Shutting down and abandoning module MatineeToLevelSequence (570)
[2018.12.05-04.27.20:429][573]LogModuleManager: Shutting down and abandoning module LevelSequenceEditor (568)
[2018.12.05-04.27.20:429][573]LogModuleManager: Shutting down and abandoning module PlacementMode (567)
[2018.12.05-04.27.20:429][573]LogModuleManager: Shutting down and abandoning module MaterialEditor (566)
[2018.12.05-04.27.20:429][573]LogModuleManager: Shutting down and abandoning module WmfMediaFactory (562)
[2018.12.05-04.27.20:429][573]LogModuleManager: Shutting down and abandoning module WmfMediaEditor (560)
[2018.12.05-04.27.20:429][573]LogModuleManager: Shutting down and abandoning module MediaPlayerEditor (558)
[2018.12.05-04.27.20:429][573]LogModuleManager: Shutting down and abandoning module OpenExrWrapper (556)
[2018.12.05-04.27.20:429][573]LogModuleManager: Shutting down and abandoning module ImgMediaFactory (554)
[2018.12.05-04.27.20:429][573]LogModuleManager: Shutting down and abandoning module ImgMediaEditor (552)
[2018.12.05-04.27.20:429][573]LogModuleManager: Shutting down and abandoning module AvfMediaFactory (550)
[2018.12.05-04.27.20:429][573]LogModuleManager: Shutting down and abandoning module AvfMediaEditor (548)
[2018.12.05-04.27.20:429][573]LogModuleManager: Shutting down and abandoning module AndroidMediaFactory (546)
[2018.12.05-04.27.20:429][573]LogModuleManager: Shutting down and abandoning module AndroidMediaEditor (544)
[2018.12.05-04.27.20:429][573]LogModuleManager: Shutting down and abandoning module MagicLeapCameraPreviewFactory (542)
[2018.12.05-04.27.20:429][573]LogModuleManager: Shutting down and abandoning module MagicLeapMediaFactory (540)
[2018.12.05-04.27.20:429][573]LogModuleManager: Shutting down and abandoning module MagicLeapMediaEditor (538)
[2018.12.05-04.27.20:429][573]LogModuleManager: Shutting down and abandoning module CharacterAI (536)
[2018.12.05-04.27.20:429][573]LogModuleManager: Shutting down and abandoning module SmartSnapping (534)
[2018.12.05-04.27.20:429][573]LogModuleManager: Shutting down and abandoning module SessionServices (532)
[2018.12.05-04.27.20:429][573]LogModuleManager: Shutting down and abandoning module ViewportSnapping (530)
[2018.12.05-04.27.20:429][573]LogModuleManager: Shutting down and abandoning module ViewportInteraction (528)
[2018.12.05-04.27.20:429][573]LogModuleManager: Shutting down and abandoning module ClothPainter (526)
[2018.12.05-04.27.20:429][573]LogModuleManager: Shutting down and abandoning module SkeletalMeshEditor (525)
[2018.12.05-04.27.20:429][573]LogModuleManager: Shutting down and abandoning module LogVisualizer (522)
[2018.12.05-04.27.20:429][573]LogModuleManager: Shutting down and abandoning module IntroTutorials (520)
[2018.12.05-04.27.20:429][573]LogModuleManager: Shutting down and abandoning module GameProjectGeneration (519)
[2018.12.05-04.27.20:429][573]LogModuleManager: Shutting down and abandoning module LuminPlatformEditor (516)
[2018.12.05-04.27.20:429][573]LogModuleManager: Shutting down and abandoning module IOSPlatformEditor (514)
[2018.12.05-04.27.20:429][573]LogModuleManager: Shutting down and abandoning module HTML5PlatformEditor (512)
[2018.12.05-04.27.20:430][573]LogModuleManager: Shutting down and abandoning module AndroidPlatformEditor (510)
[2018.12.05-04.27.20:430][573]LogModuleManager: Shutting down and abandoning module AndroidDeviceDetection (509)
[2018.12.05-04.27.21:254][573]LogModuleManager: Shutting down and abandoning module WindowsPlatformEditor (506)
[2018.12.05-04.27.21:254][573]LogModuleManager: Shutting down and abandoning module LuminRuntimeSettings (504)
[2018.12.05-04.27.21:254][573]LogModuleManager: Shutting down and abandoning module IOSRuntimeSettings (502)
[2018.12.05-04.27.21:254][573]LogModuleManager: Shutting down and abandoning module AndroidRuntimeSettings (500)
[2018.12.05-04.27.21:254][573]LogModuleManager: Shutting down and abandoning module InputBindingEditor (498)
[2018.12.05-04.27.21:254][573]LogModuleManager: Shutting down and abandoning module MergeActors (496)
[2018.12.05-04.27.21:254][573]LogModuleManager: Shutting down and abandoning module LocalizationDashboard (494)
[2018.12.05-04.27.21:255][573]LogModuleManager: Shutting down and abandoning module LocalizationService (493)
[2018.12.05-04.27.21:255][573]LogModuleManager: Shutting down and abandoning module HardwareTargeting (490)
[2018.12.05-04.27.21:255][573]LogModuleManager: Shutting down and abandoning module DeviceProfileEditor (488)
[2018.12.05-04.27.21:255][573]LogModuleManager: Shutting down and abandoning module UndoHistory (486)
[2018.12.05-04.27.21:255][573]LogModuleManager: Shutting down and abandoning module XmlParser (484)
[2018.12.05-04.27.21:255][573]LogModuleManager: Shutting down and abandoning module Blutility (482)
[2018.12.05-04.27.21:255][573]LogModuleManager: Shutting down and abandoning module ProjectSettingsViewer (480)
[2018.12.05-04.27.21:255][573]LogModuleManager: Shutting down and abandoning module ProjectTargetPlatformEditor (479)
[2018.12.05-04.27.21:255][573]LogModuleManager: Shutting down and abandoning module EditorSettingsViewer (476)
[2018.12.05-04.27.21:255][573]LogModuleManager: Shutting down and abandoning module SettingsEditor (474)
[2018.12.05-04.27.21:255][573]LogModuleManager: Shutting down and abandoning module ProjectLauncher (472)
[2018.12.05-04.27.21:255][573]LogModuleManager: Shutting down and abandoning module SessionFrontend (470)
[2018.12.05-04.27.21:255][573]LogModuleManager: Shutting down and abandoning module ProfilerClient (468)
[2018.12.05-04.27.21:255][573]LogModuleManager: Shutting down and abandoning module DeviceManager (466)
[2018.12.05-04.27.21:255][573]LogModuleManager: Shutting down and abandoning module TargetDeviceServices (465)
[2018.12.05-04.27.21:319][573]LogModuleManager: Shutting down and abandoning module AutomationController (462)
[2018.12.05-04.27.21:319][573]LogModuleManager: Shutting down and abandoning module AutomationWindow (460)
[2018.12.05-04.27.21:319][573]LogModuleManager: Shutting down and abandoning module Layers (458)
[2018.12.05-04.27.21:319][573]LogModuleManager: Shutting down and abandoning module ComponentVisualizers (456)
[2018.12.05-04.27.21:319][573]LogModuleManager: Shutting down and abandoning module DetailCustomizations (454)
[2018.12.05-04.27.21:319][573]LogModuleManager: Shutting down and abandoning module PackagesDialog (452)
[2018.12.05-04.27.21:319][573]LogModuleManager: Shutting down and abandoning module Persona (450)
[2018.12.05-04.27.21:319][573]LogModuleManager: Shutting down and abandoning module AdvancedPreviewScene (449)
[2018.12.05-04.27.21:319][573]LogModuleManager: Shutting down and abandoning module AnimGraph (447)
[2018.12.05-04.27.21:319][573]LogModuleManager: Shutting down and abandoning module Kismet (444)
[2018.12.05-04.27.21:323][573]LogModuleManager: Shutting down and abandoning module GraphEditor (442)
[2018.12.05-04.27.21:323][573]LogModuleManager: Shutting down and abandoning module ClassViewer (440)
[2018.12.05-04.27.21:323][573]LogModuleManager: Shutting down and abandoning module Toolbox (438)
[2018.12.05-04.27.21:323][573]LogModuleManager: Shutting down and abandoning module ModuleUI (436)
[2018.12.05-04.27.21:323][573]LogModuleManager: Shutting down and abandoning module MovieSceneTools (434)
[2018.12.05-04.27.21:323][573]LogModuleManager: Shutting down and abandoning module OutputLog (432)
[2018.12.05-04.27.21:323][573]LogModuleManager: Shutting down and abandoning module GammaUI (430)
[2018.12.05-04.27.21:323][573]LogModuleManager: Shutting down and abandoning module Documentation (428)
[2018.12.05-04.27.21:323][573]LogModuleManager: Shutting down and abandoning module MovieSceneTracks (426)
[2018.12.05-04.27.21:323][573]LogModuleManager: Shutting down and abandoning module MovieScene (424)
[2018.12.05-04.27.21:323][573]LogModuleManager: Shutting down and abandoning module StreamingPauseRendering (422)
[2018.12.05-04.27.21:323][573]LogModuleManager: Shutting down and abandoning module LauncherPlatform (420)
[2018.12.05-04.27.21:323][573]LogModuleManager: Shutting down and abandoning module AnalyticsET (418)
[2018.12.05-04.27.21:324][573]LogModuleManager: Shutting down and abandoning module PortalServices (416)
[2018.12.05-04.27.21:324][573]LogModuleManager: Shutting down and abandoning module PortalRpc (414)
[2018.12.05-04.27.21:324][573]LogModuleManager: Shutting down and abandoning module MessagingRpc (412)
[2018.12.05-04.27.21:324][573]LogModuleManager: Shutting down and abandoning module AIModule (410)
[2018.12.05-04.27.21:324][573]LogModuleManager: Shutting down and abandoning module GameplayDebugger (409)
[2018.12.05-04.27.21:324][573]LogModuleManager: Shutting down and abandoning module AITestSuite (407)
[2018.12.05-04.27.21:324][573]LogModuleManager: Shutting down and abandoning module NavigationSystem (405)
[2018.12.05-04.27.21:324][573]LogModuleManager: Shutting down and abandoning module DesktopPlatform (402)
[2018.12.05-04.27.21:324][573]LogModuleManager: Shutting down and abandoning module ProfilerService (400)
[2018.12.05-04.27.21:554][573]LogModuleManager: Shutting down and abandoning module TaskGraph (398)
[2018.12.05-04.27.21:554][573]LogModuleManager: Shutting down and abandoning module SteamVRController (396)
[2018.12.05-04.27.21:554][573]LogModuleManager: Shutting down and abandoning module ProceduralMeshComponentEditor (394)
[2018.12.05-04.27.21:554][573]LogModuleManager: Shutting down and abandoning module ProceduralMeshComponent (392)
[2018.12.05-04.27.21:554][573]LogModuleManager: Shutting down and abandoning module OculusInput (390)
[2018.12.05-04.27.21:554][573]LogModuleManager: Shutting down and abandoning module MobilePatchingUtils (388)
[2018.12.05-04.27.21:554][573]LogModuleManager: Shutting down and abandoning module EditableMesh (386)
[2018.12.05-04.27.21:554][573]LogModuleManager: Shutting down and abandoning module CustomMeshComponent (384)
[2018.12.05-04.27.21:554][573]LogModuleManager: Shutting down and abandoning module CableComponent (382)
[2018.12.05-04.27.21:554][573]LogModuleManager: Shutting down and abandoning module AudioCapture (380)
[2018.12.05-04.27.21:554][573]LogModuleManager: Shutting down and abandoning module ArchVisCharacter (378)
[2018.12.05-04.27.21:554][573]LogModuleManager: Shutting down and abandoning module AndroidPermission (376)
[2018.12.05-04.27.21:554][573]LogModuleManager: Shutting down and abandoning module NUTUnrealEngine4 (374)
[2018.12.05-04.27.21:554][573]LogModuleManager: Shutting down and abandoning module NetcodeUnitTest (372)
[2018.12.05-04.27.21:554][573]LogModuleManager: Shutting down and abandoning module MediaCompositingEditor (370)
[2018.12.05-04.27.21:554][573]LogModuleManager: Shutting down and abandoning module MediaCompositing (368)
[2018.12.05-04.27.21:554][573]LogModuleManager: Shutting down and abandoning module LinearTimecode (366)
[2018.12.05-04.27.21:554][573]LogModuleManager: Shutting down and abandoning module ImgMedia (364)
[2018.12.05-04.27.21:558][573]LogModuleManager: Shutting down and abandoning module HTML5Networking (362)
[2018.12.05-04.27.21:558][573]LogModuleManager: Shutting down and abandoning module GeometryCacheTracks (360)
[2018.12.05-04.27.21:558][573]LogModuleManager: Shutting down and abandoning module GeometryCacheSequencer (358)
[2018.12.05-04.27.21:558][573]LogModuleManager: Shutting down and abandoning module BackChannel (356)
[2018.12.05-04.27.21:558][573]LogModuleManager: Shutting down and abandoning module AppleVision (354)
[2018.12.05-04.27.21:558][573]LogModuleManager: Shutting down and abandoning module AppleImageUtils (352)
[2018.12.05-04.27.21:558][573]LogModuleManager: Shutting down and abandoning module AlembicImporter (350)
[2018.12.05-04.27.21:558][573]LogModuleManager: Shutting down and abandoning module AlembicLibrary (349)
[2018.12.05-04.27.21:558][573]LogModuleManager: Shutting down and abandoning module GeometryCache (348)
[2018.12.05-04.27.21:558][573]LogModuleManager: Shutting down and abandoning module GeometryCacheEd (347)
[2018.12.05-04.27.21:558][573]LogModuleManager: Shutting down and abandoning module DatasmithContentEditor (342)
[2018.12.05-04.27.21:558][573]LogModuleManager: Shutting down and abandoning module DatasmithContent (340)
[2018.12.05-04.27.21:559][573]LogModuleManager: Shutting down and abandoning module SpeedTreeImporter (338)
[2018.12.05-04.27.21:559][573]LogModuleManager: Shutting down and abandoning module PluginBrowser (336)
[2018.12.05-04.27.21:559][573]LogModuleManager: Shutting down and abandoning module MobileLauncherProfileWizard (334)
[2018.12.05-04.27.21:560][573]LogModuleManager: Shutting down and abandoning module PolygonModeling (332)
[2018.12.05-04.27.21:560][573]LogModuleManager: Shutting down and abandoning module MeshEditor (330)
[2018.12.05-04.27.21:560][573]LogModuleManager: Shutting down and abandoning module CryptoKeysOpenSSL (328)
[2018.12.05-04.27.21:560][573]LogModuleManager: Shutting down and abandoning module CryptoKeys (326)
[2018.12.05-04.27.21:560][573]LogModuleManager: Shutting down and abandoning module VisualStudioSourceCodeAccess (324)
[2018.12.05-04.27.21:560][573]LogModuleManager: Shutting down and abandoning module VisualStudioCodeSourceCodeAccess (322)
[2018.12.05-04.27.21:560][573]LogModuleManager: Shutting down and abandoning module UObjectPlugin (320)
[2018.12.05-04.27.21:560][573]LogModuleManager: Shutting down and abandoning module SubversionSourceControl (318)
[2018.12.05-04.27.21:560][573]LogModuleManager: Shutting down and abandoning module PerforceSourceControl (316)
[2018.12.05-04.27.21:560][573]LogModuleManager: Shutting down and abandoning module GitSourceControl (314)
[2018.12.05-04.27.21:560][573]LogModuleManager: Shutting down and abandoning module SourceControl (313)
[2018.12.05-04.27.21:560][573]LogModuleManager: Shutting down and abandoning module CLionSourceCodeAccess (310)
[2018.12.05-04.27.21:560][573]LogModuleManager: Shutting down and abandoning module LightPropagationVolumeEditor (308)
[2018.12.05-04.27.21:560][573]LogModuleManager: Shutting down and abandoning module PaperTiledImporter (306)
[2018.12.05-04.27.21:560][573]LogModuleManager: Shutting down and abandoning module PaperSpriteSheetImporter (304)
[2018.12.05-04.27.21:560][573]LogModuleManager: Shutting down and abandoning module Paper2DEditor (302)
[2018.12.05-04.27.21:560][573]LogModuleManager: Shutting down and abandoning module MeshPaint (301)
[2018.12.05-04.27.21:560][573]LogModuleManager: Shutting down and abandoning module RuntimePhysXCooking (298)
[2018.12.05-04.27.21:560][573]LogModuleManager: Shutting down and abandoning module PhysXVehiclesEditor (296)
[2018.12.05-04.27.21:560][573]LogModuleManager: Shutting down and abandoning module PhysXVehicles (294)
[2018.12.05-04.27.21:560][573]LogModuleManager: Shutting down and abandoning module OculusEditor (292)
[2018.12.05-04.27.21:560][573]LogModuleManager: Shutting down and abandoning module LocationServicesBPLibrary (290)
[2018.12.05-04.27.21:560][573]LogModuleManager: Shutting down and abandoning module ImmediatePhysicsEditor (288)
[2018.12.05-04.27.21:560][573]LogModuleManager: Shutting down and abandoning module ImmediatePhysics (286)
[2018.12.05-04.27.21:560][573]LogModuleManager: Shutting down and abandoning module ActorSequence (284)
[2018.12.05-04.27.21:560][573]LogModuleManager: Shutting down and abandoning module UdpMessaging (282)
[2018.12.05-04.27.21:661][573]LogModuleManager: Shutting down and abandoning module TcpMessaging (280)
[2018.12.05-04.27.21:762][573]LogModuleManager: Shutting down and abandoning module MagicLeapAudio (278)
[2018.12.05-04.27.21:762][573]LogModuleManager: Shutting down and abandoning module GameplayTagsEditor (276)
[2018.12.05-04.27.21:762][573]LogModuleManager: Shutting down and abandoning module FacialAnimationEditor (274)
[2018.12.05-04.27.21:762][573]LogModuleManager: Shutting down and abandoning module FacialAnimation (272)
[2018.12.05-04.27.21:762][573]LogModuleManager: Shutting down and abandoning module DataValidation (270)
[2018.12.05-04.27.21:762][573]LogModuleManager: Shutting down and abandoning module AssetManagerEditor (268)
[2018.12.05-04.27.21:762][573]LogModuleManager: Shutting down and abandoning module LevelEditor (267)
[2018.12.05-04.27.21:763][573]LogModuleManager: Shutting down and abandoning module PixelInspectorModule (266)
[2018.12.05-04.27.21:763][573]LogModuleManager: Shutting down and abandoning module CommonMenuExtensions (264)
[2018.12.05-04.27.21:763][573]LogModuleManager: Shutting down and abandoning module MainFrame (262)
[2018.12.05-04.27.21:763][573]LogModuleManager: Shutting down and abandoning module HotReload (261)
[2018.12.05-04.27.21:764][573]LogModuleManager: Shutting down and abandoning module ContentBrowser (257)
[2018.12.05-04.27.21:765][573]LogModuleManager: Shutting down and abandoning module TreeMap (255)
[2018.12.05-04.27.21:765][573]LogModuleManager: Shutting down and abandoning module LightPropagationVolumeRuntime (252)
[2018.12.05-04.27.21:765][573]LogModuleManager: Shutting down and abandoning module AISupportModule (250)
[2018.12.05-04.27.21:765][573]LogModuleManager: Shutting down and abandoning module Paper2D (248)
[2018.12.05-04.27.21:765][573]LogModuleManager: Shutting down and abandoning module WindowsMoviePlayer (246)
[2018.12.05-04.27.21:765][573]LogModuleManager: Shutting down and abandoning module WmfMedia (244)
[2018.12.05-04.27.21:767][573]LogModuleManager: Shutting down and abandoning module Media (243)
[2018.12.05-04.27.21:773][573]LogModuleManager: Shutting down and abandoning module PacketHandler (240)
[2018.12.05-04.27.21:773][573]LogModuleManager: Shutting down and abandoning module ClothingSystemEditor (238)
[2018.12.05-04.27.21:773][573]LogModuleManager: Shutting down and abandoning module ClothingSystemRuntime (236)
[2018.12.05-04.27.21:773][573]LogModuleManager: Shutting down and abandoning module MediaAssets (234)
[2018.12.05-04.27.21:773][573]LogModuleManager: Shutting down and abandoning module Overlay (232)
[2018.12.05-04.27.21:773][573]LogModuleManager: Shutting down and abandoning module OverlayEditor (231)
[2018.12.05-04.27.21:773][573]LogModuleManager: Shutting down and abandoning module VREditor (228)
[2018.12.05-04.27.21:773][573]LogModuleManager: Shutting down and abandoning module StringTableEditor (226)
[2018.12.05-04.27.21:773][573]LogModuleManager: Shutting down and abandoning module GameplayTasksEditor (224)
[2018.12.05-04.27.21:773][573]LogModuleManager: Shutting down and abandoning module BehaviorTreeEditor (222)
[2018.12.05-04.27.21:773][573]LogModuleManager: Shutting down and abandoning module FunctionalTesting (220)
[2018.12.05-04.27.21:773][573]LogModuleManager: Shutting down and abandoning module CollisionAnalyzer (218)
[2018.12.05-04.27.21:773][573]LogModuleManager: Shutting down and abandoning module WorkspaceMenuStructure (217)
[2018.12.05-04.27.21:773][573]LogModuleManager: Shutting down and abandoning module UMG (214)
[2018.12.05-04.27.21:773][573]LogModuleManager: Shutting down and abandoning module UMGEditor (213)
[2018.12.05-04.27.21:774][573]LogModuleManager: Shutting down and abandoning module Sequencer (212)
[2018.12.05-04.27.21:774][573]LogModuleManager: Shutting down and abandoning module MessageLog (209)
[2018.12.05-04.27.21:774][573]LogModuleManager: Shutting down and abandoning module SlateReflector (204)
[2018.12.05-04.27.21:774][573]LogModuleManager: Shutting down and abandoning module Slate (202)
[2018.12.05-04.27.21:774][573]LogModuleManager: Shutting down and abandoning module EditorStyle (200)
[2018.12.05-04.27.21:775][573]LogModuleManager: Shutting down and abandoning module MRMesh (198)
[2018.12.05-04.27.21:775][573]LogModuleManager: Shutting down and abandoning module SourceCodeAccess (196)
[2018.12.05-04.27.21:775][573]LogModuleManager: Shutting down and abandoning module HeadMountedDisplay (194)
[2018.12.05-04.27.21:775][573]LogModuleManager: Shutting down and abandoning module XAudio2 (192)
[2018.12.05-04.27.21:775][573]LogModuleManager: Shutting down and abandoning module Networking (190)
[2018.12.05-04.27.21:775][573]LogModuleManager: Shutting down and abandoning module Core (188)
[2018.12.05-04.27.21:775][573]LogModuleManager: Shutting down and abandoning module LevelSequence (186)
[2018.12.05-04.27.21:775][573]LogModuleManager: Shutting down and abandoning module KismetCompiler (184)
[2018.12.05-04.27.21:775][573]LogModuleManager: Shutting down and abandoning module MeshUtilities (182)
[2018.12.05-04.27.21:775][573]LogModuleManager: Shutting down and abandoning module MeshMergeUtilities (181)
[2018.12.05-04.27.21:775][573]LogModuleManager: Shutting down and abandoning module MeshReductionInterface (180)
[2018.12.05-04.27.21:775][573]LogModuleManager: Shutting down and abandoning module SimplygonSwarm (179)
[2018.12.05-04.27.21:775][573]LogModuleManager: Shutting down and abandoning module ProxyLODMeshReduction (177)
[2018.12.05-04.27.21:776][573]LogModuleManager: Shutting down and abandoning module SimplygonMeshReduction (175)
[2018.12.05-04.27.21:776][573]LogModuleManager: Shutting down and abandoning module QuadricMeshReduction (173)
[2018.12.05-04.27.21:776][573]LogModuleManager: Shutting down and abandoning module MaterialBaking (169)
[2018.12.05-04.27.21:776][573]LogModuleManager: Shutting down and abandoning module DirectoryWatcher (165)
[2018.12.05-04.27.21:776][573]LogModuleManager: Shutting down and abandoning module DerivedDataCache (162)
[2018.12.05-04.27.21:818][573]LogDerivedDataCache: Shutdown
[2018.12.05-04.27.21:818][573]LogModuleManager: Shutting down and abandoning module XGEController (160)
[2018.12.05-04.27.21:818][573]LogModuleManager: Shutting down and abandoning module TargetPlatform (158)
[2018.12.05-04.27.21:818][573]LogModuleManager: Shutting down and abandoning module VulkanShaderFormat (157)
[2018.12.05-04.27.21:818][573]LogModuleManager: Shutting down and abandoning module ShaderFormatVectorVM (155)
[2018.12.05-04.27.21:818][573]LogModuleManager: Shutting down and abandoning module ShaderFormatOpenGL (153)
[2018.12.05-04.27.21:818][573]LogModuleManager: Shutting down and abandoning module ShaderFormatD3D (151)
[2018.12.05-04.27.21:818][573]LogModuleManager: Shutting down and abandoning module MetalShaderFormat (149)
[2018.12.05-04.27.21:818][573]LogModuleManager: Shutting down and abandoning module TextureFormatUncompressed (147)
[2018.12.05-04.27.21:818][573]LogModuleManager: Shutting down and abandoning module TextureFormatPVR (145)
[2018.12.05-04.27.21:818][573]LogModuleManager: Shutting down and abandoning module TextureFormatDXT (143)
[2018.12.05-04.27.21:818][573]LogModuleManager: Shutting down and abandoning module TextureFormatIntelISPCTexComp (141)
[2018.12.05-04.27.21:819][573]LogModuleManager: Shutting down and abandoning module TextureFormatASTC (139)
[2018.12.05-04.27.21:819][573]LogModuleManager: Shutting down and abandoning module ImageWrapper (138)
[2018.12.05-04.27.21:819][573]LogModuleManager: Shutting down and abandoning module TextureFormatAndroid (135)
[2018.12.05-04.27.21:819][573]LogModuleManager: Shutting down and abandoning module AudioFormatOpus (133)
[2018.12.05-04.27.21:819][573]LogModuleManager: Shutting down and abandoning module AudioFormatOgg (131)
[2018.12.05-04.27.21:819][573]LogModuleManager: Shutting down and abandoning module AudioFormatADPCM (129)
[2018.12.05-04.27.21:819][573]LogModuleManager: Shutting down and abandoning module LuminTargetPlatform (127)
[2018.12.05-04.27.21:819][573]LogModuleManager: Shutting down and abandoning module LinuxTargetPlatform (125)
[2018.12.05-04.27.21:819][573]LogModuleManager: Shutting down and abandoning module LinuxServerTargetPlatform (123)
[2018.12.05-04.27.21:819][573]LogModuleManager: Shutting down and abandoning module LinuxNoEditorTargetPlatform (121)
[2018.12.05-04.27.21:819][573]LogModuleManager: Shutting down and abandoning module LinuxClientTargetPlatform (119)
[2018.12.05-04.27.21:819][573]LogModuleManager: Shutting down and abandoning module TVOSTargetPlatform (117)
[2018.12.05-04.27.21:820][573]LogModuleManager: Shutting down and abandoning module Messaging (115)
[2018.12.05-04.27.21:820][573]LogModuleManager: Shutting down and abandoning module IOSTargetPlatform (113)
[2018.12.05-04.27.21:821][573]LogModuleManager: Shutting down and abandoning module HTML5TargetPlatform (111)
[2018.12.05-04.27.21:821][573]LogModuleManager: Shutting down and abandoning module AndroidTargetPlatform (109)
[2018.12.05-04.27.21:828][573]LogModuleManager: Shutting down and abandoning module WindowsTargetPlatform (107)
[2018.12.05-04.27.21:828][573]LogModuleManager: Shutting down and abandoning module WindowsServerTargetPlatform (105)
[2018.12.05-04.27.21:828][573]LogModuleManager: Shutting down and abandoning module WindowsNoEditorTargetPlatform (103)
[2018.12.05-04.27.21:828][573]LogModuleManager: Shutting down and abandoning module WindowsClientTargetPlatform (101)
[2018.12.05-04.27.21:828][573]LogModuleManager: Shutting down and abandoning module MacTargetPlatform (99)
[2018.12.05-04.27.21:828][573]LogModuleManager: Shutting down and abandoning module MacServerTargetPlatform (97)
[2018.12.05-04.27.21:828][573]LogModuleManager: Shutting down and abandoning module MacNoEditorTargetPlatform (95)
[2018.12.05-04.27.21:828][573]LogModuleManager: Shutting down and abandoning module MacClientTargetPlatform (93)
[2018.12.05-04.27.21:828][573]LogModuleManager: Shutting down and abandoning module AllDesktopTargetPlatform (91)
[2018.12.05-04.27.21:828][573]LogModuleManager: Shutting down and abandoning module InputCore (88)
[2018.12.05-04.27.21:828][573]LogModuleManager: Shutting down and abandoning module Settings (86)
[2018.12.05-04.27.21:828][573]LogModuleManager: Shutting down and abandoning module PhysXCooking (84)
[2018.12.05-04.27.21:828][573]LogModuleManager: Shutting down and abandoning module SteamVR (82)
[2018.12.05-04.27.21:828][573]LogModuleManager: Shutting down and abandoning module OculusHMD (80)
[2018.12.05-04.27.21:828][573]LogModuleManager: Shutting down and abandoning module ExampleDeviceProfileSelector (78)
[2018.12.05-04.27.21:828][573]LogModuleManager: Shutting down and abandoning module LauncherChunkInstaller (76)
[2018.12.05-04.27.21:828][573]LogModuleManager: Shutting down and abandoning module OnlineBlueprintSupport (74)
[2018.12.05-04.27.21:828][573]LogModuleManager: Shutting down and abandoning module OnlineSubsystem (70)
[2018.12.05-04.27.21:829][573]LogModuleManager: Shutting down and abandoning module XMPP (65)
[2018.12.05-04.27.21:829][573]LogModuleManager: Shutting down and abandoning module WebSockets (64)
[2018.12.05-04.27.21:832][573]LogModuleManager: Shutting down and abandoning module HTTP (61)
[2018.12.05-04.27.21:832][573]LogHttp: Display: Http module shutting down, but needs to wait on 1 outstanding Http requests:
[2018.12.05-04.27.21:832][573]LogHttp: Display: 	verb=[POST] url=[https://datarouter.ol.epicgames.com/datarouter/api/v1/public/data?SessionID=%7BB68E5F49-4F13-F713-5651-589681405C8C%7D&AppID=UEEditor.Rocket.Release&AppVersion=4.20.3-4369336%2B%2B%2BUE4%2BRelease-4.20&UserID=1a1a26384a2a3ec9d1f32b8a2e031447%7Ceddb82624a644f288d69f2506908829f%7C581cd940-7b81-4409-a475-81f3752f43b7&AppEnvironment=datacollector-binary&UploadType=eteventstream] status=Processing
[2018.12.05-04.27.21:861][573]LogModuleManager: Shutting down and abandoning module SSL (60)
[2018.12.05-04.27.21:862][573]LogModuleManager: Shutting down and abandoning module MagicLeapEmulator (56)
[2018.12.05-04.27.21:862][573]LogModuleManager: Shutting down and abandoning module MagicLeapPrivileges (54)
[2018.12.05-04.27.21:862][573]LogModuleManager: Shutting down and abandoning module MagicLeapIdentity (52)
[2018.12.05-04.27.21:862][573]LogModuleManager: Shutting down and abandoning module MagicLeapHelperVulkan (50)
[2018.12.05-04.27.21:862][573]LogModuleManager: Shutting down and abandoning module MagicLeapHelperOpenGL (48)
[2018.12.05-04.27.21:862][573]LogModuleManager: Shutting down and abandoning module MagicLeapSecureStorage (46)
[2018.12.05-04.27.21:862][573]LogModuleManager: Shutting down and abandoning module MagicLeapGestures (44)
[2018.12.05-04.27.21:862][573]LogModuleManager: Shutting down and abandoning module MagicLeapEyeTracker (42)
[2018.12.05-04.27.21:862][573]LogModuleManager: Shutting down and abandoning module MagicLeapController (40)
[2018.12.05-04.27.21:862][573]LogSlate: Slate User Destroyed.  User Index 0, Is Virtual User: 0
[2018.12.05-04.27.21:862][573]LogModuleManager: Shutting down and abandoning module MagicLeap (38)
[2018.12.05-04.27.21:862][573]LogModuleManager: Shutting down and abandoning module AnimationModifiers (36)
[2018.12.05-04.27.21:862][573]LogModuleManager: Shutting down and abandoning module PropertyEditor (35)
[2018.12.05-04.27.21:862][573]LogModuleManager: Shutting down and abandoning module AudioEditor (32)
[2018.12.05-04.27.21:862][573]LogModuleManager: Shutting down and abandoning module TextureCompressor (30)
[2018.12.05-04.27.21:863][573]LogModuleManager: Shutting down and abandoning module ShaderCore (28)
[2018.12.05-04.27.21:864][573]LogModuleManager: Shutting down and abandoning module Landscape (26)
[2018.12.05-04.27.21:864][573]LogModuleManager: Shutting down and abandoning module SlateRHIRenderer (24)
[2018.12.05-04.27.21:865][573]LogModuleManager: Shutting down and abandoning module OpenGLDrv (22)
[2018.12.05-04.27.21:865][573]LogModuleManager: Shutting down and abandoning module D3D11RHI (20)
[2018.12.05-04.27.21:865][573]LogModuleManager: Shutting down and abandoning module AnimGraphRuntime (18)
[2018.12.05-04.27.21:865][573]LogModuleManager: Shutting down and abandoning module Renderer (16)
[2018.12.05-04.27.21:865][573]LogModuleManager: Shutting down and abandoning module Engine (14)
[2018.12.05-04.27.21:865][573]LogModuleManager: Shutting down and abandoning module CoreUObject (12)
[2018.12.05-04.27.21:865][573]LogModuleManager: Shutting down and abandoning module NetworkFile (10)
[2018.12.05-04.27.21:865][573]LogModuleManager: Shutting down and abandoning module CookedIterativeFile (8)
[2018.12.05-04.27.21:865][573]LogModuleManager: Shutting down and abandoning module StreamingFile (6)
[2018.12.05-04.27.21:865][573]LogModuleManager: Shutting down and abandoning module SandboxFile (4)
[2018.12.05-04.27.21:865][573]LogModuleManager: Shutting down and abandoning module PakFile (2)
[2018.12.05-04.27.21:874][573]LogExit: Exiting.
[2018.12.05-04.27.21:885][573]Log file closed, 12/04/18 23:27:21
