Log file open, 12/05/18 20:23:11
LogWindows: Failed to load 'aqProf.dll' (GetLastError=126)
LogWindows: File 'aqProf.dll' does not exist
LogWindows: Failed to load 'VSPerf140.dll' (GetLastError=126)
LogWindows: File 'VSPerf140.dll' does not exist
LogWindows: Failed to load 'VtuneApi.dll' (GetLastError=126)
LogWindows: File 'VtuneApi.dll' does not exist
LogWindows: Failed to load 'VtuneApi32e.dll' (GetLastError=126)
LogWindows: File 'VtuneApi32e.dll' does not exist
LogInit: Display: Running engine for game: Project4
LogPlatformFile: Not using cached read wrapper
LogTaskGraph: Started task graph with 5 named threads and 23 total threads with 3 sets of task threads.
LogStats: Stats thread started at 0.479500
LogD3D11RHI: Loaded GFSDK_Aftermath_Lib.x64.dll
LogICUInternationalization: Display: ICU TimeZone Detection - Raw Offset: -5:00, Platform Override: ''
LogPluginManager: Mounting plugin Paper2D
LogPluginManager: Mounting plugin AISupport
LogPluginManager: Mounting plugin LightPropagationVolume
LogPluginManager: Mounting plugin CLionSourceCodeAccess
LogPluginManager: Mounting plugin CodeLiteSourceCodeAccess
LogPluginManager: Mounting plugin GitSourceControl
LogPluginManager: Mounting plugin KDevelopSourceCodeAccess
LogPluginManager: Mounting plugin NullSourceCodeAccess
LogPluginManager: Mounting plugin PerforceSourceControl
LogPluginManager: Mounting plugin SubversionSourceControl
LogPluginManager: Mounting plugin UObjectPlugin
LogPluginManager: Mounting plugin VisualStudioCodeSourceCodeAccess
LogPluginManager: Mounting plugin VisualStudioSourceCodeAccess
LogPluginManager: Mounting plugin XCodeSourceCodeAccess
LogPluginManager: Mounting plugin AssetManagerEditor
LogPluginManager: Mounting plugin CryptoKeys
LogPluginManager: Mounting plugin DataValidation
LogPluginManager: Mounting plugin FacialAnimation
LogPluginManager: Mounting plugin GameplayTagsEditor
LogPluginManager: Mounting plugin MacGraphicsSwitching
LogPluginManager: Mounting plugin MeshEditor
LogPluginManager: Mounting plugin MobileLauncherProfileWizard
LogPluginManager: Mounting plugin PluginBrowser
LogPluginManager: Mounting plugin SpeedTreeImporter
LogPluginManager: Mounting plugin DatasmithContent
LogPluginManager: Mounting plugin AlembicImporter
LogPluginManager: Mounting plugin AppleImageUtils
LogPluginManager: Mounting plugin AppleVision
LogPluginManager: Mounting plugin BackChannel
LogPluginManager: Mounting plugin CharacterAI
LogPluginManager: Mounting plugin GeometryCache
LogPluginManager: Mounting plugin HTML5Networking
LogPluginManager: Mounting plugin ProxyLODPlugin
LogPluginManager: Mounting plugin MagicLeap
LogPluginManager: Mounting plugin MagicLeapEmulator
LogPluginManager: Mounting plugin MagicLeapMedia
LogPluginManager: Mounting plugin AndroidMedia
LogPluginManager: Mounting plugin AvfMedia
LogPluginManager: Mounting plugin ImgMedia
LogPluginManager: Mounting plugin LinearTimecode
LogPluginManager: Mounting plugin MediaCompositing
LogPluginManager: Mounting plugin MediaPlayerEditor
LogPluginManager: Mounting plugin WmfMedia
LogPluginManager: Mounting plugin TcpMessaging
LogPluginManager: Mounting plugin UdpMessaging
LogPluginManager: Mounting plugin ActorSequence
LogPluginManager: Mounting plugin LevelSequenceEditor
LogPluginManager: Mounting plugin MatineeToLevelSequence
LogPluginManager: Mounting plugin NetcodeUnitTest
LogPluginManager: Mounting plugin NUTUnrealEngine4
LogPluginManager: Mounting plugin OnlineSubsystemGooglePlay
LogPluginManager: Mounting plugin OnlineSubsystemIOS
LogPluginManager: Mounting plugin OnlineSubsystem
LogPluginManager: Mounting plugin OnlineSubsystemNull
LogPluginManager: Mounting plugin OnlineSubsystemUtils
LogPluginManager: Mounting plugin LauncherChunkInstaller
LogPluginManager: Mounting plugin AndroidDeviceProfileSelector
LogPluginManager: Mounting plugin AndroidMoviePlayer
LogPluginManager: Mounting plugin AndroidPermission
LogPluginManager: Mounting plugin AppleMoviePlayer
LogPluginManager: Mounting plugin ArchVisCharacter
LogPluginManager: Mounting plugin AudioCapture
LogPluginManager: Mounting plugin CableComponent
LogPluginManager: Mounting plugin CustomMeshComponent
LogPluginManager: Mounting plugin EditableMesh
LogPluginManager: Mounting plugin ExampleDeviceProfileSelector
LogPluginManager: Mounting plugin GoogleCloudMessaging
LogPluginManager: Mounting plugin ImmediatePhysics
LogPluginManager: Mounting plugin IOSDeviceProfileSelector
LogPluginManager: Mounting plugin LinuxDeviceProfileSelector
LogPluginManager: Mounting plugin LocationServicesBPLibrary
LogPluginManager: Mounting plugin MobilePatchingUtils
LogPluginManager: Mounting plugin OculusVR
LogPluginManager: Plugin shader directory ../../../Engine/Plugins/Runtime/Oculus/OculusVR/Shaders found
LogPluginManager: Mapping shader source directory ../../../Engine/Plugins/Runtime/Oculus/OculusVR/Shaders to virtual directory /Plugin/OculusVR
LogPluginManager: Mounting plugin PhysXVehicles
LogPluginManager: Mounting plugin ProceduralMeshComponent
LogPluginManager: Mounting plugin RuntimePhysXCooking
LogPluginManager: Mounting plugin SteamVR
LogPluginManager: Mounting plugin WindowsMoviePlayer
LogStreaming: Display: Took  0.528s to configure plugins.
LogInit: Using libcurl 7.55.1-DEV
LogInit:  - built for x86_64-pc-win32
LogInit:  - supports SSL with OpenSSL/1.0.2h
LogInit:  - supports HTTP deflate (compression) using libz 1.2.8
LogInit:  - other features:
LogInit:      CURL_VERSION_SSL
LogInit:      CURL_VERSION_LIBZ
LogInit:      CURL_VERSION_IPV6
LogInit:      CURL_VERSION_ASYNCHDNS
LogInit:      CURL_VERSION_LARGEFILE
LogInit:      CURL_VERSION_IDN
LogInit:  CurlRequestOptions (configurable via config and command line):
LogInit:  - bVerifyPeer = false  - Libcurl will NOT verify peer certificate
LogInit:  - bUseHttpProxy = false  - Libcurl will NOT use HTTP proxy
LogInit:  - bDontReuseConnections = false  - Libcurl will reuse connections
LogInit:  - CertBundlePath = nullptr  - Libcurl will use whatever was configured at build time.
LogInit:  - MaxHostConnections = 16  - Libcurl will limit the number of connections to a host
LogInit:  - LocalHostAddr = Default
LogInit:  - BufferSize = 65536
LogInit: WinSock: version 1.1 (2.2), MaxSocks=32767, MaxUdp=65467
LogInit: Build: ++UE4+Release-4.20-CL-4369336
LogInit: Engine Version: 4.20.3-4369336+++UE4+Release-4.20
LogInit: Compatible Engine Version: 4.20.0-4212847+++UE4+Release-4.20
LogInit: Net CL: 4212847
LogInit: OS: Windows 10 (), CPU: Intel(R) Core(TM) i7-6700HQ CPU @ 2.60GHz, GPU: Intel(R) HD Graphics 530
LogInit: Compiled (64-bit): Sep 17 2018 12:26:19
LogInit: Compiled with Visual C++: 19.13.26129.00
LogInit: Build Configuration: Development
LogInit: Branch Name: ++UE4+Release-4.20
LogInit: Command Line: 
LogInit: Base Directory: C:/Program Files/Epic Games/UE_4.20/Engine/Binaries/Win64/
LogInit: Installed Engine Build: 1
LogDevObjectVersion: Number of dev versions registered: 20
LogDevObjectVersion:   Dev-Blueprints (B0D832E4-1F89-4F0D-ACCF-7EB736FD4AA2): 10
LogDevObjectVersion:   Dev-Build (E1C64328-A22C-4D53-A36C-8E866417BD8C): 0
LogDevObjectVersion:   Dev-Core (375EC13C-06E4-48FB-B500-84F0262A717E): 2
LogDevObjectVersion:   Dev-Editor (E4B068ED-F494-42E9-A231-DA0B2E46BB41): 24
LogDevObjectVersion:   Dev-Framework (CFFC743F-43B0-4480-9391-14DF171D2073): 34
LogDevObjectVersion:   Dev-Mobile (B02B49B5-BB20-44E9-A304-32B752E40360): 2
LogDevObjectVersion:   Dev-Networking (A4E4105C-59A1-49B5-A7C5-40C4547EDFEE): 0
LogDevObjectVersion:   Dev-Online (39C831C9-5AE6-47DC-9A44-9C173E1C8E7C): 0
LogDevObjectVersion:   Dev-Physics (78F01B33-EBEA-4F98-B9B4-84EACCB95AA2): 0
LogDevObjectVersion:   Dev-Platform (6631380F-2D4D-43E0-8009-CF276956A95A): 0
LogDevObjectVersion:   Dev-Rendering (12F88B9F-8875-4AFC-A67C-D90C383ABD29): 26
LogDevObjectVersion:   Dev-Sequencer (7B5AE74C-D270-4C10-A958-57980B212A5A): 9
LogDevObjectVersion:   Dev-VR (D7296918-1DD6-4BDD-9DE2-64A83CC13884): 2
LogDevObjectVersion:   Dev-LoadTimes (C2A15278-BFE7-4AFE-6C17-90FF531DF755): 1
LogDevObjectVersion:   Private-Geometry (6EACA3D4-40EC-4CC1-B786-8BED09428FC5): 3
LogDevObjectVersion:   Dev-AnimPhys (29E575DD-E0A3-4627-9D10-D276232CDCEA): 17
LogDevObjectVersion:   Dev-ReflectionCapture (6B266CEC-1EC7-4B8F-A30B-E4D90942FC07): 1
LogDevObjectVersion:   Dev-Automation (0DF73D61-A23F-47EA-B727-89E90C41499A): 1
LogDevObjectVersion:   FortniteMain (601D1886-AC64-4F84-AA16-D3DE0DEAC7D6): 12
LogDevObjectVersion:   Dev-Enterprise (9DFFBCD6-494F-0158-E221-12823C92A888): 1
LogStreaming: Display: Took  0.013s to delete old logs.
LogInit: Presizing for max 8388607 objects, including 0 objects not considered by GC, pre-allocating 0 bytes for permanent pool.
LogInit: Object subsystem initialized
[2018.12.06-01.23.12:845][  0]LogInit: Selected Device Profile: [Windows]
[2018.12.06-01.23.12:846][  0]LogInit: Applying CVar settings loaded from the selected device profile: [Windows]
[2018.12.06-01.23.12:904][  0]LogHAL: Display: Platform has ~ 16 GB [17023139840 / 17179869184 / 16], which maps to Larger [LargestMinGB=32, LargerMinGB=12, DefaultMinGB=8, SmallerMinGB=6, SmallestMinGB=0)
[2018.12.06-01.23.12:904][  0]LogInit: Setting Device Profile CVar: [[r.Vulkan.UseRealUBs:1]]
[2018.12.06-01.23.12:904][  0]LogInit: Going up to parent DeviceProfile []
[2018.12.06-01.23.12:915][  0]LogInit: Computer: WINDOWS-9793S3C
[2018.12.06-01.23.12:915][  0]LogInit: User: Zaire
[2018.12.06-01.23.12:915][  0]LogInit: CPU Page size=4096, Cores=4
[2018.12.06-01.23.12:915][  0]LogInit: High frequency timer resolution =2.531247 MHz
[2018.12.06-01.23.12:916][  0]LogMemory: Memory total: Physical=15.9GB (16GB approx)
[2018.12.06-01.23.12:916][  0]LogMemory: Platform Memory Stats for Windows
[2018.12.06-01.23.12:916][  0]LogMemory: Process Physical Memory: 101.21 MB used, 101.21 MB peak
[2018.12.06-01.23.12:916][  0]LogMemory: Process Virtual Memory: 89.48 MB used, 89.48 MB peak
[2018.12.06-01.23.12:916][  0]LogMemory: Physical Memory: 11211.11 MB used,  5023.43 MB free, 16234.53 MB total
[2018.12.06-01.23.12:916][  0]LogMemory: Virtual Memory: 4643.41 MB used,  5023.43 MB free, 134217728.00 MB total
[2018.12.06-01.23.13:333][  0]LogInit: Using OS detected language (en-US).
[2018.12.06-01.23.13:333][  0]LogInit: Using OS detected locale (en-US).
[2018.12.06-01.23.13:335][  0]LogTextLocalizationManager: No specific localization for 'en-US' exists, so the 'en' localization will be used.
[2018.12.06-01.23.14:251][  0]LogStreaming: Display: Took  0.919s to InitEngineTextLocalization.
[2018.12.06-01.23.14:252][  0]LogInit: Setting process to per monitor DPI aware
[2018.12.06-01.23.14:446][  0]LogSlate: New Slate User Created.  User Index 0, Is Virtual User: 0
[2018.12.06-01.23.14:446][  0]LogSlate: Slate User Registered.  User Index 0, Is Virtual User: 0
[2018.12.06-01.23.20:832][  0]LogHMD: Failed to initialize OpenVR with code 110
[2018.12.06-01.23.20:832][  0]LogD3D11RHI: D3D11 adapters:
[2018.12.06-01.23.20:968][  0]LogD3D11RHI:    0. 'NVIDIA GeForce GTX 960M' (Feature Level 11_0)
[2018.12.06-01.23.20:968][  0]LogD3D11RHI:       2010/0/8117 MB DedicatedVideo/DedicatedSystem/SharedSystem, Outputs:1, VendorId:0x10de
[2018.12.06-01.23.20:985][  0]LogD3D11RHI:    1. 'Intel(R) HD Graphics 530' (Feature Level 11_0)
[2018.12.06-01.23.20:985][  0]LogD3D11RHI:       128/0/8117 MB DedicatedVideo/DedicatedSystem/SharedSystem, Outputs:0, VendorId:0x8086
[2018.12.06-01.23.20:992][  0]LogD3D11RHI:    2. 'Microsoft Basic Render Driver' (Feature Level 11_0)
[2018.12.06-01.23.20:992][  0]LogD3D11RHI:       0/0/8117 MB DedicatedVideo/DedicatedSystem/SharedSystem, Outputs:0, VendorId:0x1414
[2018.12.06-01.23.20:992][  0]LogD3D11RHI: Chosen D3D11 Adapter: 0
[2018.12.06-01.23.21:067][  0]LogD3D11RHI: Creating new Direct3DDevice
[2018.12.06-01.23.21:067][  0]LogD3D11RHI:     GPU DeviceId: 0x139b (for the marketing name, search the web for "GPU Device Id")
[2018.12.06-01.23.21:067][  0]LogWindows: EnumDisplayDevices:
[2018.12.06-01.23.21:068][  0]LogWindows:    0. 'Intel(R) HD Graphics 530' (P:1 D:1)
[2018.12.06-01.23.21:068][  0]LogWindows:    1. 'Intel(R) HD Graphics 530' (P:0 D:0)
[2018.12.06-01.23.21:069][  0]LogWindows:    2. 'Intel(R) HD Graphics 530' (P:0 D:0)
[2018.12.06-01.23.21:070][  0]LogWindows: DebugString: PrimaryIsNotTheChoosenAdapter PrimaryIsNotTheChoosenAdapter PrimaryIsNotTheChoosenAdapter FoundDriverCount:0 
[2018.12.06-01.23.21:070][  0]LogD3D11RHI:     Adapter Name: NVIDIA GeForce GTX 960M
[2018.12.06-01.23.21:070][  0]LogD3D11RHI:   Driver Version: Unknown (internal:Unknown, unified:Unknown)
[2018.12.06-01.23.21:070][  0]LogD3D11RHI:      Driver Date: Unknown
[2018.12.06-01.23.21:070][  0]LogRHI: Texture pool is 1407 MB (70% of 2010 MB)
[2018.12.06-01.23.21:143][  0]LogD3D11RHI: Async texture creation enabled
[2018.12.06-01.23.21:166][  0]LogD3D11RHI: GPU Timing Frequency: 1000.000000 (Debug: 2 2)
[2018.12.06-01.23.21:169][  0]LogShaderCompilers: Guid format shader working directory is -24 characters bigger than the processId version (../../../../../../Users/Zaire/Documents/Game Dev 1/GameDev 4/Project4/Intermediate/Shaders/WorkingDirectory/20968/).
[2018.12.06-01.23.21:169][  0]LogShaderCompilers: Cleaned the shader compiler working directory 'C:/Users/Zaire/AppData/Local/Temp/UnrealShaderWorkingDir/398FBCF34515EADA8C17C9AA8A973A8D/'.
[2018.12.06-01.23.22:018][  0]LogTemp: Display: Loaded TP AllDesktopTargetPlatform
[2018.12.06-01.23.22:048][  0]LogTemp: Display: Loaded TP MacClientTargetPlatform
[2018.12.06-01.23.22:079][  0]LogTemp: Display: Loaded TP MacNoEditorTargetPlatform
[2018.12.06-01.23.22:111][  0]LogTemp: Display: Loaded TP MacServerTargetPlatform
[2018.12.06-01.23.22:154][  0]LogTemp: Display: Loaded TP MacTargetPlatform
[2018.12.06-01.23.22:195][  0]LogTemp: Display: Loaded TP WindowsClientTargetPlatform
[2018.12.06-01.23.22:228][  0]LogTemp: Display: Loaded TP WindowsNoEditorTargetPlatform
[2018.12.06-01.23.22:259][  0]LogTemp: Display: Loaded TP WindowsServerTargetPlatform
[2018.12.06-01.23.22:274][  0]LogTemp: Display: Loaded TP WindowsTargetPlatform
[2018.12.06-01.23.22:520][  0]LogTemp: Display: Loaded TP AndroidTargetPlatform
[2018.12.06-01.23.22:520][  0]LogTemp: Display: Loaded TP AndroidTargetPlatform
[2018.12.06-01.23.22:520][  0]LogTemp: Display: Loaded TP AndroidTargetPlatform
[2018.12.06-01.23.22:520][  0]LogTemp: Display: Loaded TP AndroidTargetPlatform
[2018.12.06-01.23.22:520][  0]LogTemp: Display: Loaded TP AndroidTargetPlatform
[2018.12.06-01.23.22:520][  0]LogTemp: Display: Loaded TP AndroidTargetPlatform
[2018.12.06-01.23.22:520][  0]LogTemp: Display: Loaded TP AndroidTargetPlatform
[2018.12.06-01.23.22:520][  0]LogTemp: Display: Loaded TP AndroidTargetPlatform
[2018.12.06-01.23.22:520][  0]LogTemp: Display: Loaded TP AndroidTargetPlatform
[2018.12.06-01.23.22:520][  0]LogTemp: Display: Loaded TP AndroidTargetPlatform
[2018.12.06-01.23.22:520][  0]LogTemp: Display: Loaded TP AndroidTargetPlatform
[2018.12.06-01.23.22:520][  0]LogTemp: Display: Loaded TP AndroidTargetPlatform
[2018.12.06-01.23.22:520][  0]LogTemp: Display: Loaded TP AndroidTargetPlatform
[2018.12.06-01.23.22:520][  0]LogTemp: Display: Loaded TP AndroidTargetPlatform
[2018.12.06-01.23.22:521][  0]LogTemp: Display: Loaded TP AndroidTargetPlatform
[2018.12.06-01.23.22:521][  0]LogTemp: Display: Loaded TP AndroidTargetPlatform
[2018.12.06-01.23.22:521][  0]LogTemp: Display: Loaded TP AndroidTargetPlatform
[2018.12.06-01.23.22:521][  0]LogTemp: Display: Loaded TP AndroidTargetPlatform
[2018.12.06-01.23.22:525][  0]LogTemp: Display: Loaded TP HTML5TargetPlatform
[2018.12.06-01.23.22:644][  0]LogTemp: Display: Loaded TP IOSTargetPlatform
[2018.12.06-01.23.22:644][  0]LogTemp: Display: Loaded TP IOSTargetPlatform
[2018.12.06-01.23.22:708][  0]LogTemp: Display: Loaded TP TVOSTargetPlatform
[2018.12.06-01.23.22:708][  0]LogTemp: Display: Loaded TP TVOSTargetPlatform
[2018.12.06-01.23.22:737][  0]LogTemp: Display: Loaded TP LinuxClientTargetPlatform
[2018.12.06-01.23.22:769][  0]LogTemp: Display: Loaded TP LinuxNoEditorTargetPlatform
[2018.12.06-01.23.22:799][  0]LogTemp: Display: Loaded TP LinuxServerTargetPlatform
[2018.12.06-01.23.22:850][  0]LogTemp: Display: Loaded TP LinuxTargetPlatform
[2018.12.06-01.23.22:873][  0]LogTemp: Display: Loaded TP LuminTargetPlatform
[2018.12.06-01.23.22:874][  0]LogTargetPlatformManager: Display: Building Assets For Windows
[2018.12.06-01.23.23:084][  0]LogXGEController: Cannot use XGE Controller as Incredibuild is not installed on this machine.
[2018.12.06-01.23.23:085][  0]LogShaderCompilers: Cannot use XGE Shader Compiler as Incredibuild is not installed on this machine.
[2018.12.06-01.23.23:085][  0]LogShaderCompilers: Display: Using Local Shader Compiler.
[2018.12.06-01.23.27:879][  0]LogDerivedDataCache: Display: Max Cache Size: 512 MB
[2018.12.06-01.23.27:988][  0]LogDerivedDataCache: Loaded boot cache 0.11s 71MB C:/Users/Zaire/AppData/Local/UnrealEngine/4.20/DerivedDataCache/Boot.ddc.
[2018.12.06-01.23.27:989][  0]LogDerivedDataCache: Display: Loaded Boot cache: C:/Users/Zaire/AppData/Local/UnrealEngine/4.20/DerivedDataCache/Boot.ddc
[2018.12.06-01.23.27:989][  0]LogDerivedDataCache: FDerivedDataBackendGraph:  Pak pak cache file ../../../../../../Users/Zaire/Documents/Game Dev 1/GameDev 4/Project4/DerivedDataCache/DDC.ddp not found, will not use a pak cache.
[2018.12.06-01.23.27:989][  0]LogDerivedDataCache: Unable to find inner node Pak for hierarchical cache Hierarchy.
[2018.12.06-01.23.27:989][  0]LogDerivedDataCache: FDerivedDataBackendGraph:  CompressedPak pak cache file ../../../../../../Users/Zaire/Documents/Game Dev 1/GameDev 4/Project4/DerivedDataCache/Compressed.ddp not found, will not use a pak cache.
[2018.12.06-01.23.27:990][  0]LogDerivedDataCache: Unable to find inner node CompressedPak for hierarchical cache Hierarchy.
[2018.12.06-01.23.28:033][  0]LogDerivedDataCache: Display: Pak cache opened for reading ../../../Engine/DerivedDataCache/Compressed.ddp.
[2018.12.06-01.23.28:048][  0]LogDerivedDataCache: Using Local data cache path C:/Users/Zaire/AppData/Local/UnrealEngine/Common/DerivedDataCache: Writable
[2018.12.06-01.23.28:048][  0]LogDerivedDataCache: Shared data cache path not found in *engine.ini, will not use an Shared cache.
[2018.12.06-01.23.28:048][  0]LogDerivedDataCache: Unable to find inner node Shared for hierarchical cache Hierarchy.
[2018.12.06-01.23.28:086][  0]LogMaterial: Verifying Global Shaders for PCD3D_SM5
[2018.12.06-01.23.28:089][  0]LogSlate: Using FreeType 2.6.0
[2018.12.06-01.23.28:129][  0]LogSlate: SlateFontServices - WITH_FREETYPE: 1, WITH_HARFBUZZ: 1
[2018.12.06-01.23.28:620][  0]LogAssetRegistry: FAssetRegistry took 0.0329 seconds to start up
[2018.12.06-01.23.29:369][  0]LogInit: Selected Device Profile: [Windows]
[2018.12.06-01.23.29:809][  0]LogSimplygon: Simplygon DLL not present - disabling.
[2018.12.06-01.23.29:818][  0]LogMeshReduction: Using SimplygonSwarm for distributed automatic mesh merging
[2018.12.06-01.23.29:818][  0]LogMeshReduction: Using ProxyLODMeshReduction for automatic mesh merging
[2018.12.06-01.23.29:819][  0]LogMeshReduction: Using QuadricMeshReduction for automatic static mesh reduction
[2018.12.06-01.23.29:819][  0]LogMeshReduction: No automatic skeletal mesh reduction module available
[2018.12.06-01.23.29:863][  0]LogNetVersion: Project4 1.0.0, NetCL: 4212847, EngineNetVer: 5, GameNetVer: 0 (Checksum: 1992437466)
[2018.12.06-01.23.31:632][  0]LogPackageLocalizationCache: Processed 11 localized package path(s) for 2 prioritized culture(s) in 0.569143 seconds
[2018.12.06-01.23.31:657][  0]LogUObjectArray: 38425 objects as part of root set at end of initial load.
[2018.12.06-01.23.31:657][  0]LogUObjectAllocator: 6690864 out of 0 bytes used by permanent object pool.
[2018.12.06-01.23.31:657][  0]LogUObjectArray: CloseDisregardForGC: 0/0 objects in disregard for GC pool
[2018.12.06-01.23.40:251][  0]LogTcpMessaging: Initializing TcpMessaging bridge
[2018.12.06-01.23.40:267][  0]LogUdpMessaging: Initializing bridge on interface 0.0.0.0:0 to multicast group 230.0.0.1:6666.
[2018.12.06-01.23.40:268][  0]FUdpSocketBuilder: Failed to bind UdpMessageMulticastSocket to 0.0.0.0:6666
[2018.12.06-01.23.40:268][  0]FUdpSocketBuilder: Failed to configure multicast for UdpMessageMulticastSocket (loopback: 1, ttl: 1)
[2018.12.06-01.23.40:268][  0]FUdpSocketBuilder: Failed to create and initialize socket UdpMessageMulticastSocket (last error: 0)
[2018.12.06-01.23.40:269][  0]LogUdpMessaging: Warning: StartTransport failed to create multicast socket on 0.0.0.0:0, joined to 230.0.0.1:6666 with TTL 1
[2018.12.06-01.23.40:648][  0]SourceControl: Source control is disabled
[2018.12.06-01.23.40:649][  0]SourceControl: Source control is disabled
[2018.12.06-01.23.40:654][  0]SourceControl: Source control is disabled
[2018.12.06-01.23.40:659][  0]SourceControl: Source control is disabled
[2018.12.06-01.23.41:062][  0]LogAndroidPermission: UAndroidPermissionCallbackProxy::GetInstance
[2018.12.06-01.23.41:335][  0]LogOcInput: OculusInput pre-init called
[2018.12.06-01.23.41:509][  0]LogEngine: Initializing Engine...
[2018.12.06-01.23.41:512][  0]LogHMD: Failed to initialize OpenVR with code 110
[2018.12.06-01.23.41:517][  0]LogStats: UGameplayTagsManager::ConstructGameplayTagTree: ImportINI prefixes -  0.000 s
[2018.12.06-01.23.41:517][  0]LogStats: UGameplayTagsManager::ConstructGameplayTagTree: Construct from data asset -  0.000 s
[2018.12.06-01.23.41:517][  0]LogStats: UGameplayTagsManager::ConstructGameplayTagTree: ImportINI -  0.000 s
[2018.12.06-01.23.41:517][  0]LogStats: UGameplayTagsManager::ConstructGameplayTagTree: GameplayTagTreeChangedEvent.Broadcast -  0.000 s
[2018.12.06-01.23.42:077][  0]LogInit: Initializing FReadOnlyCVARCache
[2018.12.06-01.23.42:113][  0]LogAIModule: Creating AISystem for world Untitled
[2018.12.06-01.23.42:200][  0]LogInit: XAudio2 using 'Speakers / Headphones (Realtek High Definition Audio)' : 2 channels at 48 kHz using 32 bits per sample (channel mask 0x3)
[2018.12.06-01.23.42:315][  0]LogInit: FAudioDevice initialized.
[2018.12.06-01.23.42:316][  0]LogNetVersion: Set ProjectVersion to 1.0.0.0. Version Checksum will be recalculated on next use.
[2018.12.06-01.23.42:447][  0]LogDerivedDataCache: Saved boot cache 0.13s 71MB C:/Users/Zaire/AppData/Local/UnrealEngine/4.20/DerivedDataCache/Boot.ddc.
[2018.12.06-01.23.42:478][  0]LogInit: Texture streaming: Enabled
[2018.12.06-01.23.42:531][  0]LogEngineSessionManager: EngineSessionManager initialized
[2018.12.06-01.23.42:583][  0]LogInit: Transaction tracking system initialized
[2018.12.06-01.23.42:645][  0]BlueprintLog: New page: Editor Load
[2018.12.06-01.23.42:863][  0]LocalizationService: Localization service is disabled
[2018.12.06-01.23.42:969][  0]LogLinker: Warning: Can't find file '/Game/Blueprints/FirstPersonBP/FirstPersonOverview'
[2018.12.06-01.23.42:970][  0]LogLinker: Warning: Can't find file '/Game/Blueprints/FirstPersonBP/FirstPersonOverview'
[2018.12.06-01.23.42:970][  0]LogUObjectGlobals: Warning: Failed to find object 'Class /Game/Blueprints/FirstPersonBP/FirstPersonOverview.FirstPersonOverview_C'
[2018.12.06-01.23.43:594][  0]LogCook: Display: Max memory allowance for cook 16384mb min free memory 0mb
[2018.12.06-01.23.43:594][  0]LogCook: Display: Mobile HDR setting 1
[2018.12.06-01.23.43:596][  0]LogGameplayTags: Display: UGameplayTagsManager::DoneAddingNativeTags. DelegateIsBound: 0
[2018.12.06-01.23.43:596][  0]LogStats: UGameplayTagsManager::ConstructGameplayTagTree: ImportINI prefixes -  0.000 s
[2018.12.06-01.23.43:596][  0]LogStats: UGameplayTagsManager::ConstructGameplayTagTree: Construct from data asset -  0.000 s
[2018.12.06-01.23.43:596][  0]LogStats: UGameplayTagsManager::ConstructGameplayTagTree: ImportINI -  0.000 s
[2018.12.06-01.23.43:596][  0]LogStats: UGameplayTagsManager::ConstructGameplayTagTree: GameplayTagTreeChangedEvent.Broadcast -  0.000 s
[2018.12.06-01.23.43:627][  0]LogFileCache: Scanning file cache for directory 'C:/Users/Zaire/Documents/Game Dev 1/GameDev 4/Project4/Content/' took 0.05s
[2018.12.06-01.23.43:911][  0]SourceControl: Source control is disabled
[2018.12.06-01.23.44:039][  0]LogSlate: Took 0.000789 seconds to synchronously load lazily loaded font '../../../Engine/Content/Slate/Fonts/Roboto-Regular.ttf' (155K)
[2018.12.06-01.24.05:394][  0]LogSlate: Window 'Restore Packages' being destroyed
[2018.12.06-01.24.05:396][  0]LogWindowsTextInputMethodSystem: Display: IME system now deactivated.
[2018.12.06-01.24.05:443][  0]LogWindowsTextInputMethodSystem: Display: IME system now deactivated.
[2018.12.06-01.24.05:448][  0]Cmd: MAP LOAD FILE="../../../../../../Users/Zaire/Documents/Game Dev 1/GameDev 4/Project4/Content/GameView.umap" TEMPLATE=0 SHOWPROGRESS=1 FEATURELEVEL=3
[2018.12.06-01.24.05:450][  0]LightingResults: New page: Lighting Build
[2018.12.06-01.24.05:455][  0]MapCheck: New page: Map Check
[2018.12.06-01.24.05:455][  0]LightingResults: New page: Lighting Build
[2018.12.06-01.24.09:696][  0]LogAIModule: Creating AISystem for world GameView
[2018.12.06-01.24.09:725][  0]LogEditorServer: Finished looking for orphan Actors (0.000 secs)
[2018.12.06-01.24.09:833][  0]Cmd: MAP CHECKDEP NOCLEARLOG
[2018.12.06-01.24.10:302][  0]MapCheck: Map check complete: 0 Error(s), 0 Warning(s), took 468.563ms to complete.
[2018.12.06-01.24.10:303][  0]LogFileHelpers: Loading map 'GameView' took 4.855
[2018.12.06-01.24.10:663][  0]LogSlate: Updating window title bar state: overlay mode, drag disabled, window buttons hidden, title bar hidden
[2018.12.06-01.24.10:687][  0]LogSlate: Updating window title bar state: overlay mode, drag disabled, window buttons hidden, title bar hidden
[2018.12.06-01.24.10:708][  0]LogSlate: Updating window title bar state: overlay mode, drag disabled, window buttons hidden, title bar hidden
[2018.12.06-01.24.10:730][  0]LogSlate: Updating window title bar state: overlay mode, drag disabled, window buttons hidden, title bar hidden
[2018.12.06-01.24.10:770][  0]LogCollectionManager: Loaded 0 collections in 0.004296 seconds
[2018.12.06-01.24.10:867][  0]LogFileCache: Scanning file cache for directory 'C:/Users/Zaire/Documents/Game Dev 1/GameDev 4/Project4/Saved/Collections/' took 0.01s
[2018.12.06-01.24.10:867][  0]LogFileCache: Scanning file cache for directory 'C:/Users/Zaire/Documents/Game Dev 1/GameDev 4/Project4/Content/Developers/Zaire/Collections/' took 0.01s
[2018.12.06-01.24.10:867][  0]LogFileCache: Scanning file cache for directory 'C:/Users/Zaire/Documents/Game Dev 1/GameDev 4/Project4/Content/Collections/' took 0.01s
[2018.12.06-01.24.10:867][  0]LogCollectionManager: Rebuilt the GUID cache for 0 collections in 0.000001 seconds
[2018.12.06-01.24.10:896][  0]LogContentBrowser: Native class hierarchy populated in 0.0261 seconds. Added 2572 classes and 603 folders.
[2018.12.06-01.24.10:928][  0]LogContentBrowser: Native class hierarchy updated for 'WidgetCarousel' in 0.0005 seconds. Added 0 classes and 0 folders.
[2018.12.06-01.24.11:979][  0]LogContentBrowser: Native class hierarchy updated for 'AddContentDialog' in 0.0005 seconds. Added 0 classes and 0 folders.
[2018.12.06-01.24.12:005][  0]LogContentBrowser: Native class hierarchy updated for 'SceneOutliner' in 0.0005 seconds. Added 1 classes and 2 folders.
[2018.12.06-01.24.12:118][  0]LogSlate: Took 0.000426 seconds to synchronously load lazily loaded font '../../../Engine/Content/Slate/Fonts/Roboto-Bold.ttf' (160K)
[2018.12.06-01.24.12:166][  0]LogSlate: Took 0.030093 seconds to synchronously load lazily loaded font '../../../Engine/Content/Editor/Slate/Fonts/FontAwesome.ttf' (139K)
[2018.12.06-01.24.12:531][  0]LogRenderer: Reallocating scene render targets to support 964x436 Format 10 NumSamples 1 (Frame:1).
[2018.12.06-01.24.12:931][  0]LogContentBrowser: Native class hierarchy updated for 'HierarchicalLODOutliner' in 0.0005 seconds. Added 0 classes and 0 folders.
[2018.12.06-01.24.12:931][  0]LogLoad: (Engine Initialization) Total time: 67.62 seconds
[2018.12.06-01.24.12:931][  0]LogLoad: (Engine Initialization) Total Blueprint compile time: 0.00 seconds
[2018.12.06-01.24.12:980][  0]LogContentStreaming: Texture pool size now 1000 MB
[2018.12.06-01.24.13:412][  3]LogAssetRegistry: Asset discovery search completed in 44.8154 seconds
[2018.12.06-01.24.13:420][  3]LogCollectionManager: Rebuilt the object cache for 0 collections in 0.000000 seconds (found 0 objects)
[2018.12.06-01.24.13:420][  3]LogCollectionManager: Fixed up redirectors for 0 collections in 0.000162 seconds (updated 0 objects)
[2018.12.06-01.24.14:125][ 23]LogSlate: Took 0.014273 seconds to synchronously load lazily loaded font '../../../Engine/Content/Slate/Fonts/Roboto-Light.ttf' (167K)
[2018.12.06-01.24.14:129][ 23]LogSlate: FSceneViewport::OnFocusLost() reason 2
[2018.12.06-01.24.14:138][ 23]LogAssetEditorManager: Opening Asset editor for Blueprint /Game/Blueprints/GameMode.GameMode
[2018.12.06-01.24.15:831][ 23]LogContentBrowser: Native class hierarchy updated for 'BlueprintGraph' in 0.0014 seconds. Added 116 classes and 0 folders.
[2018.12.06-01.24.18:011][ 23]LogSlate: Took 0.011603 seconds to synchronously load lazily loaded font '../../../Engine/Content/Slate/Fonts/Roboto-BoldCondensed.ttf' (158K)
[2018.12.06-01.24.22:778][233]LogTemp: Repeating last play command: Selected Viewport
[2018.12.06-01.24.22:865][233]LogPlayLevel: PlayLevel: No blueprints needed recompiling
[2018.12.06-01.24.22:883][233]PIE: New page: PIE session: GameView (Dec 5, 2018, 3:24:22 PM)
[2018.12.06-01.24.22:883][233]LogPlayLevel: Creating play world package: /Game/UEDPIE_0_GameView
[2018.12.06-01.24.22:893][233]LogPlayLevel: PIE: StaticDuplicateObject took: (0.010656s)
[2018.12.06-01.24.22:895][233]LogAIModule: Creating AISystem for world GameView
[2018.12.06-01.24.22:896][233]LogPlayLevel: PIE: World Init took: (0.002915s)
[2018.12.06-01.24.22:897][233]LogPlayLevel: PIE: Created PIE world by copying editor world from /Game/GameView.GameView to /Game/UEDPIE_0_GameView.GameView (0.014137s)
[2018.12.06-01.24.22:996][233]LogInit: XAudio2 using 'Speakers / Headphones (Realtek High Definition Audio)' : 2 channels at 48 kHz using 32 bits per sample (channel mask 0x3)
[2018.12.06-01.24.23:077][233]LogInit: FAudioDevice initialized.
[2018.12.06-01.24.23:137][233]LogLoad: Game class is 'GameMode_C'
[2018.12.06-01.24.23:150][233]LogWorld: Bringing World /Game/UEDPIE_0_GameView.GameView up for play (max tick rate 0) at 2018.12.05-20.24.23
[2018.12.06-01.24.23:156][233]LogWorld: Bringing up level for play took: 0.006240
[2018.12.06-01.24.23:199][233]LogContentBrowser: Native class hierarchy updated for 'MovieSceneCapture' in 0.0006 seconds. Added 10 classes and 0 folders.
[2018.12.06-01.24.23:223][233]LogBlueprintUserMessages: [CustomerManager] Hello
[2018.12.06-01.24.23:226][233]LogBlueprintUserMessages: [Spawn_Blueprint_80] 2
[2018.12.06-01.24.23:227][233]LogBlueprintUserMessages: [Spawn_Blueprint_80] Spawn UI/Items to choose here
[2018.12.06-01.24.23:227][233]LogBlueprintUserMessages: [Spawn_Blueprint_80] Spawn UI/Items to choose here
[2018.12.06-01.24.23:227][233]LogBlueprintUserMessages: [Spawn_Blueprint_80] Spawn UI/Items to choose here
[2018.12.06-01.24.23:230][233]PIE: Play in editor start time for /Game/UEDPIE_0_GameView -0.591
[2018.12.06-01.24.29:411][504]LogSlate: Updating window title bar state: overlay mode, drag disabled, window buttons hidden, title bar hidden
[2018.12.06-01.24.29:469][504]LogPlayLevel: Display: Shutting down PIE online subsystems
[2018.12.06-01.24.29:535][504]LogSlate: Updating window title bar state: overlay mode, drag disabled, window buttons hidden, title bar hidden
[2018.12.06-01.24.29:570][505]LogPlayLevel: Display: Destroying online subsystem :Context_4
[2018.12.06-01.31.07:987][388]LogAssetEditorManager: Opening Asset editor for Blueprint /Game/Blueprints/DialogueStuff/Customer.Customer
[2018.12.06-01.32.08:841][628]LogSlate: Took 0.025322 seconds to synchronously load lazily loaded font '../../../Engine/Content/Slate/Fonts/Roboto-Italic.ttf' (157K)
[2018.12.06-01.34.35:312][ 91]LogFileHelpers: Editor autosave (incl. sublevels) for '/Game/GameView' took 0.094
[2018.12.06-01.34.35:321][ 91]OBJ SavePackage: Generating thumbnails for [1] asset(s) in package [/Game/Blueprints/DialogueStuff/Customer] ([1] browsable assets)...
[2018.12.06-01.34.35:363][ 91]OBJ SavePackage:     Rendered thumbnail for [Blueprint /Game/Blueprints/DialogueStuff/Customer.Customer]
[2018.12.06-01.34.35:363][ 91]OBJ SavePackage: Finished generating thumbnails for package [/Game/Blueprints/DialogueStuff/Customer]
[2018.12.06-01.34.35:734][ 91]LogSavePackage: Moving '../../../../../../Users/Zaire/Documents/Game Dev 1/GameDev 4/Project4/Saved/Customer_Auto17CEC4EDF4B643BFE709C43BC55C50654.tmp' to '../../../../../../Users/Zaire/Documents/Game Dev 1/GameDev 4/Project4/Saved/Autosaves/Game/Blueprints/DialogueStuff/Customer_Auto1.uasset'
[2018.12.06-01.34.35:745][ 91]LogFileHelpers: Auto-saving content packages took 0.431
[2018.12.06-01.51.27:504][904]LogRenderer: Reallocating scene render targets to support 964x540 Format 10 NumSamples 1 (Frame:1).
[2018.12.06-01.53.24:358][864]LogSlate: Took 0.014153 seconds to synchronously load lazily loaded font '../../../Engine/Content/Slate/Fonts/Roboto-BoldCondensedItalic.ttf' (160K)
[2018.12.06-01.53.29:740][913]LogSlate: Window 'Change Variable Type' being destroyed
[2018.12.06-01.53.40:000][126]LogSlate: Window 'Find in Blueprints' being destroyed
[2018.12.06-01.53.40:031][126]LogSlate: Window 'Find in Blueprints' being destroyed
[2018.12.06-01.54.31:473][287]BlueprintLog: New page: Compile Customer
[2018.12.06-01.54.31:620][287]LogBlueprint: Error: [Compiler Customer] In use pin  Tot Time  no longer exists on node  Get . Please refresh node or break links to remove pin.
[2018.12.06-01.54.32:102][287]LogBlueprint: Warning: [Compiler Customer] [1886.79] Compile of Customer failed. 1 Fatal Issue(s) 0 Warning(s) [in 628 ms] (/Game/Blueprints/DialogueStuff/Customer.Customer)
[2018.12.06-01.55.16:941][351]BlueprintLog: New page: Compile Customer
[2018.12.06-01.55.17:054][351]LogBlueprint: Error: [Compiler Customer] Can't connect pins  Tot Time  and  In Int : Convert Float to Integer
[2018.12.06-01.55.17:055][351]LogBlueprint: Error: [Compiler Customer] Can't connect pins  In Int  and  Tot Time : Convert Float to Integer
[2018.12.06-01.55.17:438][351]LogBlueprint: Warning: [Compiler Customer] [1932.13] Compile of Customer failed. 2 Fatal Issue(s) 0 Warning(s) [in 496 ms] (/Game/Blueprints/DialogueStuff/Customer.Customer)
[2018.12.06-01.55.36:061][787]BlueprintLog: New page: Compile Customer
[2018.12.06-01.55.47:815][ 24]LogSavePackage: Moving '../../../../../../Users/Zaire/Documents/Game Dev 1/GameDev 4/Project4/Saved/Customer5B4CA98A4B6320685E2CB08E51B6EB6E.tmp' to '../../../../../../Users/Zaire/Documents/Game Dev 1/GameDev 4/Project4/Content/Blueprints/DialogueStuff/Customer.uasset'
[2018.12.06-01.55.58:579][410]LogTemp: Repeating last play command: Selected Viewport
[2018.12.06-01.55.58:706][410]LogPlayLevel: PlayLevel: No blueprints needed recompiling
[2018.12.06-01.55.58:706][410]PIE: New page: PIE session: GameView (Dec 5, 2018, 3:55:58 PM)
[2018.12.06-01.55.58:706][410]LogPlayLevel: Creating play world package: /Game/UEDPIE_0_GameView
[2018.12.06-01.55.58:714][410]LogPlayLevel: PIE: StaticDuplicateObject took: (0.008010s)
[2018.12.06-01.55.58:716][410]LogAIModule: Creating AISystem for world GameView
[2018.12.06-01.55.58:718][410]LogPlayLevel: PIE: World Init took: (0.003713s)
[2018.12.06-01.55.58:718][410]LogPlayLevel: PIE: Created PIE world by copying editor world from /Game/GameView.GameView to /Game/UEDPIE_0_GameView.GameView (0.012400s)
[2018.12.06-01.55.58:875][410]LogInit: XAudio2 using 'Speakers / Headphones (Realtek High Definition Audio)' : 2 channels at 48 kHz using 32 bits per sample (channel mask 0x3)
[2018.12.06-01.55.59:002][410]LogInit: FAudioDevice initialized.
[2018.12.06-01.55.59:049][410]LogLoad: Game class is 'GameMode_C'
[2018.12.06-01.55.59:053][410]LogWorld: Bringing World /Game/UEDPIE_0_GameView.GameView up for play (max tick rate 0) at 2018.12.05-20.55.59
[2018.12.06-01.55.59:054][410]LogWorld: Bringing up level for play took: 0.001976
[2018.12.06-01.55.59:073][410]LogBlueprintUserMessages: [CustomerManager] Hello
[2018.12.06-01.55.59:073][410]LogBlueprintUserMessages: [Spawn_Blueprint_80] 2
[2018.12.06-01.55.59:074][410]LogBlueprintUserMessages: [Spawn_Blueprint_80] Spawn UI/Items to choose here
[2018.12.06-01.55.59:074][410]LogBlueprintUserMessages: [Spawn_Blueprint_80] Spawn UI/Items to choose here
[2018.12.06-01.55.59:074][410]LogBlueprintUserMessages: [Spawn_Blueprint_80] Spawn UI/Items to choose here
[2018.12.06-01.55.59:075][410]PIE: Play in editor start time for /Game/UEDPIE_0_GameView 1.254
[2018.12.06-01.56.45:133][201]LogSlate: Updating window title bar state: overlay mode, drag disabled, window buttons hidden, title bar hidden
[2018.12.06-01.56.45:212][201]LogPlayLevel: Display: Shutting down PIE online subsystems
[2018.12.06-01.56.45:338][201]LogSlate: Updating window title bar state: overlay mode, drag disabled, window buttons hidden, title bar hidden
[2018.12.06-01.56.45:414][202]LogPlayLevel: Display: Destroying online subsystem :Context_7
[2018.12.06-01.57.00:320][431]BlueprintLog: New page: Compile Customer
[2018.12.06-01.57.08:682][525]LogTemp: Repeating last play command: Selected Viewport
[2018.12.06-01.57.08:857][525]LogPlayLevel: PlayLevel: No blueprints needed recompiling
[2018.12.06-01.57.08:858][525]PIE: New page: PIE session: GameView (Dec 5, 2018, 3:57:08 PM)
[2018.12.06-01.57.08:858][525]LogPlayLevel: Creating play world package: /Game/UEDPIE_0_GameView
[2018.12.06-01.57.08:867][525]LogPlayLevel: PIE: StaticDuplicateObject took: (0.008465s)
[2018.12.06-01.57.08:870][525]LogAIModule: Creating AISystem for world GameView
[2018.12.06-01.57.08:871][525]LogPlayLevel: PIE: World Init took: (0.003970s)
[2018.12.06-01.57.08:872][525]LogPlayLevel: PIE: Created PIE world by copying editor world from /Game/GameView.GameView to /Game/UEDPIE_0_GameView.GameView (0.013559s)
[2018.12.06-01.57.09:058][525]LogInit: XAudio2 using 'Speakers / Headphones (Realtek High Definition Audio)' : 2 channels at 48 kHz using 32 bits per sample (channel mask 0x3)
[2018.12.06-01.57.09:234][525]LogInit: FAudioDevice initialized.
[2018.12.06-01.57.09:288][525]LogLoad: Game class is 'GameMode_C'
[2018.12.06-01.57.09:293][525]LogWorld: Bringing World /Game/UEDPIE_0_GameView.GameView up for play (max tick rate 0) at 2018.12.05-20.57.09
[2018.12.06-01.57.09:294][525]LogWorld: Bringing up level for play took: 0.003473
[2018.12.06-01.57.09:314][525]LogBlueprintUserMessages: [CustomerManager] Hello
[2018.12.06-01.57.09:316][525]LogBlueprintUserMessages: [Spawn_Blueprint_80] 2
[2018.12.06-01.57.09:316][525]LogBlueprintUserMessages: [Spawn_Blueprint_80] Spawn UI/Items to choose here
[2018.12.06-01.57.09:316][525]LogBlueprintUserMessages: [Spawn_Blueprint_80] Spawn UI/Items to choose here
[2018.12.06-01.57.09:316][525]LogBlueprintUserMessages: [Spawn_Blueprint_80] Spawn UI/Items to choose here
[2018.12.06-01.57.09:318][525]PIE: Play in editor start time for /Game/UEDPIE_0_GameView 1.498
[2018.12.06-01.58.08:936][819]LogSlate: Updating window title bar state: overlay mode, drag disabled, window buttons hidden, title bar hidden
[2018.12.06-01.58.09:006][819]LogPlayLevel: Display: Shutting down PIE online subsystems
[2018.12.06-01.58.09:095][819]LogSlate: Updating window title bar state: overlay mode, drag disabled, window buttons hidden, title bar hidden
[2018.12.06-01.58.09:142][820]LogPlayLevel: Display: Destroying online subsystem :Context_8
[2018.12.06-01.58.35:663][917]LogSavePackage: Moving '../../../../../../Users/Zaire/Documents/Game Dev 1/GameDev 4/Project4/Saved/GameView_Auto233B3242E4A9B2CBE33B13BAFFE603090.tmp' to '../../../../../../Users/Zaire/Documents/Game Dev 1/GameDev 4/Project4/Saved/Autosaves/Game/GameView_Auto2.umap'
[2018.12.06-01.58.35:683][917]LogFileHelpers: Editor autosave (incl. sublevels) for '/Game/GameView' took 0.410
[2018.12.06-01.58.35:683][917]LogFileHelpers: Editor autosave (incl. sublevels) for all levels took 0.410
[2018.12.06-01.58.35:694][917]OBJ SavePackage: Generating thumbnails for [1] asset(s) in package [/Game/Blueprints/DialogueStuff/Customer] ([1] browsable assets)...
[2018.12.06-01.58.35:732][917]OBJ SavePackage:     Rendered thumbnail for [Blueprint /Game/Blueprints/DialogueStuff/Customer.Customer]
[2018.12.06-01.58.35:732][917]OBJ SavePackage: Finished generating thumbnails for package [/Game/Blueprints/DialogueStuff/Customer]
[2018.12.06-01.58.35:977][917]LogSavePackage: Moving '../../../../../../Users/Zaire/Documents/Game Dev 1/GameDev 4/Project4/Saved/Customer_Auto2024169FD4820A171AD001097B4A4523E.tmp' to '../../../../../../Users/Zaire/Documents/Game Dev 1/GameDev 4/Project4/Saved/Autosaves/Game/Blueprints/DialogueStuff/Customer_Auto2.uasset'
[2018.12.06-01.58.35:984][917]LogFileHelpers: Auto-saving content packages took 0.296
[2018.12.06-02.35.02:407][ 62]LogEditorViewport: Clicking on Actor (LMB): BP_Sky_Sphere_C (Sky Sphere)
[2018.12.06-02.45.17:922][224]LogSlate: FSceneViewport::OnFocusLost() reason 2
[2018.12.06-03.32.25:282][329]LogSavePackage: Moving '../../../../../../Users/Zaire/Documents/Game Dev 1/GameDev 4/Project4/Saved/CustomerD2C6DD9B44396C858AD98E9E048F2CBB.tmp' to '../../../../../../Users/Zaire/Documents/Game Dev 1/GameDev 4/Project4/Content/Blueprints/DialogueStuff/Customer.uasset'
[2018.12.06-03.32.31:198][431]LogSlate: FSceneViewport::OnFocusLost() reason 0
[2018.12.06-03.32.35:216][653]LogSlate: FSceneViewport::OnFocusLost() reason 0
[2018.12.06-03.32.35:474][666]Cmd: OBJ SAVEPACKAGE PACKAGE="/Game/GameView" FILE="../../../../../../Users/Zaire/Documents/Game Dev 1/GameDev 4/Project4/Content/GameView.umap" SILENT=true AUTOSAVING=false KEEPDIRTY=false
[2018.12.06-03.32.35:634][666]LogSavePackage: Moving '../../../../../../Users/Zaire/Documents/Game Dev 1/GameDev 4/Project4/Saved/GameViewD57ECBCA4CAAAD3E03235CAFC00A95B7.tmp' to '../../../../../../Users/Zaire/Documents/Game Dev 1/GameDev 4/Project4/Content/GameView.umap'
[2018.12.06-03.32.35:713][666]Cmd: OBJ SAVEPACKAGE PACKAGE="/Game/GameView_BuiltData" FILE="../../../../../../Users/Zaire/Documents/Game Dev 1/GameDev 4/Project4/Content/GameView_BuiltData.uasset" SILENT=true
[2018.12.06-03.32.35:796][666]LogSavePackage: Moving '../../../../../../Users/Zaire/Documents/Game Dev 1/GameDev 4/Project4/Saved/GameView_BuiltDataF11EA7334B113541C6C646B0A7084F89.tmp' to '../../../../../../Users/Zaire/Documents/Game Dev 1/GameDev 4/Project4/Content/GameView_BuiltData.uasset'
[2018.12.06-03.32.41:849][956]LogSlate: Window 'Customer' being destroyed
[2018.12.06-03.32.41:873][956]LogActorComponent: UnregisterComponent: (/Engine/Transient.EditorFloorComp) Not registered. Aborting.
[2018.12.06-03.32.42:032][956]LogSlate: Window 'Project4 - Unreal Editor' being destroyed
[2018.12.06-03.32.42:034][956]LogWindowsTextInputMethodSystem: Display: IME system now deactivated.
[2018.12.06-03.32.42:613][957]Cmd: QUIT_EDITOR
[2018.12.06-03.32.42:783][957]LogExit: Preparing to exit.
[2018.12.06-03.32.43:464][957]LogExit: Editor shut down
[2018.12.06-03.32.43:466][957]LogExit: Transaction tracking system shut down
[2018.12.06-03.32.44:254][957]LogExit: Object subsystem successfully closed.
[2018.12.06-03.32.44:299][957]LogShaderCompilers: Display: Shaders left to compile 0
[2018.12.06-03.32.44:315][957]LogD3D11RHI: Shutdown
[2018.12.06-03.32.44:315][957]LogD3D11RHI: CleanupD3DDevice
[2018.12.06-03.32.44:325][957]LogD3D11RHI: ~FD3D11DynamicRHI
[2018.12.06-03.32.44:407][957]LogModuleManager: Shutting down and abandoning module MovieSceneCapture (616)
[2018.12.06-03.32.44:408][957]LogModuleManager: Shutting down and abandoning module Voice (614)
[2018.12.06-03.32.44:408][957]LogModuleManager: Shutting down and abandoning module BlueprintGraph (612)
[2018.12.06-03.32.44:409][957]LogModuleManager: Shutting down and abandoning module HierarchicalLODOutliner (610)
[2018.12.06-03.32.44:409][957]LogModuleManager: Shutting down and abandoning module SceneOutliner (608)
[2018.12.06-03.32.44:410][957]LogModuleManager: Shutting down and abandoning module AddContentDialog (606)
[2018.12.06-03.32.44:416][957]LogModuleManager: Shutting down and abandoning module WidgetCarousel (605)
[2018.12.06-03.32.44:416][957]LogModuleManager: Shutting down and abandoning module EditorWidgets (602)
[2018.12.06-03.32.44:416][957]LogModuleManager: Shutting down and abandoning module CollectionManager (600)
[2018.12.06-03.32.44:416][957]LogModuleManager: Shutting down and abandoning module StatsViewer (598)
[2018.12.06-03.32.44:416][957]LogModuleManager: Shutting down and abandoning module FoliageEdit (596)
[2018.12.06-03.32.44:416][957]LogModuleManager: Shutting down and abandoning module LandscapeEditor (594)
[2018.12.06-03.32.44:417][957]LogModuleManager: Shutting down and abandoning module MeshPaintMode (592)
[2018.12.06-03.32.44:417][957]LogModuleManager: Shutting down and abandoning module SceneDepthPickerMode (590)
[2018.12.06-03.32.44:417][957]LogModuleManager: Shutting down and abandoning module ActorPickerMode (588)
[2018.12.06-03.32.44:417][957]LogModuleManager: Shutting down and abandoning module GeometryMode (586)
[2018.12.06-03.32.44:417][957]LogModuleManager: Shutting down and abandoning module TextureAlignMode (584)
[2018.12.06-03.32.44:417][957]LogModuleManager: Shutting down and abandoning module BspMode (582)
[2018.12.06-03.32.44:417][957]LogModuleManager: Shutting down and abandoning module PIEPreviewDeviceProfileSelector (580)
[2018.12.06-03.32.44:417][957]LogModuleManager: Shutting down and abandoning module SequenceRecorderSections (578)
[2018.12.06-03.32.44:417][957]LogModuleManager: Shutting down and abandoning module AutomationWorker (576)
[2018.12.06-03.32.44:417][957]LogModuleManager: Shutting down and abandoning module AudioCaptureEditor (574)
[2018.12.06-03.32.44:417][957]LogModuleManager: Shutting down and abandoning module SequenceRecorder (573)
[2018.12.06-03.32.44:417][957]LogModuleManager: Shutting down and abandoning module MatineeToLevelSequence (570)
[2018.12.06-03.32.44:417][957]LogModuleManager: Shutting down and abandoning module LevelSequenceEditor (568)
[2018.12.06-03.32.44:417][957]LogModuleManager: Shutting down and abandoning module PlacementMode (567)
[2018.12.06-03.32.44:417][957]LogModuleManager: Shutting down and abandoning module MaterialEditor (566)
[2018.12.06-03.32.44:417][957]LogModuleManager: Shutting down and abandoning module WmfMediaFactory (562)
[2018.12.06-03.32.44:418][957]LogModuleManager: Shutting down and abandoning module WmfMediaEditor (560)
[2018.12.06-03.32.44:418][957]LogModuleManager: Shutting down and abandoning module MediaPlayerEditor (558)
[2018.12.06-03.32.44:418][957]LogModuleManager: Shutting down and abandoning module OpenExrWrapper (556)
[2018.12.06-03.32.44:418][957]LogModuleManager: Shutting down and abandoning module ImgMediaFactory (554)
[2018.12.06-03.32.44:418][957]LogModuleManager: Shutting down and abandoning module ImgMediaEditor (552)
[2018.12.06-03.32.44:418][957]LogModuleManager: Shutting down and abandoning module AvfMediaFactory (550)
[2018.12.06-03.32.44:418][957]LogModuleManager: Shutting down and abandoning module AvfMediaEditor (548)
[2018.12.06-03.32.44:418][957]LogModuleManager: Shutting down and abandoning module AndroidMediaFactory (546)
[2018.12.06-03.32.44:418][957]LogModuleManager: Shutting down and abandoning module AndroidMediaEditor (544)
[2018.12.06-03.32.44:418][957]LogModuleManager: Shutting down and abandoning module MagicLeapCameraPreviewFactory (542)
[2018.12.06-03.32.44:418][957]LogModuleManager: Shutting down and abandoning module MagicLeapMediaFactory (540)
[2018.12.06-03.32.44:418][957]LogModuleManager: Shutting down and abandoning module MagicLeapMediaEditor (538)
[2018.12.06-03.32.44:418][957]LogModuleManager: Shutting down and abandoning module CharacterAI (536)
[2018.12.06-03.32.44:418][957]LogModuleManager: Shutting down and abandoning module SmartSnapping (534)
[2018.12.06-03.32.44:418][957]LogModuleManager: Shutting down and abandoning module SessionServices (532)
[2018.12.06-03.32.44:418][957]LogModuleManager: Shutting down and abandoning module ViewportSnapping (530)
[2018.12.06-03.32.44:418][957]LogModuleManager: Shutting down and abandoning module ViewportInteraction (528)
[2018.12.06-03.32.44:418][957]LogModuleManager: Shutting down and abandoning module ClothPainter (526)
[2018.12.06-03.32.44:418][957]LogModuleManager: Shutting down and abandoning module SkeletalMeshEditor (525)
[2018.12.06-03.32.44:418][957]LogModuleManager: Shutting down and abandoning module LogVisualizer (522)
[2018.12.06-03.32.44:418][957]LogModuleManager: Shutting down and abandoning module IntroTutorials (520)
[2018.12.06-03.32.44:419][957]LogModuleManager: Shutting down and abandoning module GameProjectGeneration (519)
[2018.12.06-03.32.44:419][957]LogModuleManager: Shutting down and abandoning module LuminPlatformEditor (516)
[2018.12.06-03.32.44:419][957]LogModuleManager: Shutting down and abandoning module IOSPlatformEditor (514)
[2018.12.06-03.32.44:419][957]LogModuleManager: Shutting down and abandoning module HTML5PlatformEditor (512)
[2018.12.06-03.32.44:419][957]LogModuleManager: Shutting down and abandoning module AndroidPlatformEditor (510)
[2018.12.06-03.32.44:419][957]LogModuleManager: Shutting down and abandoning module AndroidDeviceDetection (509)
[2018.12.06-03.32.46:328][957]LogModuleManager: Shutting down and abandoning module WindowsPlatformEditor (506)
[2018.12.06-03.32.46:328][957]LogModuleManager: Shutting down and abandoning module LuminRuntimeSettings (504)
[2018.12.06-03.32.46:328][957]LogModuleManager: Shutting down and abandoning module IOSRuntimeSettings (502)
[2018.12.06-03.32.46:328][957]LogModuleManager: Shutting down and abandoning module AndroidRuntimeSettings (500)
[2018.12.06-03.32.46:328][957]LogModuleManager: Shutting down and abandoning module InputBindingEditor (498)
[2018.12.06-03.32.46:328][957]LogModuleManager: Shutting down and abandoning module MergeActors (496)
[2018.12.06-03.32.46:328][957]LogModuleManager: Shutting down and abandoning module LocalizationDashboard (494)
[2018.12.06-03.32.46:328][957]LogModuleManager: Shutting down and abandoning module LocalizationService (493)
[2018.12.06-03.32.46:328][957]LogModuleManager: Shutting down and abandoning module HardwareTargeting (490)
[2018.12.06-03.32.46:328][957]LogModuleManager: Shutting down and abandoning module DeviceProfileEditor (488)
[2018.12.06-03.32.46:328][957]LogModuleManager: Shutting down and abandoning module UndoHistory (486)
[2018.12.06-03.32.46:328][957]LogModuleManager: Shutting down and abandoning module XmlParser (484)
[2018.12.06-03.32.46:329][957]LogModuleManager: Shutting down and abandoning module Blutility (482)
[2018.12.06-03.32.46:329][957]LogModuleManager: Shutting down and abandoning module ProjectSettingsViewer (480)
[2018.12.06-03.32.46:329][957]LogModuleManager: Shutting down and abandoning module ProjectTargetPlatformEditor (479)
[2018.12.06-03.32.46:329][957]LogModuleManager: Shutting down and abandoning module EditorSettingsViewer (476)
[2018.12.06-03.32.46:329][957]LogModuleManager: Shutting down and abandoning module SettingsEditor (474)
[2018.12.06-03.32.46:329][957]LogModuleManager: Shutting down and abandoning module ProjectLauncher (472)
[2018.12.06-03.32.46:330][957]LogModuleManager: Shutting down and abandoning module SessionFrontend (470)
[2018.12.06-03.32.46:330][957]LogModuleManager: Shutting down and abandoning module ProfilerClient (468)
[2018.12.06-03.32.46:330][957]LogModuleManager: Shutting down and abandoning module DeviceManager (466)
[2018.12.06-03.32.46:330][957]LogModuleManager: Shutting down and abandoning module TargetDeviceServices (465)
[2018.12.06-03.32.46:397][957]LogModuleManager: Shutting down and abandoning module AutomationController (462)
[2018.12.06-03.32.46:397][957]LogModuleManager: Shutting down and abandoning module AutomationWindow (460)
[2018.12.06-03.32.46:397][957]LogModuleManager: Shutting down and abandoning module Layers (458)
[2018.12.06-03.32.46:397][957]LogModuleManager: Shutting down and abandoning module ComponentVisualizers (456)
[2018.12.06-03.32.46:397][957]LogModuleManager: Shutting down and abandoning module DetailCustomizations (454)
[2018.12.06-03.32.46:397][957]LogModuleManager: Shutting down and abandoning module PackagesDialog (452)
[2018.12.06-03.32.46:397][957]LogModuleManager: Shutting down and abandoning module Persona (450)
[2018.12.06-03.32.46:397][957]LogModuleManager: Shutting down and abandoning module AdvancedPreviewScene (449)
[2018.12.06-03.32.46:398][957]LogModuleManager: Shutting down and abandoning module AnimGraph (447)
[2018.12.06-03.32.46:398][957]LogModuleManager: Shutting down and abandoning module Kismet (444)
[2018.12.06-03.32.46:412][957]LogModuleManager: Shutting down and abandoning module GraphEditor (442)
[2018.12.06-03.32.46:413][957]LogModuleManager: Shutting down and abandoning module ClassViewer (440)
[2018.12.06-03.32.46:413][957]LogModuleManager: Shutting down and abandoning module Toolbox (438)
[2018.12.06-03.32.46:413][957]LogModuleManager: Shutting down and abandoning module ModuleUI (436)
[2018.12.06-03.32.46:413][957]LogModuleManager: Shutting down and abandoning module MovieSceneTools (434)
[2018.12.06-03.32.46:413][957]LogModuleManager: Shutting down and abandoning module OutputLog (432)
[2018.12.06-03.32.46:413][957]LogModuleManager: Shutting down and abandoning module GammaUI (430)
[2018.12.06-03.32.46:414][957]LogModuleManager: Shutting down and abandoning module Documentation (428)
[2018.12.06-03.32.46:418][957]LogModuleManager: Shutting down and abandoning module MovieSceneTracks (426)
[2018.12.06-03.32.46:418][957]LogModuleManager: Shutting down and abandoning module MovieScene (424)
[2018.12.06-03.32.46:418][957]LogModuleManager: Shutting down and abandoning module StreamingPauseRendering (422)
[2018.12.06-03.32.46:418][957]LogModuleManager: Shutting down and abandoning module LauncherPlatform (420)
[2018.12.06-03.32.46:418][957]LogModuleManager: Shutting down and abandoning module AnalyticsET (418)
[2018.12.06-03.32.46:418][957]LogModuleManager: Shutting down and abandoning module PortalServices (416)
[2018.12.06-03.32.46:418][957]LogModuleManager: Shutting down and abandoning module PortalRpc (414)
[2018.12.06-03.32.46:418][957]LogModuleManager: Shutting down and abandoning module MessagingRpc (412)
[2018.12.06-03.32.46:418][957]LogModuleManager: Shutting down and abandoning module AIModule (410)
[2018.12.06-03.32.46:418][957]LogModuleManager: Shutting down and abandoning module GameplayDebugger (409)
[2018.12.06-03.32.46:418][957]LogModuleManager: Shutting down and abandoning module AITestSuite (407)
[2018.12.06-03.32.46:418][957]LogModuleManager: Shutting down and abandoning module NavigationSystem (405)
[2018.12.06-03.32.46:418][957]LogModuleManager: Shutting down and abandoning module DesktopPlatform (402)
[2018.12.06-03.32.46:418][957]LogModuleManager: Shutting down and abandoning module ProfilerService (400)
[2018.12.06-03.32.46:634][957]LogModuleManager: Shutting down and abandoning module TaskGraph (398)
[2018.12.06-03.32.46:634][957]LogModuleManager: Shutting down and abandoning module SteamVRController (396)
[2018.12.06-03.32.46:634][957]LogModuleManager: Shutting down and abandoning module ProceduralMeshComponentEditor (394)
[2018.12.06-03.32.46:634][957]LogModuleManager: Shutting down and abandoning module ProceduralMeshComponent (392)
[2018.12.06-03.32.46:634][957]LogModuleManager: Shutting down and abandoning module OculusInput (390)
[2018.12.06-03.32.46:634][957]LogModuleManager: Shutting down and abandoning module MobilePatchingUtils (388)
[2018.12.06-03.32.46:634][957]LogModuleManager: Shutting down and abandoning module EditableMesh (386)
[2018.12.06-03.32.46:634][957]LogModuleManager: Shutting down and abandoning module CustomMeshComponent (384)
[2018.12.06-03.32.46:634][957]LogModuleManager: Shutting down and abandoning module CableComponent (382)
[2018.12.06-03.32.46:634][957]LogModuleManager: Shutting down and abandoning module AudioCapture (380)
[2018.12.06-03.32.46:634][957]LogModuleManager: Shutting down and abandoning module ArchVisCharacter (378)
[2018.12.06-03.32.46:634][957]LogModuleManager: Shutting down and abandoning module AndroidPermission (376)
[2018.12.06-03.32.46:634][957]LogModuleManager: Shutting down and abandoning module NUTUnrealEngine4 (374)
[2018.12.06-03.32.46:634][957]LogModuleManager: Shutting down and abandoning module NetcodeUnitTest (372)
[2018.12.06-03.32.46:634][957]LogModuleManager: Shutting down and abandoning module MediaCompositingEditor (370)
[2018.12.06-03.32.46:634][957]LogModuleManager: Shutting down and abandoning module MediaCompositing (368)
[2018.12.06-03.32.46:634][957]LogModuleManager: Shutting down and abandoning module LinearTimecode (366)
[2018.12.06-03.32.46:634][957]LogModuleManager: Shutting down and abandoning module ImgMedia (364)
[2018.12.06-03.32.46:641][957]LogModuleManager: Shutting down and abandoning module HTML5Networking (362)
[2018.12.06-03.32.46:641][957]LogModuleManager: Shutting down and abandoning module GeometryCacheTracks (360)
[2018.12.06-03.32.46:641][957]LogModuleManager: Shutting down and abandoning module GeometryCacheSequencer (358)
[2018.12.06-03.32.46:641][957]LogModuleManager: Shutting down and abandoning module BackChannel (356)
[2018.12.06-03.32.46:641][957]LogModuleManager: Shutting down and abandoning module AppleVision (354)
[2018.12.06-03.32.46:641][957]LogModuleManager: Shutting down and abandoning module AppleImageUtils (352)
[2018.12.06-03.32.46:641][957]LogModuleManager: Shutting down and abandoning module AlembicImporter (350)
[2018.12.06-03.32.46:641][957]LogModuleManager: Shutting down and abandoning module AlembicLibrary (349)
[2018.12.06-03.32.46:641][957]LogModuleManager: Shutting down and abandoning module GeometryCache (348)
[2018.12.06-03.32.46:641][957]LogModuleManager: Shutting down and abandoning module GeometryCacheEd (347)
[2018.12.06-03.32.46:641][957]LogModuleManager: Shutting down and abandoning module DatasmithContentEditor (342)
[2018.12.06-03.32.46:641][957]LogModuleManager: Shutting down and abandoning module DatasmithContent (340)
[2018.12.06-03.32.46:642][957]LogModuleManager: Shutting down and abandoning module SpeedTreeImporter (338)
[2018.12.06-03.32.46:642][957]LogModuleManager: Shutting down and abandoning module PluginBrowser (336)
[2018.12.06-03.32.46:642][957]LogModuleManager: Shutting down and abandoning module MobileLauncherProfileWizard (334)
[2018.12.06-03.32.46:642][957]LogModuleManager: Shutting down and abandoning module PolygonModeling (332)
[2018.12.06-03.32.46:642][957]LogModuleManager: Shutting down and abandoning module MeshEditor (330)
[2018.12.06-03.32.46:643][957]LogModuleManager: Shutting down and abandoning module CryptoKeysOpenSSL (328)
[2018.12.06-03.32.46:643][957]LogModuleManager: Shutting down and abandoning module CryptoKeys (326)
[2018.12.06-03.32.46:643][957]LogModuleManager: Shutting down and abandoning module VisualStudioSourceCodeAccess (324)
[2018.12.06-03.32.46:643][957]LogModuleManager: Shutting down and abandoning module VisualStudioCodeSourceCodeAccess (322)
[2018.12.06-03.32.46:643][957]LogModuleManager: Shutting down and abandoning module UObjectPlugin (320)
[2018.12.06-03.32.46:643][957]LogModuleManager: Shutting down and abandoning module SubversionSourceControl (318)
[2018.12.06-03.32.46:643][957]LogModuleManager: Shutting down and abandoning module PerforceSourceControl (316)
[2018.12.06-03.32.46:643][957]LogModuleManager: Shutting down and abandoning module GitSourceControl (314)
[2018.12.06-03.32.46:643][957]LogModuleManager: Shutting down and abandoning module SourceControl (313)
[2018.12.06-03.32.46:643][957]LogModuleManager: Shutting down and abandoning module CLionSourceCodeAccess (310)
[2018.12.06-03.32.46:643][957]LogModuleManager: Shutting down and abandoning module LightPropagationVolumeEditor (308)
[2018.12.06-03.32.46:643][957]LogModuleManager: Shutting down and abandoning module PaperTiledImporter (306)
[2018.12.06-03.32.46:643][957]LogModuleManager: Shutting down and abandoning module PaperSpriteSheetImporter (304)
[2018.12.06-03.32.46:643][957]LogModuleManager: Shutting down and abandoning module Paper2DEditor (302)
[2018.12.06-03.32.46:644][957]LogModuleManager: Shutting down and abandoning module MeshPaint (301)
[2018.12.06-03.32.46:644][957]LogModuleManager: Shutting down and abandoning module RuntimePhysXCooking (298)
[2018.12.06-03.32.46:644][957]LogModuleManager: Shutting down and abandoning module PhysXVehiclesEditor (296)
[2018.12.06-03.32.46:644][957]LogModuleManager: Shutting down and abandoning module PhysXVehicles (294)
[2018.12.06-03.32.46:644][957]LogModuleManager: Shutting down and abandoning module OculusEditor (292)
[2018.12.06-03.32.46:644][957]LogModuleManager: Shutting down and abandoning module LocationServicesBPLibrary (290)
[2018.12.06-03.32.46:644][957]LogModuleManager: Shutting down and abandoning module ImmediatePhysicsEditor (288)
[2018.12.06-03.32.46:644][957]LogModuleManager: Shutting down and abandoning module ImmediatePhysics (286)
[2018.12.06-03.32.46:644][957]LogModuleManager: Shutting down and abandoning module ActorSequence (284)
[2018.12.06-03.32.46:644][957]LogModuleManager: Shutting down and abandoning module UdpMessaging (282)
[2018.12.06-03.32.46:745][957]LogModuleManager: Shutting down and abandoning module TcpMessaging (280)
[2018.12.06-03.32.46:846][957]LogModuleManager: Shutting down and abandoning module MagicLeapAudio (278)
[2018.12.06-03.32.46:846][957]LogModuleManager: Shutting down and abandoning module GameplayTagsEditor (276)
[2018.12.06-03.32.46:846][957]LogModuleManager: Shutting down and abandoning module FacialAnimationEditor (274)
[2018.12.06-03.32.46:846][957]LogModuleManager: Shutting down and abandoning module FacialAnimation (272)
[2018.12.06-03.32.46:846][957]LogModuleManager: Shutting down and abandoning module DataValidation (270)
[2018.12.06-03.32.46:846][957]LogModuleManager: Shutting down and abandoning module AssetManagerEditor (268)
[2018.12.06-03.32.46:846][957]LogModuleManager: Shutting down and abandoning module LevelEditor (267)
[2018.12.06-03.32.46:848][957]LogModuleManager: Shutting down and abandoning module PixelInspectorModule (266)
[2018.12.06-03.32.46:849][957]LogModuleManager: Shutting down and abandoning module CommonMenuExtensions (264)
[2018.12.06-03.32.46:849][957]LogModuleManager: Shutting down and abandoning module MainFrame (262)
[2018.12.06-03.32.46:849][957]LogModuleManager: Shutting down and abandoning module HotReload (261)
[2018.12.06-03.32.46:850][957]LogModuleManager: Shutting down and abandoning module ContentBrowser (257)
[2018.12.06-03.32.46:853][957]LogModuleManager: Shutting down and abandoning module TreeMap (255)
[2018.12.06-03.32.46:853][957]LogModuleManager: Shutting down and abandoning module LightPropagationVolumeRuntime (252)
[2018.12.06-03.32.46:853][957]LogModuleManager: Shutting down and abandoning module AISupportModule (250)
[2018.12.06-03.32.46:854][957]LogModuleManager: Shutting down and abandoning module Paper2D (248)
[2018.12.06-03.32.46:854][957]LogModuleManager: Shutting down and abandoning module WindowsMoviePlayer (246)
[2018.12.06-03.32.46:854][957]LogModuleManager: Shutting down and abandoning module WmfMedia (244)
[2018.12.06-03.32.46:857][957]LogModuleManager: Shutting down and abandoning module Media (243)
[2018.12.06-03.32.46:863][957]LogModuleManager: Shutting down and abandoning module PacketHandler (240)
[2018.12.06-03.32.46:864][957]LogModuleManager: Shutting down and abandoning module ClothingSystemEditor (238)
[2018.12.06-03.32.46:864][957]LogModuleManager: Shutting down and abandoning module ClothingSystemRuntime (236)
[2018.12.06-03.32.46:864][957]LogModuleManager: Shutting down and abandoning module MediaAssets (234)
[2018.12.06-03.32.46:864][957]LogModuleManager: Shutting down and abandoning module Overlay (232)
[2018.12.06-03.32.46:864][957]LogModuleManager: Shutting down and abandoning module OverlayEditor (231)
[2018.12.06-03.32.46:864][957]LogModuleManager: Shutting down and abandoning module VREditor (228)
[2018.12.06-03.32.46:864][957]LogModuleManager: Shutting down and abandoning module StringTableEditor (226)
[2018.12.06-03.32.46:864][957]LogModuleManager: Shutting down and abandoning module GameplayTasksEditor (224)
[2018.12.06-03.32.46:864][957]LogModuleManager: Shutting down and abandoning module BehaviorTreeEditor (222)
[2018.12.06-03.32.46:864][957]LogModuleManager: Shutting down and abandoning module FunctionalTesting (220)
[2018.12.06-03.32.46:864][957]LogModuleManager: Shutting down and abandoning module CollisionAnalyzer (218)
[2018.12.06-03.32.46:864][957]LogModuleManager: Shutting down and abandoning module WorkspaceMenuStructure (217)
[2018.12.06-03.32.46:864][957]LogModuleManager: Shutting down and abandoning module UMG (214)
[2018.12.06-03.32.46:864][957]LogModuleManager: Shutting down and abandoning module UMGEditor (213)
[2018.12.06-03.32.46:864][957]LogModuleManager: Shutting down and abandoning module Sequencer (212)
[2018.12.06-03.32.46:865][957]LogModuleManager: Shutting down and abandoning module MessageLog (209)
[2018.12.06-03.32.46:865][957]LogModuleManager: Shutting down and abandoning module SlateReflector (204)
[2018.12.06-03.32.46:865][957]LogModuleManager: Shutting down and abandoning module Slate (202)
[2018.12.06-03.32.46:865][957]LogModuleManager: Shutting down and abandoning module EditorStyle (200)
[2018.12.06-03.32.46:872][957]LogModuleManager: Shutting down and abandoning module MRMesh (198)
[2018.12.06-03.32.46:872][957]LogModuleManager: Shutting down and abandoning module SourceCodeAccess (196)
[2018.12.06-03.32.46:872][957]LogModuleManager: Shutting down and abandoning module HeadMountedDisplay (194)
[2018.12.06-03.32.46:872][957]LogModuleManager: Shutting down and abandoning module XAudio2 (192)
[2018.12.06-03.32.46:872][957]LogModuleManager: Shutting down and abandoning module Networking (190)
[2018.12.06-03.32.46:872][957]LogModuleManager: Shutting down and abandoning module Core (188)
[2018.12.06-03.32.46:872][957]LogModuleManager: Shutting down and abandoning module LevelSequence (186)
[2018.12.06-03.32.46:872][957]LogModuleManager: Shutting down and abandoning module KismetCompiler (184)
[2018.12.06-03.32.46:872][957]LogModuleManager: Shutting down and abandoning module MeshUtilities (182)
[2018.12.06-03.32.46:872][957]LogModuleManager: Shutting down and abandoning module MeshMergeUtilities (181)
[2018.12.06-03.32.46:872][957]LogModuleManager: Shutting down and abandoning module MeshReductionInterface (180)
[2018.12.06-03.32.46:872][957]LogModuleManager: Shutting down and abandoning module SimplygonSwarm (179)
[2018.12.06-03.32.46:872][957]LogModuleManager: Shutting down and abandoning module ProxyLODMeshReduction (177)
[2018.12.06-03.32.46:872][957]LogModuleManager: Shutting down and abandoning module SimplygonMeshReduction (175)
[2018.12.06-03.32.46:872][957]LogModuleManager: Shutting down and abandoning module QuadricMeshReduction (173)
[2018.12.06-03.32.46:872][957]LogModuleManager: Shutting down and abandoning module MaterialBaking (169)
[2018.12.06-03.32.46:872][957]LogModuleManager: Shutting down and abandoning module DirectoryWatcher (165)
[2018.12.06-03.32.46:873][957]LogModuleManager: Shutting down and abandoning module DerivedDataCache (162)
[2018.12.06-03.32.46:903][957]LogDerivedDataCache: Shutdown
[2018.12.06-03.32.46:903][957]LogModuleManager: Shutting down and abandoning module XGEController (160)
[2018.12.06-03.32.46:903][957]LogModuleManager: Shutting down and abandoning module TargetPlatform (158)
[2018.12.06-03.32.46:904][957]LogModuleManager: Shutting down and abandoning module VulkanShaderFormat (157)
[2018.12.06-03.32.46:904][957]LogModuleManager: Shutting down and abandoning module ShaderFormatVectorVM (155)
[2018.12.06-03.32.46:905][957]LogModuleManager: Shutting down and abandoning module ShaderFormatOpenGL (153)
[2018.12.06-03.32.46:905][957]LogModuleManager: Shutting down and abandoning module ShaderFormatD3D (151)
[2018.12.06-03.32.46:905][957]LogModuleManager: Shutting down and abandoning module MetalShaderFormat (149)
[2018.12.06-03.32.46:905][957]LogModuleManager: Shutting down and abandoning module TextureFormatUncompressed (147)
[2018.12.06-03.32.46:905][957]LogModuleManager: Shutting down and abandoning module TextureFormatPVR (145)
[2018.12.06-03.32.46:905][957]LogModuleManager: Shutting down and abandoning module TextureFormatDXT (143)
[2018.12.06-03.32.46:905][957]LogModuleManager: Shutting down and abandoning module TextureFormatIntelISPCTexComp (141)
[2018.12.06-03.32.46:905][957]LogModuleManager: Shutting down and abandoning module TextureFormatASTC (139)
[2018.12.06-03.32.46:905][957]LogModuleManager: Shutting down and abandoning module ImageWrapper (138)
[2018.12.06-03.32.46:906][957]LogModuleManager: Shutting down and abandoning module TextureFormatAndroid (135)
[2018.12.06-03.32.46:906][957]LogModuleManager: Shutting down and abandoning module AudioFormatOpus (133)
[2018.12.06-03.32.46:906][957]LogModuleManager: Shutting down and abandoning module AudioFormatOgg (131)
[2018.12.06-03.32.46:906][957]LogModuleManager: Shutting down and abandoning module AudioFormatADPCM (129)
[2018.12.06-03.32.46:906][957]LogModuleManager: Shutting down and abandoning module LuminTargetPlatform (127)
[2018.12.06-03.32.46:906][957]LogModuleManager: Shutting down and abandoning module LinuxTargetPlatform (125)
[2018.12.06-03.32.46:906][957]LogModuleManager: Shutting down and abandoning module LinuxServerTargetPlatform (123)
[2018.12.06-03.32.46:906][957]LogModuleManager: Shutting down and abandoning module LinuxNoEditorTargetPlatform (121)
[2018.12.06-03.32.46:906][957]LogModuleManager: Shutting down and abandoning module LinuxClientTargetPlatform (119)
[2018.12.06-03.32.46:906][957]LogModuleManager: Shutting down and abandoning module TVOSTargetPlatform (117)
[2018.12.06-03.32.46:919][957]LogModuleManager: Shutting down and abandoning module Messaging (115)
[2018.12.06-03.32.46:919][957]LogModuleManager: Shutting down and abandoning module IOSTargetPlatform (113)
[2018.12.06-03.32.46:928][957]LogModuleManager: Shutting down and abandoning module HTML5TargetPlatform (111)
[2018.12.06-03.32.46:928][957]LogModuleManager: Shutting down and abandoning module AndroidTargetPlatform (109)
[2018.12.06-03.32.46:989][957]LogModuleManager: Shutting down and abandoning module WindowsTargetPlatform (107)
[2018.12.06-03.32.46:989][957]LogModuleManager: Shutting down and abandoning module WindowsServerTargetPlatform (105)
[2018.12.06-03.32.46:989][957]LogModuleManager: Shutting down and abandoning module WindowsNoEditorTargetPlatform (103)
[2018.12.06-03.32.46:989][957]LogModuleManager: Shutting down and abandoning module WindowsClientTargetPlatform (101)
[2018.12.06-03.32.46:989][957]LogModuleManager: Shutting down and abandoning module MacTargetPlatform (99)
[2018.12.06-03.32.46:989][957]LogModuleManager: Shutting down and abandoning module MacServerTargetPlatform (97)
[2018.12.06-03.32.46:989][957]LogModuleManager: Shutting down and abandoning module MacNoEditorTargetPlatform (95)
[2018.12.06-03.32.46:989][957]LogModuleManager: Shutting down and abandoning module MacClientTargetPlatform (93)
[2018.12.06-03.32.46:989][957]LogModuleManager: Shutting down and abandoning module AllDesktopTargetPlatform (91)
[2018.12.06-03.32.46:989][957]LogModuleManager: Shutting down and abandoning module InputCore (88)
[2018.12.06-03.32.46:989][957]LogModuleManager: Shutting down and abandoning module Settings (86)
[2018.12.06-03.32.46:990][957]LogModuleManager: Shutting down and abandoning module PhysXCooking (84)
[2018.12.06-03.32.46:990][957]LogModuleManager: Shutting down and abandoning module SteamVR (82)
[2018.12.06-03.32.46:990][957]LogModuleManager: Shutting down and abandoning module OculusHMD (80)
[2018.12.06-03.32.46:990][957]LogModuleManager: Shutting down and abandoning module ExampleDeviceProfileSelector (78)
[2018.12.06-03.32.46:990][957]LogModuleManager: Shutting down and abandoning module LauncherChunkInstaller (76)
[2018.12.06-03.32.46:990][957]LogModuleManager: Shutting down and abandoning module OnlineBlueprintSupport (74)
[2018.12.06-03.32.46:990][957]LogModuleManager: Shutting down and abandoning module OnlineSubsystem (70)
[2018.12.06-03.32.46:991][957]LogModuleManager: Shutting down and abandoning module XMPP (65)
[2018.12.06-03.32.46:992][957]LogModuleManager: Shutting down and abandoning module WebSockets (64)
[2018.12.06-03.32.47:007][957]LogModuleManager: Shutting down and abandoning module HTTP (61)
[2018.12.06-03.32.47:007][957]LogHttp: Display: Http module shutting down, but needs to wait on 1 outstanding Http requests:
[2018.12.06-03.32.47:007][957]LogHttp: Display: 	verb=[POST] url=[https://datarouter.ol.epicgames.com/datarouter/api/v1/public/data?SessionID=%7B43339F76-4C87-1198-521A-4C93FA7987DF%7D&AppID=UEEditor.Rocket.Release&AppVersion=4.20.3-4369336%2B%2B%2BUE4%2BRelease-4.20&UserID=73e0526f46f6c561a72dbfa8bcee95e7%7Ca123b24b5b264ee6afe4b6de2f8893ad%7C3919e603-8973-4815-aad3-bcf1ec8c5dff&AppEnvironment=datacollector-binary&UploadType=eteventstream] status=Processing
[2018.12.06-03.32.47:037][957]LogModuleManager: Shutting down and abandoning module SSL (60)
[2018.12.06-03.32.47:040][957]LogModuleManager: Shutting down and abandoning module MagicLeapEmulator (56)
[2018.12.06-03.32.47:040][957]LogModuleManager: Shutting down and abandoning module MagicLeapPrivileges (54)
[2018.12.06-03.32.47:040][957]LogModuleManager: Shutting down and abandoning module MagicLeapIdentity (52)
[2018.12.06-03.32.47:040][957]LogModuleManager: Shutting down and abandoning module MagicLeapHelperVulkan (50)
[2018.12.06-03.32.47:040][957]LogModuleManager: Shutting down and abandoning module MagicLeapHelperOpenGL (48)
[2018.12.06-03.32.47:040][957]LogModuleManager: Shutting down and abandoning module MagicLeapSecureStorage (46)
[2018.12.06-03.32.47:040][957]LogModuleManager: Shutting down and abandoning module MagicLeapGestures (44)
[2018.12.06-03.32.47:040][957]LogModuleManager: Shutting down and abandoning module MagicLeapEyeTracker (42)
[2018.12.06-03.32.47:040][957]LogModuleManager: Shutting down and abandoning module MagicLeapController (40)
[2018.12.06-03.32.47:041][957]LogSlate: Slate User Destroyed.  User Index 0, Is Virtual User: 0
[2018.12.06-03.32.47:041][957]LogModuleManager: Shutting down and abandoning module MagicLeap (38)
[2018.12.06-03.32.47:041][957]LogModuleManager: Shutting down and abandoning module AnimationModifiers (36)
[2018.12.06-03.32.47:041][957]LogModuleManager: Shutting down and abandoning module PropertyEditor (35)
[2018.12.06-03.32.47:042][957]LogModuleManager: Shutting down and abandoning module AudioEditor (32)
[2018.12.06-03.32.47:042][957]LogModuleManager: Shutting down and abandoning module TextureCompressor (30)
[2018.12.06-03.32.47:042][957]LogModuleManager: Shutting down and abandoning module ShaderCore (28)
[2018.12.06-03.32.47:042][957]LogModuleManager: Shutting down and abandoning module Landscape (26)
[2018.12.06-03.32.47:042][957]LogModuleManager: Shutting down and abandoning module SlateRHIRenderer (24)
[2018.12.06-03.32.47:045][957]LogModuleManager: Shutting down and abandoning module OpenGLDrv (22)
[2018.12.06-03.32.47:045][957]LogModuleManager: Shutting down and abandoning module D3D11RHI (20)
[2018.12.06-03.32.47:045][957]LogModuleManager: Shutting down and abandoning module AnimGraphRuntime (18)
[2018.12.06-03.32.47:045][957]LogModuleManager: Shutting down and abandoning module Renderer (16)
[2018.12.06-03.32.47:045][957]LogModuleManager: Shutting down and abandoning module Engine (14)
[2018.12.06-03.32.47:045][957]LogModuleManager: Shutting down and abandoning module CoreUObject (12)
[2018.12.06-03.32.47:045][957]LogModuleManager: Shutting down and abandoning module NetworkFile (10)
[2018.12.06-03.32.47:045][957]LogModuleManager: Shutting down and abandoning module CookedIterativeFile (8)
[2018.12.06-03.32.47:045][957]LogModuleManager: Shutting down and abandoning module StreamingFile (6)
[2018.12.06-03.32.47:045][957]LogModuleManager: Shutting down and abandoning module SandboxFile (4)
[2018.12.06-03.32.47:045][957]LogModuleManager: Shutting down and abandoning module PakFile (2)
[2018.12.06-03.32.47:057][957]LogExit: Exiting.
[2018.12.06-03.32.47:082][957]Log file closed, 12/05/18 22:32:47
